42.0 APEX_CODE,FINEST;APEX_PROFILING,INFO;CALLOUT,INFO;DB,INFO;SYSTEM,DEBUG;VALIDATION,INFO;VISUALFORCE,INFO;WAVE,INFO;WORKFLOW,INFO
15:28:57.0 (63116)|USER_INFO|[EXTERNAL]|005f4000002PiXT|amancebo.habitica@altimetrik.com|Argentine Time|GMT-03:00
15:28:57.0 (96396)|EXECUTION_STARTED
15:28:57.0 (99811)|CODE_UNIT_STARTED|[EXTERNAL]|Aura
15:28:57.0 (1257689)|CODE_UNIT_STARTED|[EXTERNAL]|01pf400000Gj25X|TaskListController.getAllUncompletedTask
15:28:57.0 (1441793)|HEAP_ALLOCATE|[72]|Bytes:3
15:28:57.0 (1489627)|HEAP_ALLOCATE|[77]|Bytes:152
15:28:57.0 (1512280)|HEAP_ALLOCATE|[342]|Bytes:408
15:28:57.0 (1534045)|HEAP_ALLOCATE|[355]|Bytes:408
15:28:57.0 (1546347)|HEAP_ALLOCATE|[467]|Bytes:48
15:28:57.0 (1575620)|HEAP_ALLOCATE|[139]|Bytes:6
15:28:57.0 (1644598)|HEAP_ALLOCATE|[EXTERNAL]|Bytes:3
15:28:57.0 (1656665)|METHOD_ENTRY|[1]|01pf400000Gj25X|TaskListController.TaskListController()
15:28:57.0 (1666802)|STATEMENT_EXECUTE|[1]
15:28:57.0 (1671991)|STATEMENT_EXECUTE|[1]
15:28:57.0 (1676152)|METHOD_EXIT|[1]|TaskListController
15:28:57.0 (1698202)|SYSTEM_MODE_ENTER|false
15:28:57.0 (1710090)|STATEMENT_EXECUTE|[9]
15:28:57.0 (1712006)|STATEMENT_EXECUTE|[10]
15:28:57.0 (1715947)|HEAP_ALLOCATE|[10]|Bytes:108
15:28:57.0 (1738615)|HEAP_ALLOCATE|[10]|Bytes:4
15:28:57.0 (1784562)|HEAP_ALLOCATE|[50]|Bytes:5
15:28:57.0 (1808410)|HEAP_ALLOCATE|[56]|Bytes:5
15:28:57.0 (1816222)|HEAP_ALLOCATE|[64]|Bytes:7
15:28:57.0 (2281560)|SOQL_EXECUTE_BEGIN|[10]|Aggregations:0|SELECT Id, Name, Description__c, Type__c, Points__c, Contact__c FROM HTask__c WHERE Status__c != 'Completed'
15:28:57.0 (21087541)|SOQL_EXECUTE_END|[10]|Rows:6
15:28:57.0 (21118043)|HEAP_ALLOCATE|[10]|Bytes:28
15:28:57.0 (21162069)|HEAP_ALLOCATE|[10]|Bytes:997
15:28:57.0 (21300703)|HEAP_ALLOCATE|[10]|Bytes:28
15:28:57.0 (21323782)|VARIABLE_SCOPE_BEGIN|[10]|ltask|List<HTask__c>|true|false
15:28:57.0 (21359532)|VARIABLE_ASSIGNMENT|[10]|ltask|"List of size 6 too large to display"|0x5c0d3bdc
15:28:57.0 (21367896)|STATEMENT_EXECUTE|[13]
15:28:57.0 (21379100)|SYSTEM_MODE_EXIT|false
15:28:57.21 (21405333)|CUMULATIVE_LIMIT_USAGE
15:28:57.21 (21405333)|LIMIT_USAGE_FOR_NS|(default)|
  Number of SOQL queries: 1 out of 100
  Number of query rows: 6 out of 50000
  Number of SOSL queries: 0 out of 20
  Number of DML statements: 0 out of 150
  Number of DML rows: 0 out of 10000
  Maximum CPU time: 0 out of 10000
  Maximum heap size: 0 out of 6000000
  Number of callouts: 0 out of 100
  Number of Email Invocations: 0 out of 10
  Number of future calls: 0 out of 50
  Number of queueable jobs added to the queue: 0 out of 50
  Number of Mobile Apex push calls: 0 out of 10

15:28:57.21 (21405333)|CUMULATIVE_LIMIT_USAGE_END

15:28:57.0 (21435138)|CODE_UNIT_FINISHED|TaskListController.getAllUncompletedTask
15:28:57.0 (21536859)|CODE_UNIT_FINISHED|Aura
15:28:57.0 (22773205)|EXECUTION_FINISHED
