42.0 APEX_CODE,FINEST;APEX_PROFILING,INFO;CALLOUT,INFO;DB,INFO;SYSTEM,DEBUG;VALIDATION,INFO;VISUALFORCE,INFO;WAVE,INFO;WORKFLOW,INFO
11:55:53.0 (70105)|USER_INFO|[EXTERNAL]|005f4000002PiXT|amancebo.habitica@altimetrik.com|Argentine Time|GMT-03:00
11:55:53.0 (237109)|EXECUTION_STARTED
11:55:53.0 (241867)|CODE_UNIT_STARTED|[EXTERNAL]|Aura
11:55:53.0 (1319104)|CODE_UNIT_STARTED|[EXTERNAL]|01pf400000Gj25X|TaskListController.getAllTasks
11:55:53.0 (1461758)|HEAP_ALLOCATE|[72]|Bytes:3
11:55:53.0 (1512690)|HEAP_ALLOCATE|[77]|Bytes:152
11:55:53.0 (1527921)|HEAP_ALLOCATE|[342]|Bytes:408
11:55:53.0 (1540342)|HEAP_ALLOCATE|[355]|Bytes:408
11:55:53.0 (1551104)|HEAP_ALLOCATE|[467]|Bytes:48
11:55:53.0 (1605625)|HEAP_ALLOCATE|[139]|Bytes:6
11:55:53.0 (1665892)|HEAP_ALLOCATE|[EXTERNAL]|Bytes:1
11:55:53.0 (1701682)|METHOD_ENTRY|[1]|01pf400000Gj25X|TaskListController.TaskListController()
11:55:53.0 (1709247)|STATEMENT_EXECUTE|[1]
11:55:53.0 (1714556)|STATEMENT_EXECUTE|[1]
11:55:53.0 (1745288)|HEAP_ALLOCATE|[50]|Bytes:5
11:55:53.0 (1768052)|HEAP_ALLOCATE|[56]|Bytes:5
11:55:53.0 (1775820)|HEAP_ALLOCATE|[64]|Bytes:7
11:55:53.0 (1797299)|SYSTEM_MODE_ENTER|false
11:55:53.0 (18134534)|HEAP_ALLOCATE|[EXTERNAL]|Bytes:5
11:55:53.0 (18146760)|SYSTEM_MODE_EXIT|false
11:55:53.0 (18176641)|METHOD_EXIT|[1]|TaskListController
11:55:53.0 (18192520)|SYSTEM_MODE_ENTER|false
11:55:53.0 (18206787)|HEAP_ALLOCATE|[4]|Bytes:5
11:55:53.0 (18211986)|STATEMENT_EXECUTE|[3]
11:55:53.0 (18213869)|STATEMENT_EXECUTE|[4]
11:55:53.0 (18217274)|HEAP_ALLOCATE|[4]|Bytes:45
11:55:53.0 (18233090)|HEAP_ALLOCATE|[4]|Bytes:4
11:55:53.0 (18579710)|SOQL_EXECUTE_BEGIN|[4]|Aggregations:0|SELECT Id, Name, Description__c FROM HTask__c
11:55:53.0 (20631135)|SOQL_EXECUTE_END|[4]|Rows:2
11:55:53.0 (20654511)|HEAP_ALLOCATE|[4]|Bytes:12
11:55:53.0 (20672929)|HEAP_ALLOCATE|[4]|Bytes:104
11:55:53.0 (20784921)|HEAP_ALLOCATE|[4]|Bytes:12
11:55:53.0 (20807800)|VARIABLE_SCOPE_BEGIN|[4]|ltask|List<ANY>|true|false
11:55:53.0 (20850101)|VARIABLE_ASSIGNMENT|[4]|ltask|[{"Id":"a00f4000009UZfdAAG","Name":"cbx","Description__c":"yte"},{"Id":"a00f4000009U9j8AAC","Name":"TestH1"}]|0x6329f770
11:55:53.0 (20858208)|STATEMENT_EXECUTE|[5]
11:55:53.0 (20866974)|SYSTEM_MODE_EXIT|false
11:55:53.20 (20889380)|CUMULATIVE_LIMIT_USAGE
11:55:53.20 (20889380)|LIMIT_USAGE_FOR_NS|(default)|
  Number of SOQL queries: 1 out of 100
  Number of query rows: 2 out of 50000
  Number of SOSL queries: 0 out of 20
  Number of DML statements: 0 out of 150
  Number of DML rows: 0 out of 10000
  Maximum CPU time: 0 out of 10000
  Maximum heap size: 0 out of 6000000
  Number of callouts: 0 out of 100
  Number of Email Invocations: 0 out of 10
  Number of future calls: 0 out of 50
  Number of queueable jobs added to the queue: 0 out of 50
  Number of Mobile Apex push calls: 0 out of 10

11:55:53.20 (20889380)|CUMULATIVE_LIMIT_USAGE_END

11:55:53.0 (20939438)|CODE_UNIT_FINISHED|TaskListController.getAllTasks
11:55:53.0 (21007041)|CODE_UNIT_FINISHED|Aura
11:55:53.0 (22240867)|EXECUTION_FINISHED
