42.0 APEX_CODE,FINEST;APEX_PROFILING,INFO;CALLOUT,INFO;DB,INFO;SYSTEM,DEBUG;VALIDATION,INFO;VISUALFORCE,INFO;WAVE,INFO;WORKFLOW,INFO
11:18:25.0 (320985)|USER_INFO|[EXTERNAL]|005f4000002PiXT|amancebo.habitica@altimetrik.com|Argentine Time|GMT-03:00
11:18:25.0 (351461)|EXECUTION_STARTED
11:18:25.0 (355329)|CODE_UNIT_STARTED|[EXTERNAL]|Aura
11:18:25.0 (1710373)|CODE_UNIT_STARTED|[EXTERNAL]|01pf400000Gj25X|TaskListController.getAllTasks
11:18:25.0 (1817837)|HEAP_ALLOCATE|[72]|Bytes:3
11:18:25.0 (1841478)|HEAP_ALLOCATE|[77]|Bytes:152
11:18:25.0 (1852441)|HEAP_ALLOCATE|[342]|Bytes:408
11:18:25.0 (1863475)|HEAP_ALLOCATE|[355]|Bytes:408
11:18:25.0 (1873770)|HEAP_ALLOCATE|[467]|Bytes:48
11:18:25.0 (1893576)|HEAP_ALLOCATE|[139]|Bytes:6
11:18:25.0 (1932955)|HEAP_ALLOCATE|[EXTERNAL]|Bytes:1
11:18:25.0 (1942799)|METHOD_ENTRY|[1]|01pf400000Gj25X|TaskListController.TaskListController()
11:18:25.0 (1948862)|STATEMENT_EXECUTE|[1]
11:18:25.0 (1953097)|STATEMENT_EXECUTE|[1]
11:18:25.0 (1978812)|HEAP_ALLOCATE|[50]|Bytes:5
11:18:25.0 (2000111)|HEAP_ALLOCATE|[56]|Bytes:5
11:18:25.0 (2007982)|HEAP_ALLOCATE|[64]|Bytes:7
11:18:25.0 (2029927)|SYSTEM_MODE_ENTER|false
11:18:25.0 (2041288)|HEAP_ALLOCATE|[EXTERNAL]|Bytes:5
11:18:25.0 (2048695)|SYSTEM_MODE_EXIT|false
11:18:25.0 (2056893)|METHOD_EXIT|[1]|TaskListController
11:18:25.0 (2066805)|SYSTEM_MODE_ENTER|false
11:18:25.0 (2077626)|HEAP_ALLOCATE|[4]|Bytes:5
11:18:25.0 (2081955)|STATEMENT_EXECUTE|[3]
11:18:25.0 (2083764)|STATEMENT_EXECUTE|[4]
11:18:25.0 (2086606)|HEAP_ALLOCATE|[4]|Bytes:45
11:18:25.0 (2105628)|HEAP_ALLOCATE|[4]|Bytes:4
11:18:25.0 (3267644)|SOQL_EXECUTE_BEGIN|[4]|Aggregations:0|SELECT Id, Name, Description__c FROM HTask__c
11:18:25.0 (5469451)|SOQL_EXECUTE_END|[4]|Rows:2
11:18:25.0 (5492233)|HEAP_ALLOCATE|[4]|Bytes:12
11:18:25.0 (5511455)|HEAP_ALLOCATE|[4]|Bytes:104
11:18:25.0 (5588442)|HEAP_ALLOCATE|[4]|Bytes:12
11:18:25.0 (5610481)|VARIABLE_SCOPE_BEGIN|[4]|ltask|List<ANY>|true|false
11:18:25.0 (5648464)|VARIABLE_ASSIGNMENT|[4]|ltask|[{"Id":"a00f4000009UZfdAAG","Name":"cbx","Description__c":"yte"},{"Id":"a00f4000009U9j8AAC","Name":"TestH1"}]|0x393452c0
11:18:25.0 (5655760)|STATEMENT_EXECUTE|[5]
11:18:25.0 (5663959)|SYSTEM_MODE_EXIT|false
11:18:25.5 (5681803)|CUMULATIVE_LIMIT_USAGE
11:18:25.5 (5681803)|LIMIT_USAGE_FOR_NS|(default)|
  Number of SOQL queries: 1 out of 100
  Number of query rows: 2 out of 50000
  Number of SOSL queries: 0 out of 20
  Number of DML statements: 0 out of 150
  Number of DML rows: 0 out of 10000
  Maximum CPU time: 0 out of 10000
  Maximum heap size: 0 out of 6000000
  Number of callouts: 0 out of 100
  Number of Email Invocations: 0 out of 10
  Number of future calls: 0 out of 50
  Number of queueable jobs added to the queue: 0 out of 50
  Number of Mobile Apex push calls: 0 out of 10

11:18:25.5 (5681803)|CUMULATIVE_LIMIT_USAGE_END

11:18:25.0 (5717304)|CODE_UNIT_FINISHED|TaskListController.getAllTasks
11:18:25.0 (5776768)|CODE_UNIT_FINISHED|Aura
11:18:25.0 (6988916)|EXECUTION_FINISHED
