42.0 APEX_CODE,FINEST;APEX_PROFILING,INFO;CALLOUT,INFO;DB,INFO;SYSTEM,DEBUG;VALIDATION,INFO;VISUALFORCE,INFO;WAVE,INFO;WORKFLOW,INFO
Execute Anonymous:       Messaging.SingleEmailMessage mail = new Messaging.SingleEmailMessage();
Execute Anonymous:       Messaging.reserveSingleEmailCapacity(2);
Execute Anonymous:       String[] toAddresses = new String[]{ 'amancebo@altimetrik.com' };
Execute Anonymous:       mail.setToAddresses(toAddresses);
Execute Anonymous:       mail.setSenderDisplayName('Altibitica Support');
Execute Anonymous:       mail.setSubject('You dont complete some daily task yesterday');
Execute Anonymous:       mail.setReplyTo('amancebo@altimetrik.com');
Execute Anonymous:       mail.setBccSender(false);
Execute Anonymous:       mail.setUseSignature(false);
Execute Anonymous:       mail.setPlainTextBody('Hola');
Execute Anonymous:       Messaging.sendEmail(new Messaging.SingleEmailMessage[] { mail });
15:52:31.1 (1256667)|USER_INFO|[EXTERNAL]|005f4000002PiXT|amancebo.habitica@altimetrik.com|Argentine Time|GMT-03:00
15:52:31.1 (1284982)|EXECUTION_STARTED
15:52:31.1 (1289876)|CODE_UNIT_STARTED|[EXTERNAL]|execute_anonymous_apex
15:52:31.1 (1466256)|VARIABLE_SCOPE_BEGIN|[1]|mail|Messaging.SingleEmailMessage|true|false
15:52:31.1 (1544724)|VARIABLE_SCOPE_BEGIN|[3]|toAddresses|List<String>|true|false
15:52:31.1 (1705314)|HEAP_ALLOCATE|[72]|Bytes:3
15:52:31.1 (1747411)|HEAP_ALLOCATE|[77]|Bytes:152
15:52:31.1 (1769343)|HEAP_ALLOCATE|[342]|Bytes:408
15:52:31.1 (1790601)|HEAP_ALLOCATE|[355]|Bytes:408
15:52:31.1 (1811421)|HEAP_ALLOCATE|[467]|Bytes:48
15:52:31.1 (1847110)|HEAP_ALLOCATE|[139]|Bytes:6
15:52:31.1 (1878187)|HEAP_ALLOCATE|[EXTERNAL]|Bytes:23
15:52:31.1 (2061554)|STATEMENT_EXECUTE|[1]
15:52:31.1 (2066635)|STATEMENT_EXECUTE|[1]
15:52:31.1 (2462099)|VARIABLE_ASSIGNMENT|[1]|mail|"common.api.soap.wsdl.SingleEmailMessage@30a160e5"|0x4093dbe9
15:52:31.1 (2475855)|STATEMENT_EXECUTE|[2]
15:52:31.1 (2527434)|HEAP_ALLOCATE|[50]|Bytes:5
15:52:31.1 (2557556)|HEAP_ALLOCATE|[56]|Bytes:5
15:52:31.1 (2571784)|HEAP_ALLOCATE|[64]|Bytes:7
15:52:31.1 (3067796)|STATEMENT_EXECUTE|[3]
15:52:31.1 (3084644)|HEAP_ALLOCATE|[3]|Bytes:4
15:52:31.1 (3185438)|HEAP_ALLOCATE|[3]|Bytes:23
15:52:31.1 (3235939)|HEAP_ALLOCATE|[EXTERNAL]|Bytes:8
15:52:31.1 (3263321)|VARIABLE_ASSIGNMENT|[3]|toAddresses|["amancebo@altimetrik. (3 more) ..."]|0x4ddbe1f0
15:52:31.1 (3273630)|STATEMENT_EXECUTE|[4]
15:52:31.1 (3325899)|STATEMENT_EXECUTE|[5]
15:52:31.1 (3332838)|HEAP_ALLOCATE|[5]|Bytes:18
15:52:31.1 (3378960)|STATEMENT_EXECUTE|[6]
15:52:31.1 (3382817)|HEAP_ALLOCATE|[6]|Bytes:43
15:52:31.1 (3399983)|STATEMENT_EXECUTE|[7]
15:52:31.1 (3412217)|STATEMENT_EXECUTE|[8]
15:52:31.1 (3429512)|STATEMENT_EXECUTE|[9]
15:52:31.1 (3442339)|STATEMENT_EXECUTE|[10]
15:52:31.1 (3445546)|HEAP_ALLOCATE|[10]|Bytes:4
15:52:31.1 (3458801)|STATEMENT_EXECUTE|[11]
15:52:31.1 (3483378)|HEAP_ALLOCATE|[11]|Bytes:4
15:52:31.1 (3578346)|HEAP_ALLOCATE|[EXTERNAL]|Bytes:8
15:52:31.1 (3615157)|HEAP_ALLOCATE|[EXTERNAL]|Bytes:8
15:52:31.1 (29487746)|EMAIL_QUEUE|[11]|replyTo: amancebo@altimetrik.com, subject: You dont complete some daily task yesterday, senderDisplayName: Altibitica Support, bccSender: false, saveAsActivity: true, useSignature: false, toAddresses: [amancebo@altimetrik.com], plainTextBody: Hola, 
15:52:31.1 (29557421)|HEAP_ALLOCATE|[EXTERNAL]|Bytes:8
15:52:31.127 (127168525)|CUMULATIVE_LIMIT_USAGE
15:52:31.127 (127168525)|LIMIT_USAGE_FOR_NS|(default)|
  Number of SOQL queries: 0 out of 100
  Number of query rows: 0 out of 50000
  Number of SOSL queries: 0 out of 20
  Number of DML statements: 0 out of 150
  Number of DML rows: 0 out of 10000
  Maximum CPU time: 0 out of 10000
  Maximum heap size: 0 out of 6000000
  Number of callouts: 0 out of 100
  Number of Email Invocations: 1 out of 10
  Number of future calls: 0 out of 50
  Number of queueable jobs added to the queue: 0 out of 50
  Number of Mobile Apex push calls: 0 out of 10

15:52:31.127 (127168525)|CUMULATIVE_LIMIT_USAGE_END

15:52:31.1 (127217854)|CODE_UNIT_FINISHED|execute_anonymous_apex
15:52:31.1 (128243337)|EXECUTION_FINISHED
