42.0 APEX_CODE,FINEST;APEX_PROFILING,INFO;CALLOUT,INFO;DB,INFO;SYSTEM,DEBUG;VALIDATION,INFO;VISUALFORCE,INFO;WAVE,INFO;WORKFLOW,INFO
15:36:22.0 (708923)|USER_INFO|[EXTERNAL]|005f4000002PiXT|amancebo.habitica@altimetrik.com|Argentine Time|GMT-03:00
15:36:22.0 (923417)|EXECUTION_STARTED
15:36:22.0 (928506)|CODE_UNIT_STARTED|[EXTERNAL]|01pf400000GkAVd|TaskListControllerTest.setup
15:36:22.0 (1790204)|HEAP_ALLOCATE|[72]|Bytes:3
15:36:22.0 (1871950)|HEAP_ALLOCATE|[77]|Bytes:152
15:36:22.0 (1891228)|HEAP_ALLOCATE|[342]|Bytes:408
15:36:22.0 (1905806)|HEAP_ALLOCATE|[355]|Bytes:408
15:36:22.0 (1919541)|HEAP_ALLOCATE|[467]|Bytes:48
15:36:22.0 (1976660)|HEAP_ALLOCATE|[139]|Bytes:6
15:36:22.0 (1994727)|HEAP_ALLOCATE|[EXTERNAL]|Bytes:95
15:36:22.0 (2038503)|METHOD_ENTRY|[2]|01pf400000GkAVd|TaskListControllerTest.TaskListControllerTest()
15:36:22.0 (2047559)|STATEMENT_EXECUTE|[2]
15:36:22.0 (2054552)|STATEMENT_EXECUTE|[2]
15:36:22.0 (2072222)|METHOD_EXIT|[2]|TaskListControllerTest
15:36:22.0 (2114573)|HEAP_ALLOCATE|[50]|Bytes:5
15:36:22.0 (2142578)|HEAP_ALLOCATE|[56]|Bytes:5
15:36:22.0 (2150731)|HEAP_ALLOCATE|[64]|Bytes:7
15:36:22.0 (2193674)|STATEMENT_EXECUTE|[3]
15:36:22.0 (2195806)|STATEMENT_EXECUTE|[5]
15:36:22.0 (2258021)|HEAP_ALLOCATE|[5]|Bytes:4
15:36:22.0 (2352245)|HEAP_ALLOCATE|[5]|Bytes:12
15:36:22.0 (3359610)|VARIABLE_ASSIGNMENT|[5]|this.LastName|"TestContact2"|0x10cd3cad
15:36:22.0 (3398406)|VARIABLE_SCOPE_BEGIN|[5]|cont1|Contact|true|false
15:36:22.0 (3509644)|VARIABLE_ASSIGNMENT|[5]|cont1|{"LastName":"TestContact2"}|0x10cd3cad
15:36:22.0 (3516708)|STATEMENT_EXECUTE|[6]
15:36:22.0 (3553880)|HEAP_ALLOCATE|[6]|Bytes:8
15:36:22.0 (3573059)|DML_BEGIN|[6]|Op:Upsert|Type:Contact|Rows:1
15:36:22.0 (3608943)|HEAP_ALLOCATE|[EXTERNAL]|Bytes:8
15:36:22.0 (13630397)|CODE_UNIT_STARTED|[EXTERNAL]|DuplicateDetector
15:36:22.0 (13652543)|DUPLICATE_DETECTION_BEGIN
15:36:22.0 (14460129)|DUPLICATE_DETECTION_RULE_INVOCATION|DuplicateRuleId:0Bmf4000005NvDQ|DuplicateRuleName:Standard Contact Duplicate Rule|DmlType:INSERT
15:36:22.0 (39902857)|DUPLICATE_DETECTION_MATCH_INVOCATION_DETAILS|EntityType:Contact|ActionTaken:Allow_[Alert,Report]|DuplicateRecordIds:
15:36:22.0 (39924932)|DUPLICATE_DETECTION_MATCH_INVOCATION_SUMMARY|EntityType:Contact|NumRecordsToBeSaved:1|NumRecordsToBeSavedWithDuplicates:0|NumDuplicateRecordsFound:0
15:36:22.0 (39936523)|DUPLICATE_DETECTION_MATCH_INVOCATION_DETAILS|EntityType:Contact|ActionTaken:Allow_[Alert,Report]|DuplicateRecordIds:
15:36:22.0 (39942293)|DUPLICATE_DETECTION_MATCH_INVOCATION_SUMMARY|EntityType:Contact|NumRecordsToBeSaved:1|NumRecordsToBeSavedWithDuplicates:0|NumDuplicateRecordsFound:0
15:36:22.0 (40097190)|DUPLICATE_DETECTION_END
15:36:22.0 (40106793)|CODE_UNIT_FINISHED|DuplicateDetector
15:36:22.0 (61246565)|DML_END|[6]
15:36:22.0 (61274372)|STATEMENT_EXECUTE|[8]
15:36:22.0 (61283667)|HEAP_ALLOCATE|[8]|Bytes:54
15:36:22.0 (61310661)|HEAP_ALLOCATE|[8]|Bytes:4
15:36:22.0 (61508847)|SOQL_EXECUTE_BEGIN|[8]|Aggregations:0|SELECT Id FROM Contact WHERE LastName = 'TestContact2'
15:36:22.0 (66680251)|SOQL_EXECUTE_END|[8]|Rows:1
15:36:22.0 (66705118)|HEAP_ALLOCATE|[8]|Bytes:8
15:36:22.0 (66721571)|HEAP_ALLOCATE|[8]|Bytes:29
15:36:22.0 (66834998)|HEAP_ALLOCATE|[8]|Bytes:8
15:36:22.0 (66847917)|HEAP_ALLOCATE|[8]|Bytes:33
15:36:22.0 (66919007)|HEAP_ALLOCATE|[8]|Bytes:8
15:36:22.0 (66950919)|VARIABLE_ASSIGNMENT|[8]|cont1|{"Id":"003f400000PuSviAAF"}|0x1e7c5bd0
15:36:22.0 (66959627)|STATEMENT_EXECUTE|[10]
15:36:22.0 (67026050)|HEAP_ALLOCATE|[10]|Bytes:4
15:36:22.0 (67110295)|HEAP_ALLOCATE|[10]|Bytes:5
15:36:22.0 (68630592)|VARIABLE_ASSIGNMENT|[10]|this.Name|"Test1"|0x12621fe2
15:36:22.0 (68643496)|HEAP_ALLOCATE|[10]|Bytes:5
15:36:22.0 (68668195)|VARIABLE_ASSIGNMENT|[10]|this.Type__c|"Daily"|0x12621fe2
15:36:22.0 (68675351)|HEAP_ALLOCATE|[10]|Bytes:3
15:36:22.0 (68689944)|VARIABLE_ASSIGNMENT|[10]|this.Status__c|"New"|0x12621fe2
15:36:22.0 (68739137)|VARIABLE_ASSIGNMENT|[10]|this.Contact__c|"003f400000PuSviAAF"|0x12621fe2
15:36:22.0 (68773154)|VARIABLE_SCOPE_BEGIN|[10]|task1|HTask__c|true|false
15:36:22.0 (68793585)|VARIABLE_ASSIGNMENT|[10]|task1|{"Name":"Test1","Type__c":"Daily","Status__c":"New","Contact__c":"003f400000PuSviAAF"}|0x12621fe2
15:36:22.0 (68800860)|STATEMENT_EXECUTE|[11]
15:36:22.0 (68817893)|HEAP_ALLOCATE|[11]|Bytes:4
15:36:22.0 (68828490)|HEAP_ALLOCATE|[11]|Bytes:5
15:36:22.0 (68852021)|VARIABLE_ASSIGNMENT|[11]|this.Name|"Test2"|0x659c3259
15:36:22.0 (68877692)|VARIABLE_ASSIGNMENT|[11]|this.Type__c|"Daily"|0x659c3259
15:36:22.0 (68887825)|HEAP_ALLOCATE|[11]|Bytes:9
15:36:22.0 (68901221)|VARIABLE_ASSIGNMENT|[11]|this.Status__c|"Completed"|0x659c3259
15:36:22.0 (68922236)|VARIABLE_ASSIGNMENT|[11]|this.Contact__c|"003f400000PuSviAAF"|0x659c3259
15:36:22.0 (68936671)|VARIABLE_SCOPE_BEGIN|[11]|task2|HTask__c|true|false
15:36:22.0 (68951305)|VARIABLE_ASSIGNMENT|[11]|task2|{"Name":"Test2","Type__c":"Daily","Status__c":"Completed","Contact__c":"003f400000PuSviAAF"}|0x659c3259
15:36:22.0 (68957346)|STATEMENT_EXECUTE|[13]
15:36:22.0 (68993968)|HEAP_ALLOCATE|[13]|Bytes:4
15:36:22.0 (69114424)|VARIABLE_SCOPE_BEGIN|[13]|ltask|List<HTask__c>|true|false
15:36:22.0 (69131738)|HEAP_ALLOCATE|[EXTERNAL]|Bytes:4
15:36:22.0 (69146864)|VARIABLE_ASSIGNMENT|[13]|ltask|[]|0x10d2d4c0
15:36:22.0 (69153369)|STATEMENT_EXECUTE|[14]
15:36:22.0 (69224304)|HEAP_ALLOCATE|[EXTERNAL]|Bytes:4
15:36:22.0 (69251074)|STATEMENT_EXECUTE|[15]
15:36:22.0 (69265807)|HEAP_ALLOCATE|[EXTERNAL]|Bytes:4
15:36:22.0 (69272312)|STATEMENT_EXECUTE|[17]
15:36:22.0 (69322400)|DML_BEGIN|[17]|Op:Upsert|Type:HTask__c|Rows:2
15:36:22.0 (69354608)|HEAP_ALLOCATE|[EXTERNAL]|Bytes:12
15:36:22.0 (80366010)|CODE_UNIT_STARTED|[EXTERNAL]|Validation:HTask:new
15:36:22.0 (80381551)|VALIDATION_RULE|03df40000002ejE|ContactRequired
15:36:22.0 (80479660)|VALIDATION_FORMULA|ISBLANK(Contact__c)|Contact__c=003f400000PuSvi
15:36:22.0 (80487440)|VALIDATION_PASS
15:36:22.0 (80489843)|VALIDATION_RULE|03df40000002ejO|DificultyRequired
15:36:22.0 (80548254)|VALIDATION_FORMULA|ISBLANK(TEXT(Difficulty__c))|Difficulty__c=Trivial
15:36:22.0 (80554246)|VALIDATION_PASS
15:36:22.0 (80556055)|VALIDATION_RULE|03df40000002bNN|StatusNone
15:36:22.0 (80638025)|VALIDATION_FORMULA|TEXT(Status__c) <> 'New'  
&& TEXT(Status__c) <> 'In Progress'
&& TEXT(Status__c) <> 'Completed'|Status__c=New
15:36:22.0 (80644578)|VALIDATION_PASS
15:36:22.0 (80710041)|CODE_UNIT_FINISHED|Validation:HTask:new
15:36:22.0 (80743108)|CODE_UNIT_STARTED|[EXTERNAL]|Validation:HTask:new
15:36:22.0 (80748107)|VALIDATION_RULE|03df40000002ejE|ContactRequired
15:36:22.0 (80812045)|VALIDATION_FORMULA|ISBLANK(Contact__c)|Contact__c=003f400000PuSvi
15:36:22.0 (80818061)|VALIDATION_PASS
15:36:22.0 (80819804)|VALIDATION_RULE|03df40000002ejO|DificultyRequired
15:36:22.0 (80869888)|VALIDATION_FORMULA|ISBLANK(TEXT(Difficulty__c))|Difficulty__c=Trivial
15:36:22.0 (80876010)|VALIDATION_PASS
15:36:22.0 (80877615)|VALIDATION_RULE|03df40000002bNN|StatusNone
15:36:22.0 (80967463)|VALIDATION_FORMULA|TEXT(Status__c) <> 'New'  
&& TEXT(Status__c) <> 'In Progress'
&& TEXT(Status__c) <> 'Completed'|Status__c=Completed
15:36:22.0 (80973827)|VALIDATION_PASS
15:36:22.0 (81007515)|CODE_UNIT_FINISHED|Validation:HTask:new
15:36:22.0 (100193420)|DML_END|[17]
15:36:22.0 (100295505)|HEAP_ALLOCATE|[EXTERNAL]|Bytes:12
15:36:22.100 (100330758)|CUMULATIVE_LIMIT_USAGE
15:36:22.100 (100330758)|LIMIT_USAGE_FOR_NS|(default)|
  Number of SOQL queries: 1 out of 100
  Number of query rows: 1 out of 50000
  Number of SOSL queries: 0 out of 20
  Number of DML statements: 2 out of 150
  Number of DML rows: 3 out of 10000
  Maximum CPU time: 0 out of 10000
  Maximum heap size: 0 out of 6000000
  Number of callouts: 0 out of 100
  Number of Email Invocations: 0 out of 10
  Number of future calls: 0 out of 50
  Number of queueable jobs added to the queue: 0 out of 50
  Number of Mobile Apex push calls: 0 out of 10

15:36:22.100 (100330758)|CUMULATIVE_LIMIT_USAGE_END

15:36:22.0 (100372214)|CODE_UNIT_FINISHED|TaskListControllerTest.setup
15:36:22.0 (101177494)|EXECUTION_FINISHED
15:36:22.119 (119971924)|USER_INFO|[EXTERNAL]|005f4000002PiXT|amancebo.habitica@altimetrik.com|Argentine Time|GMT-03:00
15:36:22.119 (120001355)|EXECUTION_STARTED
15:36:22.119 (120007012)|CODE_UNIT_STARTED|[EXTERNAL]|01pf400000GkAVd|TaskListControllerTest.getAllTaskTest
15:36:22.119 (120180166)|HEAP_ALLOCATE|[72]|Bytes:3
15:36:22.119 (120226698)|HEAP_ALLOCATE|[77]|Bytes:152
15:36:22.119 (120246389)|HEAP_ALLOCATE|[342]|Bytes:408
15:36:22.119 (120276586)|HEAP_ALLOCATE|[355]|Bytes:408
15:36:22.119 (120296808)|HEAP_ALLOCATE|[467]|Bytes:48
15:36:22.119 (120328149)|HEAP_ALLOCATE|[139]|Bytes:6
15:36:22.119 (120348520)|HEAP_ALLOCATE|[EXTERNAL]|Bytes:95
15:36:22.119 (120363376)|METHOD_ENTRY|[2]|01pf400000GkAVd|TaskListControllerTest.TaskListControllerTest()
15:36:22.119 (120374282)|STATEMENT_EXECUTE|[2]
15:36:22.119 (120382121)|STATEMENT_EXECUTE|[2]
15:36:22.119 (120388977)|METHOD_EXIT|[2]|TaskListControllerTest
15:36:22.119 (120421956)|HEAP_ALLOCATE|[50]|Bytes:5
15:36:22.119 (120449104)|HEAP_ALLOCATE|[56]|Bytes:5
15:36:22.119 (120456933)|HEAP_ALLOCATE|[64]|Bytes:7
15:36:22.119 (120494442)|STATEMENT_EXECUTE|[20]
15:36:22.119 (120496406)|STATEMENT_EXECUTE|[21]
15:36:22.119 (120564273)|HEAP_ALLOCATE|[21]|Bytes:63
15:36:22.119 (120572392)|SYSTEM_METHOD_ENTRY|[1]|Test.Test()
15:36:22.119 (120576547)|STATEMENT_EXECUTE|[1]
15:36:22.119 (120582562)|SYSTEM_METHOD_EXIT|[1]|Test
15:36:22.119 (120596727)|METHOD_ENTRY|[21]||System.Test.startTest()
15:36:22.119 (121791852)|METHOD_EXIT|[21]||System.Test.startTest()
15:36:22.119 (121801034)|STATEMENT_EXECUTE|[23]
15:36:22.119 (121805587)|HEAP_ALLOCATE|[23]|Bytes:54
15:36:22.119 (121833068)|HEAP_ALLOCATE|[23]|Bytes:4
15:36:22.119 (121989591)|SOQL_EXECUTE_BEGIN|[23]|Aggregations:0|SELECT Id FROM Contact WHERE LastName = 'TestContact2'
15:36:22.119 (126451239)|SOQL_EXECUTE_END|[23]|Rows:1
15:36:22.119 (126474617)|HEAP_ALLOCATE|[23]|Bytes:8
15:36:22.119 (126491202)|HEAP_ALLOCATE|[23]|Bytes:29
15:36:22.119 (126550864)|HEAP_ALLOCATE|[23]|Bytes:8
15:36:22.119 (126562714)|HEAP_ALLOCATE|[23]|Bytes:33
15:36:22.119 (126589823)|HEAP_ALLOCATE|[23]|Bytes:8
15:36:22.119 (126607054)|VARIABLE_SCOPE_BEGIN|[23]|cont1|Contact|true|false
15:36:22.119 (126652693)|VARIABLE_ASSIGNMENT|[23]|cont1|{"Id":"003f400000PuSviAAF"}|0x3368c1b9
15:36:22.119 (126660637)|STATEMENT_EXECUTE|[24]
15:36:22.119 (126692043)|HEAP_ALLOCATE|[24]|Bytes:4
15:36:22.119 (126713439)|HEAP_ALLOCATE|[24]|Bytes:5
15:36:22.119 (126761116)|VARIABLE_ASSIGNMENT|[24]|this.Name|"Test1"|0x788181e6
15:36:22.119 (126768680)|HEAP_ALLOCATE|[24]|Bytes:5
15:36:22.119 (126786927)|VARIABLE_ASSIGNMENT|[24]|this.Type__c|"Daily"|0x788181e6
15:36:22.119 (126793284)|HEAP_ALLOCATE|[24]|Bytes:3
15:36:22.119 (126807190)|VARIABLE_ASSIGNMENT|[24]|this.Status__c|"New"|0x788181e6
15:36:22.119 (126839685)|VARIABLE_ASSIGNMENT|[24]|this.Contact__c|"003f400000PuSviAAF"|0x788181e6
15:36:22.119 (126868165)|VARIABLE_SCOPE_BEGIN|[24]|task1|HTask__c|true|false
15:36:22.119 (126886273)|VARIABLE_ASSIGNMENT|[24]|task1|{"Name":"Test1","Type__c":"Daily","Status__c":"New","Contact__c":"003f400000PuSviAAF"}|0x788181e6
15:36:22.119 (126893479)|STATEMENT_EXECUTE|[25]
15:36:22.119 (126907296)|HEAP_ALLOCATE|[25]|Bytes:4
15:36:22.119 (126915984)|HEAP_ALLOCATE|[25]|Bytes:5
15:36:22.119 (126931532)|VARIABLE_ASSIGNMENT|[25]|this.Name|"Test2"|0x31a022e9
15:36:22.119 (126945580)|VARIABLE_ASSIGNMENT|[25]|this.Type__c|"Daily"|0x31a022e9
15:36:22.119 (126951848)|HEAP_ALLOCATE|[25]|Bytes:9
15:36:22.119 (126962730)|VARIABLE_ASSIGNMENT|[25]|this.Status__c|"Completed"|0x31a022e9
15:36:22.119 (126981596)|VARIABLE_ASSIGNMENT|[25]|this.Contact__c|"003f400000PuSviAAF"|0x31a022e9
15:36:22.119 (126994642)|VARIABLE_SCOPE_BEGIN|[25]|task2|HTask__c|true|false
15:36:22.119 (127008419)|VARIABLE_ASSIGNMENT|[25]|task2|{"Name":"Test2","Type__c":"Daily","Status__c":"Completed","Contact__c":"003f400000PuSviAAF"}|0x31a022e9
15:36:22.119 (127014819)|STATEMENT_EXECUTE|[27]
15:36:22.119 (130535362)|HEAP_ALLOCATE|[27]|Bytes:3
15:36:22.119 (130561444)|METHOD_ENTRY|[1]|01pf400000Gj25X|TaskListController.TaskListController()
15:36:22.119 (130569920)|STATEMENT_EXECUTE|[1]
15:36:22.119 (130575853)|STATEMENT_EXECUTE|[1]
15:36:22.119 (130581764)|METHOD_EXIT|[1]|TaskListController
15:36:22.119 (130611897)|METHOD_ENTRY|[27]|01pf400000Gj25X|TaskListController.getAllTasks()
15:36:22.119 (130652468)|STATEMENT_EXECUTE|[3]
15:36:22.119 (130655408)|STATEMENT_EXECUTE|[4]
15:36:22.119 (130660176)|HEAP_ALLOCATE|[4]|Bytes:77
15:36:22.119 (130680755)|HEAP_ALLOCATE|[4]|Bytes:4
15:36:22.119 (130930634)|SOQL_EXECUTE_BEGIN|[4]|Aggregations:0|SELECT Id, Name, Description__c, Type__c, Points__c, Contact__c FROM HTask__c
15:36:22.119 (142124666)|SOQL_EXECUTE_END|[4]|Rows:2
15:36:22.119 (142168112)|HEAP_ALLOCATE|[4]|Bytes:12
15:36:22.119 (142201370)|HEAP_ALLOCATE|[4]|Bytes:278
15:36:22.119 (142278210)|HEAP_ALLOCATE|[4]|Bytes:12
15:36:22.119 (142302448)|VARIABLE_SCOPE_BEGIN|[4]|ltask|List<HTask__c>|true|false
15:36:22.119 (142360169)|VARIABLE_ASSIGNMENT|[4]|ltask|[{"Id":"a00f4000009XCIyAAO","Name":"Test1","Type__c":"Daily","Points__c":0.50,"Contact__c":"003f400000PuSviAAF"},{"Id":"a00f4000009XCIzAAO","Name":"Test2","Type__c":"Daily","Points__c":0.50,"Contact__c":"003f400000PuSviAAF"}]|0x10cec838
15:36:22.119 (142374693)|STATEMENT_EXECUTE|[5]
15:36:22.119 (142385313)|METHOD_EXIT|[27]|01pf400000Gj25X|TaskListController.getAllTasks()
15:36:22.119 (142394785)|VARIABLE_SCOPE_BEGIN|[27]|ltask|List<HTask__c>|true|false
15:36:22.119 (142412271)|VARIABLE_ASSIGNMENT|[27]|ltask|[{"Id":"a00f4000009XCIyAAO","Name":"Test1","Type__c":"Daily","Points__c":0.50,"Contact__c":"003f400000PuSviAAF"},{"Id":"a00f4000009XCIzAAO","Name":"Test2","Type__c":"Daily","Points__c":0.50,"Contact__c":"003f400000PuSviAAF"}]|0x10cec838
15:36:22.119 (142419988)|STATEMENT_EXECUTE|[29]
15:36:22.119 (142426914)|VARIABLE_SCOPE_BEGIN|[29]|contains1|Boolean|false|false
15:36:22.119 (142444244)|HEAP_ALLOCATE|[29]|Bytes:5
15:36:22.119 (142452457)|VARIABLE_ASSIGNMENT|[29]|contains1|false
15:36:22.119 (142457542)|STATEMENT_EXECUTE|[30]
15:36:22.119 (142459834)|VARIABLE_SCOPE_BEGIN|[30]|contains2|Boolean|false|false
15:36:22.119 (142466516)|HEAP_ALLOCATE|[30]|Bytes:5
15:36:22.119 (142471005)|VARIABLE_ASSIGNMENT|[30]|contains2|false
15:36:22.119 (142730212)|HEAP_ALLOCATE|[31]|Bytes:5
15:36:22.119 (142789923)|HEAP_ALLOCATE|[31]|Bytes:24
15:36:22.119 (142806708)|VARIABLE_SCOPE_BEGIN|[31]|task|HTask__c|true|false
15:36:22.119 (142831897)|VARIABLE_ASSIGNMENT|[31]|task|{"Id":"a00f4000009XCIyAAO","Name":"Test1","Type__c":"Daily","Points__c":0.50,"Contact__c":"003f400000PuSviAAF"}|0x5e0b4614
15:36:22.119 (142844702)|STATEMENT_EXECUTE|[31]
15:36:22.119 (142926985)|STATEMENT_EXECUTE|[32]
15:36:22.119 (142930036)|STATEMENT_EXECUTE|[33]
15:36:22.119 (142935995)|HEAP_ALLOCATE|[33]|Bytes:5
15:36:22.119 (142947404)|VARIABLE_ASSIGNMENT|[33]|contains1|true
15:36:22.119 (142969127)|STATEMENT_EXECUTE|[36]
15:36:22.119 (142973503)|STATEMENT_EXECUTE|[40]
15:36:22.119 (142986471)|HEAP_ALLOCATE|[31]|Bytes:5
15:36:22.119 (143001014)|HEAP_ALLOCATE|[31]|Bytes:24
15:36:22.119 (143011049)|VARIABLE_SCOPE_BEGIN|[31]|task|HTask__c|true|false
15:36:22.119 (143031989)|VARIABLE_ASSIGNMENT|[31]|task|{"Id":"a00f4000009XCIzAAO","Name":"Test2","Type__c":"Daily","Points__c":0.50,"Contact__c":"003f400000PuSviAAF"}|0x356bcfb8
15:36:22.119 (143042946)|STATEMENT_EXECUTE|[31]
15:36:22.119 (143059194)|STATEMENT_EXECUTE|[32]
15:36:22.119 (143069795)|STATEMENT_EXECUTE|[36]
15:36:22.119 (143072093)|STATEMENT_EXECUTE|[37]
15:36:22.119 (143077581)|HEAP_ALLOCATE|[37]|Bytes:5
15:36:22.119 (143087794)|VARIABLE_ASSIGNMENT|[37]|contains2|true
15:36:22.119 (143098704)|STATEMENT_EXECUTE|[40]
15:36:22.119 (143101100)|STATEMENT_EXECUTE|[41]
15:36:22.119 (143108369)|VARIABLE_ASSIGNMENT|[31]|task|null|
15:36:22.119 (143116935)|STATEMENT_EXECUTE|[45]
15:36:22.119 (143176135)|STATEMENT_EXECUTE|[47]
15:36:22.119 (143196192)|METHOD_ENTRY|[47]||System.Test.stopTest()
15:36:22.119 (144086553)|METHOD_EXIT|[47]||System.Test.stopTest()
15:36:22.144 (144107861)|CUMULATIVE_LIMIT_USAGE
15:36:22.144 (144107861)|LIMIT_USAGE_FOR_NS|(default)|
  Number of SOQL queries: 1 out of 100
  Number of query rows: 1 out of 50000
  Number of SOSL queries: 0 out of 20
  Number of DML statements: 2 out of 150
  Number of DML rows: 3 out of 10000
  Maximum CPU time: 0 out of 10000
  Maximum heap size: 0 out of 6000000
  Number of callouts: 0 out of 100
  Number of Email Invocations: 0 out of 10
  Number of future calls: 0 out of 50
  Number of queueable jobs added to the queue: 0 out of 50
  Number of Mobile Apex push calls: 0 out of 10

15:36:22.144 (144107861)|TESTING_LIMITS
15:36:22.144 (144107861)|LIMIT_USAGE_FOR_NS|(default)|
  Number of SOQL queries: 2 out of 100
  Number of query rows: 3 out of 50000
  Number of SOSL queries: 0 out of 20
  Number of DML statements: 0 out of 150
  Number of DML rows: 0 out of 10000
  Maximum CPU time: 0 out of 10000
  Maximum heap size: 0 out of 6000000
  Number of callouts: 0 out of 100
  Number of Email Invocations: 0 out of 10
  Number of future calls: 0 out of 50
  Number of queueable jobs added to the queue: 0 out of 50
  Number of Mobile Apex push calls: 0 out of 10

15:36:22.144 (144107861)|CUMULATIVE_LIMIT_USAGE_END

15:36:22.119 (144172017)|CODE_UNIT_FINISHED|TaskListControllerTest.getAllTaskTest
15:36:22.119 (144892068)|EXECUTION_FINISHED
15:36:22.183 (183810718)|USER_INFO|[EXTERNAL]|005f4000002PiXT|amancebo.habitica@altimetrik.com|Argentine Time|GMT-03:00
15:36:22.183 (183833366)|EXECUTION_STARTED
15:36:22.183 (183838801)|CODE_UNIT_STARTED|[EXTERNAL]|01pf400000GkAVd|TaskListControllerTest.getAllUncompletedTaskTest
15:36:22.183 (184018123)|HEAP_ALLOCATE|[72]|Bytes:3
15:36:22.183 (184067049)|HEAP_ALLOCATE|[77]|Bytes:152
15:36:22.183 (184086000)|HEAP_ALLOCATE|[342]|Bytes:408
15:36:22.183 (184100932)|HEAP_ALLOCATE|[355]|Bytes:408
15:36:22.183 (184115789)|HEAP_ALLOCATE|[467]|Bytes:48
15:36:22.183 (184145737)|HEAP_ALLOCATE|[139]|Bytes:6
15:36:22.183 (184162827)|HEAP_ALLOCATE|[EXTERNAL]|Bytes:95
15:36:22.183 (184175787)|METHOD_ENTRY|[2]|01pf400000GkAVd|TaskListControllerTest.TaskListControllerTest()
15:36:22.183 (184184649)|STATEMENT_EXECUTE|[2]
15:36:22.183 (184190718)|STATEMENT_EXECUTE|[2]
15:36:22.183 (184195480)|METHOD_EXIT|[2]|TaskListControllerTest
15:36:22.183 (184221399)|HEAP_ALLOCATE|[50]|Bytes:5
15:36:22.183 (184247499)|HEAP_ALLOCATE|[56]|Bytes:5
15:36:22.183 (184255158)|HEAP_ALLOCATE|[64]|Bytes:7
15:36:22.183 (184296523)|STATEMENT_EXECUTE|[50]
15:36:22.183 (184298860)|STATEMENT_EXECUTE|[51]
15:36:22.183 (184310357)|HEAP_ALLOCATE|[51]|Bytes:63
15:36:22.183 (184317908)|SYSTEM_METHOD_ENTRY|[1]|Test.Test()
15:36:22.183 (184321450)|STATEMENT_EXECUTE|[1]
15:36:22.183 (184329952)|SYSTEM_METHOD_EXIT|[1]|Test
15:36:22.183 (184341550)|METHOD_ENTRY|[51]||System.Test.startTest()
15:36:22.183 (185381454)|METHOD_EXIT|[51]||System.Test.startTest()
15:36:22.183 (185390226)|STATEMENT_EXECUTE|[53]
15:36:22.183 (185394349)|HEAP_ALLOCATE|[53]|Bytes:54
15:36:22.183 (185422568)|HEAP_ALLOCATE|[53]|Bytes:4
15:36:22.183 (185591149)|SOQL_EXECUTE_BEGIN|[53]|Aggregations:0|SELECT Id FROM Contact WHERE LastName = 'TestContact2'
15:36:22.183 (189785843)|SOQL_EXECUTE_END|[53]|Rows:1
15:36:22.183 (189809666)|HEAP_ALLOCATE|[53]|Bytes:8
15:36:22.183 (189826435)|HEAP_ALLOCATE|[53]|Bytes:29
15:36:22.183 (189886242)|HEAP_ALLOCATE|[53]|Bytes:8
15:36:22.183 (189898541)|HEAP_ALLOCATE|[53]|Bytes:33
15:36:22.183 (189920635)|HEAP_ALLOCATE|[53]|Bytes:8
15:36:22.183 (189929400)|VARIABLE_SCOPE_BEGIN|[53]|cont1|Contact|true|false
15:36:22.183 (189969038)|VARIABLE_ASSIGNMENT|[53]|cont1|{"Id":"003f400000PuSviAAF"}|0x6a103be
15:36:22.183 (189977224)|STATEMENT_EXECUTE|[55]
15:36:22.183 (190004262)|HEAP_ALLOCATE|[55]|Bytes:4
15:36:22.183 (190026131)|HEAP_ALLOCATE|[55]|Bytes:5
15:36:22.183 (190070282)|VARIABLE_ASSIGNMENT|[55]|this.Name|"Test1"|0x5e8f4978
15:36:22.183 (190077818)|HEAP_ALLOCATE|[55]|Bytes:5
15:36:22.183 (190097257)|VARIABLE_ASSIGNMENT|[55]|this.Type__c|"Daily"|0x5e8f4978
15:36:22.183 (190104299)|HEAP_ALLOCATE|[55]|Bytes:3
15:36:22.183 (190117875)|VARIABLE_ASSIGNMENT|[55]|this.Status__c|"New"|0x5e8f4978
15:36:22.183 (190150455)|VARIABLE_ASSIGNMENT|[55]|this.Contact__c|"003f400000PuSviAAF"|0x5e8f4978
15:36:22.183 (190178157)|VARIABLE_SCOPE_BEGIN|[55]|task1|HTask__c|true|false
15:36:22.183 (190196350)|VARIABLE_ASSIGNMENT|[55]|task1|{"Name":"Test1","Type__c":"Daily","Status__c":"New","Contact__c":"003f400000PuSviAAF"}|0x5e8f4978
15:36:22.183 (190203268)|STATEMENT_EXECUTE|[56]
15:36:22.183 (190216184)|HEAP_ALLOCATE|[56]|Bytes:4
15:36:22.183 (190224037)|HEAP_ALLOCATE|[56]|Bytes:5
15:36:22.183 (190238506)|VARIABLE_ASSIGNMENT|[56]|this.Name|"Test2"|0x79b7157c
15:36:22.183 (190252650)|VARIABLE_ASSIGNMENT|[56]|this.Type__c|"Daily"|0x79b7157c
15:36:22.183 (190258706)|HEAP_ALLOCATE|[56]|Bytes:9
15:36:22.183 (190269116)|VARIABLE_ASSIGNMENT|[56]|this.Status__c|"Completed"|0x79b7157c
15:36:22.183 (190287095)|VARIABLE_ASSIGNMENT|[56]|this.Contact__c|"003f400000PuSviAAF"|0x79b7157c
15:36:22.183 (190299954)|VARIABLE_SCOPE_BEGIN|[56]|task2|HTask__c|true|false
15:36:22.183 (190312850)|VARIABLE_ASSIGNMENT|[56]|task2|{"Name":"Test2","Type__c":"Daily","Status__c":"Completed","Contact__c":"003f400000PuSviAAF"}|0x79b7157c
15:36:22.183 (190318277)|STATEMENT_EXECUTE|[58]
15:36:22.183 (190329699)|HEAP_ALLOCATE|[58]|Bytes:3
15:36:22.183 (190338146)|METHOD_ENTRY|[1]|01pf400000Gj25X|TaskListController.TaskListController()
15:36:22.183 (190343908)|STATEMENT_EXECUTE|[1]
15:36:22.183 (190347360)|STATEMENT_EXECUTE|[1]
15:36:22.183 (190351411)|METHOD_EXIT|[1]|TaskListController
15:36:22.183 (190361077)|METHOD_ENTRY|[58]|01pf400000Gj25X|TaskListController.getAllUncompletedTask()
15:36:22.183 (190390053)|STATEMENT_EXECUTE|[9]
15:36:22.183 (190392270)|STATEMENT_EXECUTE|[10]
15:36:22.183 (190395469)|HEAP_ALLOCATE|[10]|Bytes:108
15:36:22.183 (190409852)|HEAP_ALLOCATE|[10]|Bytes:4
15:36:22.183 (190594537)|SOQL_EXECUTE_BEGIN|[10]|Aggregations:0|SELECT Id, Name, Description__c, Type__c, Points__c, Contact__c FROM HTask__c WHERE Status__c != 'Completed'
15:36:22.183 (198025787)|SOQL_EXECUTE_END|[10]|Rows:1
15:36:22.183 (198046781)|HEAP_ALLOCATE|[10]|Bytes:8
15:36:22.183 (198063309)|HEAP_ALLOCATE|[10]|Bytes:139
15:36:22.183 (198090795)|HEAP_ALLOCATE|[10]|Bytes:8
15:36:22.183 (198101460)|VARIABLE_SCOPE_BEGIN|[10]|ltask|List<HTask__c>|true|false
15:36:22.183 (198130565)|VARIABLE_ASSIGNMENT|[10]|ltask|[{"Id":"a00f4000009XCIyAAO","Name":"Test1","Type__c":"Daily","Points__c":0.50,"Contact__c":"003f400000PuSviAAF"}]|0x49b11c2e
15:36:22.183 (198138817)|STATEMENT_EXECUTE|[13]
15:36:22.183 (198147283)|METHOD_EXIT|[58]|01pf400000Gj25X|TaskListController.getAllUncompletedTask()
15:36:22.183 (198154729)|VARIABLE_SCOPE_BEGIN|[58]|ltask|List<HTask__c>|true|false
15:36:22.183 (198167834)|VARIABLE_ASSIGNMENT|[58]|ltask|[{"Id":"a00f4000009XCIyAAO","Name":"Test1","Type__c":"Daily","Points__c":0.50,"Contact__c":"003f400000PuSviAAF"}]|0x49b11c2e
15:36:22.183 (198174251)|STATEMENT_EXECUTE|[60]
15:36:22.183 (198179109)|VARIABLE_SCOPE_BEGIN|[60]|contains1|Boolean|false|false
15:36:22.183 (198195732)|HEAP_ALLOCATE|[60]|Bytes:5
15:36:22.183 (198203795)|VARIABLE_ASSIGNMENT|[60]|contains1|false
15:36:22.183 (198208854)|STATEMENT_EXECUTE|[61]
15:36:22.183 (198210977)|VARIABLE_SCOPE_BEGIN|[61]|contains2|Boolean|false|false
15:36:22.183 (198217813)|HEAP_ALLOCATE|[61]|Bytes:5
15:36:22.183 (198222093)|VARIABLE_ASSIGNMENT|[61]|contains2|false
15:36:22.183 (198281176)|HEAP_ALLOCATE|[62]|Bytes:5
15:36:22.183 (198299027)|HEAP_ALLOCATE|[62]|Bytes:24
15:36:22.183 (198308264)|VARIABLE_SCOPE_BEGIN|[62]|task|HTask__c|true|false
15:36:22.183 (198323139)|VARIABLE_ASSIGNMENT|[62]|task|{"Id":"a00f4000009XCIyAAO","Name":"Test1","Type__c":"Daily","Points__c":0.50,"Contact__c":"003f400000PuSviAAF"}|0x52110683
15:36:22.183 (198329905)|STATEMENT_EXECUTE|[62]
15:36:22.183 (198357858)|STATEMENT_EXECUTE|[63]
15:36:22.183 (198359739)|STATEMENT_EXECUTE|[64]
15:36:22.183 (198363626)|HEAP_ALLOCATE|[64]|Bytes:5
15:36:22.183 (198370069)|VARIABLE_ASSIGNMENT|[64]|contains1|true
15:36:22.183 (198383518)|STATEMENT_EXECUTE|[67]
15:36:22.183 (198386592)|STATEMENT_EXECUTE|[71]
15:36:22.183 (198394782)|HEAP_ALLOCATE|[62]|Bytes:5
15:36:22.183 (198405519)|VARIABLE_ASSIGNMENT|[62]|task|null|
15:36:22.183 (198410682)|STATEMENT_EXECUTE|[76]
15:36:22.183 (198448945)|STATEMENT_EXECUTE|[78]
15:36:22.183 (198459690)|METHOD_ENTRY|[78]||System.Test.stopTest()
15:36:22.183 (199237689)|METHOD_EXIT|[78]||System.Test.stopTest()
15:36:22.199 (199252071)|CUMULATIVE_LIMIT_USAGE
15:36:22.199 (199252071)|LIMIT_USAGE_FOR_NS|(default)|
  Number of SOQL queries: 1 out of 100
  Number of query rows: 1 out of 50000
  Number of SOSL queries: 0 out of 20
  Number of DML statements: 2 out of 150
  Number of DML rows: 3 out of 10000
  Maximum CPU time: 0 out of 10000
  Maximum heap size: 0 out of 6000000
  Number of callouts: 0 out of 100
  Number of Email Invocations: 0 out of 10
  Number of future calls: 0 out of 50
  Number of queueable jobs added to the queue: 0 out of 50
  Number of Mobile Apex push calls: 0 out of 10

15:36:22.199 (199252071)|TESTING_LIMITS
15:36:22.199 (199252071)|LIMIT_USAGE_FOR_NS|(default)|
  Number of SOQL queries: 2 out of 100
  Number of query rows: 2 out of 50000
  Number of SOSL queries: 0 out of 20
  Number of DML statements: 0 out of 150
  Number of DML rows: 0 out of 10000
  Maximum CPU time: 0 out of 10000
  Maximum heap size: 0 out of 6000000
  Number of callouts: 0 out of 100
  Number of Email Invocations: 0 out of 10
  Number of future calls: 0 out of 50
  Number of queueable jobs added to the queue: 0 out of 50
  Number of Mobile Apex push calls: 0 out of 10

15:36:22.199 (199252071)|CUMULATIVE_LIMIT_USAGE_END

15:36:22.183 (199295906)|CODE_UNIT_FINISHED|TaskListControllerTest.getAllUncompletedTaskTest
15:36:22.183 (200026305)|EXECUTION_FINISHED
15:36:22.277 (277307055)|USER_INFO|[EXTERNAL]|005f4000002PiXT|amancebo.habitica@altimetrik.com|Argentine Time|GMT-03:00
15:36:22.277 (277331161)|EXECUTION_STARTED
15:36:22.277 (277335502)|CODE_UNIT_STARTED|[EXTERNAL]|DuplicateDetector
15:36:22.277 (277349934)|DUPLICATE_DETECTION_BEGIN
15:36:22.277 (277417012)|DUPLICATE_DETECTION_RULE_INVOCATION|DuplicateRuleId:0Bmf4000005NvDQ|DuplicateRuleName:Standard Contact Duplicate Rule|DmlType:INSERT
15:36:22.277 (285345563)|DUPLICATE_DETECTION_END
15:36:22.277 (285353329)|CODE_UNIT_FINISHED|DuplicateDetector
15:36:22.277 (286093600)|EXECUTION_FINISHED
