42.0 APEX_CODE,FINEST;APEX_PROFILING,INFO;CALLOUT,INFO;DB,INFO;SYSTEM,DEBUG;VALIDATION,INFO;VISUALFORCE,INFO;WAVE,INFO;WORKFLOW,INFO
11:52:24.0 (59901)|USER_INFO|[EXTERNAL]|005f4000002PiXT|amancebo.habitica@altimetrik.com|Argentine Time|GMT-03:00
11:52:24.0 (97212)|EXECUTION_STARTED
11:52:24.0 (101584)|CODE_UNIT_STARTED|[EXTERNAL]|Aura
11:52:24.0 (1168541)|CODE_UNIT_STARTED|[EXTERNAL]|01pf400000Gj25X|TaskListController.getAllTasks
11:52:24.0 (1340667)|HEAP_ALLOCATE|[72]|Bytes:3
11:52:24.0 (1380383)|HEAP_ALLOCATE|[77]|Bytes:152
11:52:24.0 (1395395)|HEAP_ALLOCATE|[342]|Bytes:408
11:52:24.0 (1414527)|HEAP_ALLOCATE|[355]|Bytes:408
11:52:24.0 (1425936)|HEAP_ALLOCATE|[467]|Bytes:48
11:52:24.0 (1454510)|HEAP_ALLOCATE|[139]|Bytes:6
11:52:24.0 (1530876)|HEAP_ALLOCATE|[EXTERNAL]|Bytes:1
11:52:24.0 (1542428)|METHOD_ENTRY|[1]|01pf400000Gj25X|TaskListController.TaskListController()
11:52:24.0 (1548705)|STATEMENT_EXECUTE|[1]
11:52:24.0 (1553815)|STATEMENT_EXECUTE|[1]
11:52:24.0 (1582522)|HEAP_ALLOCATE|[50]|Bytes:5
11:52:24.0 (1615789)|HEAP_ALLOCATE|[56]|Bytes:5
11:52:24.0 (1623696)|HEAP_ALLOCATE|[64]|Bytes:7
11:52:24.0 (1646347)|SYSTEM_MODE_ENTER|false
11:52:24.0 (1659779)|HEAP_ALLOCATE|[EXTERNAL]|Bytes:5
11:52:24.0 (1667505)|SYSTEM_MODE_EXIT|false
11:52:24.0 (1675627)|METHOD_EXIT|[1]|TaskListController
11:52:24.0 (1685990)|SYSTEM_MODE_ENTER|false
11:52:24.0 (1697830)|HEAP_ALLOCATE|[4]|Bytes:5
11:52:24.0 (1702712)|STATEMENT_EXECUTE|[3]
11:52:24.0 (1704629)|STATEMENT_EXECUTE|[4]
11:52:24.0 (1707731)|HEAP_ALLOCATE|[4]|Bytes:45
11:52:24.0 (1727547)|HEAP_ALLOCATE|[4]|Bytes:4
11:52:24.0 (1988684)|SOQL_EXECUTE_BEGIN|[4]|Aggregations:0|SELECT Id, Name, Description__c FROM HTask__c
11:52:24.0 (3738945)|SOQL_EXECUTE_END|[4]|Rows:2
11:52:24.0 (3761228)|HEAP_ALLOCATE|[4]|Bytes:12
11:52:24.0 (3784512)|HEAP_ALLOCATE|[4]|Bytes:104
11:52:24.0 (3878411)|HEAP_ALLOCATE|[4]|Bytes:12
11:52:24.0 (3900194)|VARIABLE_SCOPE_BEGIN|[4]|ltask|List<ANY>|true|false
11:52:24.0 (3936726)|VARIABLE_ASSIGNMENT|[4]|ltask|[{"Id":"a00f4000009UZfdAAG","Name":"cbx","Description__c":"yte"},{"Id":"a00f4000009U9j8AAC","Name":"TestH1"}]|0x622ca09a
11:52:24.0 (3943826)|STATEMENT_EXECUTE|[5]
11:52:24.0 (3951857)|SYSTEM_MODE_EXIT|false
11:52:24.3 (3974021)|CUMULATIVE_LIMIT_USAGE
11:52:24.3 (3974021)|LIMIT_USAGE_FOR_NS|(default)|
  Number of SOQL queries: 1 out of 100
  Number of query rows: 2 out of 50000
  Number of SOSL queries: 0 out of 20
  Number of DML statements: 0 out of 150
  Number of DML rows: 0 out of 10000
  Maximum CPU time: 0 out of 10000
  Maximum heap size: 0 out of 6000000
  Number of callouts: 0 out of 100
  Number of Email Invocations: 0 out of 10
  Number of future calls: 0 out of 50
  Number of queueable jobs added to the queue: 0 out of 50
  Number of Mobile Apex push calls: 0 out of 10

11:52:24.3 (3974021)|CUMULATIVE_LIMIT_USAGE_END

11:52:24.0 (4009549)|CODE_UNIT_FINISHED|TaskListController.getAllTasks
11:52:24.0 (4068255)|CODE_UNIT_FINISHED|Aura
11:52:24.0 (5230062)|EXECUTION_FINISHED
