42.0 APEX_CODE,FINEST;APEX_PROFILING,INFO;CALLOUT,INFO;DB,INFO;SYSTEM,DEBUG;VALIDATION,INFO;VISUALFORCE,INFO;WAVE,INFO;WORKFLOW,INFO
15:35:13.0 (69171)|USER_INFO|[EXTERNAL]|005f4000002PiXT|amancebo.habitica@altimetrik.com|Argentine Time|GMT-03:00
15:35:13.0 (105751)|EXECUTION_STARTED
15:35:13.0 (109635)|CODE_UNIT_STARTED|[EXTERNAL]|Aura
15:35:13.0 (1154598)|CODE_UNIT_STARTED|[EXTERNAL]|01pf400000Gj25X|TaskListController.getAllUncompletedTask
15:35:13.0 (1340822)|HEAP_ALLOCATE|[72]|Bytes:3
15:35:13.0 (1383791)|HEAP_ALLOCATE|[77]|Bytes:152
15:35:13.0 (1399776)|HEAP_ALLOCATE|[342]|Bytes:408
15:35:13.0 (1413425)|HEAP_ALLOCATE|[355]|Bytes:408
15:35:13.0 (1423815)|HEAP_ALLOCATE|[467]|Bytes:48
15:35:13.0 (1452676)|HEAP_ALLOCATE|[139]|Bytes:6
15:35:13.0 (1523729)|HEAP_ALLOCATE|[EXTERNAL]|Bytes:3
15:35:13.0 (1536543)|METHOD_ENTRY|[1]|01pf400000Gj25X|TaskListController.TaskListController()
15:35:13.0 (1543223)|STATEMENT_EXECUTE|[1]
15:35:13.0 (1548328)|STATEMENT_EXECUTE|[1]
15:35:13.0 (1556632)|METHOD_EXIT|[1]|TaskListController
15:35:13.0 (1578336)|SYSTEM_MODE_ENTER|false
15:35:13.0 (1589730)|STATEMENT_EXECUTE|[9]
15:35:13.0 (1591579)|STATEMENT_EXECUTE|[10]
15:35:13.0 (1595019)|HEAP_ALLOCATE|[10]|Bytes:108
15:35:13.0 (1619456)|HEAP_ALLOCATE|[10]|Bytes:4
15:35:13.0 (1665153)|HEAP_ALLOCATE|[50]|Bytes:5
15:35:13.0 (1688601)|HEAP_ALLOCATE|[56]|Bytes:5
15:35:13.0 (1695805)|HEAP_ALLOCATE|[64]|Bytes:7
15:35:13.0 (2111384)|SOQL_EXECUTE_BEGIN|[10]|Aggregations:0|SELECT Id, Name, Description__c, Type__c, Points__c, Contact__c FROM HTask__c WHERE Status__c != 'Completed'
15:35:13.0 (15349279)|SOQL_EXECUTE_END|[10]|Rows:6
15:35:13.0 (15387416)|HEAP_ALLOCATE|[10]|Bytes:28
15:35:13.0 (15429091)|HEAP_ALLOCATE|[10]|Bytes:997
15:35:13.0 (15567891)|HEAP_ALLOCATE|[10]|Bytes:28
15:35:13.0 (15600904)|VARIABLE_SCOPE_BEGIN|[10]|ltask|List<HTask__c>|true|false
15:35:13.0 (15648388)|VARIABLE_ASSIGNMENT|[10]|ltask|"List of size 6 too large to display"|0x4212485c
15:35:13.0 (15661312)|STATEMENT_EXECUTE|[13]
15:35:13.0 (15677889)|SYSTEM_MODE_EXIT|false
15:35:13.15 (15716754)|CUMULATIVE_LIMIT_USAGE
15:35:13.15 (15716754)|LIMIT_USAGE_FOR_NS|(default)|
  Number of SOQL queries: 1 out of 100
  Number of query rows: 6 out of 50000
  Number of SOSL queries: 0 out of 20
  Number of DML statements: 0 out of 150
  Number of DML rows: 0 out of 10000
  Maximum CPU time: 0 out of 10000
  Maximum heap size: 0 out of 6000000
  Number of callouts: 0 out of 100
  Number of Email Invocations: 0 out of 10
  Number of future calls: 0 out of 50
  Number of queueable jobs added to the queue: 0 out of 50
  Number of Mobile Apex push calls: 0 out of 10

15:35:13.15 (15716754)|CUMULATIVE_LIMIT_USAGE_END

15:35:13.0 (15759179)|CODE_UNIT_FINISHED|TaskListController.getAllUncompletedTask
15:35:13.0 (15874171)|CODE_UNIT_FINISHED|Aura
15:35:13.0 (17003529)|EXECUTION_FINISHED
