42.0 APEX_CODE,FINEST;APEX_PROFILING,INFO;CALLOUT,INFO;DB,INFO;SYSTEM,DEBUG;VALIDATION,INFO;VISUALFORCE,INFO;WAVE,INFO;WORKFLOW,INFO
11:11:47.0 (428486)|USER_INFO|[EXTERNAL]|005f4000002PiXT|amancebo.habitica@altimetrik.com|Argentine Time|GMT-03:00
11:11:47.0 (469499)|EXECUTION_STARTED
11:11:47.0 (474512)|CODE_UNIT_STARTED|[EXTERNAL]|Aura
11:11:47.0 (2956880)|CODE_UNIT_STARTED|[EXTERNAL]|01pf400000Gj25X|TaskListController.getAllTasks
11:11:47.0 (3228271)|HEAP_ALLOCATE|[72]|Bytes:3
11:11:47.0 (3278754)|HEAP_ALLOCATE|[77]|Bytes:152
11:11:47.0 (3295767)|HEAP_ALLOCATE|[342]|Bytes:408
11:11:47.0 (3308558)|HEAP_ALLOCATE|[355]|Bytes:408
11:11:47.0 (3318899)|HEAP_ALLOCATE|[467]|Bytes:48
11:11:47.0 (3364974)|HEAP_ALLOCATE|[139]|Bytes:6
11:11:47.0 (3382643)|HEAP_ALLOCATE|[EXTERNAL]|Bytes:1
11:11:47.0 (3393897)|METHOD_ENTRY|[1]|01pf400000Gj25X|TaskListController.TaskListController()
11:11:47.0 (3401157)|STATEMENT_EXECUTE|[1]
11:11:47.0 (3406285)|STATEMENT_EXECUTE|[1]
11:11:47.0 (3438524)|HEAP_ALLOCATE|[50]|Bytes:5
11:11:47.0 (3462152)|HEAP_ALLOCATE|[56]|Bytes:5
11:11:47.0 (3469709)|HEAP_ALLOCATE|[64]|Bytes:7
11:11:47.0 (3493374)|SYSTEM_MODE_ENTER|false
11:11:47.0 (3508676)|HEAP_ALLOCATE|[EXTERNAL]|Bytes:5
11:11:47.0 (3517294)|SYSTEM_MODE_EXIT|false
11:11:47.0 (3525222)|METHOD_EXIT|[1]|TaskListController
11:11:47.0 (3536628)|SYSTEM_MODE_ENTER|false
11:11:47.0 (3550756)|HEAP_ALLOCATE|[4]|Bytes:5
11:11:47.0 (3555420)|STATEMENT_EXECUTE|[3]
11:11:47.0 (3557294)|STATEMENT_EXECUTE|[4]
11:11:47.0 (3560421)|HEAP_ALLOCATE|[4]|Bytes:45
11:11:47.0 (3582714)|HEAP_ALLOCATE|[4]|Bytes:4
11:11:47.0 (3972736)|SOQL_EXECUTE_BEGIN|[4]|Aggregations:0|SELECT Id, Name, Description__c FROM HTask__c
11:11:47.0 (14330250)|SOQL_EXECUTE_END|[4]|Rows:2
11:11:47.0 (14372384)|HEAP_ALLOCATE|[4]|Bytes:12
11:11:47.0 (14397385)|HEAP_ALLOCATE|[4]|Bytes:104
11:11:47.0 (14508717)|HEAP_ALLOCATE|[4]|Bytes:12
11:11:47.0 (14542244)|VARIABLE_SCOPE_BEGIN|[4]|ltask|List<ANY>|true|false
11:11:47.0 (14587885)|VARIABLE_ASSIGNMENT|[4]|ltask|[{"Id":"a00f4000009UZfdAAG","Name":"cbx","Description__c":"yte"},{"Id":"a00f4000009U9j8AAC","Name":"TestH1"}]|0x799cc878
11:11:47.0 (14596971)|STATEMENT_EXECUTE|[5]
11:11:47.0 (14614889)|SYSTEM_MODE_EXIT|false
11:11:47.14 (14639792)|CUMULATIVE_LIMIT_USAGE
11:11:47.14 (14639792)|LIMIT_USAGE_FOR_NS|(default)|
  Number of SOQL queries: 1 out of 100
  Number of query rows: 2 out of 50000
  Number of SOSL queries: 0 out of 20
  Number of DML statements: 0 out of 150
  Number of DML rows: 0 out of 10000
  Maximum CPU time: 0 out of 10000
  Maximum heap size: 0 out of 6000000
  Number of callouts: 0 out of 100
  Number of Email Invocations: 0 out of 10
  Number of future calls: 0 out of 50
  Number of queueable jobs added to the queue: 0 out of 50
  Number of Mobile Apex push calls: 0 out of 10

11:11:47.14 (14639792)|CUMULATIVE_LIMIT_USAGE_END

11:11:47.0 (14683175)|CODE_UNIT_FINISHED|TaskListController.getAllTasks
11:11:47.0 (14758151)|CODE_UNIT_FINISHED|Aura
11:11:47.0 (16006757)|EXECUTION_FINISHED
