42.0 APEX_CODE,FINEST;APEX_PROFILING,INFO;CALLOUT,INFO;DB,INFO;SYSTEM,DEBUG;VALIDATION,INFO;VISUALFORCE,INFO;WAVE,INFO;WORKFLOW,INFO
15:28:31.0 (140396)|USER_INFO|[EXTERNAL]|005f4000002PiXT|amancebo.habitica@altimetrik.com|Argentine Time|GMT-03:00
15:28:31.0 (353060)|EXECUTION_STARTED
15:28:31.0 (357646)|CODE_UNIT_STARTED|[EXTERNAL]|Aura
15:28:31.0 (1774670)|CODE_UNIT_STARTED|[EXTERNAL]|01pf400000Gj25X|TaskListController.getAllUncompletedTask
15:28:31.0 (2023687)|HEAP_ALLOCATE|[72]|Bytes:3
15:28:31.0 (2119197)|HEAP_ALLOCATE|[77]|Bytes:152
15:28:31.0 (2139314)|HEAP_ALLOCATE|[342]|Bytes:408
15:28:31.0 (2153505)|HEAP_ALLOCATE|[355]|Bytes:408
15:28:31.0 (2166067)|HEAP_ALLOCATE|[467]|Bytes:48
15:28:31.0 (2224820)|HEAP_ALLOCATE|[139]|Bytes:6
15:28:31.0 (2304340)|HEAP_ALLOCATE|[EXTERNAL]|Bytes:3
15:28:31.0 (2345029)|METHOD_ENTRY|[1]|01pf400000Gj25X|TaskListController.TaskListController()
15:28:31.0 (2356056)|STATEMENT_EXECUTE|[1]
15:28:31.0 (2362247)|STATEMENT_EXECUTE|[1]
15:28:31.0 (2379227)|METHOD_EXIT|[1]|TaskListController
15:28:31.0 (2403606)|SYSTEM_MODE_ENTER|false
15:28:31.0 (2524292)|STATEMENT_EXECUTE|[9]
15:28:31.0 (2526649)|STATEMENT_EXECUTE|[10]
15:28:31.0 (2532843)|HEAP_ALLOCATE|[10]|Bytes:108
15:28:31.0 (2560693)|HEAP_ALLOCATE|[10]|Bytes:4
15:28:31.0 (2626538)|HEAP_ALLOCATE|[50]|Bytes:5
15:28:31.0 (2649911)|HEAP_ALLOCATE|[56]|Bytes:5
15:28:31.0 (2660124)|HEAP_ALLOCATE|[64]|Bytes:7
15:28:31.0 (3201458)|SOQL_EXECUTE_BEGIN|[10]|Aggregations:0|SELECT Id, Name, Description__c, Type__c, Points__c, Contact__c FROM HTask__c WHERE Status__c != 'Completed'
15:28:31.0 (36678212)|SOQL_EXECUTE_END|[10]|Rows:6
15:28:31.0 (36723697)|HEAP_ALLOCATE|[10]|Bytes:28
15:28:31.0 (36777142)|HEAP_ALLOCATE|[10]|Bytes:997
15:28:31.0 (36926865)|HEAP_ALLOCATE|[10]|Bytes:28
15:28:31.0 (36974071)|VARIABLE_SCOPE_BEGIN|[10]|ltask|List<HTask__c>|true|false
15:28:31.0 (37024120)|VARIABLE_ASSIGNMENT|[10]|ltask|"List of size 6 too large to display"|0x27ca19ee
15:28:31.0 (37038877)|STATEMENT_EXECUTE|[13]
15:28:31.0 (37085038)|SYSTEM_MODE_EXIT|false
15:28:31.37 (37123995)|CUMULATIVE_LIMIT_USAGE
15:28:31.37 (37123995)|LIMIT_USAGE_FOR_NS|(default)|
  Number of SOQL queries: 1 out of 100
  Number of query rows: 6 out of 50000
  Number of SOSL queries: 0 out of 20
  Number of DML statements: 0 out of 150
  Number of DML rows: 0 out of 10000
  Maximum CPU time: 0 out of 10000
  Maximum heap size: 0 out of 6000000
  Number of callouts: 0 out of 100
  Number of Email Invocations: 0 out of 10
  Number of future calls: 0 out of 50
  Number of queueable jobs added to the queue: 0 out of 50
  Number of Mobile Apex push calls: 0 out of 10

15:28:31.37 (37123995)|CUMULATIVE_LIMIT_USAGE_END

15:28:31.0 (37250501)|CODE_UNIT_FINISHED|TaskListController.getAllUncompletedTask
15:28:31.0 (37435229)|CODE_UNIT_FINISHED|Aura
15:28:31.0 (38971378)|EXECUTION_FINISHED
