42.0 APEX_CODE,FINEST;APEX_PROFILING,INFO;CALLOUT,INFO;DB,INFO;SYSTEM,DEBUG;VALIDATION,INFO;VISUALFORCE,INFO;WAVE,INFO;WORKFLOW,INFO
15:59:40.0 (68225)|USER_INFO|[EXTERNAL]|005f4000002PiXT|amancebo.habitica@altimetrik.com|Argentine Time|GMT-03:00
15:59:40.0 (101083)|EXECUTION_STARTED
15:59:40.0 (105074)|CODE_UNIT_STARTED|[EXTERNAL]|Aura
15:59:40.0 (1156533)|CODE_UNIT_STARTED|[EXTERNAL]|01pf400000Gj25X|TaskListController.getAllUncompletedTask
15:59:40.0 (1352610)|HEAP_ALLOCATE|[72]|Bytes:3
15:59:40.0 (1417132)|HEAP_ALLOCATE|[77]|Bytes:152
15:59:40.0 (1434762)|HEAP_ALLOCATE|[342]|Bytes:408
15:59:40.0 (1446964)|HEAP_ALLOCATE|[355]|Bytes:408
15:59:40.0 (1458394)|HEAP_ALLOCATE|[467]|Bytes:48
15:59:40.0 (1486365)|HEAP_ALLOCATE|[139]|Bytes:6
15:59:40.0 (1558372)|HEAP_ALLOCATE|[EXTERNAL]|Bytes:3
15:59:40.0 (1599286)|METHOD_ENTRY|[1]|01pf400000Gj25X|TaskListController.TaskListController()
15:59:40.0 (1606552)|STATEMENT_EXECUTE|[1]
15:59:40.0 (1612708)|STATEMENT_EXECUTE|[1]
15:59:40.0 (1625141)|METHOD_EXIT|[1]|TaskListController
15:59:40.0 (1651511)|SYSTEM_MODE_ENTER|false
15:59:40.0 (1756026)|STATEMENT_EXECUTE|[9]
15:59:40.0 (1758214)|STATEMENT_EXECUTE|[10]
15:59:40.0 (1761984)|HEAP_ALLOCATE|[10]|Bytes:108
15:59:40.0 (1785240)|HEAP_ALLOCATE|[10]|Bytes:4
15:59:40.0 (1837591)|HEAP_ALLOCATE|[50]|Bytes:5
15:59:40.0 (1861078)|HEAP_ALLOCATE|[56]|Bytes:5
15:59:40.0 (1869027)|HEAP_ALLOCATE|[64]|Bytes:7
15:59:40.0 (2359426)|SOQL_EXECUTE_BEGIN|[10]|Aggregations:0|SELECT Id, Name, Description__c, Type__c, Points__c, Contact__c FROM HTask__c WHERE Status__c != 'Completed'
15:59:40.0 (18082146)|SOQL_EXECUTE_END|[10]|Rows:6
15:59:40.0 (18120341)|HEAP_ALLOCATE|[10]|Bytes:28
15:59:40.0 (18160925)|HEAP_ALLOCATE|[10]|Bytes:997
15:59:40.0 (18315781)|HEAP_ALLOCATE|[10]|Bytes:28
15:59:40.0 (18339991)|VARIABLE_SCOPE_BEGIN|[10]|ltask|List<HTask__c>|true|false
15:59:40.0 (18375584)|VARIABLE_ASSIGNMENT|[10]|ltask|"List of size 6 too large to display"|0x4d9b4585
15:59:40.0 (18385297)|STATEMENT_EXECUTE|[13]
15:59:40.0 (18397775)|SYSTEM_MODE_EXIT|false
15:59:40.18 (18423551)|CUMULATIVE_LIMIT_USAGE
15:59:40.18 (18423551)|LIMIT_USAGE_FOR_NS|(default)|
  Number of SOQL queries: 1 out of 100
  Number of query rows: 6 out of 50000
  Number of SOSL queries: 0 out of 20
  Number of DML statements: 0 out of 150
  Number of DML rows: 0 out of 10000
  Maximum CPU time: 0 out of 10000
  Maximum heap size: 0 out of 6000000
  Number of callouts: 0 out of 100
  Number of Email Invocations: 0 out of 10
  Number of future calls: 0 out of 50
  Number of queueable jobs added to the queue: 0 out of 50
  Number of Mobile Apex push calls: 0 out of 10

15:59:40.18 (18423551)|CUMULATIVE_LIMIT_USAGE_END

15:59:40.0 (18460219)|CODE_UNIT_FINISHED|TaskListController.getAllUncompletedTask
15:59:40.0 (18567611)|CODE_UNIT_FINISHED|Aura
15:59:40.0 (19789165)|EXECUTION_FINISHED
