42.0 APEX_CODE,FINEST;APEX_PROFILING,INFO;CALLOUT,INFO;DB,INFO;SYSTEM,DEBUG;VALIDATION,INFO;VISUALFORCE,INFO;WAVE,INFO;WORKFLOW,INFO
11:39:02.0 (75970)|USER_INFO|[EXTERNAL]|005f4000002PiXT|amancebo.habitica@altimetrik.com|Argentine Time|GMT-03:00
11:39:02.0 (127514)|EXECUTION_STARTED
11:39:02.0 (134224)|CODE_UNIT_STARTED|[EXTERNAL]|Aura
11:39:02.0 (1346338)|CODE_UNIT_STARTED|[EXTERNAL]|01pf400000Gj25X|TaskListController.getAllTasks
11:39:02.0 (1490682)|HEAP_ALLOCATE|[72]|Bytes:3
11:39:02.0 (1528583)|HEAP_ALLOCATE|[77]|Bytes:152
11:39:02.0 (1550727)|HEAP_ALLOCATE|[342]|Bytes:408
11:39:02.0 (1573502)|HEAP_ALLOCATE|[355]|Bytes:408
11:39:02.0 (1594327)|HEAP_ALLOCATE|[467]|Bytes:48
11:39:02.0 (1629978)|HEAP_ALLOCATE|[139]|Bytes:6
11:39:02.0 (1698571)|HEAP_ALLOCATE|[EXTERNAL]|Bytes:1
11:39:02.0 (1712614)|METHOD_ENTRY|[1]|01pf400000Gj25X|TaskListController.TaskListController()
11:39:02.0 (1720834)|STATEMENT_EXECUTE|[1]
11:39:02.0 (1726732)|STATEMENT_EXECUTE|[1]
11:39:02.0 (1767361)|HEAP_ALLOCATE|[50]|Bytes:5
11:39:02.0 (1794112)|HEAP_ALLOCATE|[56]|Bytes:5
11:39:02.0 (1818066)|HEAP_ALLOCATE|[64]|Bytes:7
11:39:02.0 (1850681)|SYSTEM_MODE_ENTER|false
11:39:02.0 (1866006)|HEAP_ALLOCATE|[EXTERNAL]|Bytes:5
11:39:02.0 (1875298)|SYSTEM_MODE_EXIT|false
11:39:02.0 (1886693)|METHOD_EXIT|[1]|TaskListController
11:39:02.0 (1903202)|SYSTEM_MODE_ENTER|false
11:39:02.0 (1919178)|HEAP_ALLOCATE|[4]|Bytes:5
11:39:02.0 (1925165)|STATEMENT_EXECUTE|[3]
11:39:02.0 (1927538)|STATEMENT_EXECUTE|[4]
11:39:02.0 (1931401)|HEAP_ALLOCATE|[4]|Bytes:45
11:39:02.0 (1948228)|HEAP_ALLOCATE|[4]|Bytes:4
11:39:02.0 (2271130)|SOQL_EXECUTE_BEGIN|[4]|Aggregations:0|SELECT Id, Name, Description__c FROM HTask__c
11:39:02.0 (4436127)|SOQL_EXECUTE_END|[4]|Rows:2
11:39:02.0 (4457884)|HEAP_ALLOCATE|[4]|Bytes:12
11:39:02.0 (4473955)|HEAP_ALLOCATE|[4]|Bytes:104
11:39:02.0 (4568266)|HEAP_ALLOCATE|[4]|Bytes:12
11:39:02.0 (4597176)|VARIABLE_SCOPE_BEGIN|[4]|ltask|List<ANY>|true|false
11:39:02.0 (4646035)|VARIABLE_ASSIGNMENT|[4]|ltask|[{"Id":"a00f4000009UZfdAAG","Name":"cbx","Description__c":"yte"},{"Id":"a00f4000009U9j8AAC","Name":"TestH1"}]|0x454160c2
11:39:02.0 (4657556)|STATEMENT_EXECUTE|[5]
11:39:02.0 (4668287)|SYSTEM_MODE_EXIT|false
11:39:02.4 (4694773)|CUMULATIVE_LIMIT_USAGE
11:39:02.4 (4694773)|LIMIT_USAGE_FOR_NS|(default)|
  Number of SOQL queries: 1 out of 100
  Number of query rows: 2 out of 50000
  Number of SOSL queries: 0 out of 20
  Number of DML statements: 0 out of 150
  Number of DML rows: 0 out of 10000
  Maximum CPU time: 0 out of 10000
  Maximum heap size: 0 out of 6000000
  Number of callouts: 0 out of 100
  Number of Email Invocations: 0 out of 10
  Number of future calls: 0 out of 50
  Number of queueable jobs added to the queue: 0 out of 50
  Number of Mobile Apex push calls: 0 out of 10

11:39:02.4 (4694773)|CUMULATIVE_LIMIT_USAGE_END

11:39:02.0 (4762756)|CODE_UNIT_FINISHED|TaskListController.getAllTasks
11:39:02.0 (4832007)|CODE_UNIT_FINISHED|Aura
11:39:02.0 (6355596)|EXECUTION_FINISHED
