42.0 APEX_CODE,FINEST;APEX_PROFILING,INFO;CALLOUT,INFO;DB,INFO;SYSTEM,DEBUG;VALIDATION,INFO;VISUALFORCE,INFO;WAVE,INFO;WORKFLOW,INFO
15:24:00.0 (146166)|USER_INFO|[EXTERNAL]|005f4000002PiXT|amancebo.habitica@altimetrik.com|Argentine Time|GMT-03:00
15:24:00.0 (410769)|EXECUTION_STARTED
15:24:00.0 (416423)|CODE_UNIT_STARTED|[EXTERNAL]|Aura
15:24:00.0 (1816937)|CODE_UNIT_STARTED|[EXTERNAL]|01pf400000Gj25X|TaskListController.getAllUncompletedTask
15:24:00.0 (2058773)|HEAP_ALLOCATE|[72]|Bytes:3
15:24:00.0 (2148383)|HEAP_ALLOCATE|[77]|Bytes:152
15:24:00.0 (2169895)|HEAP_ALLOCATE|[342]|Bytes:408
15:24:00.0 (2190919)|HEAP_ALLOCATE|[355]|Bytes:408
15:24:00.0 (2225515)|HEAP_ALLOCATE|[467]|Bytes:48
15:24:00.0 (2299409)|HEAP_ALLOCATE|[139]|Bytes:6
15:24:00.0 (2382370)|HEAP_ALLOCATE|[EXTERNAL]|Bytes:3
15:24:00.0 (2438572)|METHOD_ENTRY|[1]|01pf400000Gj25X|TaskListController.TaskListController()
15:24:00.0 (2449034)|STATEMENT_EXECUTE|[1]
15:24:00.0 (2456920)|STATEMENT_EXECUTE|[1]
15:24:00.0 (2492597)|METHOD_EXIT|[1]|TaskListController
15:24:00.0 (2528921)|SYSTEM_MODE_ENTER|false
15:24:00.0 (2699188)|STATEMENT_EXECUTE|[9]
15:24:00.0 (2702200)|STATEMENT_EXECUTE|[10]
15:24:00.0 (2707983)|HEAP_ALLOCATE|[10]|Bytes:108
15:24:00.0 (2741152)|HEAP_ALLOCATE|[10]|Bytes:4
15:24:00.0 (2821367)|HEAP_ALLOCATE|[50]|Bytes:5
15:24:00.0 (2862871)|HEAP_ALLOCATE|[56]|Bytes:5
15:24:00.0 (2874467)|HEAP_ALLOCATE|[64]|Bytes:7
15:24:00.0 (3489907)|SOQL_EXECUTE_BEGIN|[10]|Aggregations:0|SELECT Id, Name, Description__c, Type__c, Points__c, Contact__c FROM HTask__c WHERE Status__c != 'Completed'
15:24:00.0 (22936667)|SOQL_EXECUTE_END|[10]|Rows:6
15:24:00.0 (22991641)|HEAP_ALLOCATE|[10]|Bytes:28
15:24:00.0 (23041099)|HEAP_ALLOCATE|[10]|Bytes:997
15:24:00.0 (23179994)|HEAP_ALLOCATE|[10]|Bytes:28
15:24:00.0 (23211295)|VARIABLE_SCOPE_BEGIN|[10]|ltask|List<HTask__c>|true|false
15:24:00.0 (23260909)|VARIABLE_ASSIGNMENT|[10]|ltask|"List of size 6 too large to display"|0x31a8e308
15:24:00.0 (23272892)|STATEMENT_EXECUTE|[13]
15:24:00.0 (23312330)|SYSTEM_MODE_EXIT|false
15:24:00.23 (23356369)|CUMULATIVE_LIMIT_USAGE
15:24:00.23 (23356369)|LIMIT_USAGE_FOR_NS|(default)|
  Number of SOQL queries: 1 out of 100
  Number of query rows: 6 out of 50000
  Number of SOSL queries: 0 out of 20
  Number of DML statements: 0 out of 150
  Number of DML rows: 0 out of 10000
  Maximum CPU time: 0 out of 10000
  Maximum heap size: 0 out of 6000000
  Number of callouts: 0 out of 100
  Number of Email Invocations: 0 out of 10
  Number of future calls: 0 out of 50
  Number of queueable jobs added to the queue: 0 out of 50
  Number of Mobile Apex push calls: 0 out of 10

15:24:00.23 (23356369)|CUMULATIVE_LIMIT_USAGE_END

15:24:00.0 (23418177)|CODE_UNIT_FINISHED|TaskListController.getAllUncompletedTask
15:24:00.0 (23569633)|CODE_UNIT_FINISHED|Aura
15:24:00.0 (25001171)|EXECUTION_FINISHED
