42.0 APEX_CODE,FINEST;APEX_PROFILING,INFO;CALLOUT,INFO;DB,INFO;SYSTEM,DEBUG;VALIDATION,INFO;VISUALFORCE,INFO;WAVE,INFO;WORKFLOW,INFO
11:54:32.0 (65692)|USER_INFO|[EXTERNAL]|005f4000002PiXT|amancebo.habitica@altimetrik.com|Argentine Time|GMT-03:00
11:54:32.0 (102510)|EXECUTION_STARTED
11:54:32.0 (108465)|CODE_UNIT_STARTED|[EXTERNAL]|Aura
11:54:32.0 (1175749)|CODE_UNIT_STARTED|[EXTERNAL]|01pf400000Gj25X|TaskListController.getAllTasks
11:54:32.0 (1336122)|HEAP_ALLOCATE|[72]|Bytes:3
11:54:32.0 (1378223)|HEAP_ALLOCATE|[77]|Bytes:152
11:54:32.0 (1395439)|HEAP_ALLOCATE|[342]|Bytes:408
11:54:32.0 (1407931)|HEAP_ALLOCATE|[355]|Bytes:408
11:54:32.0 (1418689)|HEAP_ALLOCATE|[467]|Bytes:48
11:54:32.0 (1447916)|HEAP_ALLOCATE|[139]|Bytes:6
11:54:32.0 (1513100)|HEAP_ALLOCATE|[EXTERNAL]|Bytes:1
11:54:32.0 (1524155)|METHOD_ENTRY|[1]|01pf400000Gj25X|TaskListController.TaskListController()
11:54:32.0 (1531267)|STATEMENT_EXECUTE|[1]
11:54:32.0 (1536668)|STATEMENT_EXECUTE|[1]
11:54:32.0 (1571117)|HEAP_ALLOCATE|[50]|Bytes:5
11:54:32.0 (1595597)|HEAP_ALLOCATE|[56]|Bytes:5
11:54:32.0 (1604096)|HEAP_ALLOCATE|[64]|Bytes:7
11:54:32.0 (1629125)|SYSTEM_MODE_ENTER|false
11:54:32.0 (1643611)|HEAP_ALLOCATE|[EXTERNAL]|Bytes:5
11:54:32.0 (1651736)|SYSTEM_MODE_EXIT|false
11:54:32.0 (1659810)|METHOD_EXIT|[1]|TaskListController
11:54:32.0 (1671791)|SYSTEM_MODE_ENTER|false
11:54:32.0 (1685214)|HEAP_ALLOCATE|[4]|Bytes:5
11:54:32.0 (1690135)|STATEMENT_EXECUTE|[3]
11:54:32.0 (1691956)|STATEMENT_EXECUTE|[4]
11:54:32.0 (1695054)|HEAP_ALLOCATE|[4]|Bytes:45
11:54:32.0 (1717815)|HEAP_ALLOCATE|[4]|Bytes:4
11:54:32.0 (2068040)|SOQL_EXECUTE_BEGIN|[4]|Aggregations:0|SELECT Id, Name, Description__c FROM HTask__c
11:54:32.0 (3779114)|SOQL_EXECUTE_END|[4]|Rows:2
11:54:32.0 (3810533)|HEAP_ALLOCATE|[4]|Bytes:12
11:54:32.0 (3833298)|HEAP_ALLOCATE|[4]|Bytes:104
11:54:32.0 (3946019)|HEAP_ALLOCATE|[4]|Bytes:12
11:54:32.0 (3969587)|VARIABLE_SCOPE_BEGIN|[4]|ltask|List<ANY>|true|false
11:54:32.0 (4009019)|VARIABLE_ASSIGNMENT|[4]|ltask|[{"Id":"a00f4000009UZfdAAG","Name":"cbx","Description__c":"yte"},{"Id":"a00f4000009U9j8AAC","Name":"TestH1"}]|0x3e173158
11:54:32.0 (4017695)|STATEMENT_EXECUTE|[5]
11:54:32.0 (4026220)|SYSTEM_MODE_EXIT|false
11:54:32.4 (4051939)|CUMULATIVE_LIMIT_USAGE
11:54:32.4 (4051939)|LIMIT_USAGE_FOR_NS|(default)|
  Number of SOQL queries: 1 out of 100
  Number of query rows: 2 out of 50000
  Number of SOSL queries: 0 out of 20
  Number of DML statements: 0 out of 150
  Number of DML rows: 0 out of 10000
  Maximum CPU time: 0 out of 10000
  Maximum heap size: 0 out of 6000000
  Number of callouts: 0 out of 100
  Number of Email Invocations: 0 out of 10
  Number of future calls: 0 out of 50
  Number of queueable jobs added to the queue: 0 out of 50
  Number of Mobile Apex push calls: 0 out of 10

11:54:32.4 (4051939)|CUMULATIVE_LIMIT_USAGE_END

11:54:32.0 (4087160)|CODE_UNIT_FINISHED|TaskListController.getAllTasks
11:54:32.0 (4146850)|CODE_UNIT_FINISHED|Aura
11:54:32.0 (5308535)|EXECUTION_FINISHED
