42.0 APEX_CODE,FINEST;APEX_PROFILING,INFO;CALLOUT,INFO;DB,INFO;SYSTEM,DEBUG;VALIDATION,INFO;VISUALFORCE,INFO;WAVE,INFO;WORKFLOW,INFO
15:24:28.0 (125452)|USER_INFO|[EXTERNAL]|005f4000002PiXT|amancebo.habitica@altimetrik.com|Argentine Time|GMT-03:00
15:24:28.0 (173242)|EXECUTION_STARTED
15:24:28.0 (178072)|CODE_UNIT_STARTED|[EXTERNAL]|Aura
15:24:28.0 (1485886)|CODE_UNIT_STARTED|[EXTERNAL]|01pf400000Gj25X|TaskListController.getAllUncompletedTask
15:24:28.0 (1632766)|HEAP_ALLOCATE|[72]|Bytes:3
15:24:28.0 (1662554)|HEAP_ALLOCATE|[77]|Bytes:152
15:24:28.0 (1682743)|HEAP_ALLOCATE|[342]|Bytes:408
15:24:28.0 (1701647)|HEAP_ALLOCATE|[355]|Bytes:408
15:24:28.0 (1721232)|HEAP_ALLOCATE|[467]|Bytes:48
15:24:28.0 (1755470)|HEAP_ALLOCATE|[139]|Bytes:6
15:24:28.0 (1825980)|HEAP_ALLOCATE|[EXTERNAL]|Bytes:3
15:24:28.0 (1841159)|METHOD_ENTRY|[1]|01pf400000Gj25X|TaskListController.TaskListController()
15:24:28.0 (1851916)|STATEMENT_EXECUTE|[1]
15:24:28.0 (1857872)|STATEMENT_EXECUTE|[1]
15:24:28.0 (1864825)|METHOD_EXIT|[1]|TaskListController
15:24:28.0 (1891651)|SYSTEM_MODE_ENTER|false
15:24:28.0 (1904486)|STATEMENT_EXECUTE|[9]
15:24:28.0 (1906588)|STATEMENT_EXECUTE|[10]
15:24:28.0 (1909880)|HEAP_ALLOCATE|[10]|Bytes:108
15:24:28.0 (1928170)|HEAP_ALLOCATE|[10]|Bytes:4
15:24:28.0 (1967845)|HEAP_ALLOCATE|[50]|Bytes:5
15:24:28.0 (1987968)|HEAP_ALLOCATE|[56]|Bytes:5
15:24:28.0 (1995161)|HEAP_ALLOCATE|[64]|Bytes:7
15:24:28.0 (2490958)|SOQL_EXECUTE_BEGIN|[10]|Aggregations:0|SELECT Id, Name, Description__c, Type__c, Points__c, Contact__c FROM HTask__c WHERE Status__c != 'Completed'
15:24:28.0 (68133256)|SOQL_EXECUTE_END|[10]|Rows:6
15:24:28.0 (68178007)|HEAP_ALLOCATE|[10]|Bytes:28
15:24:28.0 (68233333)|HEAP_ALLOCATE|[10]|Bytes:997
15:24:28.0 (68512120)|HEAP_ALLOCATE|[10]|Bytes:28
15:24:28.0 (68533986)|VARIABLE_SCOPE_BEGIN|[10]|ltask|List<HTask__c>|true|false
15:24:28.0 (68569639)|VARIABLE_ASSIGNMENT|[10]|ltask|"List of size 6 too large to display"|0x2928b071
15:24:28.0 (68587538)|STATEMENT_EXECUTE|[13]
15:24:28.0 (68600940)|SYSTEM_MODE_EXIT|false
15:24:28.68 (68638479)|CUMULATIVE_LIMIT_USAGE
15:24:28.68 (68638479)|LIMIT_USAGE_FOR_NS|(default)|
  Number of SOQL queries: 1 out of 100
  Number of query rows: 6 out of 50000
  Number of SOSL queries: 0 out of 20
  Number of DML statements: 0 out of 150
  Number of DML rows: 0 out of 10000
  Maximum CPU time: 0 out of 10000
  Maximum heap size: 0 out of 6000000
  Number of callouts: 0 out of 100
  Number of Email Invocations: 0 out of 10
  Number of future calls: 0 out of 50
  Number of queueable jobs added to the queue: 0 out of 50
  Number of Mobile Apex push calls: 0 out of 10

15:24:28.68 (68638479)|CUMULATIVE_LIMIT_USAGE_END

15:24:28.0 (68686450)|CODE_UNIT_FINISHED|TaskListController.getAllUncompletedTask
15:24:28.0 (68837232)|CODE_UNIT_FINISHED|Aura
15:24:28.0 (70166718)|EXECUTION_FINISHED
