36.0 APEX_CODE,FINEST;APEX_PROFILING,INFO;CALLOUT,INFO;DB,INFO;SYSTEM,DEBUG;VALIDATION,INFO;VISUALFORCE,INFO;WAVE,INFO;WORKFLOW,INFO
16:50:10.0 (734126)|USER_INFO|[EXTERNAL]|005f4000002PiXT|amancebo.habitica@altimetrik.com|Argentine Time|GMT-03:00
16:50:10.0 (786737)|EXECUTION_STARTED
16:50:10.0 (792318)|CODE_UNIT_STARTED|[EXTERNAL]|01pf400000GkBRc|CompleteHTaskTriggerTest.completeDailyTask
16:50:10.0 (1027022)|HEAP_ALLOCATE|[72]|Bytes:3
16:50:10.0 (1085538)|HEAP_ALLOCATE|[77]|Bytes:152
16:50:10.0 (1102467)|HEAP_ALLOCATE|[342]|Bytes:408
16:50:10.0 (1116150)|HEAP_ALLOCATE|[355]|Bytes:408
16:50:10.0 (1128914)|HEAP_ALLOCATE|[467]|Bytes:48
16:50:10.0 (1155569)|HEAP_ALLOCATE|[139]|Bytes:6
16:50:10.0 (1170421)|HEAP_ALLOCATE|[EXTERNAL]|Bytes:61
16:50:10.0 (1216638)|METHOD_ENTRY|[2]|01pf400000GkBRc|CompleteHTaskTriggerTest.CompleteHTaskTriggerTest()
16:50:10.0 (1223394)|STATEMENT_EXECUTE|[2]
16:50:10.0 (1228840)|STATEMENT_EXECUTE|[2]
16:50:10.0 (1241173)|METHOD_EXIT|[2]|CompleteHTaskTriggerTest
16:50:10.0 (1395379)|HEAP_ALLOCATE|[50]|Bytes:5
16:50:10.0 (1419316)|HEAP_ALLOCATE|[56]|Bytes:5
16:50:10.0 (1428117)|HEAP_ALLOCATE|[64]|Bytes:7
16:50:10.0 (1467632)|STATEMENT_EXECUTE|[4]
16:50:10.0 (1469860)|STATEMENT_EXECUTE|[5]
16:50:10.0 (1497352)|HEAP_ALLOCATE|[5]|Bytes:63
16:50:10.0 (1505747)|SYSTEM_METHOD_ENTRY|[1]|Test.Test()
16:50:10.0 (1509449)|STATEMENT_EXECUTE|[1]
16:50:10.0 (1514855)|SYSTEM_METHOD_EXIT|[1]|Test
16:50:10.0 (1542097)|METHOD_ENTRY|[5]||System.Test.startTest()
16:50:10.0 (2688791)|METHOD_EXIT|[5]||System.Test.startTest()
16:50:10.0 (2702678)|STATEMENT_EXECUTE|[6]
16:50:10.0 (2747125)|HEAP_ALLOCATE|[6]|Bytes:4
16:50:10.0 (2829376)|HEAP_ALLOCATE|[6]|Bytes:12
16:50:10.0 (2876804)|VARIABLE_ASSIGNMENT|[6]|this.LastName|"TestContact1"|0x39ecb099
16:50:10.0 (2917061)|HEAP_ALLOCATE|[6]|Bytes:28
16:50:10.0 (2922110)|HEAP_ALLOCATE|[6]|Bytes:28
16:50:10.0 (2952907)|VARIABLE_ASSIGNMENT|[6]|this.Points__c|10|0x39ecb099
16:50:10.0 (2983537)|VARIABLE_SCOPE_BEGIN|[6]|contBefore|Contact|true|false
16:50:10.0 (3007173)|VARIABLE_ASSIGNMENT|[6]|contBefore|{"LastName":"TestContact1","Points__c":10}|0x39ecb099
16:50:10.0 (3014591)|STATEMENT_EXECUTE|[7]
16:50:10.0 (3036004)|HEAP_ALLOCATE|[7]|Bytes:8
16:50:10.0 (3044977)|DML_BEGIN|[7]|Op:Insert|Type:Contact|Rows:1
16:50:10.0 (3077449)|HEAP_ALLOCATE|[EXTERNAL]|Bytes:8
16:50:10.0 (12523937)|CODE_UNIT_STARTED|[EXTERNAL]|DuplicateDetector
16:50:10.0 (12573116)|DUPLICATE_DETECTION_BEGIN
16:50:10.0 (13349605)|DUPLICATE_DETECTION_RULE_INVOCATION|DuplicateRuleId:0Bmf4000005NvDQ|DuplicateRuleName:Standard Contact Duplicate Rule|DmlType:INSERT
16:50:10.0 (37587905)|DUPLICATE_DETECTION_MATCH_INVOCATION_DETAILS|EntityType:Contact|ActionTaken:Allow_[Alert,Report]|DuplicateRecordIds:
16:50:10.0 (37622318)|DUPLICATE_DETECTION_MATCH_INVOCATION_SUMMARY|EntityType:Contact|NumRecordsToBeSaved:1|NumRecordsToBeSavedWithDuplicates:0|NumDuplicateRecordsFound:0
16:50:10.0 (37634150)|DUPLICATE_DETECTION_MATCH_INVOCATION_DETAILS|EntityType:Contact|ActionTaken:Allow_[Alert,Report]|DuplicateRecordIds:
16:50:10.0 (37642107)|DUPLICATE_DETECTION_MATCH_INVOCATION_SUMMARY|EntityType:Contact|NumRecordsToBeSaved:1|NumRecordsToBeSavedWithDuplicates:0|NumDuplicateRecordsFound:0
16:50:10.0 (37889161)|DUPLICATE_DETECTION_END
16:50:10.0 (37899831)|CODE_UNIT_FINISHED|DuplicateDetector
16:50:10.0 (63374665)|DML_END|[7]
16:50:10.0 (63420192)|STATEMENT_EXECUTE|[9]
16:50:10.0 (63465647)|HEAP_ALLOCATE|[9]|Bytes:4
16:50:10.0 (63541353)|HEAP_ALLOCATE|[9]|Bytes:9
16:50:10.0 (63585794)|VARIABLE_ASSIGNMENT|[9]|this.Name|"TestTask1"|0x73c531b8
16:50:10.0 (63595082)|HEAP_ALLOCATE|[9]|Bytes:5
16:50:10.0 (63613651)|VARIABLE_ASSIGNMENT|[9]|this.Type__c|"Daily"|0x73c531b8
16:50:10.0 (63653636)|VARIABLE_ASSIGNMENT|[9]|this.Contact__c|"003f400000PuVDHAA3"|0x73c531b8
16:50:10.0 (63660965)|HEAP_ALLOCATE|[9]|Bytes:3
16:50:10.0 (63674095)|VARIABLE_ASSIGNMENT|[9]|this.Status__c|"New"|0x73c531b8
16:50:10.0 (63680402)|HEAP_ALLOCATE|[9]|Bytes:4
16:50:10.0 (63694201)|VARIABLE_ASSIGNMENT|[9]|this.Difficulty__c|"Hard"|0x73c531b8
16:50:10.0 (63723137)|VARIABLE_SCOPE_BEGIN|[9]|task|HTask__c|true|false
16:50:10.0 (63749243)|VARIABLE_ASSIGNMENT|[9]|task|{"Name":"TestTask1","Type__c":"Daily","Contact__c":"003f400000PuVDHAA3","Status__c":"New","Difficulty__c":"Hard"}|0x73c531b8
16:50:10.0 (63756176)|STATEMENT_EXECUTE|[10]
16:50:10.0 (63784993)|HEAP_ALLOCATE|[10]|Bytes:8
16:50:10.0 (63792894)|DML_BEGIN|[10]|Op:Insert|Type:HTask__c|Rows:1
16:50:10.0 (63826951)|HEAP_ALLOCATE|[EXTERNAL]|Bytes:8
16:50:10.0 (75623104)|CODE_UNIT_STARTED|[EXTERNAL]|Validation:HTask:new
16:50:10.0 (75641066)|VALIDATION_RULE|03df40000002ejE|ContactRequired
16:50:10.0 (75758492)|VALIDATION_FORMULA|ISBLANK(Contact__c)|Contact__c=003f400000PuVDH
16:50:10.0 (75773925)|VALIDATION_PASS
16:50:10.0 (75776249)|VALIDATION_RULE|03df40000002ejO|DificultyRequired
16:50:10.0 (75837352)|VALIDATION_FORMULA|ISBLANK(TEXT(Difficulty__c))|Difficulty__c=Hard
16:50:10.0 (75843453)|VALIDATION_PASS
16:50:10.0 (75845229)|VALIDATION_RULE|03df40000002bNN|StatusNone
16:50:10.0 (75932883)|VALIDATION_FORMULA|TEXT(Status__c) <> 'New'  
&& TEXT(Status__c) <> 'In Progress'
&& TEXT(Status__c) <> 'Completed'|Status__c=New
16:50:10.0 (75941339)|VALIDATION_PASS
16:50:10.0 (76015768)|CODE_UNIT_FINISHED|Validation:HTask:new
16:50:10.0 (88614287)|DML_END|[10]
16:50:10.0 (88641935)|STATEMENT_EXECUTE|[12]
16:50:10.0 (88648551)|HEAP_ALLOCATE|[12]|Bytes:9
16:50:10.0 (88715965)|VARIABLE_ASSIGNMENT|[12]|this.Status__c|"Completed"|0x73c531b8
16:50:10.0 (88723670)|STATEMENT_EXECUTE|[13]
16:50:10.0 (88758221)|HEAP_ALLOCATE|[13]|Bytes:8
16:50:10.0 (88772016)|DML_BEGIN|[13]|Op:Update|Type:HTask__c|Rows:1
16:50:10.0 (88845722)|HEAP_ALLOCATE|[EXTERNAL]|Bytes:8
16:50:10.0 (93736276)|CODE_UNIT_STARTED|[EXTERNAL]|Validation:HTask:a00f4000009XCRF
16:50:10.0 (93751106)|VALIDATION_RULE|03df40000002ejE|ContactRequired
16:50:10.0 (93866907)|VALIDATION_FORMULA|ISBLANK(Contact__c)|Contact__c=003f400000PuVDH
16:50:10.0 (93876204)|VALIDATION_PASS
16:50:10.0 (93878874)|VALIDATION_RULE|03df40000002ejO|DificultyRequired
16:50:10.0 (93939090)|VALIDATION_FORMULA|ISBLANK(TEXT(Difficulty__c))|Difficulty__c=Hard
16:50:10.0 (93946954)|VALIDATION_PASS
16:50:10.0 (93948981)|VALIDATION_RULE|03df40000002bNN|StatusNone
16:50:10.0 (94100710)|VALIDATION_FORMULA|TEXT(Status__c) <> 'New'  
&& TEXT(Status__c) <> 'In Progress'
&& TEXT(Status__c) <> 'Completed'|Status__c=Completed
16:50:10.0 (94113430)|VALIDATION_PASS
16:50:10.0 (94186903)|CODE_UNIT_FINISHED|Validation:HTask:a00f4000009XCRF
16:50:10.0 (117239212)|CODE_UNIT_STARTED|[EXTERNAL]|01qf4000001HypC|completeHTaskTrigger on HTask trigger event AfterUpdate
16:50:10.0 (117286333)|HEAP_ALLOCATE|[EXTERNAL]|Bytes:8
16:50:10.0 (117311654)|HEAP_ALLOCATE|[EXTERNAL]|Bytes:8
16:50:10.0 (117437585)|HEAP_ALLOCATE|[EXTERNAL]|Bytes:12
16:50:10.0 (117461910)|VARIABLE_SCOPE_BEGIN|[1]|this|completeHTaskTrigger|true|false
16:50:10.0 (117609184)|VARIABLE_ASSIGNMENT|[1]|this|{}|0xe0e877e
16:50:10.0 (117747295)|HEAP_ALLOCATE|[EXTERNAL]|Bytes:12
16:50:10.0 (117758206)|VARIABLE_SCOPE_BEGIN|[1]|this|completeHTaskTrigger|true|false
16:50:10.0 (117828428)|VARIABLE_ASSIGNMENT|[1]|this|{}|0xe0e877e
16:50:10.0 (117839711)|STATEMENT_EXECUTE|[1]
16:50:10.0 (117842032)|STATEMENT_EXECUTE|[3]
16:50:10.0 (117847688)|HEAP_ALLOCATE|[3]|Bytes:99
16:50:10.0 (117879378)|HEAP_ALLOCATE|[3]|Bytes:4
16:50:10.0 (117916770)|HEAP_ALLOCATE|[3]|Bytes:7
16:50:10.0 (121460125)|SOQL_EXECUTE_BEGIN|[3]|Aggregations:0|SELECT Id, Contact__c, Type__c, Status__c, DueDate__c, Points__c FROM HTask__c WHERE Id IN :tmpVar1
16:50:10.0 (126974227)|SOQL_EXECUTE_END|[3]|Rows:1
16:50:10.0 (127003587)|HEAP_ALLOCATE|[3]|Bytes:8
16:50:10.0 (127024364)|HEAP_ALLOCATE|[3]|Bytes:148
16:50:10.0 (127050965)|HEAP_ALLOCATE|[3]|Bytes:8
16:50:10.0 (127067067)|HEAP_ALLOCATE|[3]|Bytes:34
16:50:10.0 (127107353)|HEAP_ALLOCATE|[3]|Bytes:24
16:50:10.0 (127172870)|VARIABLE_ASSIGNMENT|[3]|this.task|{"Id":"a00f4000009XCRFAA4","Contact__c":"003f400000PuVDHAA3","Type__c":"Daily","Status__c":"Completed","Points__c":2.50}|0xe0e877e
16:50:10.0 (127182109)|STATEMENT_EXECUTE|[5]
16:50:10.0 (127186504)|HEAP_ALLOCATE|[5]|Bytes:59
16:50:10.0 (127200763)|HEAP_ALLOCATE|[5]|Bytes:4
16:50:10.0 (127397536)|SOQL_EXECUTE_BEGIN|[5]|Aggregations:0|SELECT Id, Name, Points__c FROM Contact WHERE Id = :tmpVar1
16:50:10.0 (130947268)|SOQL_EXECUTE_END|[5]|Rows:1
16:50:10.0 (130968328)|HEAP_ALLOCATE|[5]|Bytes:8
16:50:10.0 (130983663)|HEAP_ALLOCATE|[5]|Bytes:98
16:50:10.0 (131031512)|HEAP_ALLOCATE|[5]|Bytes:8
16:50:10.0 (131044842)|HEAP_ALLOCATE|[5]|Bytes:33
16:50:10.0 (131079400)|HEAP_ALLOCATE|[5]|Bytes:16
16:50:10.0 (131117392)|VARIABLE_ASSIGNMENT|[5]|this.conta|{"Id":"003f400000PuVDHAA3","Name":"TestContact1","Points__c":10}|0xe0e877e
16:50:10.0 (131153384)|HEAP_ALLOCATE|[7]|Bytes:5
16:50:10.0 (131183830)|STATEMENT_EXECUTE|[19]
16:50:10.0 (131276183)|STATEMENT_EXECUTE|[20]
16:50:10.0 (131278734)|STATEMENT_EXECUTE|[21]
16:50:10.0 (131395981)|HEAP_ALLOCATE|[21]|Bytes:28
16:50:10.0 (131460146)|VARIABLE_ASSIGNMENT|[21]|this.Points__c|12.50|0x28f26000
16:50:10.0 (131467564)|STATEMENT_EXECUTE|[23]
16:50:10.0 (131489102)|HEAP_ALLOCATE|[23]|Bytes:8
16:50:10.0 (131500952)|DML_BEGIN|[23]|Op:Update|Type:Contact|Rows:1
16:50:10.0 (131530646)|HEAP_ALLOCATE|[EXTERNAL]|Bytes:8
16:50:10.0 (135350520)|CODE_UNIT_STARTED|[EXTERNAL]|DuplicateDetector
16:50:10.0 (135372852)|DUPLICATE_DETECTION_BEGIN
16:50:10.0 (135432265)|DUPLICATE_DETECTION_RULE_INVOCATION|DuplicateRuleId:0Bmf4000005NvDQ|DuplicateRuleName:Standard Contact Duplicate Rule|DmlType:UPDATE
16:50:10.0 (135499090)|DUPLICATE_DETECTION_END
16:50:10.0 (135507092)|CODE_UNIT_FINISHED|DuplicateDetector
16:50:10.0 (147362335)|DML_END|[23]
16:50:10.147 (147396966)|CUMULATIVE_LIMIT_USAGE
16:50:10.147 (147396966)|LIMIT_USAGE_FOR_NS|(default)|
  Number of SOQL queries: 0 out of 100
  Number of query rows: 0 out of 50000
  Number of SOSL queries: 0 out of 20
  Number of DML statements: 0 out of 150
  Number of DML rows: 0 out of 10000
  Maximum CPU time: 0 out of 10000
  Maximum heap size: 0 out of 6000000
  Number of callouts: 0 out of 100
  Number of Email Invocations: 0 out of 10
  Number of future calls: 0 out of 50
  Number of queueable jobs added to the queue: 0 out of 50
  Number of Mobile Apex push calls: 0 out of 10

16:50:10.147 (147396966)|TESTING_LIMITS
16:50:10.147 (147396966)|LIMIT_USAGE_FOR_NS|(default)|
  Number of SOQL queries: 2 out of 100
  Number of query rows: 2 out of 50000
  Number of SOSL queries: 0 out of 20
  Number of DML statements: 4 out of 150
  Number of DML rows: 4 out of 10000
  Maximum CPU time: 0 out of 10000
  Maximum heap size: 0 out of 6000000
  Number of callouts: 0 out of 100
  Number of Email Invocations: 0 out of 10
  Number of future calls: 0 out of 50
  Number of queueable jobs added to the queue: 0 out of 50
  Number of Mobile Apex push calls: 0 out of 10

16:50:10.147 (147396966)|CUMULATIVE_LIMIT_USAGE_END

16:50:10.0 (148483558)|CODE_UNIT_FINISHED|completeHTaskTrigger on HTask trigger event AfterUpdate
16:50:10.0 (148846725)|DML_END|[13]
16:50:10.0 (148862646)|STATEMENT_EXECUTE|[15]
16:50:10.0 (148869790)|HEAP_ALLOCATE|[15]|Bytes:65
16:50:10.0 (148892978)|HEAP_ALLOCATE|[15]|Bytes:4
16:50:10.0 (149045669)|SOQL_EXECUTE_BEGIN|[15]|Aggregations:0|SELECT Id, Points__c FROM Contact WHERE LastName = 'TestContact1'
16:50:10.0 (153598377)|SOQL_EXECUTE_END|[15]|Rows:1
16:50:10.0 (153622389)|HEAP_ALLOCATE|[15]|Bytes:8
16:50:10.0 (153639387)|HEAP_ALLOCATE|[15]|Bytes:78
16:50:10.0 (153673348)|HEAP_ALLOCATE|[15]|Bytes:8
16:50:10.0 (153704270)|HEAP_ALLOCATE|[15]|Bytes:12
16:50:10.0 (153716509)|VARIABLE_SCOPE_BEGIN|[15]|contAfter|Contact|true|false
16:50:10.0 (153747350)|VARIABLE_ASSIGNMENT|[15]|contAfter|{"Id":"003f400000PuVDHAA3","Points__c":12.5}|0x5e72eb9c
16:50:10.0 (153755879)|STATEMENT_EXECUTE|[16]
16:50:10.0 (153765444)|HEAP_ALLOCATE|[16]|Bytes:59
16:50:10.0 (153779644)|HEAP_ALLOCATE|[16]|Bytes:4
16:50:10.0 (153974933)|SOQL_EXECUTE_BEGIN|[16]|Aggregations:0|SELECT Id, Points__c FROM HTask__c WHERE Name = 'TestTask1'
16:50:10.0 (169883118)|SOQL_EXECUTE_END|[16]|Rows:1
16:50:10.0 (169913525)|HEAP_ALLOCATE|[16]|Bytes:8
16:50:10.0 (169929194)|HEAP_ALLOCATE|[16]|Bytes:78
16:50:10.0 (169963476)|HEAP_ALLOCATE|[16]|Bytes:8
16:50:10.0 (169996978)|HEAP_ALLOCATE|[16]|Bytes:12
16:50:10.0 (170033981)|VARIABLE_ASSIGNMENT|[16]|task|{"Id":"a00f4000009XCRFAA4","Points__c":2.50}|0x770dc6e8
16:50:10.0 (170042966)|STATEMENT_EXECUTE|[17]
16:50:10.0 (170062859)|METHOD_ENTRY|[17]||System.Test.stopTest()
16:50:10.0 (171141628)|METHOD_EXIT|[17]||System.Test.stopTest()
16:50:10.0 (171151534)|STATEMENT_EXECUTE|[19]
16:50:10.0 (171188093)|HEAP_ALLOCATE|[19]|Bytes:28
16:50:10.0 (171259729)|HEAP_ALLOCATE|[19]|Bytes:28
16:50:10.0 (171278654)|HEAP_ALLOCATE|[19]|Bytes:28
16:50:10.171 (171320686)|CUMULATIVE_LIMIT_USAGE
16:50:10.171 (171320686)|LIMIT_USAGE_FOR_NS|(default)|
  Number of SOQL queries: 0 out of 100
  Number of query rows: 0 out of 50000
  Number of SOSL queries: 0 out of 20
  Number of DML statements: 0 out of 150
  Number of DML rows: 0 out of 10000
  Maximum CPU time: 0 out of 10000
  Maximum heap size: 0 out of 6000000
  Number of callouts: 0 out of 100
  Number of Email Invocations: 0 out of 10
  Number of future calls: 0 out of 50
  Number of queueable jobs added to the queue: 0 out of 50
  Number of Mobile Apex push calls: 0 out of 10

16:50:10.171 (171320686)|TESTING_LIMITS
16:50:10.171 (171320686)|LIMIT_USAGE_FOR_NS|(default)|
  Number of SOQL queries: 4 out of 100
  Number of query rows: 4 out of 50000
  Number of SOSL queries: 0 out of 20
  Number of DML statements: 4 out of 150
  Number of DML rows: 4 out of 10000
  Maximum CPU time: 0 out of 10000
  Maximum heap size: 0 out of 6000000
  Number of callouts: 0 out of 100
  Number of Email Invocations: 0 out of 10
  Number of future calls: 0 out of 50
  Number of queueable jobs added to the queue: 0 out of 50
  Number of Mobile Apex push calls: 0 out of 10

16:50:10.171 (171320686)|CUMULATIVE_LIMIT_USAGE_END

16:50:10.0 (171366703)|CODE_UNIT_FINISHED|CompleteHTaskTriggerTest.completeDailyTask
16:50:10.0 (172064211)|EXECUTION_FINISHED
16:50:10.243 (243585095)|USER_INFO|[EXTERNAL]|005f4000002PiXT|amancebo.habitica@altimetrik.com|Argentine Time|GMT-03:00
16:50:10.243 (243610266)|EXECUTION_STARTED
16:50:10.243 (243615980)|CODE_UNIT_STARTED|[EXTERNAL]|01pf400000GkBRc|CompleteHTaskTriggerTest.completeTODOTask
16:50:10.243 (243736181)|HEAP_ALLOCATE|[72]|Bytes:3
16:50:10.243 (243770252)|HEAP_ALLOCATE|[77]|Bytes:152
16:50:10.243 (243785675)|HEAP_ALLOCATE|[342]|Bytes:408
16:50:10.243 (243800067)|HEAP_ALLOCATE|[355]|Bytes:408
16:50:10.243 (243813717)|HEAP_ALLOCATE|[467]|Bytes:48
16:50:10.243 (243836357)|HEAP_ALLOCATE|[139]|Bytes:6
16:50:10.243 (243850508)|HEAP_ALLOCATE|[EXTERNAL]|Bytes:61
16:50:10.243 (243859864)|METHOD_ENTRY|[2]|01pf400000GkBRc|CompleteHTaskTriggerTest.CompleteHTaskTriggerTest()
16:50:10.243 (243865513)|STATEMENT_EXECUTE|[2]
16:50:10.243 (243870273)|STATEMENT_EXECUTE|[2]
16:50:10.243 (243874279)|METHOD_EXIT|[2]|CompleteHTaskTriggerTest
16:50:10.243 (244026224)|HEAP_ALLOCATE|[50]|Bytes:5
16:50:10.243 (244045799)|HEAP_ALLOCATE|[56]|Bytes:5
16:50:10.243 (244054036)|HEAP_ALLOCATE|[64]|Bytes:7
16:50:10.243 (244084211)|STATEMENT_EXECUTE|[22]
16:50:10.243 (244086343)|STATEMENT_EXECUTE|[23]
16:50:10.243 (244095775)|HEAP_ALLOCATE|[23]|Bytes:63
16:50:10.243 (244103293)|SYSTEM_METHOD_ENTRY|[1]|Test.Test()
16:50:10.243 (244107206)|STATEMENT_EXECUTE|[1]
16:50:10.243 (244112661)|SYSTEM_METHOD_EXIT|[1]|Test
16:50:10.243 (244121743)|METHOD_ENTRY|[23]||System.Test.startTest()
16:50:10.243 (245170543)|METHOD_EXIT|[23]||System.Test.startTest()
16:50:10.243 (245179068)|STATEMENT_EXECUTE|[24]
16:50:10.243 (245207003)|HEAP_ALLOCATE|[24]|Bytes:4
16:50:10.243 (245222387)|HEAP_ALLOCATE|[24]|Bytes:12
16:50:10.243 (245268784)|VARIABLE_ASSIGNMENT|[24]|this.LastName|"TestContact2"|0x9e9f9f6
16:50:10.243 (245298507)|HEAP_ALLOCATE|[24]|Bytes:28
16:50:10.243 (245303636)|HEAP_ALLOCATE|[24]|Bytes:28
16:50:10.243 (245327902)|VARIABLE_ASSIGNMENT|[24]|this.Points__c|10|0x9e9f9f6
16:50:10.243 (245353747)|VARIABLE_SCOPE_BEGIN|[24]|contBefore|Contact|true|false
16:50:10.243 (245376103)|VARIABLE_ASSIGNMENT|[24]|contBefore|{"LastName":"TestContact2","Points__c":10}|0x9e9f9f6
16:50:10.243 (245382618)|STATEMENT_EXECUTE|[25]
16:50:10.243 (245401950)|HEAP_ALLOCATE|[25]|Bytes:8
16:50:10.243 (245410177)|DML_BEGIN|[25]|Op:Insert|Type:Contact|Rows:1
16:50:10.243 (245435625)|HEAP_ALLOCATE|[EXTERNAL]|Bytes:8
16:50:10.243 (246918022)|CODE_UNIT_STARTED|[EXTERNAL]|DuplicateDetector
16:50:10.243 (246936680)|DUPLICATE_DETECTION_BEGIN
16:50:10.243 (246993451)|DUPLICATE_DETECTION_RULE_INVOCATION|DuplicateRuleId:0Bmf4000005NvDQ|DuplicateRuleName:Standard Contact Duplicate Rule|DmlType:INSERT
16:50:10.243 (261547478)|DUPLICATE_DETECTION_MATCH_INVOCATION_DETAILS|EntityType:Contact|ActionTaken:Allow_[Alert,Report]|DuplicateRecordIds:
16:50:10.243 (261578071)|DUPLICATE_DETECTION_MATCH_INVOCATION_SUMMARY|EntityType:Contact|NumRecordsToBeSaved:1|NumRecordsToBeSavedWithDuplicates:0|NumDuplicateRecordsFound:0
16:50:10.243 (261593977)|DUPLICATE_DETECTION_MATCH_INVOCATION_DETAILS|EntityType:Contact|ActionTaken:Allow_[Alert,Report]|DuplicateRecordIds:
16:50:10.243 (261604682)|DUPLICATE_DETECTION_MATCH_INVOCATION_SUMMARY|EntityType:Contact|NumRecordsToBeSaved:1|NumRecordsToBeSavedWithDuplicates:0|NumDuplicateRecordsFound:0
16:50:10.243 (261814644)|DUPLICATE_DETECTION_END
16:50:10.243 (261827764)|CODE_UNIT_FINISHED|DuplicateDetector
16:50:10.243 (277336394)|DML_END|[25]
16:50:10.243 (277368626)|STATEMENT_EXECUTE|[27]
16:50:10.243 (277402548)|HEAP_ALLOCATE|[27]|Bytes:4
16:50:10.243 (277430575)|HEAP_ALLOCATE|[27]|Bytes:9
16:50:10.243 (277474006)|VARIABLE_ASSIGNMENT|[27]|this.Name|"TestTask2"|0x33670a6c
16:50:10.243 (277482618)|HEAP_ALLOCATE|[27]|Bytes:18
16:50:10.243 (277499879)|HEAP_ALLOCATE|[27]|Bytes:4
16:50:10.243 (277518085)|VARIABLE_ASSIGNMENT|[27]|this.RecordTypeId|"012f4000000FSbYAAW"|0x33670a6c
16:50:10.243 (277524914)|HEAP_ALLOCATE|[27]|Bytes:5
16:50:10.243 (277541491)|VARIABLE_ASSIGNMENT|[27]|this.Type__c|"TO-DO"|0x33670a6c
16:50:10.243 (277548237)|HEAP_ALLOCATE|[27]|Bytes:3
16:50:10.243 (277560402)|VARIABLE_ASSIGNMENT|[27]|this.Status__c|"New"|0x33670a6c
16:50:10.243 (277588846)|VARIABLE_ASSIGNMENT|[27]|this.Contact__c|"003f400000PuVDIAA3"|0x33670a6c
16:50:10.243 (277597370)|HEAP_ALLOCATE|[27]|Bytes:4
16:50:10.243 (277609860)|VARIABLE_ASSIGNMENT|[27]|this.Difficulty__c|"Hard"|0x33670a6c
16:50:10.243 (277616175)|HEAP_ALLOCATE|[27]|Bytes:8
16:50:10.243 (277728957)|HEAP_ALLOCATE|[27]|Bytes:4
16:50:10.243 (277783211)|VARIABLE_ASSIGNMENT|[27]|this.DueDate__c|"2018-06-06T00:00:00.000Z"|0x33670a6c
16:50:10.243 (277816021)|VARIABLE_SCOPE_BEGIN|[27]|task|HTask__c|true|false
16:50:10.243 (277846061)|VARIABLE_ASSIGNMENT|[27]|task|{"Name":"TestTask2","RecordTypeId":"012f4000000FSbYAAW","Type__c":"TO-DO","Status__c":"New","Contact__c":"003f400000PuVDIAA3","Difficulty__c":"Hard","DueDate__c":"2018-06-06T00:00:00.000Z"}|0x33670a6c
16:50:10.243 (277853919)|STATEMENT_EXECUTE|[28]
16:50:10.243 (277875683)|HEAP_ALLOCATE|[28]|Bytes:8
16:50:10.243 (277883173)|DML_BEGIN|[28]|Op:Insert|Type:HTask__c|Rows:1
16:50:10.243 (277915403)|HEAP_ALLOCATE|[EXTERNAL]|Bytes:8
16:50:10.243 (281638072)|CODE_UNIT_STARTED|[EXTERNAL]|Validation:HTask:new
16:50:10.243 (281652316)|VALIDATION_RULE|03df40000002ejE|ContactRequired
16:50:10.243 (281728804)|VALIDATION_FORMULA|ISBLANK(Contact__c)|Contact__c=003f400000PuVDI
16:50:10.243 (281736646)|VALIDATION_PASS
16:50:10.243 (281739172)|VALIDATION_RULE|03df40000002ejO|DificultyRequired
16:50:10.243 (281801835)|VALIDATION_FORMULA|ISBLANK(TEXT(Difficulty__c))|Difficulty__c=Hard
16:50:10.243 (281808174)|VALIDATION_PASS
16:50:10.243 (281810202)|VALIDATION_RULE|03df40000002bNN|StatusNone
16:50:10.243 (281892304)|VALIDATION_FORMULA|TEXT(Status__c) <> 'New'  
&& TEXT(Status__c) <> 'In Progress'
&& TEXT(Status__c) <> 'Completed'|Status__c=New
16:50:10.243 (281899411)|VALIDATION_PASS
16:50:10.243 (281956335)|CODE_UNIT_FINISHED|Validation:HTask:new
16:50:10.243 (292464540)|DML_END|[28]
16:50:10.243 (292485294)|STATEMENT_EXECUTE|[30]
16:50:10.243 (292491302)|HEAP_ALLOCATE|[30]|Bytes:9
16:50:10.243 (292544274)|VARIABLE_ASSIGNMENT|[30]|this.Status__c|"Completed"|0x33670a6c
16:50:10.243 (292551840)|STATEMENT_EXECUTE|[31]
16:50:10.243 (292580042)|HEAP_ALLOCATE|[31]|Bytes:8
16:50:10.243 (292588962)|DML_BEGIN|[31]|Op:Update|Type:HTask__c|Rows:1
16:50:10.243 (292619093)|HEAP_ALLOCATE|[EXTERNAL]|Bytes:8
16:50:10.243 (297258796)|CODE_UNIT_STARTED|[EXTERNAL]|Validation:HTask:a00f4000009XCRG
16:50:10.243 (297270734)|VALIDATION_RULE|03df40000002ejE|ContactRequired
16:50:10.243 (297341215)|VALIDATION_FORMULA|ISBLANK(Contact__c)|Contact__c=003f400000PuVDI
16:50:10.243 (297349062)|VALIDATION_PASS
16:50:10.243 (297351426)|VALIDATION_RULE|03df40000002ejO|DificultyRequired
16:50:10.243 (297407678)|VALIDATION_FORMULA|ISBLANK(TEXT(Difficulty__c))|Difficulty__c=Hard
16:50:10.243 (297414786)|VALIDATION_PASS
16:50:10.243 (297416731)|VALIDATION_RULE|03df40000002bNN|StatusNone
16:50:10.243 (297506169)|VALIDATION_FORMULA|TEXT(Status__c) <> 'New'  
&& TEXT(Status__c) <> 'In Progress'
&& TEXT(Status__c) <> 'Completed'|Status__c=Completed
16:50:10.243 (297512386)|VALIDATION_PASS
16:50:10.243 (297561993)|CODE_UNIT_FINISHED|Validation:HTask:a00f4000009XCRG
16:50:10.243 (306142808)|CODE_UNIT_STARTED|[EXTERNAL]|01qf4000001HypC|completeHTaskTrigger on HTask trigger event AfterUpdate
16:50:10.243 (306177310)|HEAP_ALLOCATE|[EXTERNAL]|Bytes:8
16:50:10.243 (306200810)|HEAP_ALLOCATE|[EXTERNAL]|Bytes:8
16:50:10.243 (306255284)|HEAP_ALLOCATE|[EXTERNAL]|Bytes:12
16:50:10.243 (306266553)|VARIABLE_SCOPE_BEGIN|[1]|this|completeHTaskTrigger|true|false
16:50:10.243 (306298846)|VARIABLE_ASSIGNMENT|[1]|this|{}|0x1b4aa960
16:50:10.243 (306332521)|HEAP_ALLOCATE|[EXTERNAL]|Bytes:12
16:50:10.243 (306339779)|VARIABLE_SCOPE_BEGIN|[1]|this|completeHTaskTrigger|true|false
16:50:10.243 (306351838)|VARIABLE_ASSIGNMENT|[1]|this|{}|0x1b4aa960
16:50:10.243 (306358916)|STATEMENT_EXECUTE|[1]
16:50:10.243 (306361104)|STATEMENT_EXECUTE|[3]
16:50:10.243 (306365018)|HEAP_ALLOCATE|[3]|Bytes:99
16:50:10.243 (306381801)|HEAP_ALLOCATE|[3]|Bytes:4
16:50:10.243 (306394846)|HEAP_ALLOCATE|[3]|Bytes:7
16:50:10.243 (306975479)|SOQL_EXECUTE_BEGIN|[3]|Aggregations:0|SELECT Id, Contact__c, Type__c, Status__c, DueDate__c, Points__c FROM HTask__c WHERE Id IN :tmpVar1
16:50:10.243 (312989661)|SOQL_EXECUTE_END|[3]|Rows:1
16:50:10.243 (313013965)|HEAP_ALLOCATE|[3]|Bytes:8
16:50:10.243 (313037261)|HEAP_ALLOCATE|[3]|Bytes:166
16:50:10.243 (313069041)|HEAP_ALLOCATE|[3]|Bytes:8
16:50:10.243 (313083655)|HEAP_ALLOCATE|[3]|Bytes:34
16:50:10.243 (313120044)|HEAP_ALLOCATE|[3]|Bytes:28
16:50:10.243 (313190226)|VARIABLE_ASSIGNMENT|[3]|this.task|{"Id":"a00f4000009XCRGAA4","Contact__c":"003f400000PuVDIAA3","Type__c":"TO-DO","Status__c":"Completed","DueDate__c":"2018-06-06T00:00:00.000Z","Points__c":5.00}|0x1b4aa960
16:50:10.243 (313202700)|STATEMENT_EXECUTE|[5]
16:50:10.243 (313207217)|HEAP_ALLOCATE|[5]|Bytes:59
16:50:10.243 (313235139)|HEAP_ALLOCATE|[5]|Bytes:4
16:50:10.243 (313489232)|SOQL_EXECUTE_BEGIN|[5]|Aggregations:0|SELECT Id, Name, Points__c FROM Contact WHERE Id = :tmpVar1
16:50:10.243 (317973894)|SOQL_EXECUTE_END|[5]|Rows:1
16:50:10.243 (318075672)|HEAP_ALLOCATE|[5]|Bytes:8
16:50:10.243 (318095351)|HEAP_ALLOCATE|[5]|Bytes:98
16:50:10.243 (318133945)|HEAP_ALLOCATE|[5]|Bytes:8
16:50:10.243 (318162028)|HEAP_ALLOCATE|[5]|Bytes:33
16:50:10.243 (318180916)|HEAP_ALLOCATE|[5]|Bytes:16
16:50:10.243 (318213352)|VARIABLE_ASSIGNMENT|[5]|this.conta|{"Id":"003f400000PuVDIAA3","Name":"TestContact2","Points__c":10}|0x1b4aa960
16:50:10.243 (318258700)|STATEMENT_EXECUTE|[7]
16:50:10.243 (318384157)|STATEMENT_EXECUTE|[8]
16:50:10.243 (318408588)|STATEMENT_EXECUTE|[9]
16:50:10.243 (318410857)|STATEMENT_EXECUTE|[10]
16:50:10.243 (318498147)|HEAP_ALLOCATE|[10]|Bytes:28
16:50:10.243 (318556774)|VARIABLE_ASSIGNMENT|[10]|this.Points__c|15.00|0x1bee16a6
16:50:10.243 (318565322)|STATEMENT_EXECUTE|[16]
16:50:10.243 (318587600)|HEAP_ALLOCATE|[16]|Bytes:8
16:50:10.243 (318599604)|DML_BEGIN|[16]|Op:Update|Type:Contact|Rows:1
16:50:10.243 (318629125)|HEAP_ALLOCATE|[EXTERNAL]|Bytes:8
16:50:10.243 (322420489)|CODE_UNIT_STARTED|[EXTERNAL]|DuplicateDetector
16:50:10.243 (322441360)|DUPLICATE_DETECTION_BEGIN
16:50:10.243 (322503511)|DUPLICATE_DETECTION_RULE_INVOCATION|DuplicateRuleId:0Bmf4000005NvDQ|DuplicateRuleName:Standard Contact Duplicate Rule|DmlType:UPDATE
16:50:10.243 (322574151)|DUPLICATE_DETECTION_END
16:50:10.243 (322581283)|CODE_UNIT_FINISHED|DuplicateDetector
16:50:10.243 (332861473)|DML_END|[16]
16:50:10.332 (332911990)|CUMULATIVE_LIMIT_USAGE
16:50:10.332 (332911990)|LIMIT_USAGE_FOR_NS|(default)|
  Number of SOQL queries: 0 out of 100
  Number of query rows: 0 out of 50000
  Number of SOSL queries: 0 out of 20
  Number of DML statements: 0 out of 150
  Number of DML rows: 0 out of 10000
  Maximum CPU time: 0 out of 10000
  Maximum heap size: 0 out of 6000000
  Number of callouts: 0 out of 100
  Number of Email Invocations: 0 out of 10
  Number of future calls: 0 out of 50
  Number of queueable jobs added to the queue: 0 out of 50
  Number of Mobile Apex push calls: 0 out of 10

16:50:10.332 (332911990)|TESTING_LIMITS
16:50:10.332 (332911990)|LIMIT_USAGE_FOR_NS|(default)|
  Number of SOQL queries: 2 out of 100
  Number of query rows: 2 out of 50000
  Number of SOSL queries: 0 out of 20
  Number of DML statements: 4 out of 150
  Number of DML rows: 4 out of 10000
  Maximum CPU time: 0 out of 10000
  Maximum heap size: 0 out of 6000000
  Number of callouts: 0 out of 100
  Number of Email Invocations: 0 out of 10
  Number of future calls: 0 out of 50
  Number of queueable jobs added to the queue: 0 out of 50
  Number of Mobile Apex push calls: 0 out of 10

16:50:10.332 (332911990)|CUMULATIVE_LIMIT_USAGE_END

16:50:10.243 (333785137)|CODE_UNIT_FINISHED|completeHTaskTrigger on HTask trigger event AfterUpdate
16:50:10.243 (334135863)|DML_END|[31]
16:50:10.243 (334149212)|STATEMENT_EXECUTE|[33]
16:50:10.243 (334160259)|HEAP_ALLOCATE|[33]|Bytes:65
16:50:10.243 (334193866)|HEAP_ALLOCATE|[33]|Bytes:4
16:50:10.243 (334418293)|SOQL_EXECUTE_BEGIN|[33]|Aggregations:0|SELECT Id, Points__c FROM Contact WHERE LastName = 'TestContact2'
16:50:10.243 (347918275)|SOQL_EXECUTE_END|[33]|Rows:1
16:50:10.243 (347949501)|HEAP_ALLOCATE|[33]|Bytes:8
16:50:10.243 (347969080)|HEAP_ALLOCATE|[33]|Bytes:78
16:50:10.243 (348020995)|HEAP_ALLOCATE|[33]|Bytes:8
16:50:10.243 (348068850)|HEAP_ALLOCATE|[33]|Bytes:12
16:50:10.243 (348088748)|VARIABLE_SCOPE_BEGIN|[33]|contAfter|Contact|true|false
16:50:10.243 (348126162)|VARIABLE_ASSIGNMENT|[33]|contAfter|{"Id":"003f400000PuVDIAA3","Points__c":15}|0x71ef31ba
16:50:10.243 (348134876)|STATEMENT_EXECUTE|[34]
16:50:10.243 (348142011)|HEAP_ALLOCATE|[34]|Bytes:59
16:50:10.243 (348160913)|HEAP_ALLOCATE|[34]|Bytes:4
16:50:10.243 (348418454)|SOQL_EXECUTE_BEGIN|[34]|Aggregations:0|SELECT Id, Points__c FROM HTask__c WHERE Name = 'TestTask2'
16:50:10.243 (362817239)|SOQL_EXECUTE_END|[34]|Rows:1
16:50:10.243 (362846475)|HEAP_ALLOCATE|[34]|Bytes:8
16:50:10.243 (362867563)|HEAP_ALLOCATE|[34]|Bytes:78
16:50:10.243 (362922303)|HEAP_ALLOCATE|[34]|Bytes:8
16:50:10.243 (362959251)|HEAP_ALLOCATE|[34]|Bytes:12
16:50:10.243 (362997825)|VARIABLE_ASSIGNMENT|[34]|task|{"Id":"a00f4000009XCRGAA4","Points__c":5.00}|0x7825076f
16:50:10.243 (363011233)|STATEMENT_EXECUTE|[35]
16:50:10.243 (363038058)|METHOD_ENTRY|[35]||System.Test.stopTest()
16:50:10.243 (363934724)|METHOD_EXIT|[35]||System.Test.stopTest()
16:50:10.243 (363943264)|STATEMENT_EXECUTE|[37]
16:50:10.243 (363982759)|HEAP_ALLOCATE|[37]|Bytes:28
16:50:10.243 (364070025)|HEAP_ALLOCATE|[37]|Bytes:28
16:50:10.364 (364141068)|CUMULATIVE_LIMIT_USAGE
16:50:10.364 (364141068)|LIMIT_USAGE_FOR_NS|(default)|
  Number of SOQL queries: 0 out of 100
  Number of query rows: 0 out of 50000
  Number of SOSL queries: 0 out of 20
  Number of DML statements: 0 out of 150
  Number of DML rows: 0 out of 10000
  Maximum CPU time: 0 out of 10000
  Maximum heap size: 0 out of 6000000
  Number of callouts: 0 out of 100
  Number of Email Invocations: 0 out of 10
  Number of future calls: 0 out of 50
  Number of queueable jobs added to the queue: 0 out of 50
  Number of Mobile Apex push calls: 0 out of 10

16:50:10.364 (364141068)|TESTING_LIMITS
16:50:10.364 (364141068)|LIMIT_USAGE_FOR_NS|(default)|
  Number of SOQL queries: 4 out of 100
  Number of query rows: 4 out of 50000
  Number of SOSL queries: 0 out of 20
  Number of DML statements: 4 out of 150
  Number of DML rows: 4 out of 10000
  Maximum CPU time: 0 out of 10000
  Maximum heap size: 0 out of 6000000
  Number of callouts: 0 out of 100
  Number of Email Invocations: 0 out of 10
  Number of future calls: 0 out of 50
  Number of queueable jobs added to the queue: 0 out of 50
  Number of Mobile Apex push calls: 0 out of 10

16:50:10.364 (364141068)|CUMULATIVE_LIMIT_USAGE_END

16:50:10.243 (364192396)|CODE_UNIT_FINISHED|CompleteHTaskTriggerTest.completeTODOTask
16:50:10.243 (364919039)|EXECUTION_FINISHED
16:50:10.425 (425319560)|USER_INFO|[EXTERNAL]|005f4000002PiXT|amancebo.habitica@altimetrik.com|Argentine Time|GMT-03:00
16:50:10.425 (425346607)|EXECUTION_STARTED
16:50:10.425 (425350100)|CODE_UNIT_STARTED|[EXTERNAL]|DuplicateDetector
16:50:10.425 (425362171)|DUPLICATE_DETECTION_BEGIN
16:50:10.425 (425440917)|DUPLICATE_DETECTION_RULE_INVOCATION|DuplicateRuleId:0Bmf4000005NvDQ|DuplicateRuleName:Standard Contact Duplicate Rule|DmlType:INSERT
16:50:10.425 (433354714)|DUPLICATE_DETECTION_END
16:50:10.425 (433365308)|CODE_UNIT_FINISHED|DuplicateDetector
16:50:10.425 (434103569)|EXECUTION_FINISHED
16:50:10.434 (434939140)|USER_INFO|[EXTERNAL]|005f4000002PiXT|amancebo.habitica@altimetrik.com|Argentine Time|GMT-03:00
16:50:10.434 (434958872)|EXECUTION_STARTED
16:50:10.434 (434962079)|CODE_UNIT_STARTED|[EXTERNAL]|DuplicateDetector
16:50:10.434 (434970182)|DUPLICATE_DETECTION_BEGIN
16:50:10.434 (435017949)|DUPLICATE_DETECTION_RULE_INVOCATION|DuplicateRuleId:0Bmf4000005NvDQ|DuplicateRuleName:Standard Contact Duplicate Rule|DmlType:UPDATE
16:50:10.434 (441187022)|DUPLICATE_DETECTION_END
16:50:10.434 (441195546)|CODE_UNIT_FINISHED|DuplicateDetector
16:50:10.434 (441900611)|EXECUTION_FINISHED
