42.0 APEX_CODE,FINEST;APEX_PROFILING,INFO;CALLOUT,INFO;DB,INFO;SYSTEM,DEBUG;VALIDATION,INFO;VISUALFORCE,INFO;WAVE,INFO;WORKFLOW,INFO
11:53:39.0 (79744)|USER_INFO|[EXTERNAL]|005f4000002PiXT|amancebo.habitica@altimetrik.com|Argentine Time|GMT-03:00
11:53:39.0 (113567)|EXECUTION_STARTED
11:53:39.0 (119636)|CODE_UNIT_STARTED|[EXTERNAL]|Aura
11:53:39.0 (1571196)|CODE_UNIT_STARTED|[EXTERNAL]|01pf400000Gj25X|TaskListController.getAllTasks
11:53:39.0 (1725893)|HEAP_ALLOCATE|[72]|Bytes:3
11:53:39.0 (1765626)|HEAP_ALLOCATE|[77]|Bytes:152
11:53:39.0 (1781011)|HEAP_ALLOCATE|[342]|Bytes:408
11:53:39.0 (1793716)|HEAP_ALLOCATE|[355]|Bytes:408
11:53:39.0 (1804163)|HEAP_ALLOCATE|[467]|Bytes:48
11:53:39.0 (1831413)|HEAP_ALLOCATE|[139]|Bytes:6
11:53:39.0 (1896251)|HEAP_ALLOCATE|[EXTERNAL]|Bytes:1
11:53:39.0 (1906582)|METHOD_ENTRY|[1]|01pf400000Gj25X|TaskListController.TaskListController()
11:53:39.0 (1912263)|STATEMENT_EXECUTE|[1]
11:53:39.0 (1917892)|STATEMENT_EXECUTE|[1]
11:53:39.0 (1948835)|HEAP_ALLOCATE|[50]|Bytes:5
11:53:39.0 (1972750)|HEAP_ALLOCATE|[56]|Bytes:5
11:53:39.0 (1979835)|HEAP_ALLOCATE|[64]|Bytes:7
11:53:39.0 (2004611)|SYSTEM_MODE_ENTER|false
11:53:39.0 (2019742)|HEAP_ALLOCATE|[EXTERNAL]|Bytes:5
11:53:39.0 (2027199)|SYSTEM_MODE_EXIT|false
11:53:39.0 (2035414)|METHOD_EXIT|[1]|TaskListController
11:53:39.0 (2046470)|SYSTEM_MODE_ENTER|false
11:53:39.0 (2059493)|HEAP_ALLOCATE|[4]|Bytes:5
11:53:39.0 (2063649)|STATEMENT_EXECUTE|[3]
11:53:39.0 (2065422)|STATEMENT_EXECUTE|[4]
11:53:39.0 (2068405)|HEAP_ALLOCATE|[4]|Bytes:45
11:53:39.0 (2089201)|HEAP_ALLOCATE|[4]|Bytes:4
11:53:39.0 (2419144)|SOQL_EXECUTE_BEGIN|[4]|Aggregations:0|SELECT Id, Name, Description__c FROM HTask__c
11:53:39.0 (4299473)|SOQL_EXECUTE_END|[4]|Rows:2
11:53:39.0 (4322255)|HEAP_ALLOCATE|[4]|Bytes:12
11:53:39.0 (4341355)|HEAP_ALLOCATE|[4]|Bytes:104
11:53:39.0 (4509044)|HEAP_ALLOCATE|[4]|Bytes:12
11:53:39.0 (4546212)|VARIABLE_SCOPE_BEGIN|[4]|ltask|List<ANY>|true|false
11:53:39.0 (4582438)|VARIABLE_ASSIGNMENT|[4]|ltask|[{"Id":"a00f4000009UZfdAAG","Name":"cbx","Description__c":"yte"},{"Id":"a00f4000009U9j8AAC","Name":"TestH1"}]|0x727a8538
11:53:39.0 (4589399)|STATEMENT_EXECUTE|[5]
11:53:39.0 (4598234)|SYSTEM_MODE_EXIT|false
11:53:39.4 (4621318)|CUMULATIVE_LIMIT_USAGE
11:53:39.4 (4621318)|LIMIT_USAGE_FOR_NS|(default)|
  Number of SOQL queries: 1 out of 100
  Number of query rows: 2 out of 50000
  Number of SOSL queries: 0 out of 20
  Number of DML statements: 0 out of 150
  Number of DML rows: 0 out of 10000
  Maximum CPU time: 0 out of 10000
  Maximum heap size: 0 out of 6000000
  Number of callouts: 0 out of 100
  Number of Email Invocations: 0 out of 10
  Number of future calls: 0 out of 50
  Number of queueable jobs added to the queue: 0 out of 50
  Number of Mobile Apex push calls: 0 out of 10

11:53:39.4 (4621318)|CUMULATIVE_LIMIT_USAGE_END

11:53:39.0 (4657193)|CODE_UNIT_FINISHED|TaskListController.getAllTasks
11:53:39.0 (4715727)|CODE_UNIT_FINISHED|Aura
11:53:39.0 (6053979)|EXECUTION_FINISHED
