42.0 APEX_CODE,FINEST;APEX_PROFILING,INFO;CALLOUT,INFO;DB,INFO;SYSTEM,DEBUG;VALIDATION,INFO;VISUALFORCE,INFO;WAVE,INFO;WORKFLOW,INFO
15:43:03.0 (81224)|USER_INFO|[EXTERNAL]|005f4000002PiXT|amancebo.habitica@altimetrik.com|Argentine Time|GMT-03:00
15:43:03.0 (132083)|EXECUTION_STARTED
15:43:03.0 (137326)|CODE_UNIT_STARTED|[EXTERNAL]|Aura
15:43:03.0 (1389198)|CODE_UNIT_STARTED|[EXTERNAL]|01pf400000Gj25X|TaskListController.getAllUncompletedTask
15:43:03.0 (1561788)|HEAP_ALLOCATE|[72]|Bytes:3
15:43:03.0 (1603439)|HEAP_ALLOCATE|[77]|Bytes:152
15:43:03.0 (1619896)|HEAP_ALLOCATE|[342]|Bytes:408
15:43:03.0 (1633369)|HEAP_ALLOCATE|[355]|Bytes:408
15:43:03.0 (1644596)|HEAP_ALLOCATE|[467]|Bytes:48
15:43:03.0 (1676356)|HEAP_ALLOCATE|[139]|Bytes:6
15:43:03.0 (1757270)|HEAP_ALLOCATE|[EXTERNAL]|Bytes:3
15:43:03.0 (1769921)|METHOD_ENTRY|[1]|01pf400000Gj25X|TaskListController.TaskListController()
15:43:03.0 (1777599)|STATEMENT_EXECUTE|[1]
15:43:03.0 (1784467)|STATEMENT_EXECUTE|[1]
15:43:03.0 (1790407)|METHOD_EXIT|[1]|TaskListController
15:43:03.0 (1821636)|SYSTEM_MODE_ENTER|false
15:43:03.0 (1836827)|STATEMENT_EXECUTE|[9]
15:43:03.0 (1839401)|STATEMENT_EXECUTE|[10]
15:43:03.0 (1844024)|HEAP_ALLOCATE|[10]|Bytes:108
15:43:03.0 (1867043)|HEAP_ALLOCATE|[10]|Bytes:4
15:43:03.0 (1924199)|HEAP_ALLOCATE|[50]|Bytes:5
15:43:03.0 (1948293)|HEAP_ALLOCATE|[56]|Bytes:5
15:43:03.0 (1955800)|HEAP_ALLOCATE|[64]|Bytes:7
15:43:03.0 (2548993)|SOQL_EXECUTE_BEGIN|[10]|Aggregations:0|SELECT Id, Name, Description__c, Type__c, Points__c, Contact__c FROM HTask__c WHERE Status__c != 'Completed'
15:43:03.0 (19270259)|SOQL_EXECUTE_END|[10]|Rows:6
15:43:03.0 (19324510)|HEAP_ALLOCATE|[10]|Bytes:28
15:43:03.0 (19377570)|HEAP_ALLOCATE|[10]|Bytes:997
15:43:03.0 (19581993)|HEAP_ALLOCATE|[10]|Bytes:28
15:43:03.0 (19615269)|VARIABLE_SCOPE_BEGIN|[10]|ltask|List<HTask__c>|true|false
15:43:03.0 (19663946)|VARIABLE_ASSIGNMENT|[10]|ltask|"List of size 6 too large to display"|0x787cda55
15:43:03.0 (19676335)|STATEMENT_EXECUTE|[13]
15:43:03.0 (19690550)|SYSTEM_MODE_EXIT|false
15:43:03.19 (19729183)|CUMULATIVE_LIMIT_USAGE
15:43:03.19 (19729183)|LIMIT_USAGE_FOR_NS|(default)|
  Number of SOQL queries: 1 out of 100
  Number of query rows: 6 out of 50000
  Number of SOSL queries: 0 out of 20
  Number of DML statements: 0 out of 150
  Number of DML rows: 0 out of 10000
  Maximum CPU time: 0 out of 10000
  Maximum heap size: 0 out of 6000000
  Number of callouts: 0 out of 100
  Number of Email Invocations: 0 out of 10
  Number of future calls: 0 out of 50
  Number of queueable jobs added to the queue: 0 out of 50
  Number of Mobile Apex push calls: 0 out of 10

15:43:03.19 (19729183)|CUMULATIVE_LIMIT_USAGE_END

15:43:03.0 (19774614)|CODE_UNIT_FINISHED|TaskListController.getAllUncompletedTask
15:43:03.0 (19949732)|CODE_UNIT_FINISHED|Aura
15:43:03.0 (21235642)|EXECUTION_FINISHED
