42.0 APEX_CODE,FINEST;APEX_PROFILING,INFO;CALLOUT,INFO;DB,INFO;SYSTEM,DEBUG;VALIDATION,INFO;VISUALFORCE,INFO;WAVE,INFO;WORKFLOW,INFO
11:57:50.0 (61972)|USER_INFO|[EXTERNAL]|005f4000002PiXT|amancebo.habitica@altimetrik.com|Argentine Time|GMT-03:00
11:57:50.0 (101635)|EXECUTION_STARTED
11:57:50.0 (106718)|CODE_UNIT_STARTED|[EXTERNAL]|Aura
11:57:50.0 (1504159)|CODE_UNIT_STARTED|[EXTERNAL]|01pf400000Gj25X|TaskListController.getAllTasks
11:57:50.0 (1672925)|HEAP_ALLOCATE|[72]|Bytes:3
11:57:50.0 (1718293)|HEAP_ALLOCATE|[77]|Bytes:152
11:57:50.0 (1737098)|HEAP_ALLOCATE|[342]|Bytes:408
11:57:50.0 (1749655)|HEAP_ALLOCATE|[355]|Bytes:408
11:57:50.0 (1761119)|HEAP_ALLOCATE|[467]|Bytes:48
11:57:50.0 (1790876)|HEAP_ALLOCATE|[139]|Bytes:6
11:57:50.0 (1857132)|HEAP_ALLOCATE|[EXTERNAL]|Bytes:1
11:57:50.0 (1868339)|METHOD_ENTRY|[1]|01pf400000Gj25X|TaskListController.TaskListController()
11:57:50.0 (1874112)|STATEMENT_EXECUTE|[1]
11:57:50.0 (1880197)|STATEMENT_EXECUTE|[1]
11:57:50.0 (1913549)|HEAP_ALLOCATE|[50]|Bytes:5
11:57:50.0 (1937801)|HEAP_ALLOCATE|[56]|Bytes:5
11:57:50.0 (1947619)|HEAP_ALLOCATE|[64]|Bytes:7
11:57:50.0 (1972054)|SYSTEM_MODE_ENTER|false
11:57:50.0 (1986028)|HEAP_ALLOCATE|[EXTERNAL]|Bytes:5
11:57:50.0 (1994696)|SYSTEM_MODE_EXIT|false
11:57:50.0 (2005050)|METHOD_EXIT|[1]|TaskListController
11:57:50.0 (2016229)|SYSTEM_MODE_ENTER|false
11:57:50.0 (2028582)|HEAP_ALLOCATE|[4]|Bytes:5
11:57:50.0 (2033114)|STATEMENT_EXECUTE|[3]
11:57:50.0 (2035224)|STATEMENT_EXECUTE|[4]
11:57:50.0 (2038298)|HEAP_ALLOCATE|[4]|Bytes:45
11:57:50.0 (2062598)|HEAP_ALLOCATE|[4]|Bytes:4
11:57:50.0 (2397931)|SOQL_EXECUTE_BEGIN|[4]|Aggregations:0|SELECT Id, Name, Description__c FROM HTask__c
11:57:50.0 (4384886)|SOQL_EXECUTE_END|[4]|Rows:2
11:57:50.0 (4414037)|HEAP_ALLOCATE|[4]|Bytes:12
11:57:50.0 (4438399)|HEAP_ALLOCATE|[4]|Bytes:104
11:57:50.0 (4575567)|HEAP_ALLOCATE|[4]|Bytes:12
11:57:50.0 (4606800)|VARIABLE_SCOPE_BEGIN|[4]|ltask|List<ANY>|true|false
11:57:50.0 (4649327)|VARIABLE_ASSIGNMENT|[4]|ltask|[{"Id":"a00f4000009UZfdAAG","Name":"cbx","Description__c":"yte"},{"Id":"a00f4000009U9j8AAC","Name":"TestH1"}]|0x2ffb60cf
11:57:50.0 (4657178)|STATEMENT_EXECUTE|[5]
11:57:50.0 (4668119)|SYSTEM_MODE_EXIT|false
11:57:50.4 (4694203)|CUMULATIVE_LIMIT_USAGE
11:57:50.4 (4694203)|LIMIT_USAGE_FOR_NS|(default)|
  Number of SOQL queries: 1 out of 100
  Number of query rows: 2 out of 50000
  Number of SOSL queries: 0 out of 20
  Number of DML statements: 0 out of 150
  Number of DML rows: 0 out of 10000
  Maximum CPU time: 0 out of 10000
  Maximum heap size: 0 out of 6000000
  Number of callouts: 0 out of 100
  Number of Email Invocations: 0 out of 10
  Number of future calls: 0 out of 50
  Number of queueable jobs added to the queue: 0 out of 50
  Number of Mobile Apex push calls: 0 out of 10

11:57:50.4 (4694203)|CUMULATIVE_LIMIT_USAGE_END

11:57:50.0 (4731532)|CODE_UNIT_FINISHED|TaskListController.getAllTasks
11:57:50.0 (4790787)|CODE_UNIT_FINISHED|Aura
11:57:50.0 (5955373)|EXECUTION_FINISHED
