36.0 APEX_CODE,FINEST;APEX_PROFILING,INFO;CALLOUT,INFO;DB,INFO;SYSTEM,DEBUG;VALIDATION,INFO;VISUALFORCE,INFO;WAVE,INFO;WORKFLOW,INFO
11:33:52.0 (857691)|USER_INFO|[EXTERNAL]|005f4000002PiXT|amancebo.habitica@altimetrik.com|Argentine Time|GMT-03:00
11:33:52.0 (970965)|EXECUTION_STARTED
11:33:52.0 (977015)|CODE_UNIT_STARTED|[EXTERNAL]|01pf400000GkBRc|CompleteHTaskTriggerTest.completeDailyTask
11:33:52.0 (1303419)|HEAP_ALLOCATE|[72]|Bytes:3
11:33:52.0 (1359705)|HEAP_ALLOCATE|[77]|Bytes:152
11:33:52.0 (1390572)|HEAP_ALLOCATE|[342]|Bytes:408
11:33:52.0 (1419711)|HEAP_ALLOCATE|[355]|Bytes:408
11:33:52.0 (1445108)|HEAP_ALLOCATE|[467]|Bytes:48
11:33:52.0 (1485847)|HEAP_ALLOCATE|[139]|Bytes:6
11:33:52.0 (1507470)|HEAP_ALLOCATE|[EXTERNAL]|Bytes:67
11:33:52.0 (1527693)|METHOD_ENTRY|[2]|01pf400000GkBRc|CompleteHTaskTriggerTest.CompleteHTaskTriggerTest()
11:33:52.0 (1534973)|STATEMENT_EXECUTE|[2]
11:33:52.0 (1539918)|STATEMENT_EXECUTE|[2]
11:33:52.0 (1544419)|METHOD_EXIT|[2]|CompleteHTaskTriggerTest
11:33:52.0 (1744371)|HEAP_ALLOCATE|[50]|Bytes:5
11:33:52.0 (1774473)|HEAP_ALLOCATE|[56]|Bytes:5
11:33:52.0 (1783453)|HEAP_ALLOCATE|[64]|Bytes:7
11:33:52.0 (1836326)|STATEMENT_EXECUTE|[4]
11:33:52.0 (1838487)|STATEMENT_EXECUTE|[5]
11:33:52.0 (1886481)|HEAP_ALLOCATE|[5]|Bytes:63
11:33:52.0 (1899625)|SYSTEM_METHOD_ENTRY|[1]|Test.Test()
11:33:52.0 (1905558)|STATEMENT_EXECUTE|[1]
11:33:52.0 (1914809)|SYSTEM_METHOD_EXIT|[1]|Test
11:33:52.0 (1930299)|METHOD_ENTRY|[5]||System.Test.startTest()
11:33:52.0 (3194267)|METHOD_EXIT|[5]||System.Test.startTest()
11:33:52.0 (3207967)|STATEMENT_EXECUTE|[6]
11:33:52.0 (3285325)|HEAP_ALLOCATE|[6]|Bytes:4
11:33:52.0 (3417944)|HEAP_ALLOCATE|[6]|Bytes:12
11:33:52.0 (3510145)|VARIABLE_ASSIGNMENT|[6]|this.LastName|"TestContact1"|0x8544661
11:33:52.0 (3573277)|HEAP_ALLOCATE|[6]|Bytes:28
11:33:52.0 (3581625)|HEAP_ALLOCATE|[6]|Bytes:28
11:33:52.0 (3680778)|VARIABLE_ASSIGNMENT|[6]|this.Points__c|10|0x8544661
11:33:52.0 (3733534)|VARIABLE_SCOPE_BEGIN|[6]|cont1|Contact|true|false
11:33:52.0 (3784618)|VARIABLE_ASSIGNMENT|[6]|cont1|{"LastName":"TestContact1","Points__c":10}|0x8544661
11:33:52.0 (3793306)|STATEMENT_EXECUTE|[7]
11:33:52.0 (3828417)|HEAP_ALLOCATE|[7]|Bytes:8
11:33:52.0 (3839706)|DML_BEGIN|[7]|Op:Upsert|Type:Contact|Rows:1
11:33:52.0 (3872928)|HEAP_ALLOCATE|[EXTERNAL]|Bytes:8
11:33:52.0 (17064870)|CODE_UNIT_STARTED|[EXTERNAL]|DuplicateDetector
11:33:52.0 (17090741)|DUPLICATE_DETECTION_BEGIN
11:33:52.0 (17928346)|DUPLICATE_DETECTION_RULE_INVOCATION|DuplicateRuleId:0Bmf4000005NvDQ|DuplicateRuleName:Standard Contact Duplicate Rule|DmlType:INSERT
11:33:52.0 (53263411)|DUPLICATE_DETECTION_MATCH_INVOCATION_DETAILS|EntityType:Contact|ActionTaken:Allow_[Alert,Report]|DuplicateRecordIds:
11:33:52.0 (53292452)|DUPLICATE_DETECTION_MATCH_INVOCATION_SUMMARY|EntityType:Contact|NumRecordsToBeSaved:1|NumRecordsToBeSavedWithDuplicates:0|NumDuplicateRecordsFound:0
11:33:52.0 (53303368)|DUPLICATE_DETECTION_MATCH_INVOCATION_DETAILS|EntityType:Contact|ActionTaken:Allow_[Alert,Report]|DuplicateRecordIds:
11:33:52.0 (53310953)|DUPLICATE_DETECTION_MATCH_INVOCATION_SUMMARY|EntityType:Contact|NumRecordsToBeSaved:1|NumRecordsToBeSavedWithDuplicates:0|NumDuplicateRecordsFound:0
11:33:52.0 (53478032)|DUPLICATE_DETECTION_END
11:33:52.0 (53483893)|CODE_UNIT_FINISHED|DuplicateDetector
11:33:52.0 (77751230)|DML_END|[7]
11:33:52.0 (77790983)|STATEMENT_EXECUTE|[9]
11:33:52.0 (77803993)|HEAP_ALLOCATE|[9]|Bytes:71
11:33:52.0 (77854798)|HEAP_ALLOCATE|[9]|Bytes:4
11:33:52.0 (78162094)|SOQL_EXECUTE_BEGIN|[9]|Aggregations:0|SELECT Id, Name, Points__c FROM Contact WHERE LastName = 'TestContact1'
11:33:52.0 (96064277)|SOQL_EXECUTE_END|[9]|Rows:1
11:33:52.0 (96107493)|HEAP_ALLOCATE|[9]|Bytes:8
11:33:52.0 (96130688)|HEAP_ALLOCATE|[9]|Bytes:98
11:33:52.0 (96338750)|HEAP_ALLOCATE|[9]|Bytes:8
11:33:52.0 (96396155)|HEAP_ALLOCATE|[9]|Bytes:33
11:33:52.0 (96459857)|HEAP_ALLOCATE|[9]|Bytes:16
11:33:52.0 (96474028)|VARIABLE_SCOPE_BEGIN|[9]|cont1Before|Contact|true|false
11:33:52.0 (96512644)|VARIABLE_ASSIGNMENT|[9]|cont1Before|{"Id":"003f400000Pu06nAAB","Name":"TestContact1","Points__c":10}|0x1dedb738
11:33:52.0 (96522776)|STATEMENT_EXECUTE|[11]
11:33:52.0 (96597735)|HEAP_ALLOCATE|[11]|Bytes:4
11:33:52.0 (96735649)|HEAP_ALLOCATE|[11]|Bytes:9
11:33:52.0 (96805749)|VARIABLE_ASSIGNMENT|[11]|this.Name|"TestTask1"|0x7dd70cab
11:33:52.0 (96814542)|HEAP_ALLOCATE|[11]|Bytes:5
11:33:52.0 (96845162)|VARIABLE_ASSIGNMENT|[11]|this.Type__c|"Daily"|0x7dd70cab
11:33:52.0 (96941270)|VARIABLE_ASSIGNMENT|[11]|this.Contact__c|"003f400000Pu06nAAB"|0x7dd70cab
11:33:52.0 (96950872)|HEAP_ALLOCATE|[11]|Bytes:3
11:33:52.0 (96968096)|VARIABLE_ASSIGNMENT|[11]|this.Status__c|"New"|0x7dd70cab
11:33:52.0 (96975645)|HEAP_ALLOCATE|[11]|Bytes:4
11:33:52.0 (96988406)|VARIABLE_ASSIGNMENT|[11]|this.Difficulty__c|"Hard"|0x7dd70cab
11:33:52.0 (97047925)|VARIABLE_SCOPE_BEGIN|[11]|task|HTask__c|true|false
11:33:52.0 (97079593)|VARIABLE_ASSIGNMENT|[11]|task|{"Name":"TestTask1","Type__c":"Daily","Contact__c":"003f400000Pu06nAAB","Status__c":"New","Difficulty__c":"Hard"}|0x7dd70cab
11:33:52.0 (97090438)|STATEMENT_EXECUTE|[12]
11:33:52.0 (97148510)|HEAP_ALLOCATE|[12]|Bytes:8
11:33:52.0 (97169091)|DML_BEGIN|[12]|Op:Upsert|Type:HTask__c|Rows:1
11:33:52.0 (97203897)|HEAP_ALLOCATE|[EXTERNAL]|Bytes:8
11:33:52.0 (112669327)|CODE_UNIT_STARTED|[EXTERNAL]|Validation:HTask:new
11:33:52.0 (112691565)|VALIDATION_RULE|03df40000002ejE|ContactRequired
11:33:52.0 (112869846)|VALIDATION_FORMULA|ISBLANK(Contact__c)|Contact__c=003f400000Pu06n
11:33:52.0 (112882350)|VALIDATION_PASS
11:33:52.0 (112885844)|VALIDATION_RULE|03df40000002ejO|DificultyRequired
11:33:52.0 (112976799)|VALIDATION_FORMULA|ISBLANK(TEXT(Difficulty__c))|Difficulty__c=Hard
11:33:52.0 (112983988)|VALIDATION_PASS
11:33:52.0 (112986521)|VALIDATION_RULE|03df40000002bNN|StatusNone
11:33:52.0 (113129873)|VALIDATION_FORMULA|TEXT(Status__c) <> 'New'  
&& TEXT(Status__c) <> 'In Progress'
&& TEXT(Status__c) <> 'Completed'|Status__c=New
11:33:52.0 (113141795)|VALIDATION_PASS
11:33:52.0 (113251252)|CODE_UNIT_FINISHED|Validation:HTask:new
11:33:52.0 (131485747)|DML_END|[12]
11:33:52.0 (131533281)|STATEMENT_EXECUTE|[14]
11:33:52.0 (131545092)|HEAP_ALLOCATE|[14]|Bytes:70
11:33:52.0 (131598460)|HEAP_ALLOCATE|[14]|Bytes:4
11:33:52.0 (131956699)|SOQL_EXECUTE_BEGIN|[14]|Aggregations:0|SELECT Id, Status__c, Points__c FROM HTask__c WHERE Name = 'TestTask1'
11:33:52.0 (155491976)|SOQL_EXECUTE_END|[14]|Rows:1
11:33:52.0 (155531800)|HEAP_ALLOCATE|[14]|Bytes:8
11:33:52.0 (155555144)|HEAP_ALLOCATE|[14]|Bytes:94
11:33:52.0 (155655399)|HEAP_ALLOCATE|[14]|Bytes:8
11:33:52.0 (155681808)|HEAP_ALLOCATE|[14]|Bytes:34
11:33:52.0 (155739876)|HEAP_ALLOCATE|[14]|Bytes:16
11:33:52.0 (155797812)|VARIABLE_ASSIGNMENT|[14]|task|{"Id":"a00f4000009W3eLAAS","Status__c":"New","Points__c":2.50}|0x408912bf
11:33:52.0 (155807357)|STATEMENT_EXECUTE|[15]
11:33:52.0 (155811827)|HEAP_ALLOCATE|[15]|Bytes:9
11:33:52.0 (155868832)|VARIABLE_ASSIGNMENT|[15]|this.Status__c|"Completed"|0x408912bf
11:33:52.0 (155875516)|STATEMENT_EXECUTE|[16]
11:33:52.0 (155914606)|HEAP_ALLOCATE|[16]|Bytes:8
11:33:52.0 (155925233)|DML_BEGIN|[16]|Op:Upsert|Type:HTask__c|Rows:1
11:33:52.0 (155958921)|HEAP_ALLOCATE|[EXTERNAL]|Bytes:8
11:33:52.0 (163587091)|CODE_UNIT_STARTED|[EXTERNAL]|Validation:HTask:a00f4000009W3eL
11:33:52.0 (163773254)|VALIDATION_RULE|03df40000002ejE|ContactRequired
11:33:52.0 (163885035)|VALIDATION_FORMULA|ISBLANK(Contact__c)|Contact__c=003f400000Pu06n
11:33:52.0 (163892723)|VALIDATION_PASS
11:33:52.0 (163895932)|VALIDATION_RULE|03df40000002ejO|DificultyRequired
11:33:52.0 (163959828)|VALIDATION_FORMULA|ISBLANK(TEXT(Difficulty__c))|Difficulty__c=Hard
11:33:52.0 (163965537)|VALIDATION_PASS
11:33:52.0 (163967418)|VALIDATION_RULE|03df40000002bNN|StatusNone
11:33:52.0 (164060658)|VALIDATION_FORMULA|TEXT(Status__c) <> 'New'  
&& TEXT(Status__c) <> 'In Progress'
&& TEXT(Status__c) <> 'Completed'|Status__c=Completed
11:33:52.0 (164067351)|VALIDATION_PASS
11:33:52.0 (164138278)|CODE_UNIT_FINISHED|Validation:HTask:a00f4000009W3eL
11:33:52.0 (180205405)|CODE_UNIT_STARTED|[EXTERNAL]|01qf4000001HypC|completeHTaskTrigger on HTask trigger event AfterUpdate
11:33:52.0 (180295576)|HEAP_ALLOCATE|[EXTERNAL]|Bytes:8
11:33:52.0 (180339072)|HEAP_ALLOCATE|[EXTERNAL]|Bytes:8
11:33:52.0 (180517215)|HEAP_ALLOCATE|[EXTERNAL]|Bytes:10
11:33:52.0 (180548675)|HEAP_ALLOCATE|[EXTERNAL]|Bytes:12
11:33:52.0 (180558972)|VARIABLE_SCOPE_BEGIN|[1]|this|completeHTaskTrigger|true|false
11:33:52.0 (180601981)|VARIABLE_ASSIGNMENT|[1]|this|{}|0x7c5d8e8e
11:33:52.0 (180664084)|HEAP_ALLOCATE|[EXTERNAL]|Bytes:12
11:33:52.0 (180686610)|VARIABLE_SCOPE_BEGIN|[1]|this|completeHTaskTrigger|true|false
11:33:52.0 (180701422)|VARIABLE_ASSIGNMENT|[1]|this|{}|0x7c5d8e8e
11:33:52.0 (180709570)|STATEMENT_EXECUTE|[1]
11:33:52.0 (180711901)|STATEMENT_EXECUTE|[3]
11:33:52.0 (180716523)|HEAP_ALLOCATE|[3]|Bytes:99
11:33:52.0 (180738966)|HEAP_ALLOCATE|[3]|Bytes:4
11:33:52.0 (180754119)|HEAP_ALLOCATE|[3]|Bytes:7
11:33:52.0 (181904605)|SOQL_EXECUTE_BEGIN|[3]|Aggregations:0|SELECT Id, Contact__c, Type__c, Status__c, DueDate__c, Points__c FROM HTask__c WHERE Id IN :tmpVar1
11:33:52.0 (189526698)|SOQL_EXECUTE_END|[3]|Rows:1
11:33:52.0 (189579475)|HEAP_ALLOCATE|[3]|Bytes:8
11:33:52.0 (189610129)|HEAP_ALLOCATE|[3]|Bytes:148
11:33:52.0 (189688922)|HEAP_ALLOCATE|[3]|Bytes:8
11:33:52.0 (189753886)|HEAP_ALLOCATE|[3]|Bytes:24
11:33:52.0 (189851831)|VARIABLE_ASSIGNMENT|[3]|this.task|{"Id":"a00f4000009W3eLAAS","Contact__c":"003f400000Pu06nAAB","Type__c":"Daily","Status__c":"Completed","Points__c":2.50}|0x7c5d8e8e
11:33:52.0 (189868541)|STATEMENT_EXECUTE|[5]
11:33:52.0 (189877439)|HEAP_ALLOCATE|[5]|Bytes:59
11:33:52.0 (189910602)|HEAP_ALLOCATE|[5]|Bytes:4
11:33:52.0 (190240393)|SOQL_EXECUTE_BEGIN|[5]|Aggregations:0|SELECT Id, Name, Points__c FROM Contact WHERE Id = :tmpVar1
11:33:52.0 (196126487)|SOQL_EXECUTE_END|[5]|Rows:1
11:33:52.0 (196163994)|HEAP_ALLOCATE|[5]|Bytes:8
11:33:52.0 (196183779)|HEAP_ALLOCATE|[5]|Bytes:98
11:33:52.0 (196246932)|HEAP_ALLOCATE|[5]|Bytes:8
11:33:52.0 (196294850)|HEAP_ALLOCATE|[5]|Bytes:16
11:33:52.0 (196358541)|VARIABLE_ASSIGNMENT|[5]|this.conta|{"Id":"003f400000Pu06nAAB","Name":"TestContact1","Points__c":10}|0x7c5d8e8e
11:33:52.0 (196418885)|HEAP_ALLOCATE|[7]|Bytes:5
11:33:52.0 (196461003)|STATEMENT_EXECUTE|[21]
11:33:52.0 (196464524)|STATEMENT_EXECUTE|[22]
11:33:52.0 (196468007)|HEAP_ALLOCATE|[22]|Bytes:1
11:33:52.0 (196516616)|USER_DEBUG|[22]|DEBUG|1
11:33:52.0 (196681134)|STATEMENT_EXECUTE|[23]
11:33:52.0 (196684760)|STATEMENT_EXECUTE|[24]
11:33:52.0 (196688818)|HEAP_ALLOCATE|[24]|Bytes:1
11:33:52.0 (196712289)|USER_DEBUG|[24]|DEBUG|2
11:33:52.0 (196724222)|STATEMENT_EXECUTE|[25]
11:33:52.0 (196879194)|HEAP_ALLOCATE|[25]|Bytes:28
11:33:52.0 (196970292)|VARIABLE_ASSIGNMENT|[25]|this.Points__c|12.50|0x6ef68716
11:33:52.0 (196978770)|STATEMENT_EXECUTE|[27]
11:33:52.0 (197012131)|HEAP_ALLOCATE|[27]|Bytes:8
11:33:52.0 (197026150)|DML_BEGIN|[27]|Op:Update|Type:Contact|Rows:1
11:33:52.0 (197057889)|HEAP_ALLOCATE|[EXTERNAL]|Bytes:8
11:33:52.0 (201859609)|CODE_UNIT_STARTED|[EXTERNAL]|DuplicateDetector
11:33:52.0 (201881104)|DUPLICATE_DETECTION_BEGIN
11:33:52.0 (201939822)|DUPLICATE_DETECTION_RULE_INVOCATION|DuplicateRuleId:0Bmf4000005NvDQ|DuplicateRuleName:Standard Contact Duplicate Rule|DmlType:UPDATE
11:33:52.0 (201999057)|DUPLICATE_DETECTION_END
11:33:52.0 (202004518)|CODE_UNIT_FINISHED|DuplicateDetector
11:33:52.0 (219670381)|DML_END|[27]
11:33:52.219 (219721144)|CUMULATIVE_LIMIT_USAGE
11:33:52.219 (219721144)|LIMIT_USAGE_FOR_NS|(default)|
  Number of SOQL queries: 0 out of 100
  Number of query rows: 0 out of 50000
  Number of SOSL queries: 0 out of 20
  Number of DML statements: 0 out of 150
  Number of DML rows: 0 out of 10000
  Maximum CPU time: 0 out of 10000
  Maximum heap size: 0 out of 6000000
  Number of callouts: 0 out of 100
  Number of Email Invocations: 0 out of 10
  Number of future calls: 0 out of 50
  Number of queueable jobs added to the queue: 0 out of 50
  Number of Mobile Apex push calls: 0 out of 10

11:33:52.219 (219721144)|TESTING_LIMITS
11:33:52.219 (219721144)|LIMIT_USAGE_FOR_NS|(default)|
  Number of SOQL queries: 4 out of 100
  Number of query rows: 4 out of 50000
  Number of SOSL queries: 0 out of 20
  Number of DML statements: 4 out of 150
  Number of DML rows: 4 out of 10000
  Maximum CPU time: 0 out of 10000
  Maximum heap size: 0 out of 6000000
  Number of callouts: 0 out of 100
  Number of Email Invocations: 0 out of 10
  Number of future calls: 0 out of 50
  Number of queueable jobs added to the queue: 0 out of 50
  Number of Mobile Apex push calls: 0 out of 10

11:33:52.219 (219721144)|CUMULATIVE_LIMIT_USAGE_END

11:33:52.0 (220789041)|CODE_UNIT_FINISHED|completeHTaskTrigger on HTask trigger event AfterUpdate
11:33:52.0 (221163724)|DML_END|[16]
11:33:52.0 (221185157)|STATEMENT_EXECUTE|[18]
11:33:52.0 (221194108)|HEAP_ALLOCATE|[18]|Bytes:65
11:33:52.0 (221220890)|HEAP_ALLOCATE|[18]|Bytes:4
11:33:52.0 (221414065)|SOQL_EXECUTE_BEGIN|[18]|Aggregations:0|SELECT Id, Points__c FROM Contact WHERE LastName = 'TestContact1'
11:33:52.0 (236846700)|SOQL_EXECUTE_END|[18]|Rows:1
11:33:52.0 (236887628)|HEAP_ALLOCATE|[18]|Bytes:8
11:33:52.0 (236911640)|HEAP_ALLOCATE|[18]|Bytes:78
11:33:52.0 (236972008)|HEAP_ALLOCATE|[18]|Bytes:8
11:33:52.0 (237018593)|HEAP_ALLOCATE|[18]|Bytes:12
11:33:52.0 (237038018)|VARIABLE_SCOPE_BEGIN|[18]|cont1After|Contact|true|false
11:33:52.0 (237087142)|VARIABLE_ASSIGNMENT|[18]|cont1After|{"Id":"003f400000Pu06nAAB","Points__c":12.5}|0x5d377544
11:33:52.0 (237095721)|STATEMENT_EXECUTE|[19]
11:33:52.0 (237118556)|METHOD_ENTRY|[19]||System.Test.stopTest()
11:33:52.0 (238359103)|METHOD_EXIT|[19]||System.Test.stopTest()
11:33:52.0 (238370965)|STATEMENT_EXECUTE|[20]
11:33:52.0 (238482761)|HEAP_ALLOCATE|[20]|Bytes:28
11:33:52.0 (238510346)|HEAP_ALLOCATE|[20]|Bytes:28
11:33:52.238 (238548697)|CUMULATIVE_LIMIT_USAGE
11:33:52.238 (238548697)|LIMIT_USAGE_FOR_NS|(default)|
  Number of SOQL queries: 0 out of 100
  Number of query rows: 0 out of 50000
  Number of SOSL queries: 0 out of 20
  Number of DML statements: 0 out of 150
  Number of DML rows: 0 out of 10000
  Maximum CPU time: 0 out of 10000
  Maximum heap size: 0 out of 6000000
  Number of callouts: 0 out of 100
  Number of Email Invocations: 0 out of 10
  Number of future calls: 0 out of 50
  Number of queueable jobs added to the queue: 0 out of 50
  Number of Mobile Apex push calls: 0 out of 10

11:33:52.238 (238548697)|TESTING_LIMITS
11:33:52.238 (238548697)|LIMIT_USAGE_FOR_NS|(default)|
  Number of SOQL queries: 5 out of 100
  Number of query rows: 5 out of 50000
  Number of SOSL queries: 0 out of 20
  Number of DML statements: 4 out of 150
  Number of DML rows: 4 out of 10000
  Maximum CPU time: 0 out of 10000
  Maximum heap size: 0 out of 6000000
  Number of callouts: 0 out of 100
  Number of Email Invocations: 0 out of 10
  Number of future calls: 0 out of 50
  Number of queueable jobs added to the queue: 0 out of 50
  Number of Mobile Apex push calls: 0 out of 10

11:33:52.238 (238548697)|CUMULATIVE_LIMIT_USAGE_END

11:33:52.0 (238591601)|CODE_UNIT_FINISHED|CompleteHTaskTriggerTest.completeDailyTask
11:33:52.0 (239913248)|EXECUTION_FINISHED
11:33:52.304 (304916280)|USER_INFO|[EXTERNAL]|005f4000002PiXT|amancebo.habitica@altimetrik.com|Argentine Time|GMT-03:00
11:33:52.304 (304944475)|EXECUTION_STARTED
11:33:52.304 (304949362)|CODE_UNIT_STARTED|[EXTERNAL]|01pf400000GkBRc|CompleteHTaskTriggerTest.completeTODOTask
11:33:52.304 (305130082)|HEAP_ALLOCATE|[72]|Bytes:3
11:33:52.304 (305175598)|HEAP_ALLOCATE|[77]|Bytes:152
11:33:52.304 (305197776)|HEAP_ALLOCATE|[342]|Bytes:408
11:33:52.304 (305222520)|HEAP_ALLOCATE|[355]|Bytes:408
11:33:52.304 (305242721)|HEAP_ALLOCATE|[467]|Bytes:48
11:33:52.304 (305272310)|HEAP_ALLOCATE|[139]|Bytes:6
11:33:52.304 (305288022)|HEAP_ALLOCATE|[EXTERNAL]|Bytes:67
11:33:52.304 (305298624)|METHOD_ENTRY|[2]|01pf400000GkBRc|CompleteHTaskTriggerTest.CompleteHTaskTriggerTest()
11:33:52.304 (305305070)|STATEMENT_EXECUTE|[2]
11:33:52.304 (305310352)|STATEMENT_EXECUTE|[2]
11:33:52.304 (305315286)|METHOD_EXIT|[2]|CompleteHTaskTriggerTest
11:33:52.304 (305480019)|HEAP_ALLOCATE|[50]|Bytes:5
11:33:52.304 (305501800)|HEAP_ALLOCATE|[56]|Bytes:5
11:33:52.304 (305508998)|HEAP_ALLOCATE|[64]|Bytes:7
11:33:52.304 (305550388)|STATEMENT_EXECUTE|[23]
11:33:52.304 (305553160)|STATEMENT_EXECUTE|[24]
11:33:52.304 (305563438)|HEAP_ALLOCATE|[24]|Bytes:63
11:33:52.304 (305571367)|SYSTEM_METHOD_ENTRY|[1]|Test.Test()
11:33:52.304 (305575879)|STATEMENT_EXECUTE|[1]
11:33:52.304 (305583491)|SYSTEM_METHOD_EXIT|[1]|Test
11:33:52.304 (305594903)|METHOD_ENTRY|[24]||System.Test.startTest()
11:33:52.304 (306895103)|METHOD_EXIT|[24]||System.Test.startTest()
11:33:52.304 (306907002)|STATEMENT_EXECUTE|[25]
11:33:52.304 (306957475)|HEAP_ALLOCATE|[25]|Bytes:4
11:33:52.304 (306976738)|HEAP_ALLOCATE|[25]|Bytes:12
11:33:52.304 (307048651)|VARIABLE_ASSIGNMENT|[25]|this.LastName|"TestContact1"|0x70b456ce
11:33:52.304 (307099691)|HEAP_ALLOCATE|[25]|Bytes:28
11:33:52.304 (307107325)|HEAP_ALLOCATE|[25]|Bytes:28
11:33:52.304 (307146540)|VARIABLE_ASSIGNMENT|[25]|this.Points__c|10|0x70b456ce
11:33:52.304 (307190140)|VARIABLE_SCOPE_BEGIN|[25]|cont1|Contact|true|false
11:33:52.304 (307220723)|VARIABLE_ASSIGNMENT|[25]|cont1|{"LastName":"TestContact1","Points__c":10}|0x70b456ce
11:33:52.304 (307229989)|STATEMENT_EXECUTE|[26]
11:33:52.304 (307263237)|HEAP_ALLOCATE|[26]|Bytes:8
11:33:52.304 (307279513)|DML_BEGIN|[26]|Op:Upsert|Type:Contact|Rows:1
11:33:52.304 (307325157)|HEAP_ALLOCATE|[EXTERNAL]|Bytes:8
11:33:52.304 (309267730)|CODE_UNIT_STARTED|[EXTERNAL]|DuplicateDetector
11:33:52.304 (309288359)|DUPLICATE_DETECTION_BEGIN
11:33:52.304 (309365723)|DUPLICATE_DETECTION_RULE_INVOCATION|DuplicateRuleId:0Bmf4000005NvDQ|DuplicateRuleName:Standard Contact Duplicate Rule|DmlType:INSERT
11:33:52.304 (326737323)|DUPLICATE_DETECTION_MATCH_INVOCATION_DETAILS|EntityType:Contact|ActionTaken:Allow_[Alert,Report]|DuplicateRecordIds:
11:33:52.304 (326772384)|DUPLICATE_DETECTION_MATCH_INVOCATION_SUMMARY|EntityType:Contact|NumRecordsToBeSaved:1|NumRecordsToBeSavedWithDuplicates:0|NumDuplicateRecordsFound:0
11:33:52.304 (326785324)|DUPLICATE_DETECTION_MATCH_INVOCATION_DETAILS|EntityType:Contact|ActionTaken:Allow_[Alert,Report]|DuplicateRecordIds:
11:33:52.304 (326792931)|DUPLICATE_DETECTION_MATCH_INVOCATION_SUMMARY|EntityType:Contact|NumRecordsToBeSaved:1|NumRecordsToBeSavedWithDuplicates:0|NumDuplicateRecordsFound:0
11:33:52.304 (326986098)|DUPLICATE_DETECTION_END
11:33:52.304 (326994429)|CODE_UNIT_FINISHED|DuplicateDetector
11:33:52.304 (347928639)|DML_END|[26]
11:33:52.304 (347961484)|STATEMENT_EXECUTE|[28]
11:33:52.304 (347974586)|HEAP_ALLOCATE|[28]|Bytes:71
11:33:52.304 (348018658)|HEAP_ALLOCATE|[28]|Bytes:4
11:33:52.304 (348282385)|SOQL_EXECUTE_BEGIN|[28]|Aggregations:0|SELECT Id, Name, Points__c FROM Contact WHERE LastName = 'TestContact1'
11:33:52.304 (368333816)|SOQL_EXECUTE_END|[28]|Rows:1
11:33:52.304 (368376138)|HEAP_ALLOCATE|[28]|Bytes:8
11:33:52.304 (368401586)|HEAP_ALLOCATE|[28]|Bytes:98
11:33:52.304 (368490575)|HEAP_ALLOCATE|[28]|Bytes:8
11:33:52.304 (368520283)|HEAP_ALLOCATE|[28]|Bytes:33
11:33:52.304 (368555609)|HEAP_ALLOCATE|[28]|Bytes:16
11:33:52.304 (368573606)|VARIABLE_SCOPE_BEGIN|[28]|cont1Before|Contact|true|false
11:33:52.304 (368619540)|VARIABLE_ASSIGNMENT|[28]|cont1Before|{"Id":"003f400000Pu06oAAB","Name":"TestContact1","Points__c":10}|0x68cd88e9
11:33:52.304 (368629427)|STATEMENT_EXECUTE|[30]
11:33:52.304 (368663837)|HEAP_ALLOCATE|[30]|Bytes:4
11:33:52.304 (368686296)|HEAP_ALLOCATE|[30]|Bytes:9
11:33:52.304 (368728722)|VARIABLE_ASSIGNMENT|[30]|this.Name|"TestTask2"|0x5ed61051
11:33:52.304 (368737330)|HEAP_ALLOCATE|[30]|Bytes:18
11:33:52.304 (368758629)|HEAP_ALLOCATE|[30]|Bytes:4
11:33:52.304 (368786175)|VARIABLE_ASSIGNMENT|[30]|this.RecordTypeId|"012f4000000FSbYAAW"|0x5ed61051
11:33:52.304 (368793692)|HEAP_ALLOCATE|[30]|Bytes:5
11:33:52.304 (368813424)|VARIABLE_ASSIGNMENT|[30]|this.Type__c|"TO-DO"|0x5ed61051
11:33:52.304 (368819854)|HEAP_ALLOCATE|[30]|Bytes:3
11:33:52.304 (368832998)|VARIABLE_ASSIGNMENT|[30]|this.Status__c|"New"|0x5ed61051
11:33:52.304 (368871720)|VARIABLE_ASSIGNMENT|[30]|this.Contact__c|"003f400000Pu06oAAB"|0x5ed61051
11:33:52.304 (368878849)|HEAP_ALLOCATE|[30]|Bytes:4
11:33:52.304 (368892455)|VARIABLE_ASSIGNMENT|[30]|this.Difficulty__c|"Hard"|0x5ed61051
11:33:52.304 (368926432)|VARIABLE_SCOPE_BEGIN|[30]|task|HTask__c|true|false
11:33:52.304 (368945548)|VARIABLE_ASSIGNMENT|[30]|task|{"Name":"TestTask2","RecordTypeId":"012f4000000FSbYAAW","Type__c":"TO-DO","Status__c":"New","Contact__c":"003f400000Pu06oAAB","Difficulty__c":"Hard"}|0x5ed61051
11:33:52.304 (368952746)|STATEMENT_EXECUTE|[31]
11:33:52.304 (368986288)|HEAP_ALLOCATE|[31]|Bytes:8
11:33:52.304 (369000415)|DML_BEGIN|[31]|Op:Upsert|Type:HTask__c|Rows:1
11:33:52.304 (369034698)|HEAP_ALLOCATE|[EXTERNAL]|Bytes:8
11:33:52.304 (373972742)|CODE_UNIT_STARTED|[EXTERNAL]|Validation:HTask:new
11:33:52.304 (373995768)|VALIDATION_RULE|03df40000002ejE|ContactRequired
11:33:52.304 (374127060)|VALIDATION_FORMULA|ISBLANK(Contact__c)|Contact__c=003f400000Pu06o
11:33:52.304 (374139762)|VALIDATION_PASS
11:33:52.304 (374143703)|VALIDATION_RULE|03df40000002ejO|DificultyRequired
11:33:52.304 (374244883)|VALIDATION_FORMULA|ISBLANK(TEXT(Difficulty__c))|Difficulty__c=Hard
11:33:52.304 (374255778)|VALIDATION_PASS
11:33:52.304 (374260366)|VALIDATION_RULE|03df40000002bNN|StatusNone
11:33:52.304 (374374484)|VALIDATION_FORMULA|TEXT(Status__c) <> 'New'  
&& TEXT(Status__c) <> 'In Progress'
&& TEXT(Status__c) <> 'Completed'|Status__c=New
11:33:52.304 (374382047)|VALIDATION_PASS
11:33:52.304 (374445152)|CODE_UNIT_FINISHED|Validation:HTask:new
11:33:52.304 (388090511)|DML_END|[31]
11:33:52.304 (388137974)|STATEMENT_EXECUTE|[33]
11:33:52.304 (388150556)|HEAP_ALLOCATE|[33]|Bytes:70
11:33:52.304 (388188263)|HEAP_ALLOCATE|[33]|Bytes:4
11:33:52.304 (388427010)|SOQL_EXECUTE_BEGIN|[33]|Aggregations:0|SELECT Id, Status__c, Points__c FROM HTask__c WHERE Name = 'TestTask2'
11:33:52.304 (406023226)|SOQL_EXECUTE_END|[33]|Rows:1
11:33:52.304 (406064456)|HEAP_ALLOCATE|[33]|Bytes:8
11:33:52.304 (406087697)|HEAP_ALLOCATE|[33]|Bytes:94
11:33:52.304 (406152330)|HEAP_ALLOCATE|[33]|Bytes:8
11:33:52.304 (406178027)|HEAP_ALLOCATE|[33]|Bytes:34
11:33:52.304 (406208830)|HEAP_ALLOCATE|[33]|Bytes:16
11:33:52.304 (406256004)|VARIABLE_ASSIGNMENT|[33]|task|{"Id":"a00f4000009W3eMAAS","Status__c":"New","Points__c":5.00}|0x74e0aad9
11:33:52.304 (406269385)|STATEMENT_EXECUTE|[34]
11:33:52.304 (406275033)|HEAP_ALLOCATE|[34]|Bytes:9
11:33:52.304 (406339596)|VARIABLE_ASSIGNMENT|[34]|this.Status__c|"Completed"|0x74e0aad9
11:33:52.304 (406349147)|STATEMENT_EXECUTE|[35]
11:33:52.304 (406391475)|HEAP_ALLOCATE|[35]|Bytes:8
11:33:52.304 (406406091)|DML_BEGIN|[35]|Op:Upsert|Type:HTask__c|Rows:1
11:33:52.304 (406444630)|HEAP_ALLOCATE|[EXTERNAL]|Bytes:8
11:33:52.304 (413297896)|CODE_UNIT_STARTED|[EXTERNAL]|Validation:HTask:a00f4000009W3eM
11:33:52.304 (413321747)|VALIDATION_RULE|03df40000002ejE|ContactRequired
11:33:52.304 (413443410)|VALIDATION_FORMULA|ISBLANK(Contact__c)|Contact__c=003f400000Pu06o
11:33:52.304 (413454309)|VALIDATION_PASS
11:33:52.304 (413457889)|VALIDATION_RULE|03df40000002ejO|DificultyRequired
11:33:52.304 (413560834)|VALIDATION_FORMULA|ISBLANK(TEXT(Difficulty__c))|Difficulty__c=Hard
11:33:52.304 (413570678)|VALIDATION_PASS
11:33:52.304 (413573283)|VALIDATION_RULE|03df40000002bNN|StatusNone
11:33:52.304 (413740676)|VALIDATION_FORMULA|TEXT(Status__c) <> 'New'  
&& TEXT(Status__c) <> 'In Progress'
&& TEXT(Status__c) <> 'Completed'|Status__c=Completed
11:33:52.304 (413751416)|VALIDATION_PASS
11:33:52.304 (413843806)|CODE_UNIT_FINISHED|Validation:HTask:a00f4000009W3eM
11:33:52.304 (427042394)|CODE_UNIT_STARTED|[EXTERNAL]|01qf4000001HypC|completeHTaskTrigger on HTask trigger event AfterUpdate
11:33:52.304 (427132481)|HEAP_ALLOCATE|[EXTERNAL]|Bytes:8
11:33:52.304 (427173612)|HEAP_ALLOCATE|[EXTERNAL]|Bytes:8
11:33:52.304 (427304937)|HEAP_ALLOCATE|[EXTERNAL]|Bytes:10
11:33:52.304 (427332863)|HEAP_ALLOCATE|[EXTERNAL]|Bytes:12
11:33:52.304 (427347204)|VARIABLE_SCOPE_BEGIN|[1]|this|completeHTaskTrigger|true|false
11:33:52.304 (427399616)|VARIABLE_ASSIGNMENT|[1]|this|{}|0x7aea07c3
11:33:52.304 (427463024)|HEAP_ALLOCATE|[EXTERNAL]|Bytes:12
11:33:52.304 (427474820)|VARIABLE_SCOPE_BEGIN|[1]|this|completeHTaskTrigger|true|false
11:33:52.304 (427496330)|VARIABLE_ASSIGNMENT|[1]|this|{}|0x7aea07c3
11:33:52.304 (427520226)|STATEMENT_EXECUTE|[1]
11:33:52.304 (427523008)|STATEMENT_EXECUTE|[3]
11:33:52.304 (427560450)|HEAP_ALLOCATE|[3]|Bytes:99
11:33:52.304 (427589272)|HEAP_ALLOCATE|[3]|Bytes:4
11:33:52.304 (427605682)|HEAP_ALLOCATE|[3]|Bytes:7
11:33:52.304 (428649026)|SOQL_EXECUTE_BEGIN|[3]|Aggregations:0|SELECT Id, Contact__c, Type__c, Status__c, DueDate__c, Points__c FROM HTask__c WHERE Id IN :tmpVar1
11:33:52.304 (436956223)|SOQL_EXECUTE_END|[3]|Rows:1
11:33:52.304 (436998982)|HEAP_ALLOCATE|[3]|Bytes:8
11:33:52.304 (437028023)|HEAP_ALLOCATE|[3]|Bytes:148
11:33:52.304 (437066663)|HEAP_ALLOCATE|[3]|Bytes:8
11:33:52.304 (437098578)|HEAP_ALLOCATE|[3]|Bytes:24
11:33:52.304 (437149401)|VARIABLE_ASSIGNMENT|[3]|this.task|{"Id":"a00f4000009W3eMAAS","Contact__c":"003f400000Pu06oAAB","Type__c":"TO-DO","Status__c":"Completed","Points__c":5.00}|0x7aea07c3
11:33:52.304 (437158645)|STATEMENT_EXECUTE|[5]
11:33:52.304 (437163052)|HEAP_ALLOCATE|[5]|Bytes:59
11:33:52.304 (437178041)|HEAP_ALLOCATE|[5]|Bytes:4
11:33:52.304 (437431608)|SOQL_EXECUTE_BEGIN|[5]|Aggregations:0|SELECT Id, Name, Points__c FROM Contact WHERE Id = :tmpVar1
11:33:52.304 (441077575)|SOQL_EXECUTE_END|[5]|Rows:1
11:33:52.304 (441097639)|HEAP_ALLOCATE|[5]|Bytes:8
11:33:52.304 (441110574)|HEAP_ALLOCATE|[5]|Bytes:98
11:33:52.304 (441141760)|HEAP_ALLOCATE|[5]|Bytes:8
11:33:52.304 (441165416)|HEAP_ALLOCATE|[5]|Bytes:16
11:33:52.304 (441194669)|VARIABLE_ASSIGNMENT|[5]|this.conta|{"Id":"003f400000Pu06oAAB","Name":"TestContact1","Points__c":10}|0x7aea07c3
11:33:52.304 (441231661)|STATEMENT_EXECUTE|[7]
11:33:52.304 (441233907)|STATEMENT_EXECUTE|[8]
11:33:52.304 (441237008)|HEAP_ALLOCATE|[8]|Bytes:1
11:33:52.304 (441269401)|USER_DEBUG|[8]|DEBUG|1
11:33:52.304 (441375272)|STATEMENT_EXECUTE|[9]
11:33:52.304 (441377552)|STATEMENT_EXECUTE|[10]
11:33:52.304 (441380638)|HEAP_ALLOCATE|[10]|Bytes:1
11:33:52.304 (441397824)|USER_DEBUG|[10]|DEBUG|2
11:33:52.304 (441467954)|STATEMENT_EXECUTE|[14]
11:33:52.304 (441470066)|STATEMENT_EXECUTE|[15]
11:33:52.304 (441503261)|HEAP_ALLOCATE|[15]|Bytes:28
11:33:52.304 (441509436)|HEAP_ALLOCATE|[15]|Bytes:28
11:33:52.304 (441592869)|HEAP_ALLOCATE|[15]|Bytes:28
11:33:52.304 (441597967)|HEAP_ALLOCATE|[15]|Bytes:28
11:33:52.304 (441623453)|HEAP_ALLOCATE|[15]|Bytes:28
11:33:52.304 (441688594)|VARIABLE_ASSIGNMENT|[15]|this.Points__c|7.50|0x2be67b1c
11:33:52.304 (441696207)|STATEMENT_EXECUTE|[18]
11:33:52.304 (441723863)|HEAP_ALLOCATE|[18]|Bytes:8
11:33:52.304 (441736961)|DML_BEGIN|[18]|Op:Update|Type:Contact|Rows:1
11:33:52.304 (441767038)|HEAP_ALLOCATE|[EXTERNAL]|Bytes:8
11:33:52.304 (445878120)|CODE_UNIT_STARTED|[EXTERNAL]|DuplicateDetector
11:33:52.304 (445902550)|DUPLICATE_DETECTION_BEGIN
11:33:52.304 (445972051)|DUPLICATE_DETECTION_RULE_INVOCATION|DuplicateRuleId:0Bmf4000005NvDQ|DuplicateRuleName:Standard Contact Duplicate Rule|DmlType:UPDATE
11:33:52.304 (446059228)|DUPLICATE_DETECTION_END
11:33:52.304 (446077374)|CODE_UNIT_FINISHED|DuplicateDetector
11:33:52.304 (460116277)|DML_END|[18]
11:33:52.460 (460167056)|CUMULATIVE_LIMIT_USAGE
11:33:52.460 (460167056)|LIMIT_USAGE_FOR_NS|(default)|
  Number of SOQL queries: 0 out of 100
  Number of query rows: 0 out of 50000
  Number of SOSL queries: 0 out of 20
  Number of DML statements: 0 out of 150
  Number of DML rows: 0 out of 10000
  Maximum CPU time: 0 out of 10000
  Maximum heap size: 0 out of 6000000
  Number of callouts: 0 out of 100
  Number of Email Invocations: 0 out of 10
  Number of future calls: 0 out of 50
  Number of queueable jobs added to the queue: 0 out of 50
  Number of Mobile Apex push calls: 0 out of 10

11:33:52.460 (460167056)|TESTING_LIMITS
11:33:52.460 (460167056)|LIMIT_USAGE_FOR_NS|(default)|
  Number of SOQL queries: 4 out of 100
  Number of query rows: 4 out of 50000
  Number of SOSL queries: 0 out of 20
  Number of DML statements: 4 out of 150
  Number of DML rows: 4 out of 10000
  Maximum CPU time: 0 out of 10000
  Maximum heap size: 0 out of 6000000
  Number of callouts: 0 out of 100
  Number of Email Invocations: 0 out of 10
  Number of future calls: 0 out of 50
  Number of queueable jobs added to the queue: 0 out of 50
  Number of Mobile Apex push calls: 0 out of 10

11:33:52.460 (460167056)|CUMULATIVE_LIMIT_USAGE_END

11:33:52.304 (461161985)|CODE_UNIT_FINISHED|completeHTaskTrigger on HTask trigger event AfterUpdate
11:33:52.304 (461712064)|DML_END|[35]
11:33:52.304 (461738977)|STATEMENT_EXECUTE|[37]
11:33:52.304 (461752610)|HEAP_ALLOCATE|[37]|Bytes:65
11:33:52.304 (461802088)|HEAP_ALLOCATE|[37]|Bytes:4
11:33:52.304 (462144491)|SOQL_EXECUTE_BEGIN|[37]|Aggregations:0|SELECT Id, Points__c FROM Contact WHERE LastName = 'TestContact1'
11:33:52.304 (485422570)|SOQL_EXECUTE_END|[37]|Rows:1
11:33:52.304 (485469492)|HEAP_ALLOCATE|[37]|Bytes:8
11:33:52.304 (485491945)|HEAP_ALLOCATE|[37]|Bytes:78
11:33:52.304 (485561826)|HEAP_ALLOCATE|[37]|Bytes:8
11:33:52.304 (485613826)|HEAP_ALLOCATE|[37]|Bytes:12
11:33:52.304 (485628774)|VARIABLE_SCOPE_BEGIN|[37]|cont1After|Contact|true|false
11:33:52.304 (485665885)|VARIABLE_ASSIGNMENT|[37]|cont1After|{"Id":"003f400000Pu06oAAB","Points__c":7.5}|0x4169d675
11:33:52.304 (485678317)|STATEMENT_EXECUTE|[38]
11:33:52.304 (485706753)|METHOD_ENTRY|[38]||System.Test.stopTest()
11:33:52.304 (487327694)|METHOD_EXIT|[38]||System.Test.stopTest()
11:33:52.304 (487342713)|STATEMENT_EXECUTE|[39]
11:33:52.304 (487480949)|HEAP_ALLOCATE|[39]|Bytes:28
11:33:52.304 (487518902)|HEAP_ALLOCATE|[39]|Bytes:28
11:33:52.304 (487629080)|EXCEPTION_THROWN|[39]|System.AssertException: Assertion Failed: Expected: 15.00, Actual: 7.5
11:33:52.304 (487744766)|HEAP_ALLOCATE|[39]|Bytes:50
11:33:52.304 (487838879)|FATAL_ERROR|System.AssertException: Assertion Failed: Expected: 15.00, Actual: 7.5

Class.CompleteHTaskTriggerTest.completeTODOTask: line 39, column 1
11:33:52.304 (487857238)|FATAL_ERROR|System.AssertException: Assertion Failed: Expected: 15.00, Actual: 7.5

Class.CompleteHTaskTriggerTest.completeTODOTask: line 39, column 1
11:33:52.487 (487865288)|CUMULATIVE_LIMIT_USAGE
11:33:52.487 (487865288)|LIMIT_USAGE_FOR_NS|(default)|
  Number of SOQL queries: 0 out of 100
  Number of query rows: 0 out of 50000
  Number of SOSL queries: 0 out of 20
  Number of DML statements: 0 out of 150
  Number of DML rows: 0 out of 10000
  Maximum CPU time: 0 out of 10000
  Maximum heap size: 0 out of 6000000
  Number of callouts: 0 out of 100
  Number of Email Invocations: 0 out of 10
  Number of future calls: 0 out of 50
  Number of queueable jobs added to the queue: 0 out of 50
  Number of Mobile Apex push calls: 0 out of 10

11:33:52.487 (487865288)|TESTING_LIMITS
11:33:52.487 (487865288)|LIMIT_USAGE_FOR_NS|(default)|
  Number of SOQL queries: 5 out of 100
  Number of query rows: 5 out of 50000
  Number of SOSL queries: 0 out of 20
  Number of DML statements: 4 out of 150
  Number of DML rows: 4 out of 10000
  Maximum CPU time: 0 out of 10000
  Maximum heap size: 0 out of 6000000
  Number of callouts: 0 out of 100
  Number of Email Invocations: 0 out of 10
  Number of future calls: 0 out of 50
  Number of queueable jobs added to the queue: 0 out of 50
  Number of Mobile Apex push calls: 0 out of 10

11:33:52.487 (487865288)|CUMULATIVE_LIMIT_USAGE_END

11:33:52.304 (487920862)|CODE_UNIT_FINISHED|CompleteHTaskTriggerTest.completeTODOTask
11:33:52.304 (489198800)|EXECUTION_FINISHED
11:33:52.554 (554974807)|USER_INFO|[EXTERNAL]|005f4000002PiXT|amancebo.habitica@altimetrik.com|Argentine Time|GMT-03:00
11:33:52.554 (554995754)|EXECUTION_STARTED
11:33:52.554 (555000228)|CODE_UNIT_STARTED|[EXTERNAL]|DuplicateDetector
11:33:52.554 (555013291)|DUPLICATE_DETECTION_BEGIN
11:33:52.554 (555071796)|DUPLICATE_DETECTION_RULE_INVOCATION|DuplicateRuleId:0Bmf4000005NvDQ|DuplicateRuleName:Standard Contact Duplicate Rule|DmlType:INSERT
11:33:52.554 (565316542)|DUPLICATE_DETECTION_END
11:33:52.554 (565325778)|CODE_UNIT_FINISHED|DuplicateDetector
11:33:52.554 (566632744)|EXECUTION_FINISHED
11:33:52.567 (567553118)|USER_INFO|[EXTERNAL]|005f4000002PiXT|amancebo.habitica@altimetrik.com|Argentine Time|GMT-03:00
11:33:52.567 (567571509)|EXECUTION_STARTED
11:33:52.567 (567574906)|CODE_UNIT_STARTED|[EXTERNAL]|DuplicateDetector
11:33:52.567 (567584991)|DUPLICATE_DETECTION_BEGIN
11:33:52.567 (567641708)|DUPLICATE_DETECTION_RULE_INVOCATION|DuplicateRuleId:0Bmf4000005NvDQ|DuplicateRuleName:Standard Contact Duplicate Rule|DmlType:UPDATE
11:33:52.567 (576959184)|DUPLICATE_DETECTION_END
11:33:52.567 (576967725)|CODE_UNIT_FINISHED|DuplicateDetector
11:33:52.567 (577770493)|EXECUTION_FINISHED
