42.0 APEX_CODE,FINEST;APEX_PROFILING,INFO;CALLOUT,INFO;DB,INFO;SYSTEM,DEBUG;VALIDATION,INFO;VISUALFORCE,INFO;WAVE,INFO;WORKFLOW,INFO
11:54:05.0 (86221)|USER_INFO|[EXTERNAL]|005f4000002PiXT|amancebo.habitica@altimetrik.com|Argentine Time|GMT-03:00
11:54:05.0 (306799)|EXECUTION_STARTED
11:54:05.0 (313110)|CODE_UNIT_STARTED|[EXTERNAL]|Aura
11:54:05.0 (1620494)|CODE_UNIT_STARTED|[EXTERNAL]|01pf400000Gj25X|TaskListController.getAllTasks
11:54:05.0 (1763717)|HEAP_ALLOCATE|[72]|Bytes:3
11:54:05.0 (1827678)|HEAP_ALLOCATE|[77]|Bytes:152
11:54:05.0 (1845929)|HEAP_ALLOCATE|[342]|Bytes:408
11:54:05.0 (1858054)|HEAP_ALLOCATE|[355]|Bytes:408
11:54:05.0 (1868429)|HEAP_ALLOCATE|[467]|Bytes:48
11:54:05.0 (1930821)|HEAP_ALLOCATE|[139]|Bytes:6
11:54:05.0 (1995985)|HEAP_ALLOCATE|[EXTERNAL]|Bytes:1
11:54:05.0 (2038256)|METHOD_ENTRY|[1]|01pf400000Gj25X|TaskListController.TaskListController()
11:54:05.0 (2045712)|STATEMENT_EXECUTE|[1]
11:54:05.0 (2051600)|STATEMENT_EXECUTE|[1]
11:54:05.0 (2082524)|HEAP_ALLOCATE|[50]|Bytes:5
11:54:05.0 (2102930)|HEAP_ALLOCATE|[56]|Bytes:5
11:54:05.0 (2110524)|HEAP_ALLOCATE|[64]|Bytes:7
11:54:05.0 (2137734)|SYSTEM_MODE_ENTER|false
11:54:05.0 (2222177)|HEAP_ALLOCATE|[EXTERNAL]|Bytes:5
11:54:05.0 (2230245)|SYSTEM_MODE_EXIT|false
11:54:05.0 (2257950)|METHOD_EXIT|[1]|TaskListController
11:54:05.0 (2271789)|SYSTEM_MODE_ENTER|false
11:54:05.0 (2285676)|HEAP_ALLOCATE|[4]|Bytes:5
11:54:05.0 (2290810)|STATEMENT_EXECUTE|[3]
11:54:05.0 (2292698)|STATEMENT_EXECUTE|[4]
11:54:05.0 (2296106)|HEAP_ALLOCATE|[4]|Bytes:45
11:54:05.0 (2310839)|HEAP_ALLOCATE|[4]|Bytes:4
11:54:05.0 (2754601)|SOQL_EXECUTE_BEGIN|[4]|Aggregations:0|SELECT Id, Name, Description__c FROM HTask__c
11:54:05.0 (4734701)|SOQL_EXECUTE_END|[4]|Rows:2
11:54:05.0 (4756046)|HEAP_ALLOCATE|[4]|Bytes:12
11:54:05.0 (4771623)|HEAP_ALLOCATE|[4]|Bytes:104
11:54:05.0 (4851051)|HEAP_ALLOCATE|[4]|Bytes:12
11:54:05.0 (4873618)|VARIABLE_SCOPE_BEGIN|[4]|ltask|List<ANY>|true|false
11:54:05.0 (4913471)|VARIABLE_ASSIGNMENT|[4]|ltask|[{"Id":"a00f4000009UZfdAAG","Name":"cbx","Description__c":"yte"},{"Id":"a00f4000009U9j8AAC","Name":"TestH1"}]|0x1c7edee6
11:54:05.0 (4921806)|STATEMENT_EXECUTE|[5]
11:54:05.0 (4930465)|SYSTEM_MODE_EXIT|false
11:54:05.4 (4951374)|CUMULATIVE_LIMIT_USAGE
11:54:05.4 (4951374)|LIMIT_USAGE_FOR_NS|(default)|
  Number of SOQL queries: 1 out of 100
  Number of query rows: 2 out of 50000
  Number of SOSL queries: 0 out of 20
  Number of DML statements: 0 out of 150
  Number of DML rows: 0 out of 10000
  Maximum CPU time: 0 out of 10000
  Maximum heap size: 0 out of 6000000
  Number of callouts: 0 out of 100
  Number of Email Invocations: 0 out of 10
  Number of future calls: 0 out of 50
  Number of queueable jobs added to the queue: 0 out of 50
  Number of Mobile Apex push calls: 0 out of 10

11:54:05.4 (4951374)|CUMULATIVE_LIMIT_USAGE_END

11:54:05.0 (4994957)|CODE_UNIT_FINISHED|TaskListController.getAllTasks
11:54:05.0 (5062810)|CODE_UNIT_FINISHED|Aura
11:54:05.0 (6183446)|EXECUTION_FINISHED
