42.0 APEX_CODE,FINEST;APEX_PROFILING,INFO;CALLOUT,INFO;DB,INFO;SYSTEM,DEBUG;VALIDATION,INFO;VISUALFORCE,INFO;WAVE,INFO;WORKFLOW,INFO
15:27:21.0 (473984)|USER_INFO|[EXTERNAL]|005f4000002PiXT|amancebo.habitica@altimetrik.com|Argentine Time|GMT-03:00
15:27:21.0 (664278)|EXECUTION_STARTED
15:27:21.0 (669509)|CODE_UNIT_STARTED|[EXTERNAL]|Aura
15:27:21.0 (2497670)|CODE_UNIT_STARTED|[EXTERNAL]|01pf400000Gj25X|TaskListController.getAllUncompletedTask
15:27:21.0 (2677360)|HEAP_ALLOCATE|[72]|Bytes:3
15:27:21.0 (2744184)|HEAP_ALLOCATE|[77]|Bytes:152
15:27:21.0 (2760587)|HEAP_ALLOCATE|[342]|Bytes:408
15:27:21.0 (2773840)|HEAP_ALLOCATE|[355]|Bytes:408
15:27:21.0 (2784843)|HEAP_ALLOCATE|[467]|Bytes:48
15:27:21.0 (2836274)|HEAP_ALLOCATE|[139]|Bytes:6
15:27:21.0 (2924613)|HEAP_ALLOCATE|[EXTERNAL]|Bytes:3
15:27:21.0 (2979045)|METHOD_ENTRY|[1]|01pf400000Gj25X|TaskListController.TaskListController()
15:27:21.0 (2990300)|STATEMENT_EXECUTE|[1]
15:27:21.0 (2997943)|STATEMENT_EXECUTE|[1]
15:27:21.0 (3021944)|METHOD_EXIT|[1]|TaskListController
15:27:21.0 (3052760)|SYSTEM_MODE_ENTER|false
15:27:21.0 (3171070)|STATEMENT_EXECUTE|[9]
15:27:21.0 (3173334)|STATEMENT_EXECUTE|[10]
15:27:21.0 (3177280)|HEAP_ALLOCATE|[10]|Bytes:108
15:27:21.0 (3197533)|HEAP_ALLOCATE|[10]|Bytes:4
15:27:21.0 (3251216)|HEAP_ALLOCATE|[50]|Bytes:5
15:27:21.0 (3269829)|HEAP_ALLOCATE|[56]|Bytes:5
15:27:21.0 (3279309)|HEAP_ALLOCATE|[64]|Bytes:7
15:27:21.0 (3788457)|SOQL_EXECUTE_BEGIN|[10]|Aggregations:0|SELECT Id, Name, Description__c, Type__c, Points__c, Contact__c FROM HTask__c WHERE Status__c != 'Completed'
15:27:21.0 (20349290)|SOQL_EXECUTE_END|[10]|Rows:6
15:27:21.0 (20384716)|HEAP_ALLOCATE|[10]|Bytes:28
15:27:21.0 (20426296)|HEAP_ALLOCATE|[10]|Bytes:997
15:27:21.0 (20561475)|HEAP_ALLOCATE|[10]|Bytes:28
15:27:21.0 (20584334)|VARIABLE_SCOPE_BEGIN|[10]|ltask|List<HTask__c>|true|false
15:27:21.0 (20618672)|VARIABLE_ASSIGNMENT|[10]|ltask|"List of size 6 too large to display"|0xd2ebd98
15:27:21.0 (20626919)|STATEMENT_EXECUTE|[13]
15:27:21.0 (20657961)|SYSTEM_MODE_EXIT|false
15:27:21.20 (20685817)|CUMULATIVE_LIMIT_USAGE
15:27:21.20 (20685817)|LIMIT_USAGE_FOR_NS|(default)|
  Number of SOQL queries: 1 out of 100
  Number of query rows: 6 out of 50000
  Number of SOSL queries: 0 out of 20
  Number of DML statements: 0 out of 150
  Number of DML rows: 0 out of 10000
  Maximum CPU time: 0 out of 10000
  Maximum heap size: 0 out of 6000000
  Number of callouts: 0 out of 100
  Number of Email Invocations: 0 out of 10
  Number of future calls: 0 out of 50
  Number of queueable jobs added to the queue: 0 out of 50
  Number of Mobile Apex push calls: 0 out of 10

15:27:21.20 (20685817)|CUMULATIVE_LIMIT_USAGE_END

15:27:21.0 (20720484)|CODE_UNIT_FINISHED|TaskListController.getAllUncompletedTask
15:27:21.0 (20834640)|CODE_UNIT_FINISHED|Aura
15:27:21.0 (22059410)|EXECUTION_FINISHED
