42.0 APEX_CODE,FINEST;APEX_PROFILING,INFO;CALLOUT,INFO;DB,INFO;SYSTEM,DEBUG;VALIDATION,INFO;VISUALFORCE,INFO;WAVE,INFO;WORKFLOW,INFO
15:23:21.0 (75163)|USER_INFO|[EXTERNAL]|005f4000002PiXT|amancebo.habitica@altimetrik.com|Argentine Time|GMT-03:00
15:23:21.0 (117264)|EXECUTION_STARTED
15:23:21.0 (121988)|CODE_UNIT_STARTED|[EXTERNAL]|Aura
15:23:21.0 (1306810)|CODE_UNIT_STARTED|[EXTERNAL]|01pf400000Gj25X|TaskListController.getAllUncompletedTask
15:23:21.0 (1489177)|HEAP_ALLOCATE|[72]|Bytes:3
15:23:21.0 (1522023)|HEAP_ALLOCATE|[77]|Bytes:152
15:23:21.0 (1537759)|HEAP_ALLOCATE|[342]|Bytes:408
15:23:21.0 (1551304)|HEAP_ALLOCATE|[355]|Bytes:408
15:23:21.0 (1561710)|HEAP_ALLOCATE|[467]|Bytes:48
15:23:21.0 (1586442)|HEAP_ALLOCATE|[139]|Bytes:6
15:23:21.0 (1635740)|HEAP_ALLOCATE|[EXTERNAL]|Bytes:3
15:23:21.0 (1647486)|METHOD_ENTRY|[1]|01pf400000Gj25X|TaskListController.TaskListController()
15:23:21.0 (1654607)|STATEMENT_EXECUTE|[1]
15:23:21.0 (1659780)|STATEMENT_EXECUTE|[1]
15:23:21.0 (1664581)|METHOD_EXIT|[1]|TaskListController
15:23:21.0 (1688421)|SYSTEM_MODE_ENTER|false
15:23:21.0 (1701766)|STATEMENT_EXECUTE|[9]
15:23:21.0 (1704242)|STATEMENT_EXECUTE|[10]
15:23:21.0 (1708729)|HEAP_ALLOCATE|[10]|Bytes:108
15:23:21.0 (1728349)|HEAP_ALLOCATE|[10]|Bytes:4
15:23:21.0 (1774946)|HEAP_ALLOCATE|[50]|Bytes:5
15:23:21.0 (1797586)|HEAP_ALLOCATE|[56]|Bytes:5
15:23:21.0 (1808827)|HEAP_ALLOCATE|[64]|Bytes:7
15:23:21.0 (2375719)|SOQL_EXECUTE_BEGIN|[10]|Aggregations:0|SELECT Id, Name, Description__c, Type__c, Points__c, Contact__c FROM HTask__c WHERE Status__c != 'Completed'
15:23:21.0 (18760008)|SOQL_EXECUTE_END|[10]|Rows:6
15:23:21.0 (18792470)|HEAP_ALLOCATE|[10]|Bytes:28
15:23:21.0 (18832488)|HEAP_ALLOCATE|[10]|Bytes:997
15:23:21.0 (18999118)|HEAP_ALLOCATE|[10]|Bytes:28
15:23:21.0 (19030479)|VARIABLE_SCOPE_BEGIN|[10]|ltask|List<HTask__c>|true|false
15:23:21.0 (19074829)|VARIABLE_ASSIGNMENT|[10]|ltask|"List of size 6 too large to display"|0x5d78de31
15:23:21.0 (19085928)|STATEMENT_EXECUTE|[13]
15:23:21.0 (19094241)|SYSTEM_MODE_EXIT|false
15:23:21.19 (19123820)|CUMULATIVE_LIMIT_USAGE
15:23:21.19 (19123820)|LIMIT_USAGE_FOR_NS|(default)|
  Number of SOQL queries: 1 out of 100
  Number of query rows: 6 out of 50000
  Number of SOSL queries: 0 out of 20
  Number of DML statements: 0 out of 150
  Number of DML rows: 0 out of 10000
  Maximum CPU time: 0 out of 10000
  Maximum heap size: 0 out of 6000000
  Number of callouts: 0 out of 100
  Number of Email Invocations: 0 out of 10
  Number of future calls: 0 out of 50
  Number of queueable jobs added to the queue: 0 out of 50
  Number of Mobile Apex push calls: 0 out of 10

15:23:21.19 (19123820)|CUMULATIVE_LIMIT_USAGE_END

15:23:21.0 (19161063)|CODE_UNIT_FINISHED|TaskListController.getAllUncompletedTask
15:23:21.0 (19272590)|CODE_UNIT_FINISHED|Aura
15:23:21.0 (20646640)|EXECUTION_FINISHED
