42.0 APEX_CODE,FINEST;APEX_PROFILING,INFO;CALLOUT,INFO;DB,INFO;SYSTEM,DEBUG;VALIDATION,INFO;VISUALFORCE,INFO;WAVE,INFO;WORKFLOW,INFO
11:42:59.0 (457685)|USER_INFO|[EXTERNAL]|005f4000002PiXT|amancebo.habitica@altimetrik.com|Argentine Time|GMT-03:00
11:42:59.0 (507279)|EXECUTION_STARTED
11:42:59.0 (514068)|CODE_UNIT_STARTED|[EXTERNAL]|Aura
11:42:59.0 (2042832)|CODE_UNIT_STARTED|[EXTERNAL]|01pf400000Gj25X|TaskListController.getAllTasks
11:42:59.0 (2223214)|HEAP_ALLOCATE|[72]|Bytes:3
11:42:59.0 (2271516)|HEAP_ALLOCATE|[77]|Bytes:152
11:42:59.0 (2293475)|HEAP_ALLOCATE|[342]|Bytes:408
11:42:59.0 (2315008)|HEAP_ALLOCATE|[355]|Bytes:408
11:42:59.0 (2334627)|HEAP_ALLOCATE|[467]|Bytes:48
11:42:59.0 (2372981)|HEAP_ALLOCATE|[139]|Bytes:6
11:42:59.0 (2453709)|HEAP_ALLOCATE|[EXTERNAL]|Bytes:1
11:42:59.0 (2520349)|METHOD_ENTRY|[1]|01pf400000Gj25X|TaskListController.TaskListController()
11:42:59.0 (2530079)|STATEMENT_EXECUTE|[1]
11:42:59.0 (2536167)|STATEMENT_EXECUTE|[1]
11:42:59.0 (2573982)|HEAP_ALLOCATE|[50]|Bytes:5
11:42:59.0 (2602530)|HEAP_ALLOCATE|[56]|Bytes:5
11:42:59.0 (2614323)|HEAP_ALLOCATE|[64]|Bytes:7
11:42:59.0 (2643648)|SYSTEM_MODE_ENTER|false
11:42:59.0 (2658560)|HEAP_ALLOCATE|[EXTERNAL]|Bytes:5
11:42:59.0 (2669742)|SYSTEM_MODE_EXIT|false
11:42:59.0 (2680843)|METHOD_EXIT|[1]|TaskListController
11:42:59.0 (2695824)|SYSTEM_MODE_ENTER|false
11:42:59.0 (2713081)|HEAP_ALLOCATE|[4]|Bytes:5
11:42:59.0 (2720640)|STATEMENT_EXECUTE|[3]
11:42:59.0 (2723314)|STATEMENT_EXECUTE|[4]
11:42:59.0 (2727776)|HEAP_ALLOCATE|[4]|Bytes:45
11:42:59.0 (2755354)|HEAP_ALLOCATE|[4]|Bytes:4
11:42:59.0 (4502954)|SOQL_EXECUTE_BEGIN|[4]|Aggregations:0|SELECT Id, Name, Description__c FROM HTask__c
11:42:59.0 (7212876)|SOQL_EXECUTE_END|[4]|Rows:2
11:42:59.0 (7239330)|HEAP_ALLOCATE|[4]|Bytes:12
11:42:59.0 (7259589)|HEAP_ALLOCATE|[4]|Bytes:104
11:42:59.0 (7368555)|HEAP_ALLOCATE|[4]|Bytes:12
11:42:59.0 (7391741)|VARIABLE_SCOPE_BEGIN|[4]|ltask|List<ANY>|true|false
11:42:59.0 (7433179)|VARIABLE_ASSIGNMENT|[4]|ltask|[{"Id":"a00f4000009UZfdAAG","Name":"cbx","Description__c":"yte"},{"Id":"a00f4000009U9j8AAC","Name":"TestH1"}]|0x18cbf036
11:42:59.0 (7440839)|STATEMENT_EXECUTE|[5]
11:42:59.0 (7450433)|SYSTEM_MODE_EXIT|false
11:42:59.7 (7472103)|CUMULATIVE_LIMIT_USAGE
11:42:59.7 (7472103)|LIMIT_USAGE_FOR_NS|(default)|
  Number of SOQL queries: 1 out of 100
  Number of query rows: 2 out of 50000
  Number of SOSL queries: 0 out of 20
  Number of DML statements: 0 out of 150
  Number of DML rows: 0 out of 10000
  Maximum CPU time: 0 out of 10000
  Maximum heap size: 0 out of 6000000
  Number of callouts: 0 out of 100
  Number of Email Invocations: 0 out of 10
  Number of future calls: 0 out of 50
  Number of queueable jobs added to the queue: 0 out of 50
  Number of Mobile Apex push calls: 0 out of 10

11:42:59.7 (7472103)|CUMULATIVE_LIMIT_USAGE_END

11:42:59.0 (7509195)|CODE_UNIT_FINISHED|TaskListController.getAllTasks
11:42:59.0 (7572837)|CODE_UNIT_FINISHED|Aura
11:42:59.0 (8705115)|EXECUTION_FINISHED
