36.0 APEX_CODE,FINEST;APEX_PROFILING,INFO;CALLOUT,INFO;DB,INFO;SYSTEM,DEBUG;VALIDATION,INFO;VISUALFORCE,INFO;WAVE,INFO;WORKFLOW,INFO
15:49:18.0 (838842)|USER_INFO|[EXTERNAL]|005f4000002PiXT|amancebo.habitica@altimetrik.com|Argentine Time|GMT-03:00
15:49:18.0 (893415)|EXECUTION_STARTED
15:49:18.0 (899273)|CODE_UNIT_STARTED|[EXTERNAL]|01pf400000GkBRX|EndOfDayScheduleTest.dailyTest
15:49:18.0 (1167822)|HEAP_ALLOCATE|[72]|Bytes:3
15:49:18.0 (1214874)|HEAP_ALLOCATE|[77]|Bytes:152
15:49:18.0 (1231194)|HEAP_ALLOCATE|[342]|Bytes:408
15:49:18.0 (1245887)|HEAP_ALLOCATE|[355]|Bytes:408
15:49:18.0 (1259327)|HEAP_ALLOCATE|[467]|Bytes:48
15:49:18.0 (1287130)|HEAP_ALLOCATE|[139]|Bytes:6
15:49:18.0 (1303250)|HEAP_ALLOCATE|[EXTERNAL]|Bytes:50
15:49:18.0 (1323754)|METHOD_ENTRY|[2]|01pf400000GkBRX|EndOfDayScheduleTest.EndOfDayScheduleTest()
15:49:18.0 (1330065)|STATEMENT_EXECUTE|[2]
15:49:18.0 (1335479)|STATEMENT_EXECUTE|[2]
15:49:18.0 (1339385)|METHOD_EXIT|[2]|EndOfDayScheduleTest
15:49:18.0 (1548554)|HEAP_ALLOCATE|[50]|Bytes:5
15:49:18.0 (1574859)|HEAP_ALLOCATE|[56]|Bytes:5
15:49:18.0 (1583516)|HEAP_ALLOCATE|[64]|Bytes:7
15:49:18.0 (1629956)|STATEMENT_EXECUTE|[4]
15:49:18.0 (1631943)|STATEMENT_EXECUTE|[5]
15:49:18.0 (1690533)|HEAP_ALLOCATE|[5]|Bytes:4
15:49:18.0 (1776861)|HEAP_ALLOCATE|[5]|Bytes:12
15:49:18.0 (1834979)|VARIABLE_ASSIGNMENT|[5]|this.LastName|"TestContact1"|0x160f807f
15:49:18.0 (1883656)|HEAP_ALLOCATE|[5]|Bytes:28
15:49:18.0 (1888388)|HEAP_ALLOCATE|[5]|Bytes:28
15:49:18.0 (1917596)|VARIABLE_ASSIGNMENT|[5]|this.Points__c|10|0x160f807f
15:49:18.0 (1924423)|HEAP_ALLOCATE|[5]|Bytes:23
15:49:18.0 (1944153)|VARIABLE_ASSIGNMENT|[5]|this.Email|"amancebo@altimetrik. (3 more) ..."|0x160f807f
15:49:18.0 (1976979)|VARIABLE_SCOPE_BEGIN|[5]|contBefore|Contact|true|false
15:49:18.0 (1999479)|VARIABLE_ASSIGNMENT|[5]|contBefore|{"LastName":"TestContact1","Points__c":10,"Email":"amancebo@altimetrik. (3 more) ..."}|0x160f807f
15:49:18.0 (2005295)|STATEMENT_EXECUTE|[6]
15:49:18.0 (2034172)|HEAP_ALLOCATE|[6]|Bytes:8
15:49:18.0 (2045219)|DML_BEGIN|[6]|Op:Upsert|Type:Contact|Rows:1
15:49:18.0 (2077509)|HEAP_ALLOCATE|[EXTERNAL]|Bytes:8
15:49:18.0 (13136533)|CODE_UNIT_STARTED|[EXTERNAL]|DuplicateDetector
15:49:18.0 (13163163)|DUPLICATE_DETECTION_BEGIN
15:49:18.0 (13952550)|DUPLICATE_DETECTION_RULE_INVOCATION|DuplicateRuleId:0Bmf4000005NvDQ|DuplicateRuleName:Standard Contact Duplicate Rule|DmlType:INSERT
15:49:18.0 (34478233)|DUPLICATE_DETECTION_MATCH_INVOCATION_DETAILS|EntityType:Contact|ActionTaken:Allow_[Alert,Report]|DuplicateRecordIds:
15:49:18.0 (34502568)|DUPLICATE_DETECTION_MATCH_INVOCATION_SUMMARY|EntityType:Contact|NumRecordsToBeSaved:1|NumRecordsToBeSavedWithDuplicates:0|NumDuplicateRecordsFound:0
15:49:18.0 (34512547)|DUPLICATE_DETECTION_MATCH_INVOCATION_DETAILS|EntityType:Contact|ActionTaken:Allow_[Alert,Report]|DuplicateRecordIds:
15:49:18.0 (34518316)|DUPLICATE_DETECTION_MATCH_INVOCATION_SUMMARY|EntityType:Contact|NumRecordsToBeSaved:1|NumRecordsToBeSavedWithDuplicates:0|NumDuplicateRecordsFound:0
15:49:18.0 (34660204)|DUPLICATE_DETECTION_END
15:49:18.0 (34667381)|CODE_UNIT_FINISHED|DuplicateDetector
15:49:18.0 (54110848)|DML_END|[6]
15:49:18.0 (54138460)|STATEMENT_EXECUTE|[8]
15:49:18.0 (54146136)|HEAP_ALLOCATE|[8]|Bytes:72
15:49:18.0 (54178022)|HEAP_ALLOCATE|[8]|Bytes:4
15:49:18.0 (54363502)|SOQL_EXECUTE_BEGIN|[8]|Aggregations:0|SELECT Id, Points__c, Email FROM Contact WHERE LastName = 'TestContact1'
15:49:18.0 (59988680)|SOQL_EXECUTE_END|[8]|Rows:1
15:49:18.0 (60015480)|HEAP_ALLOCATE|[8]|Bytes:8
15:49:18.0 (60034879)|HEAP_ALLOCATE|[8]|Bytes:110
15:49:18.0 (60152808)|HEAP_ALLOCATE|[8]|Bytes:8
15:49:18.0 (60175185)|HEAP_ALLOCATE|[8]|Bytes:33
15:49:18.0 (60235634)|HEAP_ALLOCATE|[8]|Bytes:16
15:49:18.0 (60274065)|VARIABLE_ASSIGNMENT|[8]|contBefore|{"Id":"003f400000Pu5faAAB","Points__c":10,"Email":"amancebo@altimetrik. (3 more) ..."}|0x5a31bf09
15:49:18.0 (60281625)|STATEMENT_EXECUTE|[10]
15:49:18.0 (60321466)|HEAP_ALLOCATE|[10]|Bytes:4
15:49:18.0 (60400406)|HEAP_ALLOCATE|[10]|Bytes:9
15:49:18.0 (60437886)|VARIABLE_ASSIGNMENT|[10]|this.Name|"TestTask1"|0x6da35a35
15:49:18.0 (60445864)|HEAP_ALLOCATE|[10]|Bytes:4
15:49:18.0 (60463832)|VARIABLE_ASSIGNMENT|[10]|this.Difficulty__c|"Hard"|0x6da35a35
15:49:18.0 (60470415)|HEAP_ALLOCATE|[10]|Bytes:5
15:49:18.0 (60482307)|VARIABLE_ASSIGNMENT|[10]|this.Type__c|"Daily"|0x6da35a35
15:49:18.0 (60529018)|VARIABLE_ASSIGNMENT|[10]|this.Contact__c|"003f400000Pu5faAAB"|0x6da35a35
15:49:18.0 (60536249)|HEAP_ALLOCATE|[10]|Bytes:10
15:49:18.0 (60655006)|HEAP_ALLOCATE|[10]|Bytes:4
15:49:18.0 (60703671)|VARIABLE_ASSIGNMENT|[10]|this.DueDate__c|"2018-01-06T00:00:00.000Z"|0x6da35a35
15:49:18.0 (60746936)|VARIABLE_SCOPE_BEGIN|[10]|task|HTask__c|true|false
15:49:18.0 (60778574)|VARIABLE_ASSIGNMENT|[10]|task|{"Name":"TestTask1","Difficulty__c":"Hard","Type__c":"Daily","Contact__c":"003f400000Pu5faAAB","DueDate__c":"2018-01-06T00:00:00.000Z"}|0x6da35a35
15:49:18.0 (60789881)|STATEMENT_EXECUTE|[11]
15:49:18.0 (60822559)|HEAP_ALLOCATE|[11]|Bytes:8
15:49:18.0 (60841241)|DML_BEGIN|[11]|Op:Upsert|Type:HTask__c|Rows:1
15:49:18.0 (60881994)|HEAP_ALLOCATE|[EXTERNAL]|Bytes:8
15:49:18.0 (74537070)|CODE_UNIT_STARTED|[EXTERNAL]|Validation:HTask:new
15:49:18.0 (74553837)|VALIDATION_RULE|03df40000002ejE|ContactRequired
15:49:18.0 (74687606)|VALIDATION_FORMULA|ISBLANK(Contact__c)|Contact__c=003f400000Pu5fa
15:49:18.0 (74696152)|VALIDATION_PASS
15:49:18.0 (74698417)|VALIDATION_RULE|03df40000002ejO|DificultyRequired
15:49:18.0 (74757504)|VALIDATION_FORMULA|ISBLANK(TEXT(Difficulty__c))|Difficulty__c=Hard
15:49:18.0 (74763814)|VALIDATION_PASS
15:49:18.0 (74765491)|VALIDATION_RULE|03df40000002bNN|StatusNone
15:49:18.0 (74882684)|VALIDATION_FORMULA|TEXT(Status__c) <> 'New'  
&& TEXT(Status__c) <> 'In Progress'
&& TEXT(Status__c) <> 'Completed'|Status__c=New
15:49:18.0 (74892160)|VALIDATION_PASS
15:49:18.0 (74959617)|CODE_UNIT_FINISHED|Validation:HTask:new
15:49:18.0 (87686697)|DML_END|[11]
15:49:18.0 (87714461)|STATEMENT_EXECUTE|[13]
15:49:18.0 (87738068)|HEAP_ALLOCATE|[13]|Bytes:4
15:49:18.0 (87761900)|HEAP_ALLOCATE|[13]|Bytes:12
15:49:18.0 (87800601)|VARIABLE_ASSIGNMENT|[13]|this.LastName|"TestContact2"|0x7129b4cb
15:49:18.0 (87831297)|HEAP_ALLOCATE|[13]|Bytes:28
15:49:18.0 (87837534)|HEAP_ALLOCATE|[13]|Bytes:28
15:49:18.0 (87870883)|VARIABLE_ASSIGNMENT|[13]|this.Points__c|10|0x7129b4cb
15:49:18.0 (87917603)|VARIABLE_SCOPE_BEGIN|[13]|cont2|Contact|true|false
15:49:18.0 (87954176)|VARIABLE_ASSIGNMENT|[13]|cont2|{"LastName":"TestContact2","Points__c":10}|0x7129b4cb
15:49:18.0 (87960580)|STATEMENT_EXECUTE|[14]
15:49:18.0 (87985231)|HEAP_ALLOCATE|[14]|Bytes:8
15:49:18.0 (87994267)|DML_BEGIN|[14]|Op:Upsert|Type:Contact|Rows:1
15:49:18.0 (88025964)|HEAP_ALLOCATE|[EXTERNAL]|Bytes:8
15:49:18.0 (90040140)|CODE_UNIT_STARTED|[EXTERNAL]|DuplicateDetector
15:49:18.0 (90061963)|DUPLICATE_DETECTION_BEGIN
15:49:18.0 (90135086)|DUPLICATE_DETECTION_RULE_INVOCATION|DuplicateRuleId:0Bmf4000005NvDQ|DuplicateRuleName:Standard Contact Duplicate Rule|DmlType:INSERT
15:49:18.0 (114654404)|DUPLICATE_DETECTION_MATCH_INVOCATION_DETAILS|EntityType:Contact|ActionTaken:Allow_[Alert,Report]|DuplicateRecordIds:
15:49:18.0 (114687994)|DUPLICATE_DETECTION_MATCH_INVOCATION_SUMMARY|EntityType:Contact|NumRecordsToBeSaved:1|NumRecordsToBeSavedWithDuplicates:0|NumDuplicateRecordsFound:0
15:49:18.0 (114698489)|DUPLICATE_DETECTION_MATCH_INVOCATION_DETAILS|EntityType:Contact|ActionTaken:Allow_[Alert,Report]|DuplicateRecordIds:
15:49:18.0 (114707362)|DUPLICATE_DETECTION_MATCH_INVOCATION_SUMMARY|EntityType:Contact|NumRecordsToBeSaved:1|NumRecordsToBeSavedWithDuplicates:0|NumDuplicateRecordsFound:0
15:49:18.0 (114912454)|DUPLICATE_DETECTION_END
15:49:18.0 (114921852)|CODE_UNIT_FINISHED|DuplicateDetector
15:49:18.0 (127173644)|DML_END|[14]
15:49:18.0 (127205639)|STATEMENT_EXECUTE|[16]
15:49:18.0 (127214688)|HEAP_ALLOCATE|[16]|Bytes:65
15:49:18.0 (127245792)|HEAP_ALLOCATE|[16]|Bytes:4
15:49:18.0 (127521794)|SOQL_EXECUTE_BEGIN|[16]|Aggregations:0|SELECT Id, Points__c FROM Contact WHERE LastName = 'TestContact2'
15:49:18.0 (133434431)|SOQL_EXECUTE_END|[16]|Rows:1
15:49:18.0 (133461498)|HEAP_ALLOCATE|[16]|Bytes:8
15:49:18.0 (133484313)|HEAP_ALLOCATE|[16]|Bytes:78
15:49:18.0 (133524119)|HEAP_ALLOCATE|[16]|Bytes:8
15:49:18.0 (133558366)|HEAP_ALLOCATE|[16]|Bytes:12
15:49:18.0 (133592868)|VARIABLE_ASSIGNMENT|[16]|cont2|{"Id":"003f400000Pu5fbAAB","Points__c":10}|0x6cd4718e
15:49:18.0 (133600612)|STATEMENT_EXECUTE|[18]
15:49:18.0 (133623889)|HEAP_ALLOCATE|[18]|Bytes:4
15:49:18.0 (133639512)|HEAP_ALLOCATE|[18]|Bytes:9
15:49:18.0 (133671065)|VARIABLE_ASSIGNMENT|[18]|this.Name|"TestTask2"|0x18245a91
15:49:18.0 (133690580)|VARIABLE_ASSIGNMENT|[18]|this.Type__c|"Daily"|0x18245a91
15:49:18.0 (133718726)|VARIABLE_ASSIGNMENT|[18]|this.Contact__c|"003f400000Pu5fbAAB"|0x18245a91
15:49:18.0 (133725724)|HEAP_ALLOCATE|[18]|Bytes:9
15:49:18.0 (133739586)|VARIABLE_ASSIGNMENT|[18]|this.Status__c|"Completed"|0x18245a91
15:49:18.0 (133767315)|VARIABLE_SCOPE_BEGIN|[18]|task2|HTask__c|true|false
15:49:18.0 (133785018)|VARIABLE_ASSIGNMENT|[18]|task2|{"Name":"TestTask2","Type__c":"Daily","Contact__c":"003f400000Pu5fbAAB","Status__c":"Completed"}|0x18245a91
15:49:18.0 (133791239)|STATEMENT_EXECUTE|[19]
15:49:18.0 (133815408)|HEAP_ALLOCATE|[19]|Bytes:8
15:49:18.0 (133825288)|DML_BEGIN|[19]|Op:Upsert|Type:HTask__c|Rows:1
15:49:18.0 (133849889)|HEAP_ALLOCATE|[EXTERNAL]|Bytes:8
15:49:18.0 (137127999)|CODE_UNIT_STARTED|[EXTERNAL]|Validation:HTask:new
15:49:18.0 (137142463)|VALIDATION_RULE|03df40000002ejE|ContactRequired
15:49:18.0 (137256358)|VALIDATION_FORMULA|ISBLANK(Contact__c)|Contact__c=003f400000Pu5fb
15:49:18.0 (137265028)|VALIDATION_PASS
15:49:18.0 (137267490)|VALIDATION_RULE|03df40000002ejO|DificultyRequired
15:49:18.0 (137327655)|VALIDATION_FORMULA|ISBLANK(TEXT(Difficulty__c))|Difficulty__c=Trivial
15:49:18.0 (137333498)|VALIDATION_PASS
15:49:18.0 (137335184)|VALIDATION_RULE|03df40000002bNN|StatusNone
15:49:18.0 (137425239)|VALIDATION_FORMULA|TEXT(Status__c) <> 'New'  
&& TEXT(Status__c) <> 'In Progress'
&& TEXT(Status__c) <> 'Completed'|Status__c=Completed
15:49:18.0 (137431480)|VALIDATION_PASS
15:49:18.0 (137487992)|CODE_UNIT_FINISHED|Validation:HTask:new
15:49:18.0 (146290344)|DML_END|[19]
15:49:18.0 (146325870)|STATEMENT_EXECUTE|[21]
15:49:18.0 (146337350)|HEAP_ALLOCATE|[21]|Bytes:11
15:49:18.0 (146358956)|VARIABLE_SCOPE_BEGIN|[21]|chron|String|false|false
15:49:18.0 (146383225)|VARIABLE_ASSIGNMENT|[21]|chron|"0 0 0 * * ?"
15:49:18.0 (146389012)|STATEMENT_EXECUTE|[22]
15:49:18.0 (146469908)|HEAP_ALLOCATE|[22]|Bytes:63
15:49:18.0 (146486002)|SYSTEM_METHOD_ENTRY|[1]|Test.Test()
15:49:18.0 (146490161)|STATEMENT_EXECUTE|[1]
15:49:18.0 (146500671)|SYSTEM_METHOD_EXIT|[1]|Test
15:49:18.0 (146521462)|METHOD_ENTRY|[22]||System.Test.startTest()
15:49:18.0 (147692251)|METHOD_EXIT|[22]||System.Test.startTest()
15:49:18.0 (147702967)|STATEMENT_EXECUTE|[23]
15:49:18.0 (147708130)|HEAP_ALLOCATE|[23]|Bytes:13
15:49:18.0 (162157964)|HEAP_ALLOCATE|[23]|Bytes:13
15:49:18.0 (162174488)|HEAP_ALLOCATE|[23]|Bytes:8
15:49:18.0 (162194865)|METHOD_ENTRY|[1]|01pf400000FQMpS|EndOfDaySchedule.EndOfDaySchedule()
15:49:18.0 (162200883)|STATEMENT_EXECUTE|[1]
15:49:18.0 (162209642)|STATEMENT_EXECUTE|[1]
15:49:18.0 (162216862)|METHOD_EXIT|[1]|EndOfDaySchedule
15:49:18.0 (162234133)|HEAP_ALLOCATE|[23]|Bytes:4
15:49:18.0 (162254370)|CONSTRUCTOR_ENTRY|[23]|01pf400000FQMpS|<init>()
15:49:18.0 (162290235)|VARIABLE_SCOPE_BEGIN|[1]|this|EndOfDaySchedule|true|false
15:49:18.0 (162327687)|VARIABLE_ASSIGNMENT|[1]|this|{}|0x6fb302a1
15:49:18.0 (162339590)|HEAP_ALLOCATE|[EXTERNAL]|Bytes:6
15:49:18.0 (162381327)|STATEMENT_EXECUTE|[1]
15:49:18.0 (162388606)|CONSTRUCTOR_EXIT|[23]|01pf400000FQMpS|<init>()
15:49:18.0 (186103945)|STATEMENT_EXECUTE|[24]
15:49:18.0 (186126502)|METHOD_ENTRY|[24]||System.Test.stopTest()
15:49:18.0 (189480838)|CODE_UNIT_STARTED|[EXTERNAL]|01pf400000FQMpS|Test EndOfDay
15:49:18.0 (194010284)|HEAP_ALLOCATE|[EXTERNAL]|Bytes:3
15:49:18.0 (194032304)|SYSTEM_METHOD_ENTRY|[1]|SchedulableContextImpl.SchedulableContextImpl()
15:49:18.0 (194038526)|STATEMENT_EXECUTE|[1]
15:49:18.0 (194048392)|SYSTEM_METHOD_EXIT|[1]|SchedulableContextImpl
15:49:18.0 (194057379)|HEAP_ALLOCATE|[EXTERNAL]|Bytes:8
15:49:18.0 (194063207)|HEAP_ALLOCATE|[EXTERNAL]|Bytes:4
15:49:18.0 (194070513)|VARIABLE_SCOPE_BEGIN|[4]|this|System.SchedulableContextImpl|true|false
15:49:18.0 (194107185)|VARIABLE_ASSIGNMENT|[4]|this|{}|0x4b091c96
15:49:18.0 (194113537)|VARIABLE_SCOPE_BEGIN|[4]|triggerId|Id|false|false
15:49:18.0 (194249596)|VARIABLE_ASSIGNMENT|[4]|triggerId|"08ef400000L0FIQAA3"
15:49:18.0 (194331676)|HEAP_ALLOCATE|[EXTERNAL]|Bytes:4
15:49:18.0 (194336845)|HEAP_ALLOCATE|[EXTERNAL]|Bytes:8
15:49:18.0 (194342957)|VARIABLE_SCOPE_BEGIN|[3]|this|EndOfDaySchedule|true|false
15:49:18.0 (194356488)|VARIABLE_ASSIGNMENT|[3]|this|{}|0xae339df
15:49:18.0 (194362115)|VARIABLE_SCOPE_BEGIN|[3]|SC|System.SchedulableContext|true|false
15:49:18.0 (194411096)|VARIABLE_ASSIGNMENT|[3]|SC|{"triggerId":"08ef400000L0FIQAA3"}|0x4b091c96
15:49:18.0 (194430243)|STATEMENT_EXECUTE|[3]
15:49:18.0 (194432370)|STATEMENT_EXECUTE|[5]
15:49:18.0 (194444281)|METHOD_ENTRY|[5]|01pf400000FQMpS|EndOfDaySchedule.resolveDailyTaskPoints()
15:49:18.0 (194470447)|STATEMENT_EXECUTE|[12]
15:49:18.0 (194472730)|STATEMENT_EXECUTE|[14]
15:49:18.0 (194476418)|HEAP_ALLOCATE|[14]|Bytes:127
15:49:18.0 (194493152)|HEAP_ALLOCATE|[14]|Bytes:4
15:49:18.0 (194501789)|HEAP_ALLOCATE|[14]|Bytes:7
15:49:18.0 (194543025)|HEAP_ALLOCATE|[18]|Bytes:4
15:49:18.0 (194858743)|SOQL_EXECUTE_BEGIN|[14]|Aggregations:0|SELECT Id, Contact__c, Points__c FROM HTask__c WHERE (Status__c != 'Completed' AND Type__c = 'Daily' AND DueDate__c < :tmpVar1)
15:49:18.0 (207214440)|SOQL_EXECUTE_END|[14]|Rows:1
15:49:18.0 (207263164)|HEAP_ALLOCATE|[14]|Bytes:8
15:49:18.0 (207285757)|HEAP_ALLOCATE|[14]|Bytes:110
15:49:18.0 (207344737)|HEAP_ALLOCATE|[14]|Bytes:8
15:49:18.0 (207362237)|VARIABLE_SCOPE_BEGIN|[14]|ltask|List<HTask__c>|true|false
15:49:18.0 (207396478)|VARIABLE_ASSIGNMENT|[14]|ltask|[{"Id":"a00f4000009WO3wAAG","Contact__c":"003f400000Pu5faAAB","Points__c":2.50}]|0x21a01f30
15:49:18.0 (207403357)|STATEMENT_EXECUTE|[20]
15:49:18.0 (207445082)|HEAP_ALLOCATE|[20]|Bytes:4
15:49:18.0 (207476720)|VARIABLE_SCOPE_BEGIN|[20]|lcont|Map<String,Contact>|true|false
15:49:18.0 (207494964)|VARIABLE_ASSIGNMENT|[20]|lcont|{}|0x31781d1d
15:49:18.0 (207700374)|HEAP_ALLOCATE|[22]|Bytes:5
15:49:18.0 (207717158)|HEAP_ALLOCATE|[22]|Bytes:16
15:49:18.0 (207724878)|VARIABLE_SCOPE_BEGIN|[22]|task|HTask__c|true|false
15:49:18.0 (207739655)|VARIABLE_ASSIGNMENT|[22]|task|{"Id":"a00f4000009WO3wAAG","Contact__c":"003f400000Pu5faAAB","Points__c":2.50}|0x4a069693
15:49:18.0 (207745472)|STATEMENT_EXECUTE|[22]
15:49:18.0 (207837227)|STATEMENT_EXECUTE|[24]
15:49:18.0 (207839709)|STATEMENT_EXECUTE|[25]
15:49:18.0 (207843169)|HEAP_ALLOCATE|[25]|Bytes:59
15:49:18.0 (207861126)|HEAP_ALLOCATE|[25]|Bytes:4
15:49:18.0 (208045689)|SOQL_EXECUTE_BEGIN|[25]|Aggregations:0|SELECT Id, Name, Points__c FROM Contact WHERE Id = :tmpVar1
15:49:18.0 (211323363)|SOQL_EXECUTE_END|[25]|Rows:1
15:49:18.0 (211346926)|HEAP_ALLOCATE|[25]|Bytes:8
15:49:18.0 (211365093)|HEAP_ALLOCATE|[25]|Bytes:98
15:49:18.0 (211398054)|HEAP_ALLOCATE|[25]|Bytes:8
15:49:18.0 (211426641)|HEAP_ALLOCATE|[25]|Bytes:16
15:49:18.0 (211436613)|VARIABLE_SCOPE_BEGIN|[25]|conta|Contact|true|false
15:49:18.0 (211461000)|VARIABLE_ASSIGNMENT|[25]|conta|{"Id":"003f400000Pu5faAAB","Name":"TestContact1","Points__c":10}|0xc6c1d0a
15:49:18.0 (211470408)|STATEMENT_EXECUTE|[26]
15:49:18.0 (211587080)|HEAP_ALLOCATE|[26]|Bytes:28
15:49:18.0 (211658871)|VARIABLE_ASSIGNMENT|[26]|this.Points__c|7.50|0xc6c1d0a
15:49:18.0 (211669329)|STATEMENT_EXECUTE|[27]
15:49:18.0 (211738489)|HEAP_ALLOCATE|[EXTERNAL]|Bytes:-4
15:49:18.0 (211764784)|HEAP_ALLOCATE|[22]|Bytes:5
15:49:18.0 (211786525)|VARIABLE_ASSIGNMENT|[22]|task|null|
15:49:18.0 (211794438)|STATEMENT_EXECUTE|[35]
15:49:18.0 (211823541)|HEAP_ALLOCATE|[EXTERNAL]|Bytes:8
15:49:18.0 (211838465)|HEAP_ALLOCATE|[35]|Bytes:105
15:49:18.0 (211893136)|DML_BEGIN|[35]|Op:Update|Type:Contact|Rows:1
15:49:18.0 (211922097)|HEAP_ALLOCATE|[EXTERNAL]|Bytes:8
15:49:18.0 (218372445)|CODE_UNIT_STARTED|[EXTERNAL]|DuplicateDetector
15:49:18.0 (218390338)|DUPLICATE_DETECTION_BEGIN
15:49:18.0 (218446231)|DUPLICATE_DETECTION_RULE_INVOCATION|DuplicateRuleId:0Bmf4000005NvDQ|DuplicateRuleName:Standard Contact Duplicate Rule|DmlType:UPDATE
15:49:18.0 (218502306)|DUPLICATE_DETECTION_END
15:49:18.0 (218506989)|CODE_UNIT_FINISHED|DuplicateDetector
15:49:18.0 (231811924)|DML_END|[35]
15:49:18.0 (231867744)|HEAP_ALLOCATE|[EXTERNAL]|Bytes:8
15:49:18.0 (231894856)|METHOD_EXIT|[5]|01pf400000FQMpS|EndOfDaySchedule.resolveDailyTaskPoints()
15:49:18.0 (231903948)|STATEMENT_EXECUTE|[7]
15:49:18.0 (231920280)|METHOD_ENTRY|[7]|01pf400000FQMpS|EndOfDaySchedule.sendEmails()
15:49:18.0 (231972821)|STATEMENT_EXECUTE|[38]
15:49:18.0 (231975099)|STATEMENT_EXECUTE|[39]
15:49:18.0 (231980938)|HEAP_ALLOCATE|[39]|Bytes:96
15:49:18.0 (231997105)|HEAP_ALLOCATE|[39]|Bytes:4
15:49:18.0 (232182469)|SOQL_EXECUTE_BEGIN|[39]|Aggregations:0|SELECT Id, Name, Contact__c FROM HTask__c WHERE (Status__c != 'Completed' AND Type__c = 'Daily')
15:49:18.0 (234311792)|SOQL_EXECUTE_END|[39]|Rows:1
15:49:18.0 (234331317)|HEAP_ALLOCATE|[39]|Bytes:8
15:49:18.0 (234347601)|HEAP_ALLOCATE|[39]|Bytes:78
15:49:18.0 (234376017)|HEAP_ALLOCATE|[39]|Bytes:8
15:49:18.0 (234387990)|VARIABLE_SCOPE_BEGIN|[39]|ltask|List<HTask__c>|true|false
15:49:18.0 (234421198)|VARIABLE_ASSIGNMENT|[39]|ltask|[{"Id":"a00f4000009WO3wAAG","Name":"TestTask1","Contact__c":"003f400000Pu5faAAB"}]|0x47ec30b4
15:49:18.0 (234428419)|STATEMENT_EXECUTE|[44]
15:49:18.0 (234473767)|HEAP_ALLOCATE|[44]|Bytes:4
15:49:18.0 (234506521)|VARIABLE_SCOPE_BEGIN|[44]|mtask|Map<String,List<HTask__c>>|true|false
15:49:18.0 (234523238)|VARIABLE_ASSIGNMENT|[44]|mtask|{}|0x70cec39d
15:49:18.0 (234570260)|HEAP_ALLOCATE|[46]|Bytes:5
15:49:18.0 (234584792)|HEAP_ALLOCATE|[46]|Bytes:16
15:49:18.0 (234592979)|VARIABLE_SCOPE_BEGIN|[46]|task|HTask__c|true|false
15:49:18.0 (234606586)|VARIABLE_ASSIGNMENT|[46]|task|{"Id":"a00f4000009WO3wAAG","Name":"TestTask1","Contact__c":"003f400000Pu5faAAB"}|0x47184347
15:49:18.0 (234612766)|STATEMENT_EXECUTE|[46]
15:49:18.0 (234671218)|STATEMENT_EXECUTE|[47]
15:49:18.0 (234673965)|STATEMENT_EXECUTE|[48]
15:49:18.0 (234690308)|HEAP_ALLOCATE|[48]|Bytes:4
15:49:18.0 (234725704)|HEAP_ALLOCATE|[EXTERNAL]|Bytes:4
15:49:18.0 (234731448)|HEAP_ALLOCATE|[EXTERNAL]|Bytes:-4
15:49:18.0 (234738378)|STATEMENT_EXECUTE|[51]
15:49:18.0 (234784296)|HEAP_ALLOCATE|[EXTERNAL]|Bytes:4
15:49:18.0 (234797270)|HEAP_ALLOCATE|[46]|Bytes:5
15:49:18.0 (234808728)|VARIABLE_ASSIGNMENT|[46]|task|null|
15:49:18.0 (234821899)|HEAP_ALLOCATE|[54]|Bytes:4
15:49:18.0 (234869114)|HEAP_ALLOCATE|[54]|Bytes:26
15:49:18.0 (234888003)|HEAP_ALLOCATE|[54]|Bytes:4
15:49:18.0 (234908609)|HEAP_ALLOCATE|[54]|Bytes:5
15:49:18.0 (234920166)|VARIABLE_SCOPE_BEGIN|[54]|contactId|String|false|false
15:49:18.0 (234932844)|VARIABLE_ASSIGNMENT|[54]|contactId|"003f400000Pu5faAAB"
15:49:18.0 (234937664)|STATEMENT_EXECUTE|[54]
15:49:18.0 (234939329)|STATEMENT_EXECUTE|[55]
15:49:18.0 (234942710)|HEAP_ALLOCATE|[55]|Bytes:49
15:49:18.0 (234952658)|HEAP_ALLOCATE|[55]|Bytes:4
15:49:18.0 (235082720)|SOQL_EXECUTE_BEGIN|[55]|Aggregations:0|SELECT Id, Email FROM Contact WHERE Id = :tmpVar1
15:49:18.0 (237767540)|SOQL_EXECUTE_END|[55]|Rows:1
15:49:18.0 (237786053)|HEAP_ALLOCATE|[55]|Bytes:8
15:49:18.0 (237797378)|HEAP_ALLOCATE|[55]|Bytes:61
15:49:18.0 (237824533)|HEAP_ALLOCATE|[55]|Bytes:8
15:49:18.0 (237846370)|HEAP_ALLOCATE|[55]|Bytes:12
15:49:18.0 (237860523)|VARIABLE_SCOPE_BEGIN|[55]|cont|Contact|true|false
15:49:18.0 (237880591)|VARIABLE_ASSIGNMENT|[55]|cont|{"Id":"003f400000Pu5faAAB","Email":"amancebo@altimetrik. (3 more) ..."}|0x2dbee0ab
15:49:18.0 (237887152)|STATEMENT_EXECUTE|[56]
15:49:18.0 (237890949)|HEAP_ALLOCATE|[56]|Bytes:56
15:49:18.0 (237896417)|VARIABLE_SCOPE_BEGIN|[56]|message|String|false|false
15:49:18.0 (237906223)|VARIABLE_ASSIGNMENT|[56]|message|"Today you have this  (36 more) ..."
15:49:18.0 (237977866)|HEAP_ALLOCATE|[57]|Bytes:5
15:49:18.0 (237990333)|HEAP_ALLOCATE|[57]|Bytes:16
15:49:18.0 (237996685)|VARIABLE_SCOPE_BEGIN|[57]|task|HTask__c|true|false
15:49:18.0 (238010492)|VARIABLE_ASSIGNMENT|[57]|task|{"Id":"a00f4000009WO3wAAG","Name":"TestTask1","Contact__c":"003f400000Pu5faAAB"}|0x47184347
15:49:18.0 (238017788)|STATEMENT_EXECUTE|[57]
15:49:18.0 (238019576)|STATEMENT_EXECUTE|[58]
15:49:18.0 (238042643)|HEAP_ALLOCATE|[58]|Bytes:1
15:49:18.0 (238057664)|HEAP_ALLOCATE|[58]|Bytes:10
15:49:18.0 (238062851)|HEAP_ALLOCATE|[58]|Bytes:66
15:49:18.0 (238070652)|VARIABLE_ASSIGNMENT|[58]|message|"Today you have this  (46 more) ..."
15:49:18.0 (238082052)|HEAP_ALLOCATE|[57]|Bytes:5
15:49:18.0 (238091749)|VARIABLE_ASSIGNMENT|[57]|task|null|
15:49:18.0 (238096584)|STATEMENT_EXECUTE|[60]
15:49:18.0 (238099241)|HEAP_ALLOCATE|[60]|Bytes:17
15:49:18.0 (238104071)|HEAP_ALLOCATE|[60]|Bytes:83
15:49:18.0 (238110478)|VARIABLE_ASSIGNMENT|[60]|message|"Today you have this  (63 more) ..."
15:49:18.0 (238114195)|STATEMENT_EXECUTE|[62]
15:49:18.0 (238153749)|USER_DEBUG|[62]|DEBUG|amancebo@altimetrik.com
15:49:18.0 (238162705)|STATEMENT_EXECUTE|[63]
15:49:18.0 (238171077)|USER_DEBUG|[63]|DEBUG|Today you have this task that does not been completed: 
TestTask1

Have a good day!
15:49:18.0 (238177921)|STATEMENT_EXECUTE|[64]
15:49:18.0 (238192390)|METHOD_ENTRY|[64]|01pf400000FQMpS|EndOfDaySchedule.sendEmailToContact(String, String)
15:49:18.0 (238213981)|VARIABLE_SCOPE_BEGIN|[68]|email|String|false|false
15:49:18.0 (238224971)|VARIABLE_ASSIGNMENT|[68]|email|"amancebo@altimetrik. (3 more) ..."
15:49:18.0 (238229150)|VARIABLE_SCOPE_BEGIN|[68]|message|String|false|false
15:49:18.0 (238236307)|VARIABLE_ASSIGNMENT|[68]|message|"Today you have this  (63 more) ..."
15:49:18.0 (238247123)|STATEMENT_EXECUTE|[68]
15:49:18.0 (238248891)|STATEMENT_EXECUTE|[69]
15:49:18.0 (238297148)|VARIABLE_SCOPE_BEGIN|[69]|mail|Messaging.SingleEmailMessage|true|false
15:49:18.0 (238354705)|VARIABLE_ASSIGNMENT|[69]|mail|"common.api.soap.wsdl.SingleEmailMessage@3e13e9df"|0x57217cdc
15:49:18.0 (238360897)|STATEMENT_EXECUTE|[70]
15:49:18.0 (238585706)|STATEMENT_EXECUTE|[71]
15:49:18.0 (238595844)|HEAP_ALLOCATE|[71]|Bytes:4
15:49:18.0 (238622017)|VARIABLE_SCOPE_BEGIN|[71]|toAddresses|List<String>|true|false
15:49:18.0 (238643612)|HEAP_ALLOCATE|[EXTERNAL]|Bytes:8
15:49:18.0 (238656121)|VARIABLE_ASSIGNMENT|[71]|toAddresses|["amancebo@altimetrik. (3 more) ..."]|0xd40652b
15:49:18.0 (238661626)|STATEMENT_EXECUTE|[72]
15:49:18.0 (238692481)|STATEMENT_EXECUTE|[73]
15:49:18.0 (238695955)|HEAP_ALLOCATE|[73]|Bytes:18
15:49:18.0 (238727147)|STATEMENT_EXECUTE|[74]
15:49:18.0 (238730103)|HEAP_ALLOCATE|[74]|Bytes:43
15:49:18.0 (238745831)|STATEMENT_EXECUTE|[75]
15:49:18.0 (238757271)|STATEMENT_EXECUTE|[76]
15:49:18.0 (238774856)|STATEMENT_EXECUTE|[77]
15:49:18.0 (238787089)|STATEMENT_EXECUTE|[78]
15:49:18.0 (238789798)|HEAP_ALLOCATE|[78]|Bytes:4
15:49:18.0 (238802066)|STATEMENT_EXECUTE|[79]
15:49:18.0 (238823409)|HEAP_ALLOCATE|[79]|Bytes:4
15:49:18.0 (238885333)|HEAP_ALLOCATE|[EXTERNAL]|Bytes:8
15:49:18.0 (238908885)|HEAP_ALLOCATE|[EXTERNAL]|Bytes:8
15:49:18.0 (260102749)|EMAIL_QUEUE|[79]|replyTo: amancebo@altimetrik.com, subject: You dont complete some daily task yesterday, senderDisplayName: Altibitica Support, bccSender: false, saveAsActivity: true, useSignature: false, toAddresses: [amancebo@altimetrik.com], plainTextBody: Hola, 
15:49:18.0 (260171759)|HEAP_ALLOCATE|[EXTERNAL]|Bytes:8
15:49:18.0 (260195222)|STATEMENT_EXECUTE|[80]
15:49:18.0 (260202575)|HEAP_ALLOCATE|[80]|Bytes:12
15:49:18.0 (260247332)|USER_DEBUG|[80]|DEBUG|finish email
15:49:18.0 (260261402)|METHOD_EXIT|[64]|01pf400000FQMpS|EndOfDaySchedule.sendEmailToContact(String, String)
15:49:18.0 (260282380)|HEAP_ALLOCATE|[54]|Bytes:5
15:49:18.0 (260302957)|VARIABLE_ASSIGNMENT|[54]|contactId|null
15:49:18.0 (260311498)|METHOD_EXIT|[7]|01pf400000FQMpS|EndOfDaySchedule.sendEmails()
15:49:18.0 (260316338)|STATEMENT_EXECUTE|[9]
15:49:18.0 (260328605)|METHOD_ENTRY|[9]|01pf400000FQMpS|EndOfDaySchedule.resetTaskStatus()
15:49:18.0 (260368965)|STATEMENT_EXECUTE|[83]
15:49:18.0 (260370937)|STATEMENT_EXECUTE|[85]
15:49:18.0 (260374872)|HEAP_ALLOCATE|[85]|Bytes:73
15:49:18.0 (260389706)|HEAP_ALLOCATE|[85]|Bytes:4
15:49:18.0 (260590162)|SOQL_EXECUTE_BEGIN|[85]|Aggregations:0|SELECT Id FROM HTask__c WHERE (Status__c != 'New' AND Type__c != 'TO-DO')
15:49:18.0 (269734719)|SOQL_EXECUTE_END|[85]|Rows:1
15:49:18.0 (269762142)|HEAP_ALLOCATE|[85]|Bytes:8
15:49:18.0 (269775613)|HEAP_ALLOCATE|[85]|Bytes:29
15:49:18.0 (269807786)|HEAP_ALLOCATE|[85]|Bytes:8
15:49:18.0 (269826110)|VARIABLE_SCOPE_BEGIN|[85]|ltask|List<HTask__c>|true|false
15:49:18.0 (269865769)|VARIABLE_ASSIGNMENT|[85]|ltask|[{"Id":"a00f4000009WO3xAAG"}]|0x2bdab426
15:49:18.0 (269921504)|HEAP_ALLOCATE|[90]|Bytes:5
15:49:18.0 (269937719)|HEAP_ALLOCATE|[90]|Bytes:8
15:49:18.0 (269945611)|VARIABLE_SCOPE_BEGIN|[90]|task|HTask__c|true|false
15:49:18.0 (269958904)|VARIABLE_ASSIGNMENT|[90]|task|{"Id":"a00f4000009WO3xAAG"}|0x707eeaf
15:49:18.0 (269965759)|STATEMENT_EXECUTE|[90]
15:49:18.0 (269968131)|STATEMENT_EXECUTE|[91]
15:49:18.0 (269971750)|HEAP_ALLOCATE|[91]|Bytes:3
15:49:18.0 (270015927)|HEAP_ALLOCATE|[91]|Bytes:-4
15:49:18.0 (270028102)|VARIABLE_ASSIGNMENT|[91]|this.Status__c|"New"|0x707eeaf
15:49:18.0 (270042816)|HEAP_ALLOCATE|[90]|Bytes:5
15:49:18.0 (270055311)|VARIABLE_ASSIGNMENT|[90]|task|null|
15:49:18.0 (270060191)|STATEMENT_EXECUTE|[94]
15:49:18.0 (270093206)|DML_BEGIN|[94]|Op:Update|Type:HTask__c|Rows:1
15:49:18.0 (270119227)|HEAP_ALLOCATE|[EXTERNAL]|Bytes:8
15:49:18.0 (275952900)|CODE_UNIT_STARTED|[EXTERNAL]|Validation:HTask:a00f4000009WO3x
15:49:18.0 (275965693)|VALIDATION_RULE|03df40000002ejE|ContactRequired
15:49:18.0 (276038652)|VALIDATION_FORMULA|ISBLANK(Contact__c)|Contact__c=003f400000Pu5fb
15:49:18.0 (276046049)|VALIDATION_PASS
15:49:18.0 (276048379)|VALIDATION_RULE|03df40000002ejO|DificultyRequired
15:49:18.0 (276131774)|VALIDATION_FORMULA|ISBLANK(TEXT(Difficulty__c))|Difficulty__c=Trivial
15:49:18.0 (276140347)|VALIDATION_PASS
15:49:18.0 (276142102)|VALIDATION_RULE|03df40000002bNN|StatusNone
15:49:18.0 (276224862)|VALIDATION_FORMULA|TEXT(Status__c) <> 'New'  
&& TEXT(Status__c) <> 'In Progress'
&& TEXT(Status__c) <> 'Completed'|Status__c=New
15:49:18.0 (276230849)|VALIDATION_PASS
15:49:18.0 (276284533)|CODE_UNIT_FINISHED|Validation:HTask:a00f4000009WO3x
15:49:18.0 (288044314)|CODE_UNIT_STARTED|[EXTERNAL]|01qf4000001HypC|completeHTaskTrigger on HTask trigger event AfterUpdate
15:49:18.0 (288088452)|HEAP_ALLOCATE|[EXTERNAL]|Bytes:8
15:49:18.0 (288115879)|HEAP_ALLOCATE|[EXTERNAL]|Bytes:8
15:49:18.0 (288186969)|HEAP_ALLOCATE|[EXTERNAL]|Bytes:12
15:49:18.0 (288210914)|VARIABLE_SCOPE_BEGIN|[1]|this|completeHTaskTrigger|true|false
15:49:18.0 (288245106)|VARIABLE_ASSIGNMENT|[1]|this|{}|0xe58933a
15:49:18.0 (288285199)|HEAP_ALLOCATE|[EXTERNAL]|Bytes:12
15:49:18.0 (288298850)|VARIABLE_SCOPE_BEGIN|[1]|this|completeHTaskTrigger|true|false
15:49:18.0 (288315426)|VARIABLE_ASSIGNMENT|[1]|this|{}|0xe58933a
15:49:18.0 (288323538)|STATEMENT_EXECUTE|[1]
15:49:18.0 (288325952)|STATEMENT_EXECUTE|[3]
15:49:18.0 (288330238)|HEAP_ALLOCATE|[3]|Bytes:99
15:49:18.0 (288350680)|HEAP_ALLOCATE|[3]|Bytes:4
15:49:18.0 (289082218)|SOQL_EXECUTE_BEGIN|[3]|Aggregations:0|SELECT Id, Contact__c, Type__c, Status__c, DueDate__c, Points__c FROM HTask__c WHERE Id IN :tmpVar1
15:49:18.0 (295153597)|SOQL_EXECUTE_END|[3]|Rows:1
15:49:18.0 (295174764)|HEAP_ALLOCATE|[3]|Bytes:8
15:49:18.0 (295193949)|HEAP_ALLOCATE|[3]|Bytes:142
15:49:18.0 (295218860)|HEAP_ALLOCATE|[3]|Bytes:8
15:49:18.0 (295231599)|HEAP_ALLOCATE|[3]|Bytes:34
15:49:18.0 (295248896)|HEAP_ALLOCATE|[3]|Bytes:24
15:49:18.0 (295289536)|VARIABLE_ASSIGNMENT|[3]|this.task|{"Id":"a00f4000009WO3xAAG","Contact__c":"003f400000Pu5fbAAB","Type__c":"Daily","Status__c":"New","Points__c":0.50}|0xe58933a
15:49:18.0 (295297149)|STATEMENT_EXECUTE|[5]
15:49:18.0 (295308308)|HEAP_ALLOCATE|[5]|Bytes:4
15:49:18.0 (295500066)|SOQL_EXECUTE_BEGIN|[5]|Aggregations:0|SELECT Id, Name, Points__c FROM Contact WHERE Id = :tmpVar1
15:49:18.0 (299140392)|SOQL_EXECUTE_END|[5]|Rows:1
15:49:18.0 (299158898)|HEAP_ALLOCATE|[5]|Bytes:8
15:49:18.0 (299171630)|HEAP_ALLOCATE|[5]|Bytes:98
15:49:18.0 (299198532)|HEAP_ALLOCATE|[5]|Bytes:8
15:49:18.0 (299217842)|HEAP_ALLOCATE|[5]|Bytes:16
15:49:18.0 (299241191)|VARIABLE_ASSIGNMENT|[5]|this.conta|{"Id":"003f400000Pu5fbAAB","Name":"TestContact2","Points__c":10}|0xe58933a
15:49:18.0 (299271180)|HEAP_ALLOCATE|[7]|Bytes:5
15:49:18.0 (299304434)|STATEMENT_EXECUTE|[19]
15:49:18.0 (299351210)|STATEMENT_EXECUTE|[20]
15:49:18.299 (299359357)|CUMULATIVE_LIMIT_USAGE
15:49:18.299 (299359357)|LIMIT_USAGE_FOR_NS|(default)|
  Number of SOQL queries: 7 out of 100
  Number of query rows: 7 out of 50000
  Number of SOSL queries: 0 out of 20
  Number of DML statements: 2 out of 150
  Number of DML rows: 2 out of 10000
  Maximum CPU time: 0 out of 10000
  Maximum heap size: 0 out of 6000000
  Number of callouts: 0 out of 100
  Number of Email Invocations: 1 out of 10
  Number of future calls: 0 out of 50
  Number of queueable jobs added to the queue: 0 out of 50
  Number of Mobile Apex push calls: 0 out of 10

15:49:18.299 (299359357)|CUMULATIVE_LIMIT_USAGE_END

15:49:18.0 (300520879)|CODE_UNIT_FINISHED|completeHTaskTrigger on HTask trigger event AfterUpdate
15:49:18.0 (300934228)|DML_END|[94]
15:49:18.0 (300962139)|HEAP_ALLOCATE|[EXTERNAL]|Bytes:8
15:49:18.0 (300979727)|METHOD_EXIT|[9]|01pf400000FQMpS|EndOfDaySchedule.resetTaskStatus()
15:49:18.300 (300991328)|CUMULATIVE_LIMIT_USAGE
15:49:18.300 (300991328)|LIMIT_USAGE_FOR_NS|(default)|
  Number of SOQL queries: 7 out of 100
  Number of query rows: 7 out of 50000
  Number of SOSL queries: 0 out of 20
  Number of DML statements: 2 out of 150
  Number of DML rows: 2 out of 10000
  Maximum CPU time: 0 out of 10000
  Maximum heap size: 0 out of 6000000
  Number of callouts: 0 out of 100
  Number of Email Invocations: 1 out of 10
  Number of future calls: 0 out of 50
  Number of queueable jobs added to the queue: 0 out of 50
  Number of Mobile Apex push calls: 0 out of 10

15:49:18.300 (300991328)|CUMULATIVE_LIMIT_USAGE_END

15:49:18.0 (301009390)|CODE_UNIT_FINISHED|Test EndOfDay
15:49:18.0 (307661612)|METHOD_EXIT|[24]||System.Test.stopTest()
15:49:18.0 (307671734)|STATEMENT_EXECUTE|[26]
15:49:18.0 (307676832)|HEAP_ALLOCATE|[26]|Bytes:65
15:49:18.0 (307693086)|HEAP_ALLOCATE|[26]|Bytes:4
15:49:18.0 (307851503)|SOQL_EXECUTE_BEGIN|[26]|Aggregations:0|SELECT Id, Points__c FROM Contact WHERE LastName = 'TestContact1'
15:49:18.0 (312648630)|SOQL_EXECUTE_END|[26]|Rows:1
15:49:18.0 (312668788)|HEAP_ALLOCATE|[26]|Bytes:8
15:49:18.0 (312683304)|HEAP_ALLOCATE|[26]|Bytes:78
15:49:18.0 (312711789)|HEAP_ALLOCATE|[26]|Bytes:8
15:49:18.0 (312734777)|HEAP_ALLOCATE|[26]|Bytes:12
15:49:18.0 (312744256)|VARIABLE_SCOPE_BEGIN|[26]|contAfter|Contact|true|false
15:49:18.0 (312771005)|VARIABLE_ASSIGNMENT|[26]|contAfter|{"Id":"003f400000Pu5faAAB","Points__c":7.5}|0x7cc2667c
15:49:18.0 (312777452)|STATEMENT_EXECUTE|[27]
15:49:18.0 (312781149)|HEAP_ALLOCATE|[27]|Bytes:59
15:49:18.0 (312793349)|HEAP_ALLOCATE|[27]|Bytes:4
15:49:18.0 (312988023)|SOQL_EXECUTE_BEGIN|[27]|Aggregations:0|SELECT Id, Status__c FROM HTask__c WHERE Name = 'TestTask2'
15:49:18.0 (317651069)|SOQL_EXECUTE_END|[27]|Rows:1
15:49:18.0 (317670218)|HEAP_ALLOCATE|[27]|Bytes:8
15:49:18.0 (317683840)|HEAP_ALLOCATE|[27]|Bytes:45
15:49:18.0 (317735086)|HEAP_ALLOCATE|[27]|Bytes:8
15:49:18.0 (317763715)|HEAP_ALLOCATE|[27]|Bytes:12
15:49:18.0 (317785295)|VARIABLE_ASSIGNMENT|[27]|task2|{"Id":"a00f4000009WO3xAAG","Status__c":"New"}|0x6a1b4ad0
15:49:18.0 (317791690)|STATEMENT_EXECUTE|[28]
15:49:18.0 (317838731)|HEAP_ALLOCATE|[28]|Bytes:3
15:49:18.0 (317867414)|HEAP_ALLOCATE|[28]|Bytes:28
15:49:18.0 (317930547)|HEAP_ALLOCATE|[28]|Bytes:28
15:49:18.0 (317955057)|HEAP_ALLOCATE|[28]|Bytes:28
15:49:18.0 (317983467)|STATEMENT_EXECUTE|[29]
15:49:18.318 (318032328)|CUMULATIVE_LIMIT_USAGE
15:49:18.318 (318032328)|LIMIT_USAGE_FOR_NS|(default)|
  Number of SOQL queries: 4 out of 100
  Number of query rows: 4 out of 50000
  Number of SOSL queries: 0 out of 20
  Number of DML statements: 4 out of 150
  Number of DML rows: 4 out of 10000
  Maximum CPU time: 0 out of 10000
  Maximum heap size: 0 out of 6000000
  Number of callouts: 0 out of 100
  Number of Email Invocations: 0 out of 10
  Number of future calls: 0 out of 50
  Number of queueable jobs added to the queue: 0 out of 50
  Number of Mobile Apex push calls: 0 out of 10

15:49:18.318 (318032328)|TESTING_LIMITS
15:49:18.318 (318032328)|LIMIT_USAGE_FOR_NS|(default)|
  Number of SOQL queries: 0 out of 100
  Number of query rows: 0 out of 50000
  Number of SOSL queries: 0 out of 20
  Number of DML statements: 0 out of 150
  Number of DML rows: 0 out of 10000
  Maximum CPU time: 0 out of 10000
  Maximum heap size: 0 out of 6000000
  Number of callouts: 0 out of 100
  Number of Email Invocations: 0 out of 10
  Number of future calls: 0 out of 50
  Number of queueable jobs added to the queue: 0 out of 50
  Number of Mobile Apex push calls: 0 out of 10

15:49:18.318 (318032328)|CUMULATIVE_LIMIT_USAGE_END

15:49:18.0 (318074077)|CODE_UNIT_FINISHED|EndOfDayScheduleTest.dailyTest
15:49:18.0 (318829184)|EXECUTION_FINISHED
15:49:18.428 (428060241)|USER_INFO|[EXTERNAL]|005f4000002PiXT|amancebo.habitica@altimetrik.com|Argentine Time|GMT-03:00
15:49:18.428 (428083850)|EXECUTION_STARTED
15:49:18.428 (428088790)|CODE_UNIT_STARTED|[EXTERNAL]|DuplicateDetector
15:49:18.428 (428103698)|DUPLICATE_DETECTION_BEGIN
15:49:18.428 (428350550)|DUPLICATE_DETECTION_RULE_INVOCATION|DuplicateRuleId:0Bmf4000005NvDQ|DuplicateRuleName:Standard Contact Duplicate Rule|DmlType:UPDATE
15:49:18.428 (437605122)|DUPLICATE_DETECTION_END
15:49:18.428 (437614072)|CODE_UNIT_FINISHED|DuplicateDetector
15:49:18.428 (438441315)|EXECUTION_FINISHED
15:49:18.439 (439268397)|USER_INFO|[EXTERNAL]|005f4000002PiXT|amancebo.habitica@altimetrik.com|Argentine Time|GMT-03:00
15:49:18.439 (439287618)|EXECUTION_STARTED
15:49:18.439 (439291582)|CODE_UNIT_STARTED|[EXTERNAL]|DuplicateDetector
15:49:18.439 (439301337)|DUPLICATE_DETECTION_BEGIN
15:49:18.439 (439362517)|DUPLICATE_DETECTION_RULE_INVOCATION|DuplicateRuleId:0Bmf4000005NvDQ|DuplicateRuleName:Standard Contact Duplicate Rule|DmlType:INSERT
15:49:18.439 (445919125)|DUPLICATE_DETECTION_END
15:49:18.439 (445926912)|CODE_UNIT_FINISHED|DuplicateDetector
15:49:18.439 (446659189)|EXECUTION_FINISHED
