36.0 APEX_CODE,FINEST;APEX_PROFILING,INFO;CALLOUT,INFO;DB,INFO;SYSTEM,DEBUG;VALIDATION,INFO;VISUALFORCE,INFO;WAVE,INFO;WORKFLOW,INFO
15:18:08.0 (761553)|USER_INFO|[EXTERNAL]|005f4000002PiXT|amancebo.habitica@altimetrik.com|Argentine Time|GMT-03:00
15:18:08.0 (807902)|EXECUTION_STARTED
15:18:08.0 (812675)|CODE_UNIT_STARTED|[EXTERNAL]|01pf400000GkBRX|EndOfDayScheduleTest.dailyTest
15:18:08.0 (1068000)|HEAP_ALLOCATE|[72]|Bytes:3
15:18:08.0 (1125380)|HEAP_ALLOCATE|[77]|Bytes:152
15:18:08.0 (1142870)|HEAP_ALLOCATE|[342]|Bytes:408
15:18:08.0 (1157849)|HEAP_ALLOCATE|[355]|Bytes:408
15:18:08.0 (1170916)|HEAP_ALLOCATE|[467]|Bytes:48
15:18:08.0 (1237216)|HEAP_ALLOCATE|[139]|Bytes:6
15:18:08.0 (1254662)|HEAP_ALLOCATE|[EXTERNAL]|Bytes:50
15:18:08.0 (1299909)|METHOD_ENTRY|[2]|01pf400000GkBRX|EndOfDayScheduleTest.EndOfDayScheduleTest()
15:18:08.0 (1307415)|STATEMENT_EXECUTE|[2]
15:18:08.0 (1312783)|STATEMENT_EXECUTE|[2]
15:18:08.0 (1328740)|METHOD_EXIT|[2]|EndOfDayScheduleTest
15:18:08.0 (1560728)|HEAP_ALLOCATE|[50]|Bytes:5
15:18:08.0 (1592893)|HEAP_ALLOCATE|[56]|Bytes:5
15:18:08.0 (1604435)|HEAP_ALLOCATE|[64]|Bytes:7
15:18:08.0 (1650413)|STATEMENT_EXECUTE|[4]
15:18:08.0 (1652555)|STATEMENT_EXECUTE|[5]
15:18:08.0 (1705036)|HEAP_ALLOCATE|[5]|Bytes:4
15:18:08.0 (1792023)|HEAP_ALLOCATE|[5]|Bytes:12
15:18:08.0 (1846085)|VARIABLE_ASSIGNMENT|[5]|this.LastName|"TestContact1"|0x41fb5b03
15:18:08.0 (1890315)|HEAP_ALLOCATE|[5]|Bytes:28
15:18:08.0 (1895312)|HEAP_ALLOCATE|[5]|Bytes:28
15:18:08.0 (1923082)|VARIABLE_ASSIGNMENT|[5]|this.Points__c|10|0x41fb5b03
15:18:08.0 (1930662)|HEAP_ALLOCATE|[5]|Bytes:23
15:18:08.0 (1950021)|VARIABLE_ASSIGNMENT|[5]|this.Email|"amancebo@altimetrik. (3 more) ..."|0x41fb5b03
15:18:08.0 (1982406)|VARIABLE_SCOPE_BEGIN|[5]|contBefore|Contact|true|false
15:18:08.0 (2004578)|VARIABLE_ASSIGNMENT|[5]|contBefore|{"LastName":"TestContact1","Points__c":10,"Email":"amancebo@altimetrik. (3 more) ..."}|0x41fb5b03
15:18:08.0 (2012066)|STATEMENT_EXECUTE|[6]
15:18:08.0 (2042716)|HEAP_ALLOCATE|[6]|Bytes:8
15:18:08.0 (2054777)|DML_BEGIN|[6]|Op:Upsert|Type:Contact|Rows:1
15:18:08.0 (2087067)|HEAP_ALLOCATE|[EXTERNAL]|Bytes:8
15:18:08.0 (13120021)|CODE_UNIT_STARTED|[EXTERNAL]|DuplicateDetector
15:18:08.0 (13142025)|DUPLICATE_DETECTION_BEGIN
15:18:08.0 (13841659)|DUPLICATE_DETECTION_RULE_INVOCATION|DuplicateRuleId:0Bmf4000005NvDQ|DuplicateRuleName:Standard Contact Duplicate Rule|DmlType:INSERT
15:18:08.0 (37006041)|DUPLICATE_DETECTION_MATCH_INVOCATION_DETAILS|EntityType:Contact|ActionTaken:Allow_[Alert,Report]|DuplicateRecordIds:
15:18:08.0 (37033394)|DUPLICATE_DETECTION_MATCH_INVOCATION_SUMMARY|EntityType:Contact|NumRecordsToBeSaved:1|NumRecordsToBeSavedWithDuplicates:0|NumDuplicateRecordsFound:0
15:18:08.0 (37045064)|DUPLICATE_DETECTION_MATCH_INVOCATION_DETAILS|EntityType:Contact|ActionTaken:Allow_[Alert,Report]|DuplicateRecordIds:
15:18:08.0 (37052203)|DUPLICATE_DETECTION_MATCH_INVOCATION_SUMMARY|EntityType:Contact|NumRecordsToBeSaved:1|NumRecordsToBeSavedWithDuplicates:0|NumDuplicateRecordsFound:0
15:18:08.0 (37195108)|DUPLICATE_DETECTION_END
15:18:08.0 (37204003)|CODE_UNIT_FINISHED|DuplicateDetector
15:18:08.0 (58670436)|DML_END|[6]
15:18:08.0 (58707801)|STATEMENT_EXECUTE|[8]
15:18:08.0 (58720984)|HEAP_ALLOCATE|[8]|Bytes:72
15:18:08.0 (58766722)|HEAP_ALLOCATE|[8]|Bytes:4
15:18:08.0 (58978158)|SOQL_EXECUTE_BEGIN|[8]|Aggregations:0|SELECT Id, Points__c, Email FROM Contact WHERE LastName = 'TestContact1'
15:18:08.0 (64182441)|SOQL_EXECUTE_END|[8]|Rows:1
15:18:08.0 (64206329)|HEAP_ALLOCATE|[8]|Bytes:8
15:18:08.0 (64225459)|HEAP_ALLOCATE|[8]|Bytes:110
15:18:08.0 (64361083)|HEAP_ALLOCATE|[8]|Bytes:8
15:18:08.0 (64382806)|HEAP_ALLOCATE|[8]|Bytes:33
15:18:08.0 (64452542)|HEAP_ALLOCATE|[8]|Bytes:16
15:18:08.0 (64493989)|VARIABLE_ASSIGNMENT|[8]|contBefore|{"Id":"003f400000Pu5H5AAJ","Points__c":10,"Email":"amancebo@altimetrik. (3 more) ..."}|0x40f75f32
15:18:08.0 (64501971)|STATEMENT_EXECUTE|[10]
15:18:08.0 (64544121)|HEAP_ALLOCATE|[10]|Bytes:4
15:18:08.0 (64638206)|HEAP_ALLOCATE|[10]|Bytes:9
15:18:08.0 (64679204)|VARIABLE_ASSIGNMENT|[10]|this.Name|"TestTask1"|0x5ab9adec
15:18:08.0 (64688446)|HEAP_ALLOCATE|[10]|Bytes:4
15:18:08.0 (64706948)|VARIABLE_ASSIGNMENT|[10]|this.Difficulty__c|"Hard"|0x5ab9adec
15:18:08.0 (64714273)|HEAP_ALLOCATE|[10]|Bytes:5
15:18:08.0 (64728951)|VARIABLE_ASSIGNMENT|[10]|this.Type__c|"Daily"|0x5ab9adec
15:18:08.0 (64778667)|VARIABLE_ASSIGNMENT|[10]|this.Contact__c|"003f400000Pu5H5AAJ"|0x5ab9adec
15:18:08.0 (64786716)|HEAP_ALLOCATE|[10]|Bytes:10
15:18:08.0 (64928010)|HEAP_ALLOCATE|[10]|Bytes:4
15:18:08.0 (65001078)|VARIABLE_ASSIGNMENT|[10]|this.DueDate__c|"2018-01-06T00:00:00.000Z"|0x5ab9adec
15:18:08.0 (65036584)|VARIABLE_SCOPE_BEGIN|[10]|task|HTask__c|true|false
15:18:08.0 (65060198)|VARIABLE_ASSIGNMENT|[10]|task|{"Name":"TestTask1","Difficulty__c":"Hard","Type__c":"Daily","Contact__c":"003f400000Pu5H5AAJ","DueDate__c":"2018-01-06T00:00:00.000Z"}|0x5ab9adec
15:18:08.0 (65067664)|STATEMENT_EXECUTE|[11]
15:18:08.0 (65090571)|HEAP_ALLOCATE|[11]|Bytes:8
15:18:08.0 (65101903)|DML_BEGIN|[11]|Op:Upsert|Type:HTask__c|Rows:1
15:18:08.0 (65131243)|HEAP_ALLOCATE|[EXTERNAL]|Bytes:8
15:18:08.0 (80410721)|CODE_UNIT_STARTED|[EXTERNAL]|Validation:HTask:new
15:18:08.0 (80432379)|VALIDATION_RULE|03df40000002ejE|ContactRequired
15:18:08.0 (80528288)|VALIDATION_FORMULA|ISBLANK(Contact__c)|Contact__c=003f400000Pu5H5
15:18:08.0 (80536094)|VALIDATION_PASS
15:18:08.0 (80538484)|VALIDATION_RULE|03df40000002ejO|DificultyRequired
15:18:08.0 (80598338)|VALIDATION_FORMULA|ISBLANK(TEXT(Difficulty__c))|Difficulty__c=Hard
15:18:08.0 (80604792)|VALIDATION_PASS
15:18:08.0 (80606640)|VALIDATION_RULE|03df40000002bNN|StatusNone
15:18:08.0 (80690757)|VALIDATION_FORMULA|TEXT(Status__c) <> 'New'  
&& TEXT(Status__c) <> 'In Progress'
&& TEXT(Status__c) <> 'Completed'|Status__c=New
15:18:08.0 (80697563)|VALIDATION_PASS
15:18:08.0 (80776614)|CODE_UNIT_FINISHED|Validation:HTask:new
15:18:08.0 (95394630)|DML_END|[11]
15:18:08.0 (95437507)|STATEMENT_EXECUTE|[13]
15:18:08.0 (95483675)|HEAP_ALLOCATE|[13]|Bytes:4
15:18:08.0 (95524615)|HEAP_ALLOCATE|[13]|Bytes:12
15:18:08.0 (95574258)|VARIABLE_ASSIGNMENT|[13]|this.LastName|"TestContact2"|0x342a5402
15:18:08.0 (95614228)|HEAP_ALLOCATE|[13]|Bytes:28
15:18:08.0 (95619391)|HEAP_ALLOCATE|[13]|Bytes:28
15:18:08.0 (95645833)|VARIABLE_ASSIGNMENT|[13]|this.Points__c|10|0x342a5402
15:18:08.0 (95689005)|VARIABLE_SCOPE_BEGIN|[13]|cont2|Contact|true|false
15:18:08.0 (95710895)|VARIABLE_ASSIGNMENT|[13]|cont2|{"LastName":"TestContact2","Points__c":10}|0x342a5402
15:18:08.0 (95717273)|STATEMENT_EXECUTE|[14]
15:18:08.0 (95749024)|HEAP_ALLOCATE|[14]|Bytes:8
15:18:08.0 (95760790)|DML_BEGIN|[14]|Op:Upsert|Type:Contact|Rows:1
15:18:08.0 (95801139)|HEAP_ALLOCATE|[EXTERNAL]|Bytes:8
15:18:08.0 (97382832)|CODE_UNIT_STARTED|[EXTERNAL]|DuplicateDetector
15:18:08.0 (97401807)|DUPLICATE_DETECTION_BEGIN
15:18:08.0 (97461945)|DUPLICATE_DETECTION_RULE_INVOCATION|DuplicateRuleId:0Bmf4000005NvDQ|DuplicateRuleName:Standard Contact Duplicate Rule|DmlType:INSERT
15:18:08.0 (111524063)|DUPLICATE_DETECTION_MATCH_INVOCATION_DETAILS|EntityType:Contact|ActionTaken:Allow_[Alert,Report]|DuplicateRecordIds:
15:18:08.0 (111556554)|DUPLICATE_DETECTION_MATCH_INVOCATION_SUMMARY|EntityType:Contact|NumRecordsToBeSaved:1|NumRecordsToBeSavedWithDuplicates:0|NumDuplicateRecordsFound:0
15:18:08.0 (111568161)|DUPLICATE_DETECTION_MATCH_INVOCATION_DETAILS|EntityType:Contact|ActionTaken:Allow_[Alert,Report]|DuplicateRecordIds:
15:18:08.0 (111576087)|DUPLICATE_DETECTION_MATCH_INVOCATION_SUMMARY|EntityType:Contact|NumRecordsToBeSaved:1|NumRecordsToBeSavedWithDuplicates:0|NumDuplicateRecordsFound:0
15:18:08.0 (111724206)|DUPLICATE_DETECTION_END
15:18:08.0 (111732765)|CODE_UNIT_FINISHED|DuplicateDetector
15:18:08.0 (123257038)|DML_END|[14]
15:18:08.0 (123284666)|STATEMENT_EXECUTE|[16]
15:18:08.0 (123292651)|HEAP_ALLOCATE|[16]|Bytes:65
15:18:08.0 (123314820)|HEAP_ALLOCATE|[16]|Bytes:4
15:18:08.0 (123539699)|SOQL_EXECUTE_BEGIN|[16]|Aggregations:0|SELECT Id, Points__c FROM Contact WHERE LastName = 'TestContact2'
15:18:08.0 (128551659)|SOQL_EXECUTE_END|[16]|Rows:1
15:18:08.0 (128574384)|HEAP_ALLOCATE|[16]|Bytes:8
15:18:08.0 (128597174)|HEAP_ALLOCATE|[16]|Bytes:78
15:18:08.0 (128629762)|HEAP_ALLOCATE|[16]|Bytes:8
15:18:08.0 (128654321)|HEAP_ALLOCATE|[16]|Bytes:12
15:18:08.0 (128688585)|VARIABLE_ASSIGNMENT|[16]|cont2|{"Id":"003f400000Pu5H6AAJ","Points__c":10}|0x582b2bbf
15:18:08.0 (128696959)|STATEMENT_EXECUTE|[18]
15:18:08.0 (128718347)|HEAP_ALLOCATE|[18]|Bytes:4
15:18:08.0 (128731279)|HEAP_ALLOCATE|[18]|Bytes:9
15:18:08.0 (128764640)|VARIABLE_ASSIGNMENT|[18]|this.Name|"TestTask2"|0x53967d9f
15:18:08.0 (128785508)|VARIABLE_ASSIGNMENT|[18]|this.Type__c|"Daily"|0x53967d9f
15:18:08.0 (128813705)|VARIABLE_ASSIGNMENT|[18]|this.Contact__c|"003f400000Pu5H6AAJ"|0x53967d9f
15:18:08.0 (128821383)|HEAP_ALLOCATE|[18]|Bytes:9
15:18:08.0 (128837127)|VARIABLE_ASSIGNMENT|[18]|this.Status__c|"Completed"|0x53967d9f
15:18:08.0 (128864269)|VARIABLE_SCOPE_BEGIN|[18]|task2|HTask__c|true|false
15:18:08.0 (128881864)|VARIABLE_ASSIGNMENT|[18]|task2|{"Name":"TestTask2","Type__c":"Daily","Contact__c":"003f400000Pu5H6AAJ","Status__c":"Completed"}|0x53967d9f
15:18:08.0 (128888956)|STATEMENT_EXECUTE|[19]
15:18:08.0 (128909687)|HEAP_ALLOCATE|[19]|Bytes:8
15:18:08.0 (128920774)|DML_BEGIN|[19]|Op:Upsert|Type:HTask__c|Rows:1
15:18:08.0 (128950336)|HEAP_ALLOCATE|[EXTERNAL]|Bytes:8
15:18:08.0 (132066606)|CODE_UNIT_STARTED|[EXTERNAL]|Validation:HTask:new
15:18:08.0 (132080587)|VALIDATION_RULE|03df40000002ejE|ContactRequired
15:18:08.0 (132165980)|VALIDATION_FORMULA|ISBLANK(Contact__c)|Contact__c=003f400000Pu5H6
15:18:08.0 (132173829)|VALIDATION_PASS
15:18:08.0 (132176068)|VALIDATION_RULE|03df40000002ejO|DificultyRequired
15:18:08.0 (132233142)|VALIDATION_FORMULA|ISBLANK(TEXT(Difficulty__c))|Difficulty__c=Trivial
15:18:08.0 (132240008)|VALIDATION_PASS
15:18:08.0 (132241715)|VALIDATION_RULE|03df40000002bNN|StatusNone
15:18:08.0 (132332291)|VALIDATION_FORMULA|TEXT(Status__c) <> 'New'  
&& TEXT(Status__c) <> 'In Progress'
&& TEXT(Status__c) <> 'Completed'|Status__c=Completed
15:18:08.0 (132338525)|VALIDATION_PASS
15:18:08.0 (132398042)|CODE_UNIT_FINISHED|Validation:HTask:new
15:18:08.0 (141118648)|DML_END|[19]
15:18:08.0 (141143717)|STATEMENT_EXECUTE|[21]
15:18:08.0 (141151243)|HEAP_ALLOCATE|[21]|Bytes:11
15:18:08.0 (141168256)|VARIABLE_SCOPE_BEGIN|[21]|chron|String|false|false
15:18:08.0 (141188071)|VARIABLE_ASSIGNMENT|[21]|chron|"0 0 0 * * ?"
15:18:08.0 (141193234)|STATEMENT_EXECUTE|[22]
15:18:08.0 (141264456)|HEAP_ALLOCATE|[22]|Bytes:63
15:18:08.0 (141282291)|SYSTEM_METHOD_ENTRY|[1]|Test.Test()
15:18:08.0 (141286997)|STATEMENT_EXECUTE|[1]
15:18:08.0 (141295988)|SYSTEM_METHOD_EXIT|[1]|Test
15:18:08.0 (141316109)|METHOD_ENTRY|[22]||System.Test.startTest()
15:18:08.0 (142512082)|METHOD_EXIT|[22]||System.Test.startTest()
15:18:08.0 (142521273)|STATEMENT_EXECUTE|[23]
15:18:08.0 (142525585)|HEAP_ALLOCATE|[23]|Bytes:13
15:18:08.0 (152432465)|HEAP_ALLOCATE|[23]|Bytes:17
15:18:08.0 (152445988)|HEAP_ALLOCATE|[23]|Bytes:11
15:18:08.0 (152462019)|METHOD_ENTRY|[1]|01pf400000FQMpS|EndOfDaySchedule.EndOfDaySchedule()
15:18:08.0 (152468838)|STATEMENT_EXECUTE|[1]
15:18:08.0 (152474643)|STATEMENT_EXECUTE|[1]
15:18:08.0 (152479715)|METHOD_EXIT|[1]|EndOfDaySchedule
15:18:08.0 (152496746)|HEAP_ALLOCATE|[23]|Bytes:4
15:18:08.0 (152537891)|CONSTRUCTOR_ENTRY|[23]|01pf400000FQMpS|<init>()
15:18:08.0 (152577524)|VARIABLE_SCOPE_BEGIN|[1]|this|EndOfDaySchedule|true|false
15:18:08.0 (152622157)|VARIABLE_ASSIGNMENT|[1]|this|{}|0x44d930b2
15:18:08.0 (152634347)|HEAP_ALLOCATE|[EXTERNAL]|Bytes:6
15:18:08.0 (152675889)|STATEMENT_EXECUTE|[1]
15:18:08.0 (152700561)|CONSTRUCTOR_EXIT|[23]|01pf400000FQMpS|<init>()
15:18:08.0 (178301651)|STATEMENT_EXECUTE|[24]
15:18:08.0 (178329472)|METHOD_ENTRY|[24]||System.Test.stopTest()
15:18:08.0 (181710642)|CODE_UNIT_STARTED|[EXTERNAL]|01pf400000FQMpS|Test EndOfDay
15:18:08.0 (186059935)|HEAP_ALLOCATE|[EXTERNAL]|Bytes:3
15:18:08.0 (186081227)|SYSTEM_METHOD_ENTRY|[1]|SchedulableContextImpl.SchedulableContextImpl()
15:18:08.0 (186087141)|STATEMENT_EXECUTE|[1]
15:18:08.0 (186095015)|SYSTEM_METHOD_EXIT|[1]|SchedulableContextImpl
15:18:08.0 (186102163)|HEAP_ALLOCATE|[EXTERNAL]|Bytes:8
15:18:08.0 (186108534)|HEAP_ALLOCATE|[EXTERNAL]|Bytes:4
15:18:08.0 (186115717)|VARIABLE_SCOPE_BEGIN|[4]|this|System.SchedulableContextImpl|true|false
15:18:08.0 (186176636)|VARIABLE_ASSIGNMENT|[4]|this|{}|0x2e5193a6
15:18:08.0 (186184628)|VARIABLE_SCOPE_BEGIN|[4]|triggerId|Id|false|false
15:18:08.0 (186292746)|VARIABLE_ASSIGNMENT|[4]|triggerId|"08ef400000L0EMkAAN"
15:18:08.0 (186404552)|HEAP_ALLOCATE|[EXTERNAL]|Bytes:4
15:18:08.0 (186410274)|HEAP_ALLOCATE|[EXTERNAL]|Bytes:8
15:18:08.0 (186417807)|VARIABLE_SCOPE_BEGIN|[3]|this|EndOfDaySchedule|true|false
15:18:08.0 (186433722)|VARIABLE_ASSIGNMENT|[3]|this|{}|0xb115b6b
15:18:08.0 (186439984)|VARIABLE_SCOPE_BEGIN|[3]|SC|System.SchedulableContext|true|false
15:18:08.0 (186498768)|VARIABLE_ASSIGNMENT|[3]|SC|{"triggerId":"08ef400000L0EMkAAN"}|0x2e5193a6
15:18:08.0 (186514470)|STATEMENT_EXECUTE|[3]
15:18:08.0 (186516515)|STATEMENT_EXECUTE|[5]
15:18:08.0 (186526509)|METHOD_ENTRY|[5]|01pf400000FQMpS|EndOfDaySchedule.resolveDailyTaskPoints()
15:18:08.0 (186552979)|STATEMENT_EXECUTE|[12]
15:18:08.0 (186554964)|STATEMENT_EXECUTE|[14]
15:18:08.0 (186558693)|HEAP_ALLOCATE|[14]|Bytes:127
15:18:08.0 (186574391)|HEAP_ALLOCATE|[14]|Bytes:4
15:18:08.0 (186583642)|HEAP_ALLOCATE|[14]|Bytes:7
15:18:08.0 (186626280)|HEAP_ALLOCATE|[18]|Bytes:4
15:18:08.0 (186913876)|SOQL_EXECUTE_BEGIN|[14]|Aggregations:0|SELECT Id, Contact__c, Points__c FROM HTask__c WHERE (Status__c != 'Completed' AND Type__c = 'Daily' AND DueDate__c < :tmpVar1)
15:18:08.0 (197853933)|SOQL_EXECUTE_END|[14]|Rows:1
15:18:08.0 (197876522)|HEAP_ALLOCATE|[14]|Bytes:8
15:18:08.0 (197892933)|HEAP_ALLOCATE|[14]|Bytes:110
15:18:08.0 (197943541)|HEAP_ALLOCATE|[14]|Bytes:8
15:18:08.0 (197958274)|VARIABLE_SCOPE_BEGIN|[14]|ltask|List<HTask__c>|true|false
15:18:08.0 (197986957)|VARIABLE_ASSIGNMENT|[14]|ltask|[{"Id":"a00f4000009WH4VAAW","Contact__c":"003f400000Pu5H5AAJ","Points__c":2.50}]|0x65c9376e
15:18:08.0 (197994711)|STATEMENT_EXECUTE|[20]
15:18:08.0 (198036245)|HEAP_ALLOCATE|[20]|Bytes:4
15:18:08.0 (198066781)|VARIABLE_SCOPE_BEGIN|[20]|lcont|Map<String,Contact>|true|false
15:18:08.0 (198083474)|VARIABLE_ASSIGNMENT|[20]|lcont|{}|0x7fef9211
15:18:08.0 (198279742)|HEAP_ALLOCATE|[22]|Bytes:5
15:18:08.0 (198310551)|HEAP_ALLOCATE|[22]|Bytes:16
15:18:08.0 (198319320)|VARIABLE_SCOPE_BEGIN|[22]|task|HTask__c|true|false
15:18:08.0 (198335417)|VARIABLE_ASSIGNMENT|[22]|task|{"Id":"a00f4000009WH4VAAW","Contact__c":"003f400000Pu5H5AAJ","Points__c":2.50}|0x29fddb1a
15:18:08.0 (198342628)|STATEMENT_EXECUTE|[22]
15:18:08.0 (198428554)|STATEMENT_EXECUTE|[24]
15:18:08.0 (198431236)|STATEMENT_EXECUTE|[25]
15:18:08.0 (198434832)|HEAP_ALLOCATE|[25]|Bytes:59
15:18:08.0 (198447580)|HEAP_ALLOCATE|[25]|Bytes:4
15:18:08.0 (198622676)|SOQL_EXECUTE_BEGIN|[25]|Aggregations:0|SELECT Id, Name, Points__c FROM Contact WHERE Id = :tmpVar1
15:18:08.0 (201822977)|SOQL_EXECUTE_END|[25]|Rows:1
15:18:08.0 (201843033)|HEAP_ALLOCATE|[25]|Bytes:8
15:18:08.0 (201855705)|HEAP_ALLOCATE|[25]|Bytes:98
15:18:08.0 (201884056)|HEAP_ALLOCATE|[25]|Bytes:8
15:18:08.0 (201905753)|HEAP_ALLOCATE|[25]|Bytes:16
15:18:08.0 (201912812)|VARIABLE_SCOPE_BEGIN|[25]|conta|Contact|true|false
15:18:08.0 (201933329)|VARIABLE_ASSIGNMENT|[25]|conta|{"Id":"003f400000Pu5H5AAJ","Name":"TestContact1","Points__c":10}|0x3a350000
15:18:08.0 (201940051)|STATEMENT_EXECUTE|[26]
15:18:08.0 (202066776)|HEAP_ALLOCATE|[26]|Bytes:28
15:18:08.0 (202125833)|VARIABLE_ASSIGNMENT|[26]|this.Points__c|7.50|0x3a350000
15:18:08.0 (202133412)|STATEMENT_EXECUTE|[27]
15:18:08.0 (202181522)|HEAP_ALLOCATE|[EXTERNAL]|Bytes:-4
15:18:08.0 (202201296)|HEAP_ALLOCATE|[22]|Bytes:5
15:18:08.0 (202215665)|VARIABLE_ASSIGNMENT|[22]|task|null|
15:18:08.0 (202221756)|STATEMENT_EXECUTE|[35]
15:18:08.0 (202241997)|HEAP_ALLOCATE|[EXTERNAL]|Bytes:8
15:18:08.0 (202252881)|HEAP_ALLOCATE|[35]|Bytes:105
15:18:08.0 (202296644)|DML_BEGIN|[35]|Op:Update|Type:Contact|Rows:1
15:18:08.0 (202323419)|HEAP_ALLOCATE|[EXTERNAL]|Bytes:8
15:18:08.0 (207835734)|CODE_UNIT_STARTED|[EXTERNAL]|DuplicateDetector
15:18:08.0 (207855639)|DUPLICATE_DETECTION_BEGIN
15:18:08.0 (207916282)|DUPLICATE_DETECTION_RULE_INVOCATION|DuplicateRuleId:0Bmf4000005NvDQ|DuplicateRuleName:Standard Contact Duplicate Rule|DmlType:UPDATE
15:18:08.0 (207977996)|DUPLICATE_DETECTION_END
15:18:08.0 (207984444)|CODE_UNIT_FINISHED|DuplicateDetector
15:18:08.0 (222285880)|DML_END|[35]
15:18:08.0 (222344130)|HEAP_ALLOCATE|[EXTERNAL]|Bytes:8
15:18:08.0 (222375768)|METHOD_EXIT|[5]|01pf400000FQMpS|EndOfDaySchedule.resolveDailyTaskPoints()
15:18:08.0 (222385788)|STATEMENT_EXECUTE|[7]
15:18:08.0 (222403753)|METHOD_ENTRY|[7]|01pf400000FQMpS|EndOfDaySchedule.sendEmails()
15:18:08.0 (222457099)|STATEMENT_EXECUTE|[38]
15:18:08.0 (222459697)|STATEMENT_EXECUTE|[39]
15:18:08.0 (222465565)|HEAP_ALLOCATE|[39]|Bytes:96
15:18:08.0 (222485287)|HEAP_ALLOCATE|[39]|Bytes:4
15:18:08.0 (222753548)|SOQL_EXECUTE_BEGIN|[39]|Aggregations:0|SELECT Id, Name, Contact__c FROM HTask__c WHERE (Status__c != 'Completed' AND Type__c = 'Daily')
15:18:08.0 (225356441)|SOQL_EXECUTE_END|[39]|Rows:1
15:18:08.0 (225381213)|HEAP_ALLOCATE|[39]|Bytes:8
15:18:08.0 (225400737)|HEAP_ALLOCATE|[39]|Bytes:78
15:18:08.0 (225434686)|HEAP_ALLOCATE|[39]|Bytes:8
15:18:08.0 (225447702)|VARIABLE_SCOPE_BEGIN|[39]|ltask|List<HTask__c>|true|false
15:18:08.0 (225484865)|VARIABLE_ASSIGNMENT|[39]|ltask|[{"Id":"a00f4000009WH4VAAW","Name":"TestTask1","Contact__c":"003f400000Pu5H5AAJ"}]|0x14cb8b8f
15:18:08.0 (225492271)|STATEMENT_EXECUTE|[44]
15:18:08.0 (225545136)|HEAP_ALLOCATE|[44]|Bytes:4
15:18:08.0 (225585451)|VARIABLE_SCOPE_BEGIN|[44]|mtask|Map<String,List<HTask__c>>|true|false
15:18:08.0 (225602233)|VARIABLE_ASSIGNMENT|[44]|mtask|{}|0x24eb0dc4
15:18:08.0 (225661203)|HEAP_ALLOCATE|[46]|Bytes:5
15:18:08.0 (225679002)|HEAP_ALLOCATE|[46]|Bytes:16
15:18:08.0 (225689439)|VARIABLE_SCOPE_BEGIN|[46]|task|HTask__c|true|false
15:18:08.0 (225703511)|VARIABLE_ASSIGNMENT|[46]|task|{"Id":"a00f4000009WH4VAAW","Name":"TestTask1","Contact__c":"003f400000Pu5H5AAJ"}|0x6fed958d
15:18:08.0 (225711664)|STATEMENT_EXECUTE|[46]
15:18:08.0 (225774997)|STATEMENT_EXECUTE|[47]
15:18:08.0 (225777781)|STATEMENT_EXECUTE|[48]
15:18:08.0 (225795975)|HEAP_ALLOCATE|[48]|Bytes:4
15:18:08.0 (225835520)|HEAP_ALLOCATE|[EXTERNAL]|Bytes:4
15:18:08.0 (225842524)|HEAP_ALLOCATE|[EXTERNAL]|Bytes:-4
15:18:08.0 (225849805)|STATEMENT_EXECUTE|[51]
15:18:08.0 (225900560)|HEAP_ALLOCATE|[EXTERNAL]|Bytes:4
15:18:08.0 (225915123)|HEAP_ALLOCATE|[46]|Bytes:5
15:18:08.0 (225928179)|VARIABLE_ASSIGNMENT|[46]|task|null|
15:18:08.0 (225943409)|HEAP_ALLOCATE|[54]|Bytes:4
15:18:08.0 (225986859)|HEAP_ALLOCATE|[54]|Bytes:26
15:18:08.0 (226005040)|HEAP_ALLOCATE|[54]|Bytes:4
15:18:08.0 (226027440)|HEAP_ALLOCATE|[54]|Bytes:5
15:18:08.0 (226039795)|VARIABLE_SCOPE_BEGIN|[54]|contactId|String|false|false
15:18:08.0 (226051181)|VARIABLE_ASSIGNMENT|[54]|contactId|"003f400000Pu5H5AAJ"
15:18:08.0 (226056364)|STATEMENT_EXECUTE|[54]
15:18:08.0 (226058171)|STATEMENT_EXECUTE|[55]
15:18:08.0 (226061259)|HEAP_ALLOCATE|[55]|Bytes:49
15:18:08.0 (226071715)|HEAP_ALLOCATE|[55]|Bytes:4
15:18:08.0 (226213758)|SOQL_EXECUTE_BEGIN|[55]|Aggregations:0|SELECT Id, Email FROM Contact WHERE Id = :tmpVar1
15:18:08.0 (248211155)|SOQL_EXECUTE_END|[55]|Rows:1
15:18:08.0 (248238593)|HEAP_ALLOCATE|[55]|Bytes:8
15:18:08.0 (248253035)|HEAP_ALLOCATE|[55]|Bytes:61
15:18:08.0 (248290649)|HEAP_ALLOCATE|[55]|Bytes:8
15:18:08.0 (248321550)|HEAP_ALLOCATE|[55]|Bytes:12
15:18:08.0 (248330026)|VARIABLE_SCOPE_BEGIN|[55]|cont|Contact|true|false
15:18:08.0 (248354331)|VARIABLE_ASSIGNMENT|[55]|cont|{"Id":"003f400000Pu5H5AAJ","Email":"amancebo@altimetrik. (3 more) ..."}|0x1e7a603e
15:18:08.0 (248362279)|STATEMENT_EXECUTE|[56]
15:18:08.0 (248370790)|HEAP_ALLOCATE|[56]|Bytes:55
15:18:08.0 (248377897)|VARIABLE_SCOPE_BEGIN|[56]|message|String|false|false
15:18:08.0 (248389323)|VARIABLE_ASSIGNMENT|[56]|message|"Today you have this  (35 more) ..."
15:18:08.0 (248480962)|HEAP_ALLOCATE|[57]|Bytes:5
15:18:08.0 (248495831)|HEAP_ALLOCATE|[57]|Bytes:16
15:18:08.0 (248504807)|VARIABLE_SCOPE_BEGIN|[57]|task|HTask__c|true|false
15:18:08.0 (248520083)|VARIABLE_ASSIGNMENT|[57]|task|{"Id":"a00f4000009WH4VAAW","Name":"TestTask1","Contact__c":"003f400000Pu5H5AAJ"}|0x6fed958d
15:18:08.0 (248527605)|STATEMENT_EXECUTE|[57]
15:18:08.0 (248529364)|STATEMENT_EXECUTE|[58]
15:18:08.0 (248796727)|HEAP_ALLOCATE|[58]|Bytes:1
15:18:08.0 (248816896)|HEAP_ALLOCATE|[58]|Bytes:10
15:18:08.0 (248822608)|HEAP_ALLOCATE|[58]|Bytes:65
15:18:08.0 (248832770)|VARIABLE_ASSIGNMENT|[58]|message|"Today you have this  (45 more) ..."
15:18:08.0 (248847499)|HEAP_ALLOCATE|[57]|Bytes:5
15:18:08.0 (248859437)|VARIABLE_ASSIGNMENT|[57]|task|null|
15:18:08.0 (248865237)|STATEMENT_EXECUTE|[60]
15:18:08.0 (248868314)|HEAP_ALLOCATE|[60]|Bytes:17
15:18:08.0 (248874032)|HEAP_ALLOCATE|[60]|Bytes:82
15:18:08.0 (248880402)|VARIABLE_ASSIGNMENT|[60]|message|"Today you have this  (62 more) ..."
15:18:08.0 (248884691)|STATEMENT_EXECUTE|[62]
15:18:08.0 (249085636)|USER_DEBUG|[62]|DEBUG|amancebo@altimetrik.com
15:18:08.0 (249097687)|STATEMENT_EXECUTE|[63]
15:18:08.0 (249108678)|USER_DEBUG|[63]|DEBUG|Today you have this task that doesn't been completed: 
TestTask1

Have a good day!
15:18:08.0 (249118618)|STATEMENT_EXECUTE|[64]
15:18:08.0 (249140697)|METHOD_ENTRY|[64]|01pf400000FQMpS|EndOfDaySchedule.sendEmailToContact(String, String)
15:18:08.0 (249168082)|VARIABLE_SCOPE_BEGIN|[68]|email|String|false|false
15:18:08.0 (249181022)|VARIABLE_ASSIGNMENT|[68]|email|"amancebo@altimetrik. (3 more) ..."
15:18:08.0 (249186133)|VARIABLE_SCOPE_BEGIN|[68]|message|String|false|false
15:18:08.0 (249193956)|VARIABLE_ASSIGNMENT|[68]|message|"Today you have this  (62 more) ..."
15:18:08.0 (249207744)|STATEMENT_EXECUTE|[68]
15:18:08.0 (249209564)|STATEMENT_EXECUTE|[69]
15:18:08.0 (249301107)|VARIABLE_SCOPE_BEGIN|[69]|mail|Messaging.SingleEmailMessage|true|false
15:18:08.0 (249404946)|VARIABLE_ASSIGNMENT|[69]|mail|"common.api.soap.wsdl.SingleEmailMessage@75f6ca8e"|0x120db81b
15:18:08.0 (249413614)|STATEMENT_EXECUTE|[70]
15:18:08.0 (249681402)|STATEMENT_EXECUTE|[71]
15:18:08.0 (249693786)|HEAP_ALLOCATE|[71]|Bytes:4
15:18:08.0 (249725973)|VARIABLE_SCOPE_BEGIN|[71]|toAddresses|List<String>|true|false
15:18:08.0 (249752227)|HEAP_ALLOCATE|[EXTERNAL]|Bytes:8
15:18:08.0 (249768008)|VARIABLE_ASSIGNMENT|[71]|toAddresses|["amancebo@altimetrik. (3 more) ..."]|0x10c2e172
15:18:08.0 (249774408)|STATEMENT_EXECUTE|[72]
15:18:08.0 (249825054)|STATEMENT_EXECUTE|[73]
15:18:08.0 (249829676)|HEAP_ALLOCATE|[73]|Bytes:18
15:18:08.0 (249876452)|STATEMENT_EXECUTE|[74]
15:18:08.0 (249879848)|HEAP_ALLOCATE|[74]|Bytes:43
15:18:08.0 (249899169)|STATEMENT_EXECUTE|[75]
15:18:08.0 (249912700)|STATEMENT_EXECUTE|[76]
15:18:08.0 (249931774)|STATEMENT_EXECUTE|[77]
15:18:08.0 (249944785)|STATEMENT_EXECUTE|[78]
15:18:08.0 (249955341)|STATEMENT_EXECUTE|[79]
15:18:08.0 (249984431)|HEAP_ALLOCATE|[79]|Bytes:4
15:18:08.0 (250059925)|HEAP_ALLOCATE|[EXTERNAL]|Bytes:8
15:18:08.0 (250087675)|HEAP_ALLOCATE|[EXTERNAL]|Bytes:8
15:18:08.0 (270779774)|EMAIL_QUEUE|[79]|replyTo: amancebo@altimetrik.com, subject: You dont complete some daily task yesterday, senderDisplayName: Altibitica Support, bccSender: false, saveAsActivity: true, useSignature: false, toAddresses: [amancebo@altimetrik.com], plainTextBody: Today you have this task that doesn't been completed: 
TestTask1

Have a good day!, 
15:18:08.0 (270880281)|HEAP_ALLOCATE|[EXTERNAL]|Bytes:8
15:18:08.0 (270932660)|HEAP_ALLOCATE|[79]|Bytes:8
15:18:08.0 (270966114)|VARIABLE_SCOPE_BEGIN|[79]|results|List<Messaging.SendEmailResult>|true|false
15:18:08.0 (271079047)|VARIABLE_ASSIGNMENT|[79]|results|"common.apex.runtime.impl.ScalarList@4d481dad"|0x31f84bdb
15:18:08.0 (271092660)|STATEMENT_EXECUTE|[81]
15:18:08.0 (271135197)|METHOD_ENTRY|[81]|01pf400000FQMpS|EndOfDaySchedule.inspectResults(List<Messaging.SendEmailResult>)
15:18:08.0 (271179641)|VARIABLE_SCOPE_BEGIN|[84]|results|List<Messaging.SendEmailResult>|true|false
15:18:08.0 (271243759)|VARIABLE_ASSIGNMENT|[84]|results|"common.apex.runtime.impl.ScalarList@4d481dad"|0x31f84bdb
15:18:08.0 (271271592)|STATEMENT_EXECUTE|[84]
15:18:08.0 (271274432)|STATEMENT_EXECUTE|[85]
15:18:08.0 (271279834)|VARIABLE_SCOPE_BEGIN|[85]|sendResult|Boolean|false|false
15:18:08.0 (271312568)|HEAP_ALLOCATE|[85]|Bytes:5
15:18:08.0 (271325507)|VARIABLE_ASSIGNMENT|[85]|sendResult|true
15:18:08.0 (271591950)|HEAP_ALLOCATE|[91]|Bytes:5
15:18:08.0 (271656968)|HEAP_ALLOCATE|[91]|Bytes:4
15:18:08.0 (271696218)|VARIABLE_SCOPE_BEGIN|[91]|res|Messaging.SendEmailResult|true|false
15:18:08.0 (271758639)|VARIABLE_ASSIGNMENT|[91]|res|"common.api.soap.wsdl.SendEmailResult@4d481d8e"|0x65b286c
15:18:08.0 (271770863)|STATEMENT_EXECUTE|[91]
15:18:08.0 (271806474)|STATEMENT_EXECUTE|[92]
15:18:08.0 (271808740)|STATEMENT_EXECUTE|[93]
15:18:08.0 (271812841)|HEAP_ALLOCATE|[93]|Bytes:23
15:18:08.0 (271845100)|USER_DEBUG|[93]|DEBUG|Email sent successfully
15:18:08.0 (271864148)|HEAP_ALLOCATE|[91]|Bytes:5
15:18:08.0 (271877698)|VARIABLE_ASSIGNMENT|[91]|res|null|
15:18:08.0 (271883382)|STATEMENT_EXECUTE|[101]
15:18:08.0 (271889402)|METHOD_EXIT|[81]|01pf400000FQMpS|EndOfDaySchedule.inspectResults(List<Messaging.SendEmailResult>)
15:18:08.0 (271898833)|METHOD_EXIT|[64]|01pf400000FQMpS|EndOfDaySchedule.sendEmailToContact(String, String)
15:18:08.0 (271914223)|HEAP_ALLOCATE|[54]|Bytes:5
15:18:08.0 (271926165)|VARIABLE_ASSIGNMENT|[54]|contactId|null
15:18:08.0 (271937296)|METHOD_EXIT|[7]|01pf400000FQMpS|EndOfDaySchedule.sendEmails()
15:18:08.0 (271945301)|STATEMENT_EXECUTE|[9]
15:18:08.0 (271957131)|METHOD_ENTRY|[9]|01pf400000FQMpS|EndOfDaySchedule.resetTaskStatus()
15:18:08.0 (271997775)|STATEMENT_EXECUTE|[104]
15:18:08.0 (272000720)|STATEMENT_EXECUTE|[106]
15:18:08.0 (272006324)|HEAP_ALLOCATE|[106]|Bytes:73
15:18:08.0 (272025714)|HEAP_ALLOCATE|[106]|Bytes:4
15:18:08.0 (272198673)|SOQL_EXECUTE_BEGIN|[106]|Aggregations:0|SELECT Id FROM HTask__c WHERE (Status__c != 'New' AND Type__c != 'TO-DO')
15:18:08.0 (281401552)|SOQL_EXECUTE_END|[106]|Rows:1
15:18:08.0 (281429132)|HEAP_ALLOCATE|[106]|Bytes:8
15:18:08.0 (281442986)|HEAP_ALLOCATE|[106]|Bytes:29
15:18:08.0 (281473617)|HEAP_ALLOCATE|[106]|Bytes:8
15:18:08.0 (281488259)|VARIABLE_SCOPE_BEGIN|[106]|ltask|List<HTask__c>|true|false
15:18:08.0 (281518284)|VARIABLE_ASSIGNMENT|[106]|ltask|[{"Id":"a00f4000009WH4WAAW"}]|0xe543ede
15:18:08.0 (281570802)|HEAP_ALLOCATE|[111]|Bytes:5
15:18:08.0 (281584840)|HEAP_ALLOCATE|[111]|Bytes:8
15:18:08.0 (281592847)|VARIABLE_SCOPE_BEGIN|[111]|task|HTask__c|true|false
15:18:08.0 (281606101)|VARIABLE_ASSIGNMENT|[111]|task|{"Id":"a00f4000009WH4WAAW"}|0x1c5185ea
15:18:08.0 (281613433)|STATEMENT_EXECUTE|[111]
15:18:08.0 (281615501)|STATEMENT_EXECUTE|[112]
15:18:08.0 (281618951)|HEAP_ALLOCATE|[112]|Bytes:3
15:18:08.0 (281657923)|HEAP_ALLOCATE|[112]|Bytes:-4
15:18:08.0 (281670207)|VARIABLE_ASSIGNMENT|[112]|this.Status__c|"New"|0x1c5185ea
15:18:08.0 (281688517)|HEAP_ALLOCATE|[111]|Bytes:5
15:18:08.0 (281705939)|VARIABLE_ASSIGNMENT|[111]|task|null|
15:18:08.0 (281714357)|STATEMENT_EXECUTE|[115]
15:18:08.0 (281750514)|DML_BEGIN|[115]|Op:Update|Type:HTask__c|Rows:1
15:18:08.0 (281777531)|HEAP_ALLOCATE|[EXTERNAL]|Bytes:8
15:18:08.0 (287206758)|CODE_UNIT_STARTED|[EXTERNAL]|Validation:HTask:a00f4000009WH4W
15:18:08.0 (287220288)|VALIDATION_RULE|03df40000002ejE|ContactRequired
15:18:08.0 (287304404)|VALIDATION_FORMULA|ISBLANK(Contact__c)|Contact__c=003f400000Pu5H6
15:18:08.0 (287311413)|VALIDATION_PASS
15:18:08.0 (287313666)|VALIDATION_RULE|03df40000002ejO|DificultyRequired
15:18:08.0 (287379298)|VALIDATION_FORMULA|ISBLANK(TEXT(Difficulty__c))|Difficulty__c=Trivial
15:18:08.0 (287385948)|VALIDATION_PASS
15:18:08.0 (287387722)|VALIDATION_RULE|03df40000002bNN|StatusNone
15:18:08.0 (287468573)|VALIDATION_FORMULA|TEXT(Status__c) <> 'New'  
&& TEXT(Status__c) <> 'In Progress'
&& TEXT(Status__c) <> 'Completed'|Status__c=New
15:18:08.0 (287475777)|VALIDATION_PASS
15:18:08.0 (287536288)|CODE_UNIT_FINISHED|Validation:HTask:a00f4000009WH4W
15:18:08.0 (297934731)|CODE_UNIT_STARTED|[EXTERNAL]|01qf4000001HypC|completeHTaskTrigger on HTask trigger event AfterUpdate
15:18:08.0 (297973201)|HEAP_ALLOCATE|[EXTERNAL]|Bytes:8
15:18:08.0 (298000391)|HEAP_ALLOCATE|[EXTERNAL]|Bytes:8
15:18:08.0 (298104620)|HEAP_ALLOCATE|[EXTERNAL]|Bytes:12
15:18:08.0 (298140579)|VARIABLE_SCOPE_BEGIN|[1]|this|completeHTaskTrigger|true|false
15:18:08.0 (298194558)|VARIABLE_ASSIGNMENT|[1]|this|{}|0x6a94d61c
15:18:08.0 (298245254)|HEAP_ALLOCATE|[EXTERNAL]|Bytes:12
15:18:08.0 (298255002)|VARIABLE_SCOPE_BEGIN|[1]|this|completeHTaskTrigger|true|false
15:18:08.0 (298269428)|VARIABLE_ASSIGNMENT|[1]|this|{}|0x6a94d61c
15:18:08.0 (298278106)|STATEMENT_EXECUTE|[1]
15:18:08.0 (298280513)|STATEMENT_EXECUTE|[3]
15:18:08.0 (298284189)|HEAP_ALLOCATE|[3]|Bytes:99
15:18:08.0 (298298890)|HEAP_ALLOCATE|[3]|Bytes:4
15:18:08.0 (298881426)|SOQL_EXECUTE_BEGIN|[3]|Aggregations:0|SELECT Id, Contact__c, Type__c, Status__c, DueDate__c, Points__c FROM HTask__c WHERE Id IN :tmpVar1
15:18:08.0 (304562889)|SOQL_EXECUTE_END|[3]|Rows:1
15:18:08.0 (304587467)|HEAP_ALLOCATE|[3]|Bytes:8
15:18:08.0 (304608642)|HEAP_ALLOCATE|[3]|Bytes:142
15:18:08.0 (304637691)|HEAP_ALLOCATE|[3]|Bytes:8
15:18:08.0 (304652703)|HEAP_ALLOCATE|[3]|Bytes:34
15:18:08.0 (304669794)|HEAP_ALLOCATE|[3]|Bytes:24
15:18:08.0 (304716031)|VARIABLE_ASSIGNMENT|[3]|this.task|{"Id":"a00f4000009WH4WAAW","Contact__c":"003f400000Pu5H6AAJ","Type__c":"Daily","Status__c":"New","Points__c":0.50}|0x6a94d61c
15:18:08.0 (304726278)|STATEMENT_EXECUTE|[5]
15:18:08.0 (304738849)|HEAP_ALLOCATE|[5]|Bytes:4
15:18:08.0 (304918169)|SOQL_EXECUTE_BEGIN|[5]|Aggregations:0|SELECT Id, Name, Points__c FROM Contact WHERE Id = :tmpVar1
15:18:08.0 (308038557)|SOQL_EXECUTE_END|[5]|Rows:1
15:18:08.0 (308058767)|HEAP_ALLOCATE|[5]|Bytes:8
15:18:08.0 (308072063)|HEAP_ALLOCATE|[5]|Bytes:98
15:18:08.0 (308100864)|HEAP_ALLOCATE|[5]|Bytes:8
15:18:08.0 (308126079)|HEAP_ALLOCATE|[5]|Bytes:16
15:18:08.0 (308150680)|VARIABLE_ASSIGNMENT|[5]|this.conta|{"Id":"003f400000Pu5H6AAJ","Name":"TestContact2","Points__c":10}|0x6a94d61c
15:18:08.0 (308180542)|HEAP_ALLOCATE|[7]|Bytes:5
15:18:08.0 (308209764)|STATEMENT_EXECUTE|[19]
15:18:08.0 (308256918)|STATEMENT_EXECUTE|[20]
15:18:08.308 (308265562)|CUMULATIVE_LIMIT_USAGE
15:18:08.308 (308265562)|LIMIT_USAGE_FOR_NS|(default)|
  Number of SOQL queries: 7 out of 100
  Number of query rows: 7 out of 50000
  Number of SOSL queries: 0 out of 20
  Number of DML statements: 2 out of 150
  Number of DML rows: 2 out of 10000
  Maximum CPU time: 0 out of 10000
  Maximum heap size: 0 out of 6000000
  Number of callouts: 0 out of 100
  Number of Email Invocations: 1 out of 10
  Number of future calls: 0 out of 50
  Number of queueable jobs added to the queue: 0 out of 50
  Number of Mobile Apex push calls: 0 out of 10

15:18:08.308 (308265562)|CUMULATIVE_LIMIT_USAGE_END

15:18:08.0 (309058749)|CODE_UNIT_FINISHED|completeHTaskTrigger on HTask trigger event AfterUpdate
15:18:08.0 (309467114)|DML_END|[115]
15:18:08.0 (309497333)|HEAP_ALLOCATE|[EXTERNAL]|Bytes:8
15:18:08.0 (309519400)|METHOD_EXIT|[9]|01pf400000FQMpS|EndOfDaySchedule.resetTaskStatus()
15:18:08.309 (309546268)|CUMULATIVE_LIMIT_USAGE
15:18:08.309 (309546268)|LIMIT_USAGE_FOR_NS|(default)|
  Number of SOQL queries: 7 out of 100
  Number of query rows: 7 out of 50000
  Number of SOSL queries: 0 out of 20
  Number of DML statements: 2 out of 150
  Number of DML rows: 2 out of 10000
  Maximum CPU time: 0 out of 10000
  Maximum heap size: 0 out of 6000000
  Number of callouts: 0 out of 100
  Number of Email Invocations: 1 out of 10
  Number of future calls: 0 out of 50
  Number of queueable jobs added to the queue: 0 out of 50
  Number of Mobile Apex push calls: 0 out of 10

15:18:08.309 (309546268)|CUMULATIVE_LIMIT_USAGE_END

15:18:08.0 (309567650)|CODE_UNIT_FINISHED|Test EndOfDay
15:18:08.0 (314513769)|METHOD_EXIT|[24]||System.Test.stopTest()
15:18:08.0 (314524309)|STATEMENT_EXECUTE|[26]
15:18:08.0 (314530037)|HEAP_ALLOCATE|[26]|Bytes:65
15:18:08.0 (314545872)|HEAP_ALLOCATE|[26]|Bytes:4
15:18:08.0 (314701261)|SOQL_EXECUTE_BEGIN|[26]|Aggregations:0|SELECT Id, Points__c FROM Contact WHERE LastName = 'TestContact1'
15:18:08.0 (319228529)|SOQL_EXECUTE_END|[26]|Rows:1
15:18:08.0 (319249194)|HEAP_ALLOCATE|[26]|Bytes:8
15:18:08.0 (319261591)|HEAP_ALLOCATE|[26]|Bytes:78
15:18:08.0 (319288602)|HEAP_ALLOCATE|[26]|Bytes:8
15:18:08.0 (319309128)|HEAP_ALLOCATE|[26]|Bytes:12
15:18:08.0 (319317548)|VARIABLE_SCOPE_BEGIN|[26]|contAfter|Contact|true|false
15:18:08.0 (319342163)|VARIABLE_ASSIGNMENT|[26]|contAfter|{"Id":"003f400000Pu5H5AAJ","Points__c":7.5}|0x2ca216ff
15:18:08.0 (319349243)|STATEMENT_EXECUTE|[27]
15:18:08.0 (319352962)|HEAP_ALLOCATE|[27]|Bytes:59
15:18:08.0 (319370256)|HEAP_ALLOCATE|[27]|Bytes:4
15:18:08.0 (319513859)|SOQL_EXECUTE_BEGIN|[27]|Aggregations:0|SELECT Id, Status__c FROM HTask__c WHERE Name = 'TestTask2'
15:18:08.0 (322578213)|SOQL_EXECUTE_END|[27]|Rows:1
15:18:08.0 (322603825)|HEAP_ALLOCATE|[27]|Bytes:8
15:18:08.0 (322617004)|HEAP_ALLOCATE|[27]|Bytes:45
15:18:08.0 (322645925)|HEAP_ALLOCATE|[27]|Bytes:8
15:18:08.0 (322668229)|HEAP_ALLOCATE|[27]|Bytes:12
15:18:08.0 (322685758)|VARIABLE_ASSIGNMENT|[27]|task2|{"Id":"a00f4000009WH4WAAW","Status__c":"New"}|0x156af60e
15:18:08.0 (322693704)|STATEMENT_EXECUTE|[28]
15:18:08.0 (322724961)|HEAP_ALLOCATE|[28]|Bytes:3
15:18:08.0 (322741665)|HEAP_ALLOCATE|[28]|Bytes:28
15:18:08.0 (322826837)|HEAP_ALLOCATE|[28]|Bytes:28
15:18:08.0 (322852842)|HEAP_ALLOCATE|[28]|Bytes:28
15:18:08.0 (322880009)|STATEMENT_EXECUTE|[29]
15:18:08.322 (322928664)|CUMULATIVE_LIMIT_USAGE
15:18:08.322 (322928664)|LIMIT_USAGE_FOR_NS|(default)|
  Number of SOQL queries: 4 out of 100
  Number of query rows: 4 out of 50000
  Number of SOSL queries: 0 out of 20
  Number of DML statements: 4 out of 150
  Number of DML rows: 4 out of 10000
  Maximum CPU time: 0 out of 10000
  Maximum heap size: 0 out of 6000000
  Number of callouts: 0 out of 100
  Number of Email Invocations: 0 out of 10
  Number of future calls: 0 out of 50
  Number of queueable jobs added to the queue: 0 out of 50
  Number of Mobile Apex push calls: 0 out of 10

15:18:08.322 (322928664)|TESTING_LIMITS
15:18:08.322 (322928664)|LIMIT_USAGE_FOR_NS|(default)|
  Number of SOQL queries: 0 out of 100
  Number of query rows: 0 out of 50000
  Number of SOSL queries: 0 out of 20
  Number of DML statements: 0 out of 150
  Number of DML rows: 0 out of 10000
  Maximum CPU time: 0 out of 10000
  Maximum heap size: 0 out of 6000000
  Number of callouts: 0 out of 100
  Number of Email Invocations: 0 out of 10
  Number of future calls: 0 out of 50
  Number of queueable jobs added to the queue: 0 out of 50
  Number of Mobile Apex push calls: 0 out of 10

15:18:08.322 (322928664)|CUMULATIVE_LIMIT_USAGE_END

15:18:08.0 (322964450)|CODE_UNIT_FINISHED|EndOfDayScheduleTest.dailyTest
15:18:08.0 (323899036)|EXECUTION_FINISHED
15:18:08.438 (438385726)|USER_INFO|[EXTERNAL]|005f4000002PiXT|amancebo.habitica@altimetrik.com|Argentine Time|GMT-03:00
15:18:08.438 (438428654)|EXECUTION_STARTED
15:18:08.438 (438435050)|CODE_UNIT_STARTED|[EXTERNAL]|DuplicateDetector
15:18:08.438 (438454143)|DUPLICATE_DETECTION_BEGIN
15:18:08.438 (438714667)|DUPLICATE_DETECTION_RULE_INVOCATION|DuplicateRuleId:0Bmf4000005NvDQ|DuplicateRuleName:Standard Contact Duplicate Rule|DmlType:INSERT
15:18:08.438 (448921878)|DUPLICATE_DETECTION_END
15:18:08.438 (448936222)|CODE_UNIT_FINISHED|DuplicateDetector
15:18:08.438 (449771472)|EXECUTION_FINISHED
15:18:08.450 (450689206)|USER_INFO|[EXTERNAL]|005f4000002PiXT|amancebo.habitica@altimetrik.com|Argentine Time|GMT-03:00
15:18:08.450 (450714581)|EXECUTION_STARTED
15:18:08.450 (450720328)|CODE_UNIT_STARTED|[EXTERNAL]|DuplicateDetector
15:18:08.450 (450734897)|DUPLICATE_DETECTION_BEGIN
15:18:08.450 (450813841)|DUPLICATE_DETECTION_RULE_INVOCATION|DuplicateRuleId:0Bmf4000005NvDQ|DuplicateRuleName:Standard Contact Duplicate Rule|DmlType:UPDATE
15:18:08.450 (458380438)|DUPLICATE_DETECTION_END
15:18:08.450 (458389871)|CODE_UNIT_FINISHED|DuplicateDetector
15:18:08.450 (459122593)|EXECUTION_FINISHED
