42.0 APEX_CODE,FINEST;APEX_PROFILING,INFO;CALLOUT,INFO;DB,INFO;SYSTEM,DEBUG;VALIDATION,INFO;VISUALFORCE,INFO;WAVE,INFO;WORKFLOW,INFO
11:15:00.0 (69771)|USER_INFO|[EXTERNAL]|005f4000002PiXT|amancebo.habitica@altimetrik.com|Argentine Time|GMT-03:00
11:15:00.0 (103699)|EXECUTION_STARTED
11:15:00.0 (109028)|CODE_UNIT_STARTED|[EXTERNAL]|Aura
11:15:00.0 (1573753)|CODE_UNIT_STARTED|[EXTERNAL]|01pf400000Gj25X|TaskListController.getAllTasks
11:15:00.0 (1729613)|HEAP_ALLOCATE|[72]|Bytes:3
11:15:00.0 (1770377)|HEAP_ALLOCATE|[77]|Bytes:152
11:15:00.0 (1785913)|HEAP_ALLOCATE|[342]|Bytes:408
11:15:00.0 (1801800)|HEAP_ALLOCATE|[355]|Bytes:408
11:15:00.0 (1812975)|HEAP_ALLOCATE|[467]|Bytes:48
11:15:00.0 (1840392)|HEAP_ALLOCATE|[139]|Bytes:6
11:15:00.0 (1899078)|HEAP_ALLOCATE|[EXTERNAL]|Bytes:1
11:15:00.0 (1909582)|METHOD_ENTRY|[1]|01pf400000Gj25X|TaskListController.TaskListController()
11:15:00.0 (1916793)|STATEMENT_EXECUTE|[1]
11:15:00.0 (1921628)|STATEMENT_EXECUTE|[1]
11:15:00.0 (1951395)|HEAP_ALLOCATE|[50]|Bytes:5
11:15:00.0 (1975187)|HEAP_ALLOCATE|[56]|Bytes:5
11:15:00.0 (1983405)|HEAP_ALLOCATE|[64]|Bytes:7
11:15:00.0 (2007270)|SYSTEM_MODE_ENTER|false
11:15:00.0 (2022903)|HEAP_ALLOCATE|[EXTERNAL]|Bytes:5
11:15:00.0 (2031628)|SYSTEM_MODE_EXIT|false
11:15:00.0 (2039691)|METHOD_EXIT|[1]|TaskListController
11:15:00.0 (2049753)|SYSTEM_MODE_ENTER|false
11:15:00.0 (2065283)|HEAP_ALLOCATE|[4]|Bytes:5
11:15:00.0 (2069878)|STATEMENT_EXECUTE|[3]
11:15:00.0 (2071827)|STATEMENT_EXECUTE|[4]
11:15:00.0 (2075322)|HEAP_ALLOCATE|[4]|Bytes:45
11:15:00.0 (2096349)|HEAP_ALLOCATE|[4]|Bytes:4
11:15:00.0 (2472055)|SOQL_EXECUTE_BEGIN|[4]|Aggregations:0|SELECT Id, Name, Description__c FROM HTask__c
11:15:00.0 (4778056)|SOQL_EXECUTE_END|[4]|Rows:2
11:15:00.0 (4801827)|HEAP_ALLOCATE|[4]|Bytes:12
11:15:00.0 (4820229)|HEAP_ALLOCATE|[4]|Bytes:104
11:15:00.0 (4913636)|HEAP_ALLOCATE|[4]|Bytes:12
11:15:00.0 (4936580)|VARIABLE_SCOPE_BEGIN|[4]|ltask|List<ANY>|true|false
11:15:00.0 (4972210)|VARIABLE_ASSIGNMENT|[4]|ltask|[{"Id":"a00f4000009UZfdAAG","Name":"cbx","Description__c":"yte"},{"Id":"a00f4000009U9j8AAC","Name":"TestH1"}]|0x18c4fb1b
11:15:00.0 (4979645)|STATEMENT_EXECUTE|[5]
11:15:00.0 (4989102)|SYSTEM_MODE_EXIT|false
11:15:00.5 (5010100)|CUMULATIVE_LIMIT_USAGE
11:15:00.5 (5010100)|LIMIT_USAGE_FOR_NS|(default)|
  Number of SOQL queries: 1 out of 100
  Number of query rows: 2 out of 50000
  Number of SOSL queries: 0 out of 20
  Number of DML statements: 0 out of 150
  Number of DML rows: 0 out of 10000
  Maximum CPU time: 0 out of 10000
  Maximum heap size: 0 out of 6000000
  Number of callouts: 0 out of 100
  Number of Email Invocations: 0 out of 10
  Number of future calls: 0 out of 50
  Number of queueable jobs added to the queue: 0 out of 50
  Number of Mobile Apex push calls: 0 out of 10

11:15:00.5 (5010100)|CUMULATIVE_LIMIT_USAGE_END

11:15:00.0 (5045091)|CODE_UNIT_FINISHED|TaskListController.getAllTasks
11:15:00.0 (5109239)|CODE_UNIT_FINISHED|Aura
11:15:00.0 (6361748)|EXECUTION_FINISHED
