42.0 APEX_CODE,FINEST;APEX_PROFILING,INFO;CALLOUT,INFO;DB,INFO;SYSTEM,DEBUG;VALIDATION,INFO;VISUALFORCE,INFO;WAVE,INFO;WORKFLOW,INFO
15:39:57.0 (69980)|USER_INFO|[EXTERNAL]|005f4000002PiXT|amancebo.habitica@altimetrik.com|Argentine Time|GMT-03:00
15:39:57.0 (108794)|EXECUTION_STARTED
15:39:57.0 (112372)|CODE_UNIT_STARTED|[EXTERNAL]|Aura
15:39:57.0 (1332278)|CODE_UNIT_STARTED|[EXTERNAL]|01pf400000Gj25X|TaskListController.getAllUncompletedTask
15:39:57.0 (1486505)|HEAP_ALLOCATE|[72]|Bytes:3
15:39:57.0 (1519569)|HEAP_ALLOCATE|[77]|Bytes:152
15:39:57.0 (1533384)|HEAP_ALLOCATE|[342]|Bytes:408
15:39:57.0 (1545726)|HEAP_ALLOCATE|[355]|Bytes:408
15:39:57.0 (1556231)|HEAP_ALLOCATE|[467]|Bytes:48
15:39:57.0 (1583248)|HEAP_ALLOCATE|[139]|Bytes:6
15:39:57.0 (1651258)|HEAP_ALLOCATE|[EXTERNAL]|Bytes:3
15:39:57.0 (1663870)|METHOD_ENTRY|[1]|01pf400000Gj25X|TaskListController.TaskListController()
15:39:57.0 (1671048)|STATEMENT_EXECUTE|[1]
15:39:57.0 (1682008)|STATEMENT_EXECUTE|[1]
15:39:57.0 (1686065)|METHOD_EXIT|[1]|TaskListController
15:39:57.0 (1706352)|SYSTEM_MODE_ENTER|false
15:39:57.0 (1716747)|STATEMENT_EXECUTE|[9]
15:39:57.0 (1718720)|STATEMENT_EXECUTE|[10]
15:39:57.0 (1722133)|HEAP_ALLOCATE|[10]|Bytes:108
15:39:57.0 (1743263)|HEAP_ALLOCATE|[10]|Bytes:4
15:39:57.0 (1784384)|HEAP_ALLOCATE|[50]|Bytes:5
15:39:57.0 (1803392)|HEAP_ALLOCATE|[56]|Bytes:5
15:39:57.0 (1810240)|HEAP_ALLOCATE|[64]|Bytes:7
15:39:57.0 (2194295)|SOQL_EXECUTE_BEGIN|[10]|Aggregations:0|SELECT Id, Name, Description__c, Type__c, Points__c, Contact__c FROM HTask__c WHERE Status__c != 'Completed'
15:39:57.0 (17113459)|SOQL_EXECUTE_END|[10]|Rows:6
15:39:57.0 (17150365)|HEAP_ALLOCATE|[10]|Bytes:28
15:39:57.0 (17190587)|HEAP_ALLOCATE|[10]|Bytes:997
15:39:57.0 (17335042)|HEAP_ALLOCATE|[10]|Bytes:28
15:39:57.0 (17358378)|VARIABLE_SCOPE_BEGIN|[10]|ltask|List<HTask__c>|true|false
15:39:57.0 (17395459)|VARIABLE_ASSIGNMENT|[10]|ltask|"List of size 6 too large to display"|0x4bdf713b
15:39:57.0 (17403896)|STATEMENT_EXECUTE|[13]
15:39:57.0 (17413911)|SYSTEM_MODE_EXIT|false
15:39:57.17 (17440893)|CUMULATIVE_LIMIT_USAGE
15:39:57.17 (17440893)|LIMIT_USAGE_FOR_NS|(default)|
  Number of SOQL queries: 1 out of 100
  Number of query rows: 6 out of 50000
  Number of SOSL queries: 0 out of 20
  Number of DML statements: 0 out of 150
  Number of DML rows: 0 out of 10000
  Maximum CPU time: 0 out of 10000
  Maximum heap size: 0 out of 6000000
  Number of callouts: 0 out of 100
  Number of Email Invocations: 0 out of 10
  Number of future calls: 0 out of 50
  Number of queueable jobs added to the queue: 0 out of 50
  Number of Mobile Apex push calls: 0 out of 10

15:39:57.17 (17440893)|CUMULATIVE_LIMIT_USAGE_END

15:39:57.0 (17475884)|CODE_UNIT_FINISHED|TaskListController.getAllUncompletedTask
15:39:57.0 (17589705)|CODE_UNIT_FINISHED|Aura
15:39:57.0 (18782595)|EXECUTION_FINISHED
