42.0 APEX_CODE,FINEST;APEX_PROFILING,INFO;CALLOUT,INFO;DB,INFO;SYSTEM,DEBUG;VALIDATION,INFO;VISUALFORCE,INFO;WAVE,INFO;WORKFLOW,INFO
11:24:04.0 (320143)|USER_INFO|[EXTERNAL]|005f4000002PiXT|amancebo.habitica@altimetrik.com|Argentine Time|GMT-03:00
11:24:04.0 (352198)|EXECUTION_STARTED
11:24:04.0 (356305)|CODE_UNIT_STARTED|[EXTERNAL]|Aura
11:24:04.0 (1381426)|CODE_UNIT_STARTED|[EXTERNAL]|01pf400000Gj25X|TaskListController.getAllTasks
11:24:04.0 (1512338)|HEAP_ALLOCATE|[72]|Bytes:3
11:24:04.0 (1542660)|HEAP_ALLOCATE|[77]|Bytes:152
11:24:04.0 (1556579)|HEAP_ALLOCATE|[342]|Bytes:408
11:24:04.0 (1568855)|HEAP_ALLOCATE|[355]|Bytes:408
11:24:04.0 (1579284)|HEAP_ALLOCATE|[467]|Bytes:48
11:24:04.0 (1603853)|HEAP_ALLOCATE|[139]|Bytes:6
11:24:04.0 (1662154)|HEAP_ALLOCATE|[EXTERNAL]|Bytes:1
11:24:04.0 (1672118)|METHOD_ENTRY|[1]|01pf400000Gj25X|TaskListController.TaskListController()
11:24:04.0 (1678435)|STATEMENT_EXECUTE|[1]
11:24:04.0 (1696765)|STATEMENT_EXECUTE|[1]
11:24:04.0 (1724239)|HEAP_ALLOCATE|[50]|Bytes:5
11:24:04.0 (1742792)|HEAP_ALLOCATE|[56]|Bytes:5
11:24:04.0 (1750178)|HEAP_ALLOCATE|[64]|Bytes:7
11:24:04.0 (1770184)|SYSTEM_MODE_ENTER|false
11:24:04.0 (1781383)|HEAP_ALLOCATE|[EXTERNAL]|Bytes:5
11:24:04.0 (1787370)|SYSTEM_MODE_EXIT|false
11:24:04.0 (1794781)|METHOD_EXIT|[1]|TaskListController
11:24:04.0 (1804452)|SYSTEM_MODE_ENTER|false
11:24:04.0 (1815451)|HEAP_ALLOCATE|[4]|Bytes:5
11:24:04.0 (1819845)|STATEMENT_EXECUTE|[3]
11:24:04.0 (1821708)|STATEMENT_EXECUTE|[4]
11:24:04.0 (1824712)|HEAP_ALLOCATE|[4]|Bytes:45
11:24:04.0 (1839201)|HEAP_ALLOCATE|[4]|Bytes:4
11:24:04.0 (2125710)|SOQL_EXECUTE_BEGIN|[4]|Aggregations:0|SELECT Id, Name, Description__c FROM HTask__c
11:24:04.0 (4026494)|SOQL_EXECUTE_END|[4]|Rows:2
11:24:04.0 (4047649)|HEAP_ALLOCATE|[4]|Bytes:12
11:24:04.0 (4065996)|HEAP_ALLOCATE|[4]|Bytes:104
11:24:04.0 (4162466)|HEAP_ALLOCATE|[4]|Bytes:12
11:24:04.0 (4186322)|VARIABLE_SCOPE_BEGIN|[4]|ltask|List<ANY>|true|false
11:24:04.0 (4227345)|VARIABLE_ASSIGNMENT|[4]|ltask|[{"Id":"a00f4000009UZfdAAG","Name":"cbx","Description__c":"yte"},{"Id":"a00f4000009U9j8AAC","Name":"TestH1"}]|0x168656e5
11:24:04.0 (4235204)|STATEMENT_EXECUTE|[5]
11:24:04.0 (4242794)|SYSTEM_MODE_EXIT|false
11:24:04.4 (4261890)|CUMULATIVE_LIMIT_USAGE
11:24:04.4 (4261890)|LIMIT_USAGE_FOR_NS|(default)|
  Number of SOQL queries: 1 out of 100
  Number of query rows: 2 out of 50000
  Number of SOSL queries: 0 out of 20
  Number of DML statements: 0 out of 150
  Number of DML rows: 0 out of 10000
  Maximum CPU time: 0 out of 10000
  Maximum heap size: 0 out of 6000000
  Number of callouts: 0 out of 100
  Number of Email Invocations: 0 out of 10
  Number of future calls: 0 out of 50
  Number of queueable jobs added to the queue: 0 out of 50
  Number of Mobile Apex push calls: 0 out of 10

11:24:04.4 (4261890)|CUMULATIVE_LIMIT_USAGE_END

11:24:04.0 (4296979)|CODE_UNIT_FINISHED|TaskListController.getAllTasks
11:24:04.0 (4354688)|CODE_UNIT_FINISHED|Aura
11:24:04.0 (5449652)|EXECUTION_FINISHED
