42.0 APEX_CODE,FINEST;APEX_PROFILING,INFO;CALLOUT,INFO;DB,INFO;SYSTEM,DEBUG;VALIDATION,INFO;VISUALFORCE,INFO;WAVE,INFO;WORKFLOW,INFO
11:51:40.0 (306987)|USER_INFO|[EXTERNAL]|005f4000002PiXT|amancebo.habitica@altimetrik.com|Argentine Time|GMT-03:00
11:51:40.0 (343217)|EXECUTION_STARTED
11:51:40.0 (347593)|CODE_UNIT_STARTED|[EXTERNAL]|Aura
11:51:40.0 (1774084)|CODE_UNIT_STARTED|[EXTERNAL]|01pf400000Gj25X|TaskListController.getAllTasks
11:51:40.0 (1968859)|HEAP_ALLOCATE|[72]|Bytes:3
11:51:40.0 (2020161)|HEAP_ALLOCATE|[77]|Bytes:152
11:51:40.0 (2034607)|HEAP_ALLOCATE|[342]|Bytes:408
11:51:40.0 (2046820)|HEAP_ALLOCATE|[355]|Bytes:408
11:51:40.0 (2057678)|HEAP_ALLOCATE|[467]|Bytes:48
11:51:40.0 (2081909)|HEAP_ALLOCATE|[139]|Bytes:6
11:51:40.0 (2135357)|HEAP_ALLOCATE|[EXTERNAL]|Bytes:1
11:51:40.0 (2179048)|METHOD_ENTRY|[1]|01pf400000Gj25X|TaskListController.TaskListController()
11:51:40.0 (2186000)|STATEMENT_EXECUTE|[1]
11:51:40.0 (2191677)|STATEMENT_EXECUTE|[1]
11:51:40.0 (2222389)|HEAP_ALLOCATE|[50]|Bytes:5
11:51:40.0 (2249589)|HEAP_ALLOCATE|[56]|Bytes:5
11:51:40.0 (2257821)|HEAP_ALLOCATE|[64]|Bytes:7
11:51:40.0 (2280708)|SYSTEM_MODE_ENTER|false
11:51:40.0 (2292023)|HEAP_ALLOCATE|[EXTERNAL]|Bytes:5
11:51:40.0 (2298233)|SYSTEM_MODE_EXIT|false
11:51:40.0 (2317312)|METHOD_EXIT|[1]|TaskListController
11:51:40.0 (2332301)|SYSTEM_MODE_ENTER|false
11:51:40.0 (2357463)|HEAP_ALLOCATE|[4]|Bytes:5
11:51:40.0 (2363280)|STATEMENT_EXECUTE|[3]
11:51:40.0 (2365136)|STATEMENT_EXECUTE|[4]
11:51:40.0 (2368579)|HEAP_ALLOCATE|[4]|Bytes:45
11:51:40.0 (2383048)|HEAP_ALLOCATE|[4]|Bytes:4
11:51:40.0 (3438957)|SOQL_EXECUTE_BEGIN|[4]|Aggregations:0|SELECT Id, Name, Description__c FROM HTask__c
11:51:40.0 (5518021)|SOQL_EXECUTE_END|[4]|Rows:2
11:51:40.0 (5546684)|HEAP_ALLOCATE|[4]|Bytes:12
11:51:40.0 (5567269)|HEAP_ALLOCATE|[4]|Bytes:104
11:51:40.0 (5660276)|HEAP_ALLOCATE|[4]|Bytes:12
11:51:40.0 (5683515)|VARIABLE_SCOPE_BEGIN|[4]|ltask|List<ANY>|true|false
11:51:40.0 (5725670)|VARIABLE_ASSIGNMENT|[4]|ltask|[{"Id":"a00f4000009UZfdAAG","Name":"cbx","Description__c":"yte"},{"Id":"a00f4000009U9j8AAC","Name":"TestH1"}]|0x59a829d1
11:51:40.0 (5734038)|STATEMENT_EXECUTE|[5]
11:51:40.0 (5742923)|SYSTEM_MODE_EXIT|false
11:51:40.5 (5764451)|CUMULATIVE_LIMIT_USAGE
11:51:40.5 (5764451)|LIMIT_USAGE_FOR_NS|(default)|
  Number of SOQL queries: 1 out of 100
  Number of query rows: 2 out of 50000
  Number of SOSL queries: 0 out of 20
  Number of DML statements: 0 out of 150
  Number of DML rows: 0 out of 10000
  Maximum CPU time: 0 out of 10000
  Maximum heap size: 0 out of 6000000
  Number of callouts: 0 out of 100
  Number of Email Invocations: 0 out of 10
  Number of future calls: 0 out of 50
  Number of queueable jobs added to the queue: 0 out of 50
  Number of Mobile Apex push calls: 0 out of 10

11:51:40.5 (5764451)|CUMULATIVE_LIMIT_USAGE_END

11:51:40.0 (5811188)|CODE_UNIT_FINISHED|TaskListController.getAllTasks
11:51:40.0 (5882929)|CODE_UNIT_FINISHED|Aura
11:51:40.0 (7024014)|EXECUTION_FINISHED
