42.0 APEX_CODE,FINEST;APEX_PROFILING,INFO;CALLOUT,INFO;DB,INFO;SYSTEM,DEBUG;VALIDATION,INFO;VISUALFORCE,INFO;WAVE,INFO;WORKFLOW,INFO
11:14:36.0 (62339)|USER_INFO|[EXTERNAL]|005f4000002PiXT|amancebo.habitica@altimetrik.com|Argentine Time|GMT-03:00
11:14:36.0 (95850)|EXECUTION_STARTED
11:14:36.0 (100414)|CODE_UNIT_STARTED|[EXTERNAL]|Aura
11:14:36.0 (1300884)|CODE_UNIT_STARTED|[EXTERNAL]|01pf400000Gj25X|TaskListController.getAllTasks
11:14:36.0 (1426108)|HEAP_ALLOCATE|[72]|Bytes:3
11:14:36.0 (1453233)|HEAP_ALLOCATE|[77]|Bytes:152
11:14:36.0 (1467634)|HEAP_ALLOCATE|[342]|Bytes:408
11:14:36.0 (1479291)|HEAP_ALLOCATE|[355]|Bytes:408
11:14:36.0 (1489784)|HEAP_ALLOCATE|[467]|Bytes:48
11:14:36.0 (1512670)|HEAP_ALLOCATE|[139]|Bytes:6
11:14:36.0 (1565491)|HEAP_ALLOCATE|[EXTERNAL]|Bytes:1
11:14:36.0 (1575153)|METHOD_ENTRY|[1]|01pf400000Gj25X|TaskListController.TaskListController()
11:14:36.0 (1580809)|STATEMENT_EXECUTE|[1]
11:14:36.0 (1585212)|STATEMENT_EXECUTE|[1]
11:14:36.0 (1614238)|HEAP_ALLOCATE|[50]|Bytes:5
11:14:36.0 (1635505)|HEAP_ALLOCATE|[56]|Bytes:5
11:14:36.0 (1643124)|HEAP_ALLOCATE|[64]|Bytes:7
11:14:36.0 (1665813)|SYSTEM_MODE_ENTER|false
11:14:36.0 (1686861)|HEAP_ALLOCATE|[EXTERNAL]|Bytes:5
11:14:36.0 (1696563)|SYSTEM_MODE_EXIT|false
11:14:36.0 (1707542)|METHOD_EXIT|[1]|TaskListController
11:14:36.0 (1720692)|SYSTEM_MODE_ENTER|false
11:14:36.0 (1733164)|HEAP_ALLOCATE|[4]|Bytes:5
11:14:36.0 (1737648)|STATEMENT_EXECUTE|[3]
11:14:36.0 (1739474)|STATEMENT_EXECUTE|[4]
11:14:36.0 (1742874)|HEAP_ALLOCATE|[4]|Bytes:45
11:14:36.0 (1757041)|HEAP_ALLOCATE|[4]|Bytes:4
11:14:36.0 (2087913)|SOQL_EXECUTE_BEGIN|[4]|Aggregations:0|SELECT Id, Name, Description__c FROM HTask__c
11:14:36.0 (4013527)|SOQL_EXECUTE_END|[4]|Rows:2
11:14:36.0 (4035054)|HEAP_ALLOCATE|[4]|Bytes:12
11:14:36.0 (4050666)|HEAP_ALLOCATE|[4]|Bytes:104
11:14:36.0 (4131710)|HEAP_ALLOCATE|[4]|Bytes:12
11:14:36.0 (4151706)|VARIABLE_SCOPE_BEGIN|[4]|ltask|List<ANY>|true|false
11:14:36.0 (4190136)|VARIABLE_ASSIGNMENT|[4]|ltask|[{"Id":"a00f4000009UZfdAAG","Name":"cbx","Description__c":"yte"},{"Id":"a00f4000009U9j8AAC","Name":"TestH1"}]|0x5004b183
11:14:36.0 (4197944)|STATEMENT_EXECUTE|[5]
11:14:36.0 (4206028)|SYSTEM_MODE_EXIT|false
11:14:36.4 (4228165)|CUMULATIVE_LIMIT_USAGE
11:14:36.4 (4228165)|LIMIT_USAGE_FOR_NS|(default)|
  Number of SOQL queries: 1 out of 100
  Number of query rows: 2 out of 50000
  Number of SOSL queries: 0 out of 20
  Number of DML statements: 0 out of 150
  Number of DML rows: 0 out of 10000
  Maximum CPU time: 0 out of 10000
  Maximum heap size: 0 out of 6000000
  Number of callouts: 0 out of 100
  Number of Email Invocations: 0 out of 10
  Number of future calls: 0 out of 50
  Number of queueable jobs added to the queue: 0 out of 50
  Number of Mobile Apex push calls: 0 out of 10

11:14:36.4 (4228165)|CUMULATIVE_LIMIT_USAGE_END

11:14:36.0 (4260594)|CODE_UNIT_FINISHED|TaskListController.getAllTasks
11:14:36.0 (4322179)|CODE_UNIT_FINISHED|Aura
11:14:36.0 (5634954)|EXECUTION_FINISHED
