42.0 APEX_CODE,FINEST;APEX_PROFILING,INFO;CALLOUT,INFO;DB,INFO;SYSTEM,DEBUG;VALIDATION,INFO;VISUALFORCE,INFO;WAVE,INFO;WORKFLOW,INFO
11:16:38.0 (59146)|USER_INFO|[EXTERNAL]|005f4000002PiXT|amancebo.habitica@altimetrik.com|Argentine Time|GMT-03:00
11:16:38.0 (93543)|EXECUTION_STARTED
11:16:38.0 (98308)|CODE_UNIT_STARTED|[EXTERNAL]|Aura
11:16:38.0 (1492168)|CODE_UNIT_STARTED|[EXTERNAL]|01pf400000Gj25X|TaskListController.getAllTasks
11:16:38.0 (1640696)|HEAP_ALLOCATE|[72]|Bytes:3
11:16:38.0 (1680382)|HEAP_ALLOCATE|[77]|Bytes:152
11:16:38.0 (1696222)|HEAP_ALLOCATE|[342]|Bytes:408
11:16:38.0 (1707920)|HEAP_ALLOCATE|[355]|Bytes:408
11:16:38.0 (1718229)|HEAP_ALLOCATE|[467]|Bytes:48
11:16:38.0 (1745248)|HEAP_ALLOCATE|[139]|Bytes:6
11:16:38.0 (1806198)|HEAP_ALLOCATE|[EXTERNAL]|Bytes:1
11:16:38.0 (1816760)|METHOD_ENTRY|[1]|01pf400000Gj25X|TaskListController.TaskListController()
11:16:38.0 (1822744)|STATEMENT_EXECUTE|[1]
11:16:38.0 (1827460)|STATEMENT_EXECUTE|[1]
11:16:38.0 (1857413)|HEAP_ALLOCATE|[50]|Bytes:5
11:16:38.0 (1879489)|HEAP_ALLOCATE|[56]|Bytes:5
11:16:38.0 (1886645)|HEAP_ALLOCATE|[64]|Bytes:7
11:16:38.0 (1911520)|SYSTEM_MODE_ENTER|false
11:16:38.0 (1927170)|HEAP_ALLOCATE|[EXTERNAL]|Bytes:5
11:16:38.0 (1935109)|SYSTEM_MODE_EXIT|false
11:16:38.0 (1943220)|METHOD_EXIT|[1]|TaskListController
11:16:38.0 (1953619)|SYSTEM_MODE_ENTER|false
11:16:38.0 (1965676)|HEAP_ALLOCATE|[4]|Bytes:5
11:16:38.0 (1969739)|STATEMENT_EXECUTE|[3]
11:16:38.0 (1971600)|STATEMENT_EXECUTE|[4]
11:16:38.0 (1974704)|HEAP_ALLOCATE|[4]|Bytes:45
11:16:38.0 (1995842)|HEAP_ALLOCATE|[4]|Bytes:4
11:16:38.0 (2276753)|SOQL_EXECUTE_BEGIN|[4]|Aggregations:0|SELECT Id, Name, Description__c FROM HTask__c
11:16:38.0 (3954753)|SOQL_EXECUTE_END|[4]|Rows:2
11:16:38.0 (3976843)|HEAP_ALLOCATE|[4]|Bytes:12
11:16:38.0 (3994984)|HEAP_ALLOCATE|[4]|Bytes:104
11:16:38.0 (4084732)|HEAP_ALLOCATE|[4]|Bytes:12
11:16:38.0 (4106547)|VARIABLE_SCOPE_BEGIN|[4]|ltask|List<ANY>|true|false
11:16:38.0 (4144763)|VARIABLE_ASSIGNMENT|[4]|ltask|[{"Id":"a00f4000009UZfdAAG","Name":"cbx","Description__c":"yte"},{"Id":"a00f4000009U9j8AAC","Name":"TestH1"}]|0x1a3f294d
11:16:38.0 (4151654)|STATEMENT_EXECUTE|[5]
11:16:38.0 (4160151)|SYSTEM_MODE_EXIT|false
11:16:38.4 (4184472)|CUMULATIVE_LIMIT_USAGE
11:16:38.4 (4184472)|LIMIT_USAGE_FOR_NS|(default)|
  Number of SOQL queries: 1 out of 100
  Number of query rows: 2 out of 50000
  Number of SOSL queries: 0 out of 20
  Number of DML statements: 0 out of 150
  Number of DML rows: 0 out of 10000
  Maximum CPU time: 0 out of 10000
  Maximum heap size: 0 out of 6000000
  Number of callouts: 0 out of 100
  Number of Email Invocations: 0 out of 10
  Number of future calls: 0 out of 50
  Number of queueable jobs added to the queue: 0 out of 50
  Number of Mobile Apex push calls: 0 out of 10

11:16:38.4 (4184472)|CUMULATIVE_LIMIT_USAGE_END

11:16:38.0 (4217593)|CODE_UNIT_FINISHED|TaskListController.getAllTasks
11:16:38.0 (4274950)|CODE_UNIT_FINISHED|Aura
11:16:38.0 (5360576)|EXECUTION_FINISHED
