42.0 APEX_CODE,FINEST;APEX_PROFILING,INFO;CALLOUT,INFO;DB,INFO;SYSTEM,DEBUG;VALIDATION,INFO;VISUALFORCE,INFO;WAVE,INFO;WORKFLOW,INFO
11:53:24.0 (61671)|USER_INFO|[EXTERNAL]|005f4000002PiXT|amancebo.habitica@altimetrik.com|Argentine Time|GMT-03:00
11:53:24.0 (96465)|EXECUTION_STARTED
11:53:24.0 (100807)|CODE_UNIT_STARTED|[EXTERNAL]|Aura
11:53:24.0 (1151827)|CODE_UNIT_STARTED|[EXTERNAL]|01pf400000Gj25X|TaskListController.getAllTasks
11:53:24.0 (1299722)|HEAP_ALLOCATE|[72]|Bytes:3
11:53:24.0 (1340042)|HEAP_ALLOCATE|[77]|Bytes:152
11:53:24.0 (1355828)|HEAP_ALLOCATE|[342]|Bytes:408
11:53:24.0 (1367426)|HEAP_ALLOCATE|[355]|Bytes:408
11:53:24.0 (1377645)|HEAP_ALLOCATE|[467]|Bytes:48
11:53:24.0 (1408785)|HEAP_ALLOCATE|[139]|Bytes:6
11:53:24.0 (1486305)|HEAP_ALLOCATE|[EXTERNAL]|Bytes:1
11:53:24.0 (1497561)|METHOD_ENTRY|[1]|01pf400000Gj25X|TaskListController.TaskListController()
11:53:24.0 (1505390)|STATEMENT_EXECUTE|[1]
11:53:24.0 (1511015)|STATEMENT_EXECUTE|[1]
11:53:24.0 (1550169)|HEAP_ALLOCATE|[50]|Bytes:5
11:53:24.0 (1572945)|HEAP_ALLOCATE|[56]|Bytes:5
11:53:24.0 (1580362)|HEAP_ALLOCATE|[64]|Bytes:7
11:53:24.0 (1603758)|SYSTEM_MODE_ENTER|false
11:53:24.0 (1617931)|HEAP_ALLOCATE|[EXTERNAL]|Bytes:5
11:53:24.0 (1625499)|SYSTEM_MODE_EXIT|false
11:53:24.0 (1634589)|METHOD_EXIT|[1]|TaskListController
11:53:24.0 (1644872)|SYSTEM_MODE_ENTER|false
11:53:24.0 (1657562)|HEAP_ALLOCATE|[4]|Bytes:5
11:53:24.0 (1661831)|STATEMENT_EXECUTE|[3]
11:53:24.0 (1663708)|STATEMENT_EXECUTE|[4]
11:53:24.0 (1666922)|HEAP_ALLOCATE|[4]|Bytes:45
11:53:24.0 (1688400)|HEAP_ALLOCATE|[4]|Bytes:4
11:53:24.0 (2009938)|SOQL_EXECUTE_BEGIN|[4]|Aggregations:0|SELECT Id, Name, Description__c FROM HTask__c
11:53:24.0 (3743596)|SOQL_EXECUTE_END|[4]|Rows:2
11:53:24.0 (3770930)|HEAP_ALLOCATE|[4]|Bytes:12
11:53:24.0 (3789837)|HEAP_ALLOCATE|[4]|Bytes:104
11:53:24.0 (3885005)|HEAP_ALLOCATE|[4]|Bytes:12
11:53:24.0 (3907531)|VARIABLE_SCOPE_BEGIN|[4]|ltask|List<ANY>|true|false
11:53:24.0 (3942143)|VARIABLE_ASSIGNMENT|[4]|ltask|[{"Id":"a00f4000009UZfdAAG","Name":"cbx","Description__c":"yte"},{"Id":"a00f4000009U9j8AAC","Name":"TestH1"}]|0x2b24c247
11:53:24.0 (3949483)|STATEMENT_EXECUTE|[5]
11:53:24.0 (3957985)|SYSTEM_MODE_EXIT|false
11:53:24.3 (3976677)|CUMULATIVE_LIMIT_USAGE
11:53:24.3 (3976677)|LIMIT_USAGE_FOR_NS|(default)|
  Number of SOQL queries: 1 out of 100
  Number of query rows: 2 out of 50000
  Number of SOSL queries: 0 out of 20
  Number of DML statements: 0 out of 150
  Number of DML rows: 0 out of 10000
  Maximum CPU time: 0 out of 10000
  Maximum heap size: 0 out of 6000000
  Number of callouts: 0 out of 100
  Number of Email Invocations: 0 out of 10
  Number of future calls: 0 out of 50
  Number of queueable jobs added to the queue: 0 out of 50
  Number of Mobile Apex push calls: 0 out of 10

11:53:24.3 (3976677)|CUMULATIVE_LIMIT_USAGE_END

11:53:24.0 (4011497)|CODE_UNIT_FINISHED|TaskListController.getAllTasks
11:53:24.0 (4067072)|CODE_UNIT_FINISHED|Aura
11:53:24.0 (5192481)|EXECUTION_FINISHED
