42.0 APEX_CODE,FINEST;APEX_PROFILING,INFO;CALLOUT,INFO;DB,INFO;SYSTEM,DEBUG;VALIDATION,INFO;VISUALFORCE,INFO;WAVE,INFO;WORKFLOW,INFO
16:00:33.0 (88631)|USER_INFO|[EXTERNAL]|005f4000002PiXT|amancebo.habitica@altimetrik.com|Argentine Time|GMT-03:00
16:00:33.0 (288416)|EXECUTION_STARTED
16:00:33.0 (292420)|CODE_UNIT_STARTED|[EXTERNAL]|Aura
16:00:33.0 (1470727)|CODE_UNIT_STARTED|[EXTERNAL]|01pf400000Gj25X|TaskListController.getAllUncompletedTask
16:00:33.0 (1644059)|HEAP_ALLOCATE|[72]|Bytes:3
16:00:33.0 (1720286)|HEAP_ALLOCATE|[77]|Bytes:152
16:00:33.0 (1735882)|HEAP_ALLOCATE|[342]|Bytes:408
16:00:33.0 (1749404)|HEAP_ALLOCATE|[355]|Bytes:408
16:00:33.0 (1760706)|HEAP_ALLOCATE|[467]|Bytes:48
16:00:33.0 (1816089)|HEAP_ALLOCATE|[139]|Bytes:6
16:00:33.0 (1894407)|HEAP_ALLOCATE|[EXTERNAL]|Bytes:3
16:00:33.0 (1937339)|METHOD_ENTRY|[1]|01pf400000Gj25X|TaskListController.TaskListController()
16:00:33.0 (1945469)|STATEMENT_EXECUTE|[1]
16:00:33.0 (1951391)|STATEMENT_EXECUTE|[1]
16:00:33.0 (1976638)|METHOD_EXIT|[1]|TaskListController
16:00:33.0 (1999627)|SYSTEM_MODE_ENTER|false
16:00:33.0 (2134045)|STATEMENT_EXECUTE|[9]
16:00:33.0 (2136885)|STATEMENT_EXECUTE|[10]
16:00:33.0 (2140827)|HEAP_ALLOCATE|[10]|Bytes:108
16:00:33.0 (2160984)|HEAP_ALLOCATE|[10]|Bytes:4
16:00:33.0 (2214900)|HEAP_ALLOCATE|[50]|Bytes:5
16:00:33.0 (2237213)|HEAP_ALLOCATE|[56]|Bytes:5
16:00:33.0 (2244204)|HEAP_ALLOCATE|[64]|Bytes:7
16:00:33.0 (2670649)|SOQL_EXECUTE_BEGIN|[10]|Aggregations:0|SELECT Id, Name, Description__c, Type__c, Points__c, Contact__c FROM HTask__c WHERE Status__c != 'Completed'
16:00:33.0 (15981332)|SOQL_EXECUTE_END|[10]|Rows:6
16:00:33.0 (16009787)|HEAP_ALLOCATE|[10]|Bytes:28
16:00:33.0 (16048691)|HEAP_ALLOCATE|[10]|Bytes:997
16:00:33.0 (16171515)|HEAP_ALLOCATE|[10]|Bytes:28
16:00:33.0 (16192091)|VARIABLE_SCOPE_BEGIN|[10]|ltask|List<HTask__c>|true|false
16:00:33.0 (16227360)|VARIABLE_ASSIGNMENT|[10]|ltask|"List of size 6 too large to display"|0x48e24b64
16:00:33.0 (16239055)|STATEMENT_EXECUTE|[13]
16:00:33.0 (16271687)|SYSTEM_MODE_EXIT|false
16:00:33.16 (16307407)|CUMULATIVE_LIMIT_USAGE
16:00:33.16 (16307407)|LIMIT_USAGE_FOR_NS|(default)|
  Number of SOQL queries: 1 out of 100
  Number of query rows: 6 out of 50000
  Number of SOSL queries: 0 out of 20
  Number of DML statements: 0 out of 150
  Number of DML rows: 0 out of 10000
  Maximum CPU time: 0 out of 10000
  Maximum heap size: 0 out of 6000000
  Number of callouts: 0 out of 100
  Number of Email Invocations: 0 out of 10
  Number of future calls: 0 out of 50
  Number of queueable jobs added to the queue: 0 out of 50
  Number of Mobile Apex push calls: 0 out of 10

16:00:33.16 (16307407)|CUMULATIVE_LIMIT_USAGE_END

16:00:33.0 (16346840)|CODE_UNIT_FINISHED|TaskListController.getAllUncompletedTask
16:00:33.0 (16472892)|CODE_UNIT_FINISHED|Aura
16:00:33.0 (17687468)|EXECUTION_FINISHED
