36.0 APEX_CODE,FINEST;APEX_PROFILING,INFO;CALLOUT,INFO;DB,INFO;SYSTEM,DEBUG;VALIDATION,INFO;VISUALFORCE,INFO;WAVE,INFO;WORKFLOW,INFO
17:14:05.0 (797578)|USER_INFO|[EXTERNAL]|005f4000002PiXT|amancebo.habitica@altimetrik.com|Argentine Time|GMT-03:00
17:14:05.0 (848698)|EXECUTION_STARTED
17:14:05.0 (854013)|CODE_UNIT_STARTED|[EXTERNAL]|01pf400000GkDWs|DailyTaskEmailTest.testEmail
17:14:05.0 (1103752)|HEAP_ALLOCATE|[72]|Bytes:3
17:14:05.0 (1141160)|HEAP_ALLOCATE|[77]|Bytes:152
17:14:05.0 (1157241)|HEAP_ALLOCATE|[342]|Bytes:408
17:14:05.0 (1172011)|HEAP_ALLOCATE|[355]|Bytes:408
17:14:05.0 (1183845)|HEAP_ALLOCATE|[467]|Bytes:48
17:14:05.0 (1211713)|HEAP_ALLOCATE|[139]|Bytes:6
17:14:05.0 (1226970)|HEAP_ALLOCATE|[EXTERNAL]|Bytes:7
17:14:05.0 (1246565)|METHOD_ENTRY|[2]|01pf400000GkDWs|DailyTaskEmailTest.DailyTaskEmailTest()
17:14:05.0 (1253452)|STATEMENT_EXECUTE|[2]
17:14:05.0 (1258430)|STATEMENT_EXECUTE|[2]
17:14:05.0 (1262008)|METHOD_EXIT|[2]|DailyTaskEmailTest
17:14:05.0 (1346579)|HEAP_ALLOCATE|[50]|Bytes:5
17:14:05.0 (1369533)|HEAP_ALLOCATE|[56]|Bytes:5
17:14:05.0 (1379418)|HEAP_ALLOCATE|[64]|Bytes:7
17:14:05.0 (1419402)|STATEMENT_EXECUTE|[4]
17:14:05.0 (1421433)|STATEMENT_EXECUTE|[5]
17:14:05.0 (1424461)|HEAP_ALLOCATE|[5]|Bytes:11
17:14:05.0 (1432367)|VARIABLE_SCOPE_BEGIN|[5]|chron|String|false|false
17:14:05.0 (1456955)|VARIABLE_ASSIGNMENT|[5]|chron|"0 0 0 * * ?"
17:14:05.0 (1462440)|STATEMENT_EXECUTE|[6]
17:14:05.0 (1493453)|HEAP_ALLOCATE|[6]|Bytes:63
17:14:05.0 (1502110)|SYSTEM_METHOD_ENTRY|[1]|Test.Test()
17:14:05.0 (1506621)|STATEMENT_EXECUTE|[1]
17:14:05.0 (1512433)|SYSTEM_METHOD_EXIT|[1]|Test
17:14:05.0 (1531204)|METHOD_ENTRY|[6]||System.Test.startTest()
17:14:05.0 (2954930)|METHOD_EXIT|[6]||System.Test.startTest()
17:14:05.0 (2967913)|STATEMENT_EXECUTE|[7]
17:14:05.0 (2974457)|HEAP_ALLOCATE|[7]|Bytes:16
17:14:05.0 (6982196)|HEAP_ALLOCATE|[7]|Bytes:6
17:14:05.0 (7014526)|METHOD_ENTRY|[1]|01pf400000GkDWn|DailyTaskEmail.DailyTaskEmail()
17:14:05.0 (7024560)|STATEMENT_EXECUTE|[1]
17:14:05.0 (7043449)|STATEMENT_EXECUTE|[1]
17:14:05.0 (7054163)|METHOD_EXIT|[1]|DailyTaskEmail
17:14:05.0 (7075644)|HEAP_ALLOCATE|[7]|Bytes:4
17:14:05.0 (7096702)|CONSTRUCTOR_ENTRY|[7]|01pf400000GkDWn|<init>()
17:14:05.0 (7137945)|VARIABLE_SCOPE_BEGIN|[1]|this|DailyTaskEmail|true|false
17:14:05.0 (7169768)|VARIABLE_ASSIGNMENT|[1]|this|{}|0x37013a90
17:14:05.0 (7195513)|HEAP_ALLOCATE|[EXTERNAL]|Bytes:6
17:14:05.0 (7246590)|STATEMENT_EXECUTE|[1]
17:14:05.0 (7255408)|CONSTRUCTOR_EXIT|[7]|01pf400000GkDWn|<init>()
17:14:05.0 (34420753)|STATEMENT_EXECUTE|[8]
17:14:05.0 (34446816)|METHOD_ENTRY|[8]||System.Test.stopTest()
17:14:05.0 (37639073)|CODE_UNIT_STARTED|[EXTERNAL]|01pf400000GkDWn|Test Daily Email
17:14:05.0 (42351527)|HEAP_ALLOCATE|[EXTERNAL]|Bytes:3
17:14:05.0 (42380476)|SYSTEM_METHOD_ENTRY|[1]|SchedulableContextImpl.SchedulableContextImpl()
17:14:05.0 (42388834)|STATEMENT_EXECUTE|[1]
17:14:05.0 (42401392)|SYSTEM_METHOD_EXIT|[1]|SchedulableContextImpl
17:14:05.0 (42409699)|HEAP_ALLOCATE|[EXTERNAL]|Bytes:8
17:14:05.0 (42415001)|HEAP_ALLOCATE|[EXTERNAL]|Bytes:4
17:14:05.0 (42424120)|VARIABLE_SCOPE_BEGIN|[4]|this|System.SchedulableContextImpl|true|false
17:14:05.0 (42490398)|VARIABLE_ASSIGNMENT|[4]|this|{}|0x344f892c
17:14:05.0 (42499579)|VARIABLE_SCOPE_BEGIN|[4]|triggerId|Id|false|false
17:14:05.0 (42623029)|VARIABLE_ASSIGNMENT|[4]|triggerId|"08ef400000L0IMPAA3"
17:14:05.0 (42704614)|HEAP_ALLOCATE|[EXTERNAL]|Bytes:4
17:14:05.0 (42710263)|HEAP_ALLOCATE|[EXTERNAL]|Bytes:8
17:14:05.0 (42717086)|VARIABLE_SCOPE_BEGIN|[2]|this|DailyTaskEmail|true|false
17:14:05.0 (42732021)|VARIABLE_ASSIGNMENT|[2]|this|{}|0x300699af
17:14:05.0 (42737757)|VARIABLE_SCOPE_BEGIN|[2]|sc|System.SchedulableContext|true|false
17:14:05.0 (42789966)|VARIABLE_ASSIGNMENT|[2]|sc|{"triggerId":"08ef400000L0IMPAA3"}|0x344f892c
17:14:05.0 (42806476)|STATEMENT_EXECUTE|[2]
17:14:05.0 (42808490)|STATEMENT_EXECUTE|[4]
17:14:05.0 (42812994)|HEAP_ALLOCATE|[4]|Bytes:23
17:14:05.0 (42819689)|HEAP_ALLOCATE|[4]|Bytes:7
17:14:05.0 (42836520)|METHOD_ENTRY|[4]|01pf400000GkDWn|DailyTaskEmail.sendEmailToContact(String, String)
17:14:05.0 (42862621)|VARIABLE_SCOPE_BEGIN|[35]|email|String|false|false
17:14:05.0 (42876445)|VARIABLE_ASSIGNMENT|[35]|email|"amancebo@altimetrik. (3 more) ..."
17:14:05.0 (42881529)|VARIABLE_SCOPE_BEGIN|[35]|message|String|false|false
17:14:05.0 (42888934)|VARIABLE_ASSIGNMENT|[35]|message|"message"
17:14:05.0 (42897271)|STATEMENT_EXECUTE|[35]
17:14:05.0 (42899107)|STATEMENT_EXECUTE|[36]
17:14:05.0 (42982152)|VARIABLE_SCOPE_BEGIN|[36]|mail|Messaging.SingleEmailMessage|true|false
17:14:05.0 (43027246)|VARIABLE_ASSIGNMENT|[36]|mail|"common.api.soap.wsdl.SingleEmailMessage@4f87ea36"|0x4bc8d988
17:14:05.0 (43035387)|STATEMENT_EXECUTE|[37]
17:14:05.0 (43329927)|STATEMENT_EXECUTE|[38]
17:14:05.0 (43376298)|HEAP_ALLOCATE|[38]|Bytes:4
17:14:05.0 (43414978)|VARIABLE_SCOPE_BEGIN|[38]|toAddresses|List<String>|true|false
17:14:05.0 (43454810)|HEAP_ALLOCATE|[EXTERNAL]|Bytes:8
17:14:05.0 (43470202)|VARIABLE_ASSIGNMENT|[38]|toAddresses|["amancebo@altimetrik. (3 more) ..."]|0x7038abab
17:14:05.0 (43476694)|STATEMENT_EXECUTE|[39]
17:14:05.0 (43542235)|STATEMENT_EXECUTE|[40]
17:14:05.0 (43547218)|HEAP_ALLOCATE|[40]|Bytes:18
17:14:05.0 (43595799)|STATEMENT_EXECUTE|[41]
17:14:05.0 (43604767)|HEAP_ALLOCATE|[41]|Bytes:43
17:14:05.0 (43635026)|STATEMENT_EXECUTE|[42]
17:14:05.0 (43653989)|STATEMENT_EXECUTE|[43]
17:14:05.0 (43678335)|STATEMENT_EXECUTE|[44]
17:14:05.0 (43692792)|STATEMENT_EXECUTE|[45]
17:14:05.0 (43696234)|HEAP_ALLOCATE|[45]|Bytes:6
17:14:05.0 (43709740)|STATEMENT_EXECUTE|[46]
17:14:05.0 (43737069)|HEAP_ALLOCATE|[46]|Bytes:4
17:14:05.0 (43817266)|HEAP_ALLOCATE|[EXTERNAL]|Bytes:8
17:14:05.0 (43844718)|HEAP_ALLOCATE|[EXTERNAL]|Bytes:8
17:14:05.0 (67332641)|EMAIL_QUEUE|[46]|replyTo: amancebo@altimetrik.com, subject: You dont complete some daily task yesterday, senderDisplayName: Altibitica Support, bccSender: false, saveAsActivity: true, useSignature: false, toAddresses: [amancebo@altimetrik.com], plainTextBody: Smigol, 
17:14:05.0 (67406907)|HEAP_ALLOCATE|[EXTERNAL]|Bytes:8
17:14:05.0 (67439672)|METHOD_EXIT|[4]|01pf400000GkDWn|DailyTaskEmail.sendEmailToContact(String, String)
17:14:05.67 (67456637)|CUMULATIVE_LIMIT_USAGE
17:14:05.67 (67456637)|LIMIT_USAGE_FOR_NS|(default)|
  Number of SOQL queries: 0 out of 100
  Number of query rows: 0 out of 50000
  Number of SOSL queries: 0 out of 20
  Number of DML statements: 0 out of 150
  Number of DML rows: 0 out of 10000
  Maximum CPU time: 0 out of 10000
  Maximum heap size: 0 out of 6000000
  Number of callouts: 0 out of 100
  Number of Email Invocations: 1 out of 10
  Number of future calls: 0 out of 50
  Number of queueable jobs added to the queue: 0 out of 50
  Number of Mobile Apex push calls: 0 out of 10

17:14:05.67 (67456637)|CUMULATIVE_LIMIT_USAGE_END

17:14:05.0 (67492275)|CODE_UNIT_FINISHED|Test Daily Email
17:14:05.0 (71639855)|METHOD_EXIT|[8]||System.Test.stopTest()
17:14:05.71 (71659829)|CUMULATIVE_LIMIT_USAGE
17:14:05.71 (71659829)|LIMIT_USAGE_FOR_NS|(default)|
  Number of SOQL queries: 0 out of 100
  Number of query rows: 0 out of 50000
  Number of SOSL queries: 0 out of 20
  Number of DML statements: 0 out of 150
  Number of DML rows: 0 out of 10000
  Maximum CPU time: 0 out of 10000
  Maximum heap size: 0 out of 6000000
  Number of callouts: 0 out of 100
  Number of Email Invocations: 0 out of 10
  Number of future calls: 0 out of 50
  Number of queueable jobs added to the queue: 0 out of 50
  Number of Mobile Apex push calls: 0 out of 10

17:14:05.71 (71659829)|TESTING_LIMITS
17:14:05.71 (71659829)|LIMIT_USAGE_FOR_NS|(default)|
  Number of SOQL queries: 0 out of 100
  Number of query rows: 0 out of 50000
  Number of SOSL queries: 0 out of 20
  Number of DML statements: 0 out of 150
  Number of DML rows: 0 out of 10000
  Maximum CPU time: 0 out of 10000
  Maximum heap size: 0 out of 6000000
  Number of callouts: 0 out of 100
  Number of Email Invocations: 0 out of 10
  Number of future calls: 0 out of 50
  Number of queueable jobs added to the queue: 0 out of 50
  Number of Mobile Apex push calls: 0 out of 10

17:14:05.71 (71659829)|CUMULATIVE_LIMIT_USAGE_END

17:14:05.0 (71704180)|CODE_UNIT_FINISHED|DailyTaskEmailTest.testEmail
17:14:05.0 (72452603)|EXECUTION_FINISHED
