42.0 APEX_CODE,FINEST;APEX_PROFILING,INFO;CALLOUT,INFO;DB,INFO;SYSTEM,DEBUG;VALIDATION,INFO;VISUALFORCE,INFO;WAVE,INFO;WORKFLOW,INFO
16:00:27.0 (321885)|USER_INFO|[EXTERNAL]|005f4000002PiXT|amancebo.habitica@altimetrik.com|Argentine Time|GMT-03:00
16:00:27.0 (353051)|EXECUTION_STARTED
16:00:27.0 (356273)|CODE_UNIT_STARTED|[EXTERNAL]|Aura
16:00:27.0 (1816523)|CODE_UNIT_STARTED|[EXTERNAL]|01pf400000Gj25X|TaskListController.getAllUncompletedTask
16:00:27.0 (2020638)|HEAP_ALLOCATE|[72]|Bytes:3
16:00:27.0 (2074290)|HEAP_ALLOCATE|[77]|Bytes:152
16:00:27.0 (2109575)|HEAP_ALLOCATE|[342]|Bytes:408
16:00:27.0 (2132097)|HEAP_ALLOCATE|[355]|Bytes:408
16:00:27.0 (2162025)|HEAP_ALLOCATE|[467]|Bytes:48
16:00:27.0 (2197943)|HEAP_ALLOCATE|[139]|Bytes:6
16:00:27.0 (2280694)|HEAP_ALLOCATE|[EXTERNAL]|Bytes:3
16:00:27.0 (2294096)|METHOD_ENTRY|[1]|01pf400000Gj25X|TaskListController.TaskListController()
16:00:27.0 (2301059)|STATEMENT_EXECUTE|[1]
16:00:27.0 (2306440)|STATEMENT_EXECUTE|[1]
16:00:27.0 (2313298)|METHOD_EXIT|[1]|TaskListController
16:00:27.0 (2340184)|SYSTEM_MODE_ENTER|false
16:00:27.0 (2352278)|STATEMENT_EXECUTE|[9]
16:00:27.0 (2354668)|STATEMENT_EXECUTE|[10]
16:00:27.0 (2359238)|HEAP_ALLOCATE|[10]|Bytes:108
16:00:27.0 (2378552)|HEAP_ALLOCATE|[10]|Bytes:4
16:00:27.0 (2423079)|HEAP_ALLOCATE|[50]|Bytes:5
16:00:27.0 (2445000)|HEAP_ALLOCATE|[56]|Bytes:5
16:00:27.0 (2455412)|HEAP_ALLOCATE|[64]|Bytes:7
16:00:27.0 (2893773)|SOQL_EXECUTE_BEGIN|[10]|Aggregations:0|SELECT Id, Name, Description__c, Type__c, Points__c, Contact__c FROM HTask__c WHERE Status__c != 'Completed'
16:00:27.0 (28493935)|SOQL_EXECUTE_END|[10]|Rows:6
16:00:27.0 (28528587)|HEAP_ALLOCATE|[10]|Bytes:28
16:00:27.0 (28579564)|HEAP_ALLOCATE|[10]|Bytes:997
16:00:27.0 (28711860)|HEAP_ALLOCATE|[10]|Bytes:28
16:00:27.0 (28744254)|VARIABLE_SCOPE_BEGIN|[10]|ltask|List<HTask__c>|true|false
16:00:27.0 (28779463)|VARIABLE_ASSIGNMENT|[10]|ltask|"List of size 6 too large to display"|0x63e72d10
16:00:27.0 (28787537)|STATEMENT_EXECUTE|[13]
16:00:27.0 (28796024)|SYSTEM_MODE_EXIT|false
16:00:27.28 (28828495)|CUMULATIVE_LIMIT_USAGE
16:00:27.28 (28828495)|LIMIT_USAGE_FOR_NS|(default)|
  Number of SOQL queries: 1 out of 100
  Number of query rows: 6 out of 50000
  Number of SOSL queries: 0 out of 20
  Number of DML statements: 0 out of 150
  Number of DML rows: 0 out of 10000
  Maximum CPU time: 0 out of 10000
  Maximum heap size: 0 out of 6000000
  Number of callouts: 0 out of 100
  Number of Email Invocations: 0 out of 10
  Number of future calls: 0 out of 50
  Number of queueable jobs added to the queue: 0 out of 50
  Number of Mobile Apex push calls: 0 out of 10

16:00:27.28 (28828495)|CUMULATIVE_LIMIT_USAGE_END

16:00:27.0 (28875811)|CODE_UNIT_FINISHED|TaskListController.getAllUncompletedTask
16:00:27.0 (29065464)|CODE_UNIT_FINISHED|Aura
16:00:27.0 (30718994)|EXECUTION_FINISHED
