42.0 APEX_CODE,FINEST;APEX_PROFILING,INFO;CALLOUT,INFO;DB,INFO;SYSTEM,DEBUG;VALIDATION,INFO;VISUALFORCE,INFO;WAVE,INFO;WORKFLOW,INFO
15:24:19.0 (67396)|USER_INFO|[EXTERNAL]|005f4000002PiXT|amancebo.habitica@altimetrik.com|Argentine Time|GMT-03:00
15:24:19.0 (98464)|EXECUTION_STARTED
15:24:19.0 (102093)|CODE_UNIT_STARTED|[EXTERNAL]|Aura
15:24:19.0 (1592751)|CODE_UNIT_STARTED|[EXTERNAL]|01pf400000Gj25X|TaskListController.getAllUncompletedTask
15:24:19.0 (1785765)|HEAP_ALLOCATE|[72]|Bytes:3
15:24:19.0 (1818316)|HEAP_ALLOCATE|[77]|Bytes:152
15:24:19.0 (1831412)|HEAP_ALLOCATE|[342]|Bytes:408
15:24:19.0 (1843893)|HEAP_ALLOCATE|[355]|Bytes:408
15:24:19.0 (1854505)|HEAP_ALLOCATE|[467]|Bytes:48
15:24:19.0 (1890972)|HEAP_ALLOCATE|[139]|Bytes:6
15:24:19.0 (1980026)|HEAP_ALLOCATE|[EXTERNAL]|Bytes:3
15:24:19.0 (1996149)|METHOD_ENTRY|[1]|01pf400000Gj25X|TaskListController.TaskListController()
15:24:19.0 (2005992)|STATEMENT_EXECUTE|[1]
15:24:19.0 (2013379)|STATEMENT_EXECUTE|[1]
15:24:19.0 (2018848)|METHOD_EXIT|[1]|TaskListController
15:24:19.0 (2042854)|SYSTEM_MODE_ENTER|false
15:24:19.0 (2055128)|STATEMENT_EXECUTE|[9]
15:24:19.0 (2057514)|STATEMENT_EXECUTE|[10]
15:24:19.0 (2062441)|HEAP_ALLOCATE|[10]|Bytes:108
15:24:19.0 (2086017)|HEAP_ALLOCATE|[10]|Bytes:4
15:24:19.0 (2136040)|HEAP_ALLOCATE|[50]|Bytes:5
15:24:19.0 (2154894)|HEAP_ALLOCATE|[56]|Bytes:5
15:24:19.0 (2162388)|HEAP_ALLOCATE|[64]|Bytes:7
15:24:19.0 (2599275)|SOQL_EXECUTE_BEGIN|[10]|Aggregations:0|SELECT Id, Name, Description__c, Type__c, Points__c, Contact__c FROM HTask__c WHERE Status__c != 'Completed'
15:24:19.0 (24875018)|SOQL_EXECUTE_END|[10]|Rows:6
15:24:19.0 (24920168)|HEAP_ALLOCATE|[10]|Bytes:28
15:24:19.0 (24962905)|HEAP_ALLOCATE|[10]|Bytes:997
15:24:19.0 (25106117)|HEAP_ALLOCATE|[10]|Bytes:28
15:24:19.0 (25130617)|VARIABLE_SCOPE_BEGIN|[10]|ltask|List<HTask__c>|true|false
15:24:19.0 (25168687)|VARIABLE_ASSIGNMENT|[10]|ltask|"List of size 6 too large to display"|0x722a569b
15:24:19.0 (25178192)|STATEMENT_EXECUTE|[13]
15:24:19.0 (25189918)|SYSTEM_MODE_EXIT|false
15:24:19.25 (25212814)|CUMULATIVE_LIMIT_USAGE
15:24:19.25 (25212814)|LIMIT_USAGE_FOR_NS|(default)|
  Number of SOQL queries: 1 out of 100
  Number of query rows: 6 out of 50000
  Number of SOSL queries: 0 out of 20
  Number of DML statements: 0 out of 150
  Number of DML rows: 0 out of 10000
  Maximum CPU time: 0 out of 10000
  Maximum heap size: 0 out of 6000000
  Number of callouts: 0 out of 100
  Number of Email Invocations: 0 out of 10
  Number of future calls: 0 out of 50
  Number of queueable jobs added to the queue: 0 out of 50
  Number of Mobile Apex push calls: 0 out of 10

15:24:19.25 (25212814)|CUMULATIVE_LIMIT_USAGE_END

15:24:19.0 (25246685)|CODE_UNIT_FINISHED|TaskListController.getAllUncompletedTask
15:24:19.0 (25366840)|CODE_UNIT_FINISHED|Aura
15:24:19.0 (27165022)|EXECUTION_FINISHED
