42.0 APEX_CODE,FINEST;APEX_PROFILING,INFO;CALLOUT,INFO;DB,INFO;SYSTEM,DEBUG;VALIDATION,INFO;VISUALFORCE,INFO;WAVE,INFO;WORKFLOW,INFO
15:37:49.0 (340109)|USER_INFO|[EXTERNAL]|005f4000002PiXT|amancebo.habitica@altimetrik.com|Argentine Time|GMT-03:00
15:37:49.0 (368136)|EXECUTION_STARTED
15:37:49.0 (371515)|CODE_UNIT_STARTED|[EXTERNAL]|Aura
15:37:49.0 (1630650)|CODE_UNIT_STARTED|[EXTERNAL]|01pf400000Gj25X|TaskListController.getAllUncompletedTask
15:37:49.0 (1798282)|HEAP_ALLOCATE|[72]|Bytes:3
15:37:49.0 (1860252)|HEAP_ALLOCATE|[77]|Bytes:152
15:37:49.0 (1875443)|HEAP_ALLOCATE|[342]|Bytes:408
15:37:49.0 (1888588)|HEAP_ALLOCATE|[355]|Bytes:408
15:37:49.0 (1898995)|HEAP_ALLOCATE|[467]|Bytes:48
15:37:49.0 (1924074)|HEAP_ALLOCATE|[139]|Bytes:6
15:37:49.0 (1985834)|HEAP_ALLOCATE|[EXTERNAL]|Bytes:3
15:37:49.0 (2026254)|METHOD_ENTRY|[1]|01pf400000Gj25X|TaskListController.TaskListController()
15:37:49.0 (2034199)|STATEMENT_EXECUTE|[1]
15:37:49.0 (2040918)|STATEMENT_EXECUTE|[1]
15:37:49.0 (2058103)|METHOD_EXIT|[1]|TaskListController
15:37:49.0 (2080883)|SYSTEM_MODE_ENTER|false
15:37:49.0 (2091465)|STATEMENT_EXECUTE|[9]
15:37:49.0 (2093334)|STATEMENT_EXECUTE|[10]
15:37:49.0 (2097336)|HEAP_ALLOCATE|[10]|Bytes:108
15:37:49.0 (2115047)|HEAP_ALLOCATE|[10]|Bytes:4
15:37:49.0 (2157191)|HEAP_ALLOCATE|[50]|Bytes:5
15:37:49.0 (2177955)|HEAP_ALLOCATE|[56]|Bytes:5
15:37:49.0 (2190121)|HEAP_ALLOCATE|[64]|Bytes:7
15:37:49.0 (2557979)|SOQL_EXECUTE_BEGIN|[10]|Aggregations:0|SELECT Id, Name, Description__c, Type__c, Points__c, Contact__c FROM HTask__c WHERE Status__c != 'Completed'
15:37:49.0 (18774931)|SOQL_EXECUTE_END|[10]|Rows:6
15:37:49.0 (18803880)|HEAP_ALLOCATE|[10]|Bytes:28
15:37:49.0 (18838234)|HEAP_ALLOCATE|[10]|Bytes:997
15:37:49.0 (18944309)|HEAP_ALLOCATE|[10]|Bytes:28
15:37:49.0 (18964435)|VARIABLE_SCOPE_BEGIN|[10]|ltask|List<HTask__c>|true|false
15:37:49.0 (18998213)|VARIABLE_ASSIGNMENT|[10]|ltask|"List of size 6 too large to display"|0xd86361e
15:37:49.0 (19006151)|STATEMENT_EXECUTE|[13]
15:37:49.0 (19015460)|SYSTEM_MODE_EXIT|false
15:37:49.19 (19049379)|CUMULATIVE_LIMIT_USAGE
15:37:49.19 (19049379)|LIMIT_USAGE_FOR_NS|(default)|
  Number of SOQL queries: 1 out of 100
  Number of query rows: 6 out of 50000
  Number of SOSL queries: 0 out of 20
  Number of DML statements: 0 out of 150
  Number of DML rows: 0 out of 10000
  Maximum CPU time: 0 out of 10000
  Maximum heap size: 0 out of 6000000
  Number of callouts: 0 out of 100
  Number of Email Invocations: 0 out of 10
  Number of future calls: 0 out of 50
  Number of queueable jobs added to the queue: 0 out of 50
  Number of Mobile Apex push calls: 0 out of 10

15:37:49.19 (19049379)|CUMULATIVE_LIMIT_USAGE_END

15:37:49.0 (19082509)|CODE_UNIT_FINISHED|TaskListController.getAllUncompletedTask
15:37:49.0 (19192018)|CODE_UNIT_FINISHED|Aura
15:37:49.0 (20361746)|EXECUTION_FINISHED
