42.0 APEX_CODE,FINEST;APEX_PROFILING,INFO;CALLOUT,INFO;DB,INFO;SYSTEM,DEBUG;VALIDATION,INFO;VISUALFORCE,INFO;WAVE,INFO;WORKFLOW,INFO
15:24:41.0 (75007)|USER_INFO|[EXTERNAL]|005f4000002PiXT|amancebo.habitica@altimetrik.com|Argentine Time|GMT-03:00
15:24:41.0 (117117)|EXECUTION_STARTED
15:24:41.0 (121935)|CODE_UNIT_STARTED|[EXTERNAL]|Aura
15:24:41.0 (1249790)|CODE_UNIT_STARTED|[EXTERNAL]|01pf400000Gj25X|TaskListController.getAllUncompletedTask
15:24:41.0 (1394841)|HEAP_ALLOCATE|[72]|Bytes:3
15:24:41.0 (1430048)|HEAP_ALLOCATE|[77]|Bytes:152
15:24:41.0 (1445160)|HEAP_ALLOCATE|[342]|Bytes:408
15:24:41.0 (1458070)|HEAP_ALLOCATE|[355]|Bytes:408
15:24:41.0 (1468439)|HEAP_ALLOCATE|[467]|Bytes:48
15:24:41.0 (1499856)|HEAP_ALLOCATE|[139]|Bytes:6
15:24:41.0 (1566452)|HEAP_ALLOCATE|[EXTERNAL]|Bytes:3
15:24:41.0 (1577893)|METHOD_ENTRY|[1]|01pf400000Gj25X|TaskListController.TaskListController()
15:24:41.0 (1584136)|STATEMENT_EXECUTE|[1]
15:24:41.0 (1589436)|STATEMENT_EXECUTE|[1]
15:24:41.0 (1593860)|METHOD_EXIT|[1]|TaskListController
15:24:41.0 (1612670)|SYSTEM_MODE_ENTER|false
15:24:41.0 (1622565)|STATEMENT_EXECUTE|[9]
15:24:41.0 (1624656)|STATEMENT_EXECUTE|[10]
15:24:41.0 (1628545)|HEAP_ALLOCATE|[10]|Bytes:108
15:24:41.0 (1644120)|HEAP_ALLOCATE|[10]|Bytes:4
15:24:41.0 (1680371)|HEAP_ALLOCATE|[50]|Bytes:5
15:24:41.0 (1700626)|HEAP_ALLOCATE|[56]|Bytes:5
15:24:41.0 (1707198)|HEAP_ALLOCATE|[64]|Bytes:7
15:24:41.0 (2060661)|SOQL_EXECUTE_BEGIN|[10]|Aggregations:0|SELECT Id, Name, Description__c, Type__c, Points__c, Contact__c FROM HTask__c WHERE Status__c != 'Completed'
15:24:41.0 (16908112)|SOQL_EXECUTE_END|[10]|Rows:6
15:24:41.0 (16939479)|HEAP_ALLOCATE|[10]|Bytes:28
15:24:41.0 (16977180)|HEAP_ALLOCATE|[10]|Bytes:997
15:24:41.0 (17089614)|HEAP_ALLOCATE|[10]|Bytes:28
15:24:41.0 (17111303)|VARIABLE_SCOPE_BEGIN|[10]|ltask|List<HTask__c>|true|false
15:24:41.0 (17146589)|VARIABLE_ASSIGNMENT|[10]|ltask|"List of size 6 too large to display"|0x5436f80c
15:24:41.0 (17154724)|STATEMENT_EXECUTE|[13]
15:24:41.0 (17164716)|SYSTEM_MODE_EXIT|false
15:24:41.17 (17188865)|CUMULATIVE_LIMIT_USAGE
15:24:41.17 (17188865)|LIMIT_USAGE_FOR_NS|(default)|
  Number of SOQL queries: 1 out of 100
  Number of query rows: 6 out of 50000
  Number of SOSL queries: 0 out of 20
  Number of DML statements: 0 out of 150
  Number of DML rows: 0 out of 10000
  Maximum CPU time: 0 out of 10000
  Maximum heap size: 0 out of 6000000
  Number of callouts: 0 out of 100
  Number of Email Invocations: 0 out of 10
  Number of future calls: 0 out of 50
  Number of queueable jobs added to the queue: 0 out of 50
  Number of Mobile Apex push calls: 0 out of 10

15:24:41.17 (17188865)|CUMULATIVE_LIMIT_USAGE_END

15:24:41.0 (17222619)|CODE_UNIT_FINISHED|TaskListController.getAllUncompletedTask
15:24:41.0 (17333877)|CODE_UNIT_FINISHED|Aura
15:24:41.0 (18614002)|EXECUTION_FINISHED
