42.0 APEX_CODE,FINEST;APEX_PROFILING,INFO;CALLOUT,INFO;DB,INFO;SYSTEM,DEBUG;VALIDATION,INFO;VISUALFORCE,INFO;WAVE,INFO;WORKFLOW,INFO
15:24:10.0 (75899)|USER_INFO|[EXTERNAL]|005f4000002PiXT|amancebo.habitica@altimetrik.com|Argentine Time|GMT-03:00
15:24:10.0 (107136)|EXECUTION_STARTED
15:24:10.0 (111042)|CODE_UNIT_STARTED|[EXTERNAL]|Aura
15:24:10.0 (1223655)|CODE_UNIT_STARTED|[EXTERNAL]|01pf400000Gj25X|TaskListController.getAllUncompletedTask
15:24:10.0 (1393524)|HEAP_ALLOCATE|[72]|Bytes:3
15:24:10.0 (1435883)|HEAP_ALLOCATE|[77]|Bytes:152
15:24:10.0 (1451623)|HEAP_ALLOCATE|[342]|Bytes:408
15:24:10.0 (1463794)|HEAP_ALLOCATE|[355]|Bytes:408
15:24:10.0 (1475077)|HEAP_ALLOCATE|[467]|Bytes:48
15:24:10.0 (1502155)|HEAP_ALLOCATE|[139]|Bytes:6
15:24:10.0 (1572074)|HEAP_ALLOCATE|[EXTERNAL]|Bytes:3
15:24:10.0 (1585144)|METHOD_ENTRY|[1]|01pf400000Gj25X|TaskListController.TaskListController()
15:24:10.0 (1592058)|STATEMENT_EXECUTE|[1]
15:24:10.0 (1598122)|STATEMENT_EXECUTE|[1]
15:24:10.0 (1602552)|METHOD_EXIT|[1]|TaskListController
15:24:10.0 (1632474)|SYSTEM_MODE_ENTER|false
15:24:10.0 (1643927)|STATEMENT_EXECUTE|[9]
15:24:10.0 (1645804)|STATEMENT_EXECUTE|[10]
15:24:10.0 (1649288)|HEAP_ALLOCATE|[10]|Bytes:108
15:24:10.0 (1672538)|HEAP_ALLOCATE|[10]|Bytes:4
15:24:10.0 (1715579)|HEAP_ALLOCATE|[50]|Bytes:5
15:24:10.0 (1737175)|HEAP_ALLOCATE|[56]|Bytes:5
15:24:10.0 (1744029)|HEAP_ALLOCATE|[64]|Bytes:7
15:24:10.0 (2215447)|SOQL_EXECUTE_BEGIN|[10]|Aggregations:0|SELECT Id, Name, Description__c, Type__c, Points__c, Contact__c FROM HTask__c WHERE Status__c != 'Completed'
15:24:10.0 (16535332)|SOQL_EXECUTE_END|[10]|Rows:6
15:24:10.0 (16567378)|HEAP_ALLOCATE|[10]|Bytes:28
15:24:10.0 (16607272)|HEAP_ALLOCATE|[10]|Bytes:997
15:24:10.0 (16768059)|HEAP_ALLOCATE|[10]|Bytes:28
15:24:10.0 (16792481)|VARIABLE_SCOPE_BEGIN|[10]|ltask|List<HTask__c>|true|false
15:24:10.0 (16827049)|VARIABLE_ASSIGNMENT|[10]|ltask|"List of size 6 too large to display"|0x1b48766e
15:24:10.0 (16834818)|STATEMENT_EXECUTE|[13]
15:24:10.0 (16846809)|SYSTEM_MODE_EXIT|false
15:24:10.16 (16876656)|CUMULATIVE_LIMIT_USAGE
15:24:10.16 (16876656)|LIMIT_USAGE_FOR_NS|(default)|
  Number of SOQL queries: 1 out of 100
  Number of query rows: 6 out of 50000
  Number of SOSL queries: 0 out of 20
  Number of DML statements: 0 out of 150
  Number of DML rows: 0 out of 10000
  Maximum CPU time: 0 out of 10000
  Maximum heap size: 0 out of 6000000
  Number of callouts: 0 out of 100
  Number of Email Invocations: 0 out of 10
  Number of future calls: 0 out of 50
  Number of queueable jobs added to the queue: 0 out of 50
  Number of Mobile Apex push calls: 0 out of 10

15:24:10.16 (16876656)|CUMULATIVE_LIMIT_USAGE_END

15:24:10.0 (16907042)|CODE_UNIT_FINISHED|TaskListController.getAllUncompletedTask
15:24:10.0 (17015142)|CODE_UNIT_FINISHED|Aura
15:24:10.0 (18468525)|EXECUTION_FINISHED
