42.0 APEX_CODE,FINEST;APEX_PROFILING,INFO;CALLOUT,INFO;DB,INFO;SYSTEM,DEBUG;VALIDATION,INFO;VISUALFORCE,INFO;WAVE,INFO;WORKFLOW,INFO
15:38:44.0 (60632)|USER_INFO|[EXTERNAL]|005f4000002PiXT|amancebo.habitica@altimetrik.com|Argentine Time|GMT-03:00
15:38:44.0 (90245)|EXECUTION_STARTED
15:38:44.0 (93701)|CODE_UNIT_STARTED|[EXTERNAL]|Aura
15:38:44.0 (1242363)|CODE_UNIT_STARTED|[EXTERNAL]|01pf400000Gj25X|TaskListController.getAllUncompletedTask
15:38:44.0 (1400255)|HEAP_ALLOCATE|[72]|Bytes:3
15:38:44.0 (1437761)|HEAP_ALLOCATE|[77]|Bytes:152
15:38:44.0 (1455172)|HEAP_ALLOCATE|[342]|Bytes:408
15:38:44.0 (1476106)|HEAP_ALLOCATE|[355]|Bytes:408
15:38:44.0 (1496809)|HEAP_ALLOCATE|[467]|Bytes:48
15:38:44.0 (1531295)|HEAP_ALLOCATE|[139]|Bytes:6
15:38:44.0 (1590071)|HEAP_ALLOCATE|[EXTERNAL]|Bytes:3
15:38:44.0 (1605854)|METHOD_ENTRY|[1]|01pf400000Gj25X|TaskListController.TaskListController()
15:38:44.0 (1615966)|STATEMENT_EXECUTE|[1]
15:38:44.0 (1622375)|STATEMENT_EXECUTE|[1]
15:38:44.0 (1627762)|METHOD_EXIT|[1]|TaskListController
15:38:44.0 (1653465)|SYSTEM_MODE_ENTER|false
15:38:44.0 (1668294)|STATEMENT_EXECUTE|[9]
15:38:44.0 (1671091)|STATEMENT_EXECUTE|[10]
15:38:44.0 (1675645)|HEAP_ALLOCATE|[10]|Bytes:108
15:38:44.0 (1705363)|HEAP_ALLOCATE|[10]|Bytes:4
15:38:44.0 (1755675)|HEAP_ALLOCATE|[50]|Bytes:5
15:38:44.0 (1779471)|HEAP_ALLOCATE|[56]|Bytes:5
15:38:44.0 (1792181)|HEAP_ALLOCATE|[64]|Bytes:7
15:38:44.0 (2315423)|SOQL_EXECUTE_BEGIN|[10]|Aggregations:0|SELECT Id, Name, Description__c, Type__c, Points__c, Contact__c FROM HTask__c WHERE Status__c != 'Completed'
15:38:44.0 (19191766)|SOQL_EXECUTE_END|[10]|Rows:6
15:38:44.0 (19225812)|HEAP_ALLOCATE|[10]|Bytes:28
15:38:44.0 (19267252)|HEAP_ALLOCATE|[10]|Bytes:997
15:38:44.0 (19467167)|HEAP_ALLOCATE|[10]|Bytes:28
15:38:44.0 (19496879)|VARIABLE_SCOPE_BEGIN|[10]|ltask|List<HTask__c>|true|false
15:38:44.0 (19541394)|VARIABLE_ASSIGNMENT|[10]|ltask|"List of size 6 too large to display"|0x7decaeb7
15:38:44.0 (19553669)|STATEMENT_EXECUTE|[13]
15:38:44.0 (19567880)|SYSTEM_MODE_EXIT|false
15:38:44.19 (19602665)|CUMULATIVE_LIMIT_USAGE
15:38:44.19 (19602665)|LIMIT_USAGE_FOR_NS|(default)|
  Number of SOQL queries: 1 out of 100
  Number of query rows: 6 out of 50000
  Number of SOSL queries: 0 out of 20
  Number of DML statements: 0 out of 150
  Number of DML rows: 0 out of 10000
  Maximum CPU time: 0 out of 10000
  Maximum heap size: 0 out of 6000000
  Number of callouts: 0 out of 100
  Number of Email Invocations: 0 out of 10
  Number of future calls: 0 out of 50
  Number of queueable jobs added to the queue: 0 out of 50
  Number of Mobile Apex push calls: 0 out of 10

15:38:44.19 (19602665)|CUMULATIVE_LIMIT_USAGE_END

15:38:44.0 (19648182)|CODE_UNIT_FINISHED|TaskListController.getAllUncompletedTask
15:38:44.0 (19809208)|CODE_UNIT_FINISHED|Aura
15:38:44.0 (21047617)|EXECUTION_FINISHED
