36.0 APEX_CODE,FINEST;APEX_PROFILING,INFO;CALLOUT,INFO;DB,INFO;SYSTEM,DEBUG;VALIDATION,INFO;VISUALFORCE,INFO;WAVE,INFO;WORKFLOW,INFO
15:37:53.1 (1038705)|USER_INFO|[EXTERNAL]|005f4000002PiXT|amancebo.habitica@altimetrik.com|Argentine Time|GMT-03:00
15:37:53.1 (1103152)|EXECUTION_STARTED
15:37:53.1 (1108937)|CODE_UNIT_STARTED|[EXTERNAL]|01pf400000GkBRX|EndOfDayScheduleTest.dailyTest
15:37:53.1 (1441029)|HEAP_ALLOCATE|[72]|Bytes:3
15:37:53.1 (1518615)|HEAP_ALLOCATE|[77]|Bytes:152
15:37:53.1 (1541418)|HEAP_ALLOCATE|[342]|Bytes:408
15:37:53.1 (1564846)|HEAP_ALLOCATE|[355]|Bytes:408
15:37:53.1 (1586278)|HEAP_ALLOCATE|[467]|Bytes:48
15:37:53.1 (1622027)|HEAP_ALLOCATE|[139]|Bytes:6
15:37:53.1 (1639937)|HEAP_ALLOCATE|[EXTERNAL]|Bytes:50
15:37:53.1 (1700266)|METHOD_ENTRY|[2]|01pf400000GkBRX|EndOfDayScheduleTest.EndOfDayScheduleTest()
15:37:53.1 (1709420)|STATEMENT_EXECUTE|[2]
15:37:53.1 (1715641)|STATEMENT_EXECUTE|[2]
15:37:53.1 (1734098)|METHOD_EXIT|[2]|EndOfDayScheduleTest
15:37:53.1 (1991494)|HEAP_ALLOCATE|[50]|Bytes:5
15:37:53.1 (2021871)|HEAP_ALLOCATE|[56]|Bytes:5
15:37:53.1 (2033478)|HEAP_ALLOCATE|[64]|Bytes:7
15:37:53.1 (2087095)|STATEMENT_EXECUTE|[4]
15:37:53.1 (2090246)|STATEMENT_EXECUTE|[5]
15:37:53.1 (2147961)|HEAP_ALLOCATE|[5]|Bytes:4
15:37:53.1 (2247923)|HEAP_ALLOCATE|[5]|Bytes:12
15:37:53.1 (2313794)|VARIABLE_ASSIGNMENT|[5]|this.LastName|"TestContact1"|0x678d041d
15:37:53.1 (2364856)|HEAP_ALLOCATE|[5]|Bytes:28
15:37:53.1 (2371063)|HEAP_ALLOCATE|[5]|Bytes:28
15:37:53.1 (2415859)|VARIABLE_ASSIGNMENT|[5]|this.Points__c|10|0x678d041d
15:37:53.1 (2425825)|HEAP_ALLOCATE|[5]|Bytes:23
15:37:53.1 (2450430)|VARIABLE_ASSIGNMENT|[5]|this.Email|"amancebo@altimetrik. (3 more) ..."|0x678d041d
15:37:53.1 (2489236)|VARIABLE_SCOPE_BEGIN|[5]|contBefore|Contact|true|false
15:37:53.1 (2518139)|VARIABLE_ASSIGNMENT|[5]|contBefore|{"LastName":"TestContact1","Points__c":10,"Email":"amancebo@altimetrik. (3 more) ..."}|0x678d041d
15:37:53.1 (2528724)|STATEMENT_EXECUTE|[6]
15:37:53.1 (2560980)|HEAP_ALLOCATE|[6]|Bytes:8
15:37:53.1 (2574751)|DML_BEGIN|[6]|Op:Upsert|Type:Contact|Rows:1
15:37:53.1 (2613762)|HEAP_ALLOCATE|[EXTERNAL]|Bytes:8
15:37:53.1 (18922217)|CODE_UNIT_STARTED|[EXTERNAL]|DuplicateDetector
15:37:53.1 (18953364)|DUPLICATE_DETECTION_BEGIN
15:37:53.1 (19913437)|DUPLICATE_DETECTION_RULE_INVOCATION|DuplicateRuleId:0Bmf4000005NvDQ|DuplicateRuleName:Standard Contact Duplicate Rule|DmlType:INSERT
15:37:53.1 (50521581)|DUPLICATE_DETECTION_MATCH_INVOCATION_DETAILS|EntityType:Contact|ActionTaken:Allow_[Alert,Report]|DuplicateRecordIds:
15:37:53.1 (50558311)|DUPLICATE_DETECTION_MATCH_INVOCATION_SUMMARY|EntityType:Contact|NumRecordsToBeSaved:1|NumRecordsToBeSavedWithDuplicates:0|NumDuplicateRecordsFound:0
15:37:53.1 (50578587)|DUPLICATE_DETECTION_MATCH_INVOCATION_DETAILS|EntityType:Contact|ActionTaken:Allow_[Alert,Report]|DuplicateRecordIds:
15:37:53.1 (50591884)|DUPLICATE_DETECTION_MATCH_INVOCATION_SUMMARY|EntityType:Contact|NumRecordsToBeSaved:1|NumRecordsToBeSavedWithDuplicates:0|NumDuplicateRecordsFound:0
15:37:53.1 (50810022)|DUPLICATE_DETECTION_END
15:37:53.1 (50823253)|CODE_UNIT_FINISHED|DuplicateDetector
15:37:53.1 (79277413)|DML_END|[6]
15:37:53.1 (79314216)|STATEMENT_EXECUTE|[8]
15:37:53.1 (79326566)|HEAP_ALLOCATE|[8]|Bytes:72
15:37:53.1 (79377911)|HEAP_ALLOCATE|[8]|Bytes:4
15:37:53.1 (79628201)|SOQL_EXECUTE_BEGIN|[8]|Aggregations:0|SELECT Id, Points__c, Email FROM Contact WHERE LastName = 'TestContact1'
15:37:53.1 (85747226)|SOQL_EXECUTE_END|[8]|Rows:1
15:37:53.1 (85784276)|HEAP_ALLOCATE|[8]|Bytes:8
15:37:53.1 (85807516)|HEAP_ALLOCATE|[8]|Bytes:110
15:37:53.1 (85943160)|HEAP_ALLOCATE|[8]|Bytes:8
15:37:53.1 (85967935)|HEAP_ALLOCATE|[8]|Bytes:33
15:37:53.1 (86020530)|HEAP_ALLOCATE|[8]|Bytes:16
15:37:53.1 (86060541)|VARIABLE_ASSIGNMENT|[8]|contBefore|{"Id":"003f400000Pu5coAAB","Points__c":10,"Email":"amancebo@altimetrik. (3 more) ..."}|0x3c822497
15:37:53.1 (86072545)|STATEMENT_EXECUTE|[10]
15:37:53.1 (86115731)|HEAP_ALLOCATE|[10]|Bytes:4
15:37:53.1 (86197580)|HEAP_ALLOCATE|[10]|Bytes:9
15:37:53.1 (86235526)|VARIABLE_ASSIGNMENT|[10]|this.Name|"TestTask1"|0x1cf31e35
15:37:53.1 (86244957)|HEAP_ALLOCATE|[10]|Bytes:4
15:37:53.1 (86262598)|VARIABLE_ASSIGNMENT|[10]|this.Difficulty__c|"Hard"|0x1cf31e35
15:37:53.1 (86269362)|HEAP_ALLOCATE|[10]|Bytes:5
15:37:53.1 (86282410)|VARIABLE_ASSIGNMENT|[10]|this.Type__c|"Daily"|0x1cf31e35
15:37:53.1 (86328852)|VARIABLE_ASSIGNMENT|[10]|this.Contact__c|"003f400000Pu5coAAB"|0x1cf31e35
15:37:53.1 (86337173)|HEAP_ALLOCATE|[10]|Bytes:10
15:37:53.1 (86473616)|HEAP_ALLOCATE|[10]|Bytes:4
15:37:53.1 (86525057)|VARIABLE_ASSIGNMENT|[10]|this.DueDate__c|"2018-01-06T00:00:00.000Z"|0x1cf31e35
15:37:53.1 (86557999)|VARIABLE_SCOPE_BEGIN|[10]|task|HTask__c|true|false
15:37:53.1 (86584746)|VARIABLE_ASSIGNMENT|[10]|task|{"Name":"TestTask1","Difficulty__c":"Hard","Type__c":"Daily","Contact__c":"003f400000Pu5coAAB","DueDate__c":"2018-01-06T00:00:00.000Z"}|0x1cf31e35
15:37:53.1 (86592490)|STATEMENT_EXECUTE|[11]
15:37:53.1 (86616151)|HEAP_ALLOCATE|[11]|Bytes:8
15:37:53.1 (86625974)|DML_BEGIN|[11]|Op:Upsert|Type:HTask__c|Rows:1
15:37:53.1 (86654854)|HEAP_ALLOCATE|[EXTERNAL]|Bytes:8
15:37:53.1 (101410987)|CODE_UNIT_STARTED|[EXTERNAL]|Validation:HTask:new
15:37:53.1 (101456477)|VALIDATION_RULE|03df40000002ejE|ContactRequired
15:37:53.1 (101594922)|VALIDATION_FORMULA|ISBLANK(Contact__c)|Contact__c=003f400000Pu5co
15:37:53.1 (101614816)|VALIDATION_PASS
15:37:53.1 (101617640)|VALIDATION_RULE|03df40000002ejO|DificultyRequired
15:37:53.1 (101686759)|VALIDATION_FORMULA|ISBLANK(TEXT(Difficulty__c))|Difficulty__c=Hard
15:37:53.1 (101693158)|VALIDATION_PASS
15:37:53.1 (101694842)|VALIDATION_RULE|03df40000002bNN|StatusNone
15:37:53.1 (101777248)|VALIDATION_FORMULA|TEXT(Status__c) <> 'New'  
&& TEXT(Status__c) <> 'In Progress'
&& TEXT(Status__c) <> 'Completed'|Status__c=New
15:37:53.1 (101783649)|VALIDATION_PASS
15:37:53.1 (101931348)|CODE_UNIT_FINISHED|Validation:HTask:new
15:37:53.1 (126943052)|DML_END|[11]
15:37:53.1 (126993241)|STATEMENT_EXECUTE|[13]
15:37:53.1 (127044763)|HEAP_ALLOCATE|[13]|Bytes:4
15:37:53.1 (127088268)|HEAP_ALLOCATE|[13]|Bytes:12
15:37:53.1 (127149774)|VARIABLE_ASSIGNMENT|[13]|this.LastName|"TestContact2"|0x50f6828f
15:37:53.1 (127197831)|HEAP_ALLOCATE|[13]|Bytes:28
15:37:53.1 (127205669)|HEAP_ALLOCATE|[13]|Bytes:28
15:37:53.1 (127241451)|VARIABLE_ASSIGNMENT|[13]|this.Points__c|10|0x50f6828f
15:37:53.1 (127296694)|VARIABLE_SCOPE_BEGIN|[13]|cont2|Contact|true|false
15:37:53.1 (127329270)|VARIABLE_ASSIGNMENT|[13]|cont2|{"LastName":"TestContact2","Points__c":10}|0x50f6828f
15:37:53.1 (127342039)|STATEMENT_EXECUTE|[14]
15:37:53.1 (127384656)|HEAP_ALLOCATE|[14]|Bytes:8
15:37:53.1 (127406109)|DML_BEGIN|[14]|Op:Upsert|Type:Contact|Rows:1
15:37:53.1 (127458651)|HEAP_ALLOCATE|[EXTERNAL]|Bytes:8
15:37:53.1 (129043760)|CODE_UNIT_STARTED|[EXTERNAL]|DuplicateDetector
15:37:53.1 (129056892)|DUPLICATE_DETECTION_BEGIN
15:37:53.1 (129115639)|DUPLICATE_DETECTION_RULE_INVOCATION|DuplicateRuleId:0Bmf4000005NvDQ|DuplicateRuleName:Standard Contact Duplicate Rule|DmlType:INSERT
15:37:53.1 (146222524)|DUPLICATE_DETECTION_MATCH_INVOCATION_DETAILS|EntityType:Contact|ActionTaken:Allow_[Alert,Report]|DuplicateRecordIds:
15:37:53.1 (146274031)|DUPLICATE_DETECTION_MATCH_INVOCATION_SUMMARY|EntityType:Contact|NumRecordsToBeSaved:1|NumRecordsToBeSavedWithDuplicates:0|NumDuplicateRecordsFound:0
15:37:53.1 (146292390)|DUPLICATE_DETECTION_MATCH_INVOCATION_DETAILS|EntityType:Contact|ActionTaken:Allow_[Alert,Report]|DuplicateRecordIds:
15:37:53.1 (146306745)|DUPLICATE_DETECTION_MATCH_INVOCATION_SUMMARY|EntityType:Contact|NumRecordsToBeSaved:1|NumRecordsToBeSavedWithDuplicates:0|NumDuplicateRecordsFound:0
15:37:53.1 (146539278)|DUPLICATE_DETECTION_END
15:37:53.1 (146549906)|CODE_UNIT_FINISHED|DuplicateDetector
15:37:53.1 (159607872)|DML_END|[14]
15:37:53.1 (159644069)|STATEMENT_EXECUTE|[16]
15:37:53.1 (159653783)|HEAP_ALLOCATE|[16]|Bytes:65
15:37:53.1 (159692270)|HEAP_ALLOCATE|[16]|Bytes:4
15:37:53.1 (159870469)|SOQL_EXECUTE_BEGIN|[16]|Aggregations:0|SELECT Id, Points__c FROM Contact WHERE LastName = 'TestContact2'
15:37:53.1 (164652719)|SOQL_EXECUTE_END|[16]|Rows:1
15:37:53.1 (164683168)|HEAP_ALLOCATE|[16]|Bytes:8
15:37:53.1 (164706992)|HEAP_ALLOCATE|[16]|Bytes:78
15:37:53.1 (164742118)|HEAP_ALLOCATE|[16]|Bytes:8
15:37:53.1 (164775877)|HEAP_ALLOCATE|[16]|Bytes:12
15:37:53.1 (164815243)|VARIABLE_ASSIGNMENT|[16]|cont2|{"Id":"003f400000Pu5cpAAB","Points__c":10}|0x3b6b3c20
15:37:53.1 (164825769)|STATEMENT_EXECUTE|[18]
15:37:53.1 (164848422)|HEAP_ALLOCATE|[18]|Bytes:4
15:37:53.1 (164864341)|HEAP_ALLOCATE|[18]|Bytes:9
15:37:53.1 (164902733)|VARIABLE_ASSIGNMENT|[18]|this.Name|"TestTask2"|0x118c9ed7
15:37:53.1 (164923015)|VARIABLE_ASSIGNMENT|[18]|this.Type__c|"Daily"|0x118c9ed7
15:37:53.1 (164948985)|VARIABLE_ASSIGNMENT|[18]|this.Contact__c|"003f400000Pu5cpAAB"|0x118c9ed7
15:37:53.1 (164956798)|HEAP_ALLOCATE|[18]|Bytes:9
15:37:53.1 (164971679)|VARIABLE_ASSIGNMENT|[18]|this.Status__c|"Completed"|0x118c9ed7
15:37:53.1 (165000521)|VARIABLE_SCOPE_BEGIN|[18]|task2|HTask__c|true|false
15:37:53.1 (165020199)|VARIABLE_ASSIGNMENT|[18]|task2|{"Name":"TestTask2","Type__c":"Daily","Contact__c":"003f400000Pu5cpAAB","Status__c":"Completed"}|0x118c9ed7
15:37:53.1 (165027082)|STATEMENT_EXECUTE|[19]
15:37:53.1 (165054018)|HEAP_ALLOCATE|[19]|Bytes:8
15:37:53.1 (165063715)|DML_BEGIN|[19]|Op:Upsert|Type:HTask__c|Rows:1
15:37:53.1 (165090303)|HEAP_ALLOCATE|[EXTERNAL]|Bytes:8
15:37:53.1 (168807091)|CODE_UNIT_STARTED|[EXTERNAL]|Validation:HTask:new
15:37:53.1 (168825978)|VALIDATION_RULE|03df40000002ejE|ContactRequired
15:37:53.1 (168936717)|VALIDATION_FORMULA|ISBLANK(Contact__c)|Contact__c=003f400000Pu5cp
15:37:53.1 (168948189)|VALIDATION_PASS
15:37:53.1 (168951474)|VALIDATION_RULE|03df40000002ejO|DificultyRequired
15:37:53.1 (169052436)|VALIDATION_FORMULA|ISBLANK(TEXT(Difficulty__c))|Difficulty__c=Trivial
15:37:53.1 (169064432)|VALIDATION_PASS
15:37:53.1 (169067039)|VALIDATION_RULE|03df40000002bNN|StatusNone
15:37:53.1 (169179834)|VALIDATION_FORMULA|TEXT(Status__c) <> 'New'  
&& TEXT(Status__c) <> 'In Progress'
&& TEXT(Status__c) <> 'Completed'|Status__c=Completed
15:37:53.1 (169189137)|VALIDATION_PASS
15:37:53.1 (169263034)|CODE_UNIT_FINISHED|Validation:HTask:new
15:37:53.1 (181480838)|DML_END|[19]
15:37:53.1 (181522132)|STATEMENT_EXECUTE|[21]
15:37:53.1 (181534209)|HEAP_ALLOCATE|[21]|Bytes:11
15:37:53.1 (181561008)|VARIABLE_SCOPE_BEGIN|[21]|chron|String|false|false
15:37:53.1 (181587154)|VARIABLE_ASSIGNMENT|[21]|chron|"0 0 0 * * ?"
15:37:53.1 (181593351)|STATEMENT_EXECUTE|[22]
15:37:53.1 (181677089)|HEAP_ALLOCATE|[22]|Bytes:63
15:37:53.1 (181693882)|SYSTEM_METHOD_ENTRY|[1]|Test.Test()
15:37:53.1 (181697752)|STATEMENT_EXECUTE|[1]
15:37:53.1 (181708944)|SYSTEM_METHOD_EXIT|[1]|Test
15:37:53.1 (181728412)|METHOD_ENTRY|[22]||System.Test.startTest()
15:37:53.1 (182997273)|METHOD_EXIT|[22]||System.Test.startTest()
15:37:53.1 (183006403)|STATEMENT_EXECUTE|[23]
15:37:53.1 (183011722)|HEAP_ALLOCATE|[23]|Bytes:13
15:37:53.1 (198611786)|HEAP_ALLOCATE|[23]|Bytes:13
15:37:53.1 (198635568)|HEAP_ALLOCATE|[23]|Bytes:5
15:37:53.1 (198663438)|METHOD_ENTRY|[1]|01pf400000FQMpS|EndOfDaySchedule.EndOfDaySchedule()
15:37:53.1 (198674200)|STATEMENT_EXECUTE|[1]
15:37:53.1 (198686521)|STATEMENT_EXECUTE|[1]
15:37:53.1 (198696849)|METHOD_EXIT|[1]|EndOfDaySchedule
15:37:53.1 (198720362)|HEAP_ALLOCATE|[23]|Bytes:4
15:37:53.1 (198788662)|CONSTRUCTOR_ENTRY|[23]|01pf400000FQMpS|<init>()
15:37:53.1 (198850978)|VARIABLE_SCOPE_BEGIN|[1]|this|EndOfDaySchedule|true|false
15:37:53.1 (198924425)|VARIABLE_ASSIGNMENT|[1]|this|{}|0x26e17767
15:37:53.1 (198946279)|HEAP_ALLOCATE|[EXTERNAL]|Bytes:6
15:37:53.1 (198993177)|STATEMENT_EXECUTE|[1]
15:37:53.1 (199019017)|CONSTRUCTOR_EXIT|[23]|01pf400000FQMpS|<init>()
15:37:53.1 (227291862)|STATEMENT_EXECUTE|[24]
15:37:53.1 (227322970)|METHOD_ENTRY|[24]||System.Test.stopTest()
15:37:53.1 (231198192)|CODE_UNIT_STARTED|[EXTERNAL]|01pf400000FQMpS|Test EndOfDay
15:37:53.1 (235577612)|HEAP_ALLOCATE|[EXTERNAL]|Bytes:3
15:37:53.1 (235618451)|SYSTEM_METHOD_ENTRY|[1]|SchedulableContextImpl.SchedulableContextImpl()
15:37:53.1 (235625453)|STATEMENT_EXECUTE|[1]
15:37:53.1 (235639295)|SYSTEM_METHOD_EXIT|[1]|SchedulableContextImpl
15:37:53.1 (235652217)|HEAP_ALLOCATE|[EXTERNAL]|Bytes:8
15:37:53.1 (235658422)|HEAP_ALLOCATE|[EXTERNAL]|Bytes:4
15:37:53.1 (235666306)|VARIABLE_SCOPE_BEGIN|[4]|this|System.SchedulableContextImpl|true|false
15:37:53.1 (235742190)|VARIABLE_ASSIGNMENT|[4]|this|{}|0x4fcd5dc3
15:37:53.1 (235750940)|VARIABLE_SCOPE_BEGIN|[4]|triggerId|Id|false|false
15:37:53.1 (235895343)|VARIABLE_ASSIGNMENT|[4]|triggerId|"08ef400000L0F0kAAF"
15:37:53.1 (235991149)|HEAP_ALLOCATE|[EXTERNAL]|Bytes:4
15:37:53.1 (235996413)|HEAP_ALLOCATE|[EXTERNAL]|Bytes:8
15:37:53.1 (236004908)|VARIABLE_SCOPE_BEGIN|[3]|this|EndOfDaySchedule|true|false
15:37:53.1 (236019914)|VARIABLE_ASSIGNMENT|[3]|this|{}|0x6c4d802a
15:37:53.1 (236026155)|VARIABLE_SCOPE_BEGIN|[3]|SC|System.SchedulableContext|true|false
15:37:53.1 (236082827)|VARIABLE_ASSIGNMENT|[3]|SC|{"triggerId":"08ef400000L0F0kAAF"}|0x4fcd5dc3
15:37:53.1 (236106970)|STATEMENT_EXECUTE|[3]
15:37:53.1 (236109361)|STATEMENT_EXECUTE|[5]
15:37:53.1 (236125706)|METHOD_ENTRY|[5]|01pf400000FQMpS|EndOfDaySchedule.resolveDailyTaskPoints()
15:37:53.1 (236155396)|STATEMENT_EXECUTE|[12]
15:37:53.1 (236157852)|STATEMENT_EXECUTE|[14]
15:37:53.1 (236164116)|HEAP_ALLOCATE|[14]|Bytes:127
15:37:53.1 (236194876)|HEAP_ALLOCATE|[14]|Bytes:4
15:37:53.1 (236206824)|HEAP_ALLOCATE|[14]|Bytes:7
15:37:53.1 (236251683)|HEAP_ALLOCATE|[18]|Bytes:4
15:37:53.1 (236612632)|SOQL_EXECUTE_BEGIN|[14]|Aggregations:0|SELECT Id, Contact__c, Points__c FROM HTask__c WHERE (Status__c != 'Completed' AND Type__c = 'Daily' AND DueDate__c < :tmpVar1)
15:37:53.1 (250609795)|SOQL_EXECUTE_END|[14]|Rows:1
15:37:53.1 (250649720)|HEAP_ALLOCATE|[14]|Bytes:8
15:37:53.1 (250674530)|HEAP_ALLOCATE|[14]|Bytes:110
15:37:53.1 (250784314)|HEAP_ALLOCATE|[14]|Bytes:8
15:37:53.1 (250818410)|VARIABLE_SCOPE_BEGIN|[14]|ltask|List<HTask__c>|true|false
15:37:53.1 (250861443)|VARIABLE_ASSIGNMENT|[14]|ltask|[{"Id":"a00f4000009WL3gAAG","Contact__c":"003f400000Pu5coAAB","Points__c":2.50}]|0x405a8d20
15:37:53.1 (250872328)|STATEMENT_EXECUTE|[20]
15:37:53.1 (250943967)|HEAP_ALLOCATE|[20]|Bytes:4
15:37:53.1 (250994403)|VARIABLE_SCOPE_BEGIN|[20]|lcont|Map<String,Contact>|true|false
15:37:53.1 (251020914)|VARIABLE_ASSIGNMENT|[20]|lcont|{}|0x36a5293f
15:37:53.1 (251281330)|HEAP_ALLOCATE|[22]|Bytes:5
15:37:53.1 (251339023)|HEAP_ALLOCATE|[22]|Bytes:16
15:37:53.1 (251350651)|VARIABLE_SCOPE_BEGIN|[22]|task|HTask__c|true|false
15:37:53.1 (251371116)|VARIABLE_ASSIGNMENT|[22]|task|{"Id":"a00f4000009WL3gAAG","Contact__c":"003f400000Pu5coAAB","Points__c":2.50}|0x28165614
15:37:53.1 (251379785)|STATEMENT_EXECUTE|[22]
15:37:53.1 (251489413)|STATEMENT_EXECUTE|[24]
15:37:53.1 (251493111)|STATEMENT_EXECUTE|[25]
15:37:53.1 (251499322)|HEAP_ALLOCATE|[25]|Bytes:59
15:37:53.1 (251519550)|HEAP_ALLOCATE|[25]|Bytes:4
15:37:53.1 (251750294)|SOQL_EXECUTE_BEGIN|[25]|Aggregations:0|SELECT Id, Name, Points__c FROM Contact WHERE Id = :tmpVar1
15:37:53.1 (255444836)|SOQL_EXECUTE_END|[25]|Rows:1
15:37:53.1 (255466736)|HEAP_ALLOCATE|[25]|Bytes:8
15:37:53.1 (255482524)|HEAP_ALLOCATE|[25]|Bytes:98
15:37:53.1 (255515618)|HEAP_ALLOCATE|[25]|Bytes:8
15:37:53.1 (255542928)|HEAP_ALLOCATE|[25]|Bytes:16
15:37:53.1 (255551022)|VARIABLE_SCOPE_BEGIN|[25]|conta|Contact|true|false
15:37:53.1 (255573713)|VARIABLE_ASSIGNMENT|[25]|conta|{"Id":"003f400000Pu5coAAB","Name":"TestContact1","Points__c":10}|0x628d4da8
15:37:53.1 (255581887)|STATEMENT_EXECUTE|[26]
15:37:53.1 (255684564)|HEAP_ALLOCATE|[26]|Bytes:28
15:37:53.1 (255734773)|VARIABLE_ASSIGNMENT|[26]|this.Points__c|7.50|0x628d4da8
15:37:53.1 (255742548)|STATEMENT_EXECUTE|[27]
15:37:53.1 (255792901)|HEAP_ALLOCATE|[EXTERNAL]|Bytes:-4
15:37:53.1 (255812860)|HEAP_ALLOCATE|[22]|Bytes:5
15:37:53.1 (255827356)|VARIABLE_ASSIGNMENT|[22]|task|null|
15:37:53.1 (255834074)|STATEMENT_EXECUTE|[35]
15:37:53.1 (255858944)|HEAP_ALLOCATE|[EXTERNAL]|Bytes:8
15:37:53.1 (255869833)|HEAP_ALLOCATE|[35]|Bytes:105
15:37:53.1 (255943137)|DML_BEGIN|[35]|Op:Update|Type:Contact|Rows:1
15:37:53.1 (255997202)|HEAP_ALLOCATE|[EXTERNAL]|Bytes:8
15:37:53.1 (262503092)|CODE_UNIT_STARTED|[EXTERNAL]|DuplicateDetector
15:37:53.1 (262525288)|DUPLICATE_DETECTION_BEGIN
15:37:53.1 (262577319)|DUPLICATE_DETECTION_RULE_INVOCATION|DuplicateRuleId:0Bmf4000005NvDQ|DuplicateRuleName:Standard Contact Duplicate Rule|DmlType:UPDATE
15:37:53.1 (262636645)|DUPLICATE_DETECTION_END
15:37:53.1 (262644036)|CODE_UNIT_FINISHED|DuplicateDetector
15:37:53.1 (276163420)|DML_END|[35]
15:37:53.1 (276265826)|HEAP_ALLOCATE|[EXTERNAL]|Bytes:8
15:37:53.1 (276307328)|METHOD_EXIT|[5]|01pf400000FQMpS|EndOfDaySchedule.resolveDailyTaskPoints()
15:37:53.1 (276319192)|STATEMENT_EXECUTE|[7]
15:37:53.1 (276347942)|METHOD_ENTRY|[7]|01pf400000FQMpS|EndOfDaySchedule.sendEmails()
15:37:53.1 (276440447)|STATEMENT_EXECUTE|[38]
15:37:53.1 (276443551)|STATEMENT_EXECUTE|[39]
15:37:53.1 (276452682)|HEAP_ALLOCATE|[39]|Bytes:96
15:37:53.1 (276487784)|HEAP_ALLOCATE|[39]|Bytes:4
15:37:53.1 (276743699)|SOQL_EXECUTE_BEGIN|[39]|Aggregations:0|SELECT Id, Name, Contact__c FROM HTask__c WHERE (Status__c != 'Completed' AND Type__c = 'Daily')
15:37:53.1 (279294334)|SOQL_EXECUTE_END|[39]|Rows:1
15:37:53.1 (279336088)|HEAP_ALLOCATE|[39]|Bytes:8
15:37:53.1 (279371198)|HEAP_ALLOCATE|[39]|Bytes:78
15:37:53.1 (279417721)|HEAP_ALLOCATE|[39]|Bytes:8
15:37:53.1 (279438546)|VARIABLE_SCOPE_BEGIN|[39]|ltask|List<HTask__c>|true|false
15:37:53.1 (279478598)|VARIABLE_ASSIGNMENT|[39]|ltask|[{"Id":"a00f4000009WL3gAAG","Name":"TestTask1","Contact__c":"003f400000Pu5coAAB"}]|0x33c1edb0
15:37:53.1 (279488756)|STATEMENT_EXECUTE|[44]
15:37:53.1 (279560767)|HEAP_ALLOCATE|[44]|Bytes:4
15:37:53.1 (279623089)|VARIABLE_SCOPE_BEGIN|[44]|mtask|Map<String,List<HTask__c>>|true|false
15:37:53.1 (279643466)|VARIABLE_ASSIGNMENT|[44]|mtask|{}|0x6ee5605b
15:37:53.1 (279708089)|HEAP_ALLOCATE|[46]|Bytes:5
15:37:53.1 (279727862)|HEAP_ALLOCATE|[46]|Bytes:16
15:37:53.1 (279738932)|VARIABLE_SCOPE_BEGIN|[46]|task|HTask__c|true|false
15:37:53.1 (279754448)|VARIABLE_ASSIGNMENT|[46]|task|{"Id":"a00f4000009WL3gAAG","Name":"TestTask1","Contact__c":"003f400000Pu5coAAB"}|0x73729468
15:37:53.1 (279760923)|STATEMENT_EXECUTE|[46]
15:37:53.1 (279853560)|STATEMENT_EXECUTE|[47]
15:37:53.1 (279856991)|STATEMENT_EXECUTE|[48]
15:37:53.1 (279891807)|HEAP_ALLOCATE|[48]|Bytes:4
15:37:53.1 (279933355)|HEAP_ALLOCATE|[EXTERNAL]|Bytes:4
15:37:53.1 (279940168)|HEAP_ALLOCATE|[EXTERNAL]|Bytes:-4
15:37:53.1 (279947517)|STATEMENT_EXECUTE|[51]
15:37:53.1 (280002043)|HEAP_ALLOCATE|[EXTERNAL]|Bytes:4
15:37:53.1 (280020269)|HEAP_ALLOCATE|[46]|Bytes:5
15:37:53.1 (280039382)|VARIABLE_ASSIGNMENT|[46]|task|null|
15:37:53.1 (280060706)|HEAP_ALLOCATE|[54]|Bytes:4
15:37:53.1 (280118726)|HEAP_ALLOCATE|[54]|Bytes:26
15:37:53.1 (280152916)|HEAP_ALLOCATE|[54]|Bytes:4
15:37:53.1 (280178039)|HEAP_ALLOCATE|[54]|Bytes:5
15:37:53.1 (280190622)|VARIABLE_SCOPE_BEGIN|[54]|contactId|String|false|false
15:37:53.1 (280202910)|VARIABLE_ASSIGNMENT|[54]|contactId|"003f400000Pu5coAAB"
15:37:53.1 (280208359)|STATEMENT_EXECUTE|[54]
15:37:53.1 (280210215)|STATEMENT_EXECUTE|[55]
15:37:53.1 (280214769)|HEAP_ALLOCATE|[55]|Bytes:49
15:37:53.1 (280227119)|HEAP_ALLOCATE|[55]|Bytes:4
15:37:53.1 (280419390)|SOQL_EXECUTE_BEGIN|[55]|Aggregations:0|SELECT Id, Email FROM Contact WHERE Id = :tmpVar1
15:37:53.1 (283887021)|SOQL_EXECUTE_END|[55]|Rows:1
15:37:53.1 (283927530)|HEAP_ALLOCATE|[55]|Bytes:8
15:37:53.1 (283946272)|HEAP_ALLOCATE|[55]|Bytes:61
15:37:53.1 (283999149)|HEAP_ALLOCATE|[55]|Bytes:8
15:37:53.1 (284041840)|HEAP_ALLOCATE|[55]|Bytes:12
15:37:53.1 (284053382)|VARIABLE_SCOPE_BEGIN|[55]|cont|Contact|true|false
15:37:53.1 (284084237)|VARIABLE_ASSIGNMENT|[55]|cont|{"Id":"003f400000Pu5coAAB","Email":"amancebo@altimetrik. (3 more) ..."}|0x5b0f5cef
15:37:53.1 (284093857)|STATEMENT_EXECUTE|[56]
15:37:53.1 (284099804)|HEAP_ALLOCATE|[56]|Bytes:56
15:37:53.1 (284107493)|VARIABLE_SCOPE_BEGIN|[56]|message|String|false|false
15:37:53.1 (284124110)|VARIABLE_ASSIGNMENT|[56]|message|"Today you have this  (36 more) ..."
15:37:53.1 (284257088)|HEAP_ALLOCATE|[57]|Bytes:5
15:37:53.1 (284275073)|HEAP_ALLOCATE|[57]|Bytes:16
15:37:53.1 (284283808)|VARIABLE_SCOPE_BEGIN|[57]|task|HTask__c|true|false
15:37:53.1 (284299625)|VARIABLE_ASSIGNMENT|[57]|task|{"Id":"a00f4000009WL3gAAG","Name":"TestTask1","Contact__c":"003f400000Pu5coAAB"}|0x73729468
15:37:53.1 (284308893)|STATEMENT_EXECUTE|[57]
15:37:53.1 (284311132)|STATEMENT_EXECUTE|[58]
15:37:53.1 (284371448)|HEAP_ALLOCATE|[58]|Bytes:1
15:37:53.1 (284401477)|HEAP_ALLOCATE|[58]|Bytes:10
15:37:53.1 (284412029)|HEAP_ALLOCATE|[58]|Bytes:66
15:37:53.1 (284425147)|VARIABLE_ASSIGNMENT|[58]|message|"Today you have this  (46 more) ..."
15:37:53.1 (284445027)|HEAP_ALLOCATE|[57]|Bytes:5
15:37:53.1 (284464113)|VARIABLE_ASSIGNMENT|[57]|task|null|
15:37:53.1 (284470848)|STATEMENT_EXECUTE|[60]
15:37:53.1 (284474709)|HEAP_ALLOCATE|[60]|Bytes:17
15:37:53.1 (284481603)|HEAP_ALLOCATE|[60]|Bytes:83
15:37:53.1 (284489491)|VARIABLE_ASSIGNMENT|[60]|message|"Today you have this  (63 more) ..."
15:37:53.1 (284494646)|STATEMENT_EXECUTE|[62]
15:37:53.1 (284546484)|USER_DEBUG|[62]|DEBUG|amancebo@altimetrik.com
15:37:53.1 (284556820)|STATEMENT_EXECUTE|[63]
15:37:53.1 (284565461)|USER_DEBUG|[63]|DEBUG|Today you have this task that does not been completed: 
TestTask1

Have a good day!
15:37:53.1 (284572972)|STATEMENT_EXECUTE|[64]
15:37:53.1 (284593547)|METHOD_ENTRY|[64]|01pf400000FQMpS|EndOfDaySchedule.sendEmailToContact(String, String)
15:37:53.1 (284622334)|VARIABLE_SCOPE_BEGIN|[68]|email|String|false|false
15:37:53.1 (284637040)|VARIABLE_ASSIGNMENT|[68]|email|"amancebo@altimetrik. (3 more) ..."
15:37:53.1 (284646094)|VARIABLE_SCOPE_BEGIN|[68]|message|String|false|false
15:37:53.1 (284660123)|VARIABLE_ASSIGNMENT|[68]|message|"Today you have this  (63 more) ..."
15:37:53.1 (284689673)|STATEMENT_EXECUTE|[68]
15:37:53.1 (284692765)|STATEMENT_EXECUTE|[69]
15:37:53.1 (284792482)|VARIABLE_SCOPE_BEGIN|[69]|mail|Messaging.SingleEmailMessage|true|false
15:37:53.1 (284859723)|VARIABLE_ASSIGNMENT|[69]|mail|"common.api.soap.wsdl.SingleEmailMessage@70a07565"|0x768bee65
15:37:53.1 (284867939)|STATEMENT_EXECUTE|[70]
15:37:53.1 (285146070)|STATEMENT_EXECUTE|[71]
15:37:53.1 (285164017)|HEAP_ALLOCATE|[71]|Bytes:4
15:37:53.1 (285213137)|VARIABLE_SCOPE_BEGIN|[71]|toAddresses|List<String>|true|false
15:37:53.1 (285265220)|HEAP_ALLOCATE|[EXTERNAL]|Bytes:8
15:37:53.1 (285282188)|VARIABLE_ASSIGNMENT|[71]|toAddresses|["amancebo@altimetrik. (3 more) ..."]|0x5a6f1f1
15:37:53.1 (285289875)|STATEMENT_EXECUTE|[72]
15:37:53.1 (285341945)|STATEMENT_EXECUTE|[73]
15:37:53.1 (285346780)|HEAP_ALLOCATE|[73]|Bytes:18
15:37:53.1 (285424909)|STATEMENT_EXECUTE|[74]
15:37:53.1 (285430595)|HEAP_ALLOCATE|[74]|Bytes:43
15:37:53.1 (285461863)|STATEMENT_EXECUTE|[75]
15:37:53.1 (285482350)|STATEMENT_EXECUTE|[76]
15:37:53.1 (285502333)|STATEMENT_EXECUTE|[77]
15:37:53.1 (285515456)|STATEMENT_EXECUTE|[78]
15:37:53.1 (285518818)|HEAP_ALLOCATE|[78]|Bytes:7
15:37:53.1 (285532208)|STATEMENT_EXECUTE|[79]
15:37:53.1 (285564454)|HEAP_ALLOCATE|[79]|Bytes:4
15:37:53.1 (285642345)|HEAP_ALLOCATE|[EXTERNAL]|Bytes:8
15:37:53.1 (285673905)|HEAP_ALLOCATE|[EXTERNAL]|Bytes:8
15:37:53.1 (306900503)|EMAIL_QUEUE|[79]|replyTo: amancebo@altimetrik.com, subject: You dont complete some daily task yesterday, senderDisplayName: Altibitica Support, bccSender: false, saveAsActivity: true, useSignature: false, toAddresses: [amancebo@altimetrik.com], plainTextBody: message, 
15:37:53.1 (307001149)|HEAP_ALLOCATE|[EXTERNAL]|Bytes:8
15:37:53.1 (307036382)|METHOD_EXIT|[64]|01pf400000FQMpS|EndOfDaySchedule.sendEmailToContact(String, String)
15:37:53.1 (307080067)|HEAP_ALLOCATE|[54]|Bytes:5
15:37:53.1 (307109260)|VARIABLE_ASSIGNMENT|[54]|contactId|null
15:37:53.1 (307121234)|METHOD_EXIT|[7]|01pf400000FQMpS|EndOfDaySchedule.sendEmails()
15:37:53.1 (307129598)|STATEMENT_EXECUTE|[9]
15:37:53.1 (307147700)|METHOD_ENTRY|[9]|01pf400000FQMpS|EndOfDaySchedule.resetTaskStatus()
15:37:53.1 (307212544)|STATEMENT_EXECUTE|[82]
15:37:53.1 (307215181)|STATEMENT_EXECUTE|[84]
15:37:53.1 (307221269)|HEAP_ALLOCATE|[84]|Bytes:73
15:37:53.1 (307248934)|HEAP_ALLOCATE|[84]|Bytes:4
15:37:53.1 (307522712)|SOQL_EXECUTE_BEGIN|[84]|Aggregations:0|SELECT Id FROM HTask__c WHERE (Status__c != 'New' AND Type__c != 'TO-DO')
15:37:53.1 (310229045)|SOQL_EXECUTE_END|[84]|Rows:1
15:37:53.1 (310272186)|HEAP_ALLOCATE|[84]|Bytes:8
15:37:53.1 (310295036)|HEAP_ALLOCATE|[84]|Bytes:29
15:37:53.1 (310352789)|HEAP_ALLOCATE|[84]|Bytes:8
15:37:53.1 (310380178)|VARIABLE_SCOPE_BEGIN|[84]|ltask|List<HTask__c>|true|false
15:37:53.1 (310425819)|VARIABLE_ASSIGNMENT|[84]|ltask|[{"Id":"a00f4000009WL3hAAG"}]|0x67148bd7
15:37:53.1 (310502299)|HEAP_ALLOCATE|[89]|Bytes:5
15:37:53.1 (310528534)|HEAP_ALLOCATE|[89]|Bytes:8
15:37:53.1 (310544499)|VARIABLE_SCOPE_BEGIN|[89]|task|HTask__c|true|false
15:37:53.1 (310565732)|VARIABLE_ASSIGNMENT|[89]|task|{"Id":"a00f4000009WL3hAAG"}|0x6e2b29f0
15:37:53.1 (310579320)|STATEMENT_EXECUTE|[89]
15:37:53.1 (310582912)|STATEMENT_EXECUTE|[90]
15:37:53.1 (310588378)|HEAP_ALLOCATE|[90]|Bytes:3
15:37:53.1 (310649360)|HEAP_ALLOCATE|[90]|Bytes:-4
15:37:53.1 (310667028)|VARIABLE_ASSIGNMENT|[90]|this.Status__c|"New"|0x6e2b29f0
15:37:53.1 (310689978)|HEAP_ALLOCATE|[89]|Bytes:5
15:37:53.1 (310708607)|VARIABLE_ASSIGNMENT|[89]|task|null|
15:37:53.1 (310717915)|STATEMENT_EXECUTE|[93]
15:37:53.1 (310766679)|DML_BEGIN|[93]|Op:Update|Type:HTask__c|Rows:1
15:37:53.1 (310794230)|HEAP_ALLOCATE|[EXTERNAL]|Bytes:8
15:37:53.1 (317826306)|CODE_UNIT_STARTED|[EXTERNAL]|Validation:HTask:a00f4000009WL3h
15:37:53.1 (317854082)|VALIDATION_RULE|03df40000002ejE|ContactRequired
15:37:53.1 (317985893)|VALIDATION_FORMULA|ISBLANK(Contact__c)|Contact__c=003f400000Pu5cp
15:37:53.1 (317997071)|VALIDATION_PASS
15:37:53.1 (318000631)|VALIDATION_RULE|03df40000002ejO|DificultyRequired
15:37:53.1 (318098636)|VALIDATION_FORMULA|ISBLANK(TEXT(Difficulty__c))|Difficulty__c=Trivial
15:37:53.1 (318113499)|VALIDATION_PASS
15:37:53.1 (318116380)|VALIDATION_RULE|03df40000002bNN|StatusNone
15:37:53.1 (318279841)|VALIDATION_FORMULA|TEXT(Status__c) <> 'New'  
&& TEXT(Status__c) <> 'In Progress'
&& TEXT(Status__c) <> 'Completed'|Status__c=New
15:37:53.1 (318294795)|VALIDATION_PASS
15:37:53.1 (318378287)|CODE_UNIT_FINISHED|Validation:HTask:a00f4000009WL3h
15:37:53.1 (332403916)|CODE_UNIT_STARTED|[EXTERNAL]|01qf4000001HypC|completeHTaskTrigger on HTask trigger event AfterUpdate
15:37:53.1 (332473094)|HEAP_ALLOCATE|[EXTERNAL]|Bytes:8
15:37:53.1 (332504223)|HEAP_ALLOCATE|[EXTERNAL]|Bytes:8
15:37:53.1 (332645005)|HEAP_ALLOCATE|[EXTERNAL]|Bytes:12
15:37:53.1 (332685916)|VARIABLE_SCOPE_BEGIN|[1]|this|completeHTaskTrigger|true|false
15:37:53.1 (332760775)|VARIABLE_ASSIGNMENT|[1]|this|{}|0x24e77dc8
15:37:53.1 (332836499)|HEAP_ALLOCATE|[EXTERNAL]|Bytes:12
15:37:53.1 (332853141)|VARIABLE_SCOPE_BEGIN|[1]|this|completeHTaskTrigger|true|false
15:37:53.1 (332872743)|VARIABLE_ASSIGNMENT|[1]|this|{}|0x24e77dc8
15:37:53.1 (332885597)|STATEMENT_EXECUTE|[1]
15:37:53.1 (332889668)|STATEMENT_EXECUTE|[3]
15:37:53.1 (332894844)|HEAP_ALLOCATE|[3]|Bytes:99
15:37:53.1 (332914414)|HEAP_ALLOCATE|[3]|Bytes:4
15:37:53.1 (333598904)|SOQL_EXECUTE_BEGIN|[3]|Aggregations:0|SELECT Id, Contact__c, Type__c, Status__c, DueDate__c, Points__c FROM HTask__c WHERE Id IN :tmpVar1
15:37:53.1 (341913506)|SOQL_EXECUTE_END|[3]|Rows:1
15:37:53.1 (341947749)|HEAP_ALLOCATE|[3]|Bytes:8
15:37:53.1 (341972353)|HEAP_ALLOCATE|[3]|Bytes:142
15:37:53.1 (342005149)|HEAP_ALLOCATE|[3]|Bytes:8
15:37:53.1 (342026236)|HEAP_ALLOCATE|[3]|Bytes:34
15:37:53.1 (342051246)|HEAP_ALLOCATE|[3]|Bytes:24
15:37:53.1 (342114755)|VARIABLE_ASSIGNMENT|[3]|this.task|{"Id":"a00f4000009WL3hAAG","Contact__c":"003f400000Pu5cpAAB","Type__c":"Daily","Status__c":"New","Points__c":0.50}|0x24e77dc8
15:37:53.1 (342125538)|STATEMENT_EXECUTE|[5]
15:37:53.1 (342143949)|HEAP_ALLOCATE|[5]|Bytes:4
15:37:53.1 (342407053)|SOQL_EXECUTE_BEGIN|[5]|Aggregations:0|SELECT Id, Name, Points__c FROM Contact WHERE Id = :tmpVar1
15:37:53.1 (346086307)|SOQL_EXECUTE_END|[5]|Rows:1
15:37:53.1 (346107051)|HEAP_ALLOCATE|[5]|Bytes:8
15:37:53.1 (346121035)|HEAP_ALLOCATE|[5]|Bytes:98
15:37:53.1 (346157326)|HEAP_ALLOCATE|[5]|Bytes:8
15:37:53.1 (346181736)|HEAP_ALLOCATE|[5]|Bytes:16
15:37:53.1 (346212006)|VARIABLE_ASSIGNMENT|[5]|this.conta|{"Id":"003f400000Pu5cpAAB","Name":"TestContact2","Points__c":10}|0x24e77dc8
15:37:53.1 (346246818)|HEAP_ALLOCATE|[7]|Bytes:5
15:37:53.1 (346281106)|STATEMENT_EXECUTE|[19]
15:37:53.1 (346372011)|STATEMENT_EXECUTE|[20]
15:37:53.346 (346387055)|CUMULATIVE_LIMIT_USAGE
15:37:53.346 (346387055)|LIMIT_USAGE_FOR_NS|(default)|
  Number of SOQL queries: 7 out of 100
  Number of query rows: 7 out of 50000
  Number of SOSL queries: 0 out of 20
  Number of DML statements: 2 out of 150
  Number of DML rows: 2 out of 10000
  Maximum CPU time: 0 out of 10000
  Maximum heap size: 0 out of 6000000
  Number of callouts: 0 out of 100
  Number of Email Invocations: 1 out of 10
  Number of future calls: 0 out of 50
  Number of queueable jobs added to the queue: 0 out of 50
  Number of Mobile Apex push calls: 0 out of 10

15:37:53.346 (346387055)|CUMULATIVE_LIMIT_USAGE_END

15:37:53.1 (347221818)|CODE_UNIT_FINISHED|completeHTaskTrigger on HTask trigger event AfterUpdate
15:37:53.1 (347645254)|DML_END|[93]
15:37:53.1 (347678789)|HEAP_ALLOCATE|[EXTERNAL]|Bytes:8
15:37:53.1 (347697634)|METHOD_EXIT|[9]|01pf400000FQMpS|EndOfDaySchedule.resetTaskStatus()
15:37:53.347 (347709535)|CUMULATIVE_LIMIT_USAGE
15:37:53.347 (347709535)|LIMIT_USAGE_FOR_NS|(default)|
  Number of SOQL queries: 7 out of 100
  Number of query rows: 7 out of 50000
  Number of SOSL queries: 0 out of 20
  Number of DML statements: 2 out of 150
  Number of DML rows: 2 out of 10000
  Maximum CPU time: 0 out of 10000
  Maximum heap size: 0 out of 6000000
  Number of callouts: 0 out of 100
  Number of Email Invocations: 1 out of 10
  Number of future calls: 0 out of 50
  Number of queueable jobs added to the queue: 0 out of 50
  Number of Mobile Apex push calls: 0 out of 10

15:37:53.347 (347709535)|CUMULATIVE_LIMIT_USAGE_END

15:37:53.1 (347730662)|CODE_UNIT_FINISHED|Test EndOfDay
15:37:53.1 (352257526)|METHOD_EXIT|[24]||System.Test.stopTest()
15:37:53.1 (352268779)|STATEMENT_EXECUTE|[26]
15:37:53.1 (352276299)|HEAP_ALLOCATE|[26]|Bytes:65
15:37:53.1 (352300020)|HEAP_ALLOCATE|[26]|Bytes:4
15:37:53.1 (352520899)|SOQL_EXECUTE_BEGIN|[26]|Aggregations:0|SELECT Id, Points__c FROM Contact WHERE LastName = 'TestContact1'
15:37:53.1 (357740563)|SOQL_EXECUTE_END|[26]|Rows:1
15:37:53.1 (357766042)|HEAP_ALLOCATE|[26]|Bytes:8
15:37:53.1 (357783932)|HEAP_ALLOCATE|[26]|Bytes:78
15:37:53.1 (357820915)|HEAP_ALLOCATE|[26]|Bytes:8
15:37:53.1 (357851554)|HEAP_ALLOCATE|[26]|Bytes:12
15:37:53.1 (357866014)|VARIABLE_SCOPE_BEGIN|[26]|contAfter|Contact|true|false
15:37:53.1 (357902399)|VARIABLE_ASSIGNMENT|[26]|contAfter|{"Id":"003f400000Pu5coAAB","Points__c":7.5}|0x73b1a228
15:37:53.1 (357911595)|STATEMENT_EXECUTE|[27]
15:37:53.1 (357915910)|HEAP_ALLOCATE|[27]|Bytes:59
15:37:53.1 (357928929)|HEAP_ALLOCATE|[27]|Bytes:4
15:37:53.1 (358106990)|SOQL_EXECUTE_BEGIN|[27]|Aggregations:0|SELECT Id, Status__c FROM HTask__c WHERE Name = 'TestTask2'
15:37:53.1 (361255872)|SOQL_EXECUTE_END|[27]|Rows:1
15:37:53.1 (361275770)|HEAP_ALLOCATE|[27]|Bytes:8
15:37:53.1 (361290260)|HEAP_ALLOCATE|[27]|Bytes:45
15:37:53.1 (361321846)|HEAP_ALLOCATE|[27]|Bytes:8
15:37:53.1 (361346684)|HEAP_ALLOCATE|[27]|Bytes:12
15:37:53.1 (361374409)|VARIABLE_ASSIGNMENT|[27]|task2|{"Id":"a00f4000009WL3hAAG","Status__c":"New"}|0x31764059
15:37:53.1 (361382647)|STATEMENT_EXECUTE|[28]
15:37:53.1 (361424838)|HEAP_ALLOCATE|[28]|Bytes:3
15:37:53.1 (361444217)|HEAP_ALLOCATE|[28]|Bytes:28
15:37:53.1 (361507297)|HEAP_ALLOCATE|[28]|Bytes:28
15:37:53.1 (361530045)|HEAP_ALLOCATE|[28]|Bytes:28
15:37:53.1 (361558720)|STATEMENT_EXECUTE|[29]
15:37:53.361 (361627717)|CUMULATIVE_LIMIT_USAGE
15:37:53.361 (361627717)|LIMIT_USAGE_FOR_NS|(default)|
  Number of SOQL queries: 4 out of 100
  Number of query rows: 4 out of 50000
  Number of SOSL queries: 0 out of 20
  Number of DML statements: 4 out of 150
  Number of DML rows: 4 out of 10000
  Maximum CPU time: 0 out of 10000
  Maximum heap size: 0 out of 6000000
  Number of callouts: 0 out of 100
  Number of Email Invocations: 0 out of 10
  Number of future calls: 0 out of 50
  Number of queueable jobs added to the queue: 0 out of 50
  Number of Mobile Apex push calls: 0 out of 10

15:37:53.361 (361627717)|TESTING_LIMITS
15:37:53.361 (361627717)|LIMIT_USAGE_FOR_NS|(default)|
  Number of SOQL queries: 0 out of 100
  Number of query rows: 0 out of 50000
  Number of SOSL queries: 0 out of 20
  Number of DML statements: 0 out of 150
  Number of DML rows: 0 out of 10000
  Maximum CPU time: 0 out of 10000
  Maximum heap size: 0 out of 6000000
  Number of callouts: 0 out of 100
  Number of Email Invocations: 0 out of 10
  Number of future calls: 0 out of 50
  Number of queueable jobs added to the queue: 0 out of 50
  Number of Mobile Apex push calls: 0 out of 10

15:37:53.361 (361627717)|CUMULATIVE_LIMIT_USAGE_END

15:37:53.1 (361678605)|CODE_UNIT_FINISHED|EndOfDayScheduleTest.dailyTest
15:37:53.1 (362518300)|EXECUTION_FINISHED
15:37:53.495 (495471844)|USER_INFO|[EXTERNAL]|005f4000002PiXT|amancebo.habitica@altimetrik.com|Argentine Time|GMT-03:00
15:37:53.495 (495505393)|EXECUTION_STARTED
15:37:53.495 (495511237)|CODE_UNIT_STARTED|[EXTERNAL]|DuplicateDetector
15:37:53.495 (495521510)|DUPLICATE_DETECTION_BEGIN
15:37:53.495 (495837510)|DUPLICATE_DETECTION_RULE_INVOCATION|DuplicateRuleId:0Bmf4000005NvDQ|DuplicateRuleName:Standard Contact Duplicate Rule|DmlType:INSERT
15:37:53.495 (507270443)|DUPLICATE_DETECTION_END
15:37:53.495 (507288669)|CODE_UNIT_FINISHED|DuplicateDetector
15:37:53.495 (508204738)|EXECUTION_FINISHED
15:37:53.509 (509159631)|USER_INFO|[EXTERNAL]|005f4000002PiXT|amancebo.habitica@altimetrik.com|Argentine Time|GMT-03:00
15:37:53.509 (509185131)|EXECUTION_STARTED
15:37:53.509 (509191780)|CODE_UNIT_STARTED|[EXTERNAL]|DuplicateDetector
15:37:53.509 (509201911)|DUPLICATE_DETECTION_BEGIN
15:37:53.509 (509301200)|DUPLICATE_DETECTION_RULE_INVOCATION|DuplicateRuleId:0Bmf4000005NvDQ|DuplicateRuleName:Standard Contact Duplicate Rule|DmlType:UPDATE
15:37:53.509 (517408357)|DUPLICATE_DETECTION_END
15:37:53.509 (517428843)|CODE_UNIT_FINISHED|DuplicateDetector
15:37:53.509 (518546785)|EXECUTION_FINISHED
