42.0 APEX_CODE,FINEST;APEX_PROFILING,INFO;CALLOUT,INFO;DB,INFO;SYSTEM,DEBUG;VALIDATION,INFO;VISUALFORCE,INFO;WAVE,INFO;WORKFLOW,INFO
15:27:59.0 (80369)|USER_INFO|[EXTERNAL]|005f4000002PiXT|amancebo.habitica@altimetrik.com|Argentine Time|GMT-03:00
15:27:59.0 (125170)|EXECUTION_STARTED
15:27:59.0 (130392)|CODE_UNIT_STARTED|[EXTERNAL]|Aura
15:27:59.0 (1324679)|CODE_UNIT_STARTED|[EXTERNAL]|01pf400000Gj25X|TaskListController.getAllUncompletedTask
15:27:59.0 (1500867)|HEAP_ALLOCATE|[72]|Bytes:3
15:27:59.0 (1539632)|HEAP_ALLOCATE|[77]|Bytes:152
15:27:59.0 (1559049)|HEAP_ALLOCATE|[342]|Bytes:408
15:27:59.0 (1579254)|HEAP_ALLOCATE|[355]|Bytes:408
15:27:59.0 (1596469)|HEAP_ALLOCATE|[467]|Bytes:48
15:27:59.0 (1629029)|HEAP_ALLOCATE|[139]|Bytes:6
15:27:59.0 (1695868)|HEAP_ALLOCATE|[EXTERNAL]|Bytes:3
15:27:59.0 (1712290)|METHOD_ENTRY|[1]|01pf400000Gj25X|TaskListController.TaskListController()
15:27:59.0 (1721876)|STATEMENT_EXECUTE|[1]
15:27:59.0 (1728490)|STATEMENT_EXECUTE|[1]
15:27:59.0 (1733906)|METHOD_EXIT|[1]|TaskListController
15:27:59.0 (1755877)|SYSTEM_MODE_ENTER|false
15:27:59.0 (1768239)|STATEMENT_EXECUTE|[9]
15:27:59.0 (1770891)|STATEMENT_EXECUTE|[10]
15:27:59.0 (1775622)|HEAP_ALLOCATE|[10]|Bytes:108
15:27:59.0 (1794796)|HEAP_ALLOCATE|[10]|Bytes:4
15:27:59.0 (1842105)|HEAP_ALLOCATE|[50]|Bytes:5
15:27:59.0 (1865750)|HEAP_ALLOCATE|[56]|Bytes:5
15:27:59.0 (1875629)|HEAP_ALLOCATE|[64]|Bytes:7
15:27:59.0 (2368855)|SOQL_EXECUTE_BEGIN|[10]|Aggregations:0|SELECT Id, Name, Description__c, Type__c, Points__c, Contact__c FROM HTask__c WHERE Status__c != 'Completed'
15:27:59.0 (17203625)|SOQL_EXECUTE_END|[10]|Rows:6
15:27:59.0 (17232687)|HEAP_ALLOCATE|[10]|Bytes:28
15:27:59.0 (17265866)|HEAP_ALLOCATE|[10]|Bytes:997
15:27:59.0 (17399448)|HEAP_ALLOCATE|[10]|Bytes:28
15:27:59.0 (17420905)|VARIABLE_SCOPE_BEGIN|[10]|ltask|List<HTask__c>|true|false
15:27:59.0 (17456122)|VARIABLE_ASSIGNMENT|[10]|ltask|"List of size 6 too large to display"|0x6f10596b
15:27:59.0 (17465331)|STATEMENT_EXECUTE|[13]
15:27:59.0 (17473398)|SYSTEM_MODE_EXIT|false
15:27:59.17 (17498880)|CUMULATIVE_LIMIT_USAGE
15:27:59.17 (17498880)|LIMIT_USAGE_FOR_NS|(default)|
  Number of SOQL queries: 1 out of 100
  Number of query rows: 6 out of 50000
  Number of SOSL queries: 0 out of 20
  Number of DML statements: 0 out of 150
  Number of DML rows: 0 out of 10000
  Maximum CPU time: 0 out of 10000
  Maximum heap size: 0 out of 6000000
  Number of callouts: 0 out of 100
  Number of Email Invocations: 0 out of 10
  Number of future calls: 0 out of 50
  Number of queueable jobs added to the queue: 0 out of 50
  Number of Mobile Apex push calls: 0 out of 10

15:27:59.17 (17498880)|CUMULATIVE_LIMIT_USAGE_END

15:27:59.0 (17533955)|CODE_UNIT_FINISHED|TaskListController.getAllUncompletedTask
15:27:59.0 (17683907)|CODE_UNIT_FINISHED|Aura
15:27:59.0 (18858590)|EXECUTION_FINISHED
