36.0 APEX_CODE,FINEST;APEX_PROFILING,INFO;CALLOUT,INFO;DB,INFO;SYSTEM,DEBUG;VALIDATION,INFO;VISUALFORCE,INFO;WAVE,INFO;WORKFLOW,INFO
15:20:15.0 (907700)|USER_INFO|[EXTERNAL]|005f4000002PiXT|amancebo.habitica@altimetrik.com|Argentine Time|GMT-03:00
15:20:15.0 (1117364)|EXECUTION_STARTED
15:20:15.0 (1123342)|CODE_UNIT_STARTED|[EXTERNAL]|01pf400000GkBRX|EndOfDayScheduleTest.dailyTest
15:20:15.0 (1382448)|HEAP_ALLOCATE|[72]|Bytes:3
15:20:15.0 (1445667)|HEAP_ALLOCATE|[77]|Bytes:152
15:20:15.0 (1468680)|HEAP_ALLOCATE|[342]|Bytes:408
15:20:15.0 (1493280)|HEAP_ALLOCATE|[355]|Bytes:408
15:20:15.0 (1517163)|HEAP_ALLOCATE|[467]|Bytes:48
15:20:15.0 (1588708)|HEAP_ALLOCATE|[139]|Bytes:6
15:20:15.0 (1607633)|HEAP_ALLOCATE|[EXTERNAL]|Bytes:50
15:20:15.0 (1651232)|METHOD_ENTRY|[2]|01pf400000GkBRX|EndOfDayScheduleTest.EndOfDayScheduleTest()
15:20:15.0 (1658474)|STATEMENT_EXECUTE|[2]
15:20:15.0 (1663418)|STATEMENT_EXECUTE|[2]
15:20:15.0 (1678975)|METHOD_EXIT|[2]|EndOfDayScheduleTest
15:20:15.0 (1900315)|HEAP_ALLOCATE|[50]|Bytes:5
15:20:15.0 (1928002)|HEAP_ALLOCATE|[56]|Bytes:5
15:20:15.0 (1937007)|HEAP_ALLOCATE|[64]|Bytes:7
15:20:15.0 (1974708)|STATEMENT_EXECUTE|[4]
15:20:15.0 (1976964)|STATEMENT_EXECUTE|[5]
15:20:15.0 (2038378)|HEAP_ALLOCATE|[5]|Bytes:4
15:20:15.0 (2112073)|HEAP_ALLOCATE|[5]|Bytes:12
15:20:15.0 (2165564)|VARIABLE_ASSIGNMENT|[5]|this.LastName|"TestContact1"|0x6cb006c7
15:20:15.0 (2197944)|HEAP_ALLOCATE|[5]|Bytes:28
15:20:15.0 (2202424)|HEAP_ALLOCATE|[5]|Bytes:28
15:20:15.0 (2228171)|VARIABLE_ASSIGNMENT|[5]|this.Points__c|10|0x6cb006c7
15:20:15.0 (2235150)|HEAP_ALLOCATE|[5]|Bytes:23
15:20:15.0 (2257148)|VARIABLE_ASSIGNMENT|[5]|this.Email|"amancebo@altimetrik. (3 more) ..."|0x6cb006c7
15:20:15.0 (2300405)|VARIABLE_SCOPE_BEGIN|[5]|contBefore|Contact|true|false
15:20:15.0 (2465606)|VARIABLE_ASSIGNMENT|[5]|contBefore|{"LastName":"TestContact1","Points__c":10,"Email":"amancebo@altimetrik. (3 more) ..."}|0x6cb006c7
15:20:15.0 (2476992)|STATEMENT_EXECUTE|[6]
15:20:15.0 (2516594)|HEAP_ALLOCATE|[6]|Bytes:8
15:20:15.0 (2538441)|DML_BEGIN|[6]|Op:Upsert|Type:Contact|Rows:1
15:20:15.0 (2583217)|HEAP_ALLOCATE|[EXTERNAL]|Bytes:8
15:20:15.0 (15770582)|CODE_UNIT_STARTED|[EXTERNAL]|DuplicateDetector
15:20:15.0 (15808161)|DUPLICATE_DETECTION_BEGIN
15:20:15.0 (16750497)|DUPLICATE_DETECTION_RULE_INVOCATION|DuplicateRuleId:0Bmf4000005NvDQ|DuplicateRuleName:Standard Contact Duplicate Rule|DmlType:INSERT
15:20:15.0 (43073764)|DUPLICATE_DETECTION_MATCH_INVOCATION_DETAILS|EntityType:Contact|ActionTaken:Allow_[Alert,Report]|DuplicateRecordIds:
15:20:15.0 (43106604)|DUPLICATE_DETECTION_MATCH_INVOCATION_SUMMARY|EntityType:Contact|NumRecordsToBeSaved:1|NumRecordsToBeSavedWithDuplicates:0|NumDuplicateRecordsFound:0
15:20:15.0 (43115892)|DUPLICATE_DETECTION_MATCH_INVOCATION_DETAILS|EntityType:Contact|ActionTaken:Allow_[Alert,Report]|DuplicateRecordIds:
15:20:15.0 (43122368)|DUPLICATE_DETECTION_MATCH_INVOCATION_SUMMARY|EntityType:Contact|NumRecordsToBeSaved:1|NumRecordsToBeSavedWithDuplicates:0|NumDuplicateRecordsFound:0
15:20:15.0 (43288154)|DUPLICATE_DETECTION_END
15:20:15.0 (43296401)|CODE_UNIT_FINISHED|DuplicateDetector
15:20:15.0 (75428727)|DML_END|[6]
15:20:15.0 (75464267)|STATEMENT_EXECUTE|[8]
15:20:15.0 (75473782)|HEAP_ALLOCATE|[8]|Bytes:72
15:20:15.0 (75508943)|HEAP_ALLOCATE|[8]|Bytes:4
15:20:15.0 (75773360)|SOQL_EXECUTE_BEGIN|[8]|Aggregations:0|SELECT Id, Points__c, Email FROM Contact WHERE LastName = 'TestContact1'
15:20:15.0 (82633779)|SOQL_EXECUTE_END|[8]|Rows:1
15:20:15.0 (82666888)|HEAP_ALLOCATE|[8]|Bytes:8
15:20:15.0 (82687986)|HEAP_ALLOCATE|[8]|Bytes:110
15:20:15.0 (82788904)|HEAP_ALLOCATE|[8]|Bytes:8
15:20:15.0 (82814095)|HEAP_ALLOCATE|[8]|Bytes:33
15:20:15.0 (82888399)|HEAP_ALLOCATE|[8]|Bytes:16
15:20:15.0 (82933978)|VARIABLE_ASSIGNMENT|[8]|contBefore|{"Id":"003f400000Pu5HZAAZ","Points__c":10,"Email":"amancebo@altimetrik. (3 more) ..."}|0x1d206c88
15:20:15.0 (82948746)|STATEMENT_EXECUTE|[10]
15:20:15.0 (82997525)|HEAP_ALLOCATE|[10]|Bytes:4
15:20:15.0 (83102033)|HEAP_ALLOCATE|[10]|Bytes:9
15:20:15.0 (83155112)|VARIABLE_ASSIGNMENT|[10]|this.Name|"TestTask1"|0x449dfa1b
15:20:15.0 (83170104)|HEAP_ALLOCATE|[10]|Bytes:4
15:20:15.0 (83199441)|VARIABLE_ASSIGNMENT|[10]|this.Difficulty__c|"Hard"|0x449dfa1b
15:20:15.0 (83211415)|HEAP_ALLOCATE|[10]|Bytes:5
15:20:15.0 (83236076)|VARIABLE_ASSIGNMENT|[10]|this.Type__c|"Daily"|0x449dfa1b
15:20:15.0 (83304449)|VARIABLE_ASSIGNMENT|[10]|this.Contact__c|"003f400000Pu5HZAAZ"|0x449dfa1b
15:20:15.0 (83317474)|HEAP_ALLOCATE|[10]|Bytes:10
15:20:15.0 (83506315)|HEAP_ALLOCATE|[10]|Bytes:4
15:20:15.0 (83602056)|VARIABLE_ASSIGNMENT|[10]|this.DueDate__c|"2018-01-06T00:00:00.000Z"|0x449dfa1b
15:20:15.0 (83641679)|VARIABLE_SCOPE_BEGIN|[10]|task|HTask__c|true|false
15:20:15.0 (83665639)|VARIABLE_ASSIGNMENT|[10]|task|{"Name":"TestTask1","Difficulty__c":"Hard","Type__c":"Daily","Contact__c":"003f400000Pu5HZAAZ","DueDate__c":"2018-01-06T00:00:00.000Z"}|0x449dfa1b
15:20:15.0 (83673110)|STATEMENT_EXECUTE|[11]
15:20:15.0 (83695669)|HEAP_ALLOCATE|[11]|Bytes:8
15:20:15.0 (83705541)|DML_BEGIN|[11]|Op:Upsert|Type:HTask__c|Rows:1
15:20:15.0 (83737192)|HEAP_ALLOCATE|[EXTERNAL]|Bytes:8
15:20:15.0 (99250675)|CODE_UNIT_STARTED|[EXTERNAL]|Validation:HTask:new
15:20:15.0 (99274124)|VALIDATION_RULE|03df40000002ejE|ContactRequired
15:20:15.0 (99422671)|VALIDATION_FORMULA|ISBLANK(Contact__c)|Contact__c=003f400000Pu5HZ
15:20:15.0 (99431840)|VALIDATION_PASS
15:20:15.0 (99434467)|VALIDATION_RULE|03df40000002ejO|DificultyRequired
15:20:15.0 (99507144)|VALIDATION_FORMULA|ISBLANK(TEXT(Difficulty__c))|Difficulty__c=Hard
15:20:15.0 (99514234)|VALIDATION_PASS
15:20:15.0 (99516064)|VALIDATION_RULE|03df40000002bNN|StatusNone
15:20:15.0 (99606375)|VALIDATION_FORMULA|TEXT(Status__c) <> 'New'  
&& TEXT(Status__c) <> 'In Progress'
&& TEXT(Status__c) <> 'Completed'|Status__c=New
15:20:15.0 (99613884)|VALIDATION_PASS
15:20:15.0 (99673800)|CODE_UNIT_FINISHED|Validation:HTask:new
15:20:15.0 (113768081)|DML_END|[11]
15:20:15.0 (113798224)|STATEMENT_EXECUTE|[13]
15:20:15.0 (113825564)|HEAP_ALLOCATE|[13]|Bytes:4
15:20:15.0 (113851165)|HEAP_ALLOCATE|[13]|Bytes:12
15:20:15.0 (113896448)|VARIABLE_ASSIGNMENT|[13]|this.LastName|"TestContact2"|0x34fdce97
15:20:15.0 (113922880)|HEAP_ALLOCATE|[13]|Bytes:28
15:20:15.0 (113927458)|HEAP_ALLOCATE|[13]|Bytes:28
15:20:15.0 (113952648)|VARIABLE_ASSIGNMENT|[13]|this.Points__c|10|0x34fdce97
15:20:15.0 (113983973)|VARIABLE_SCOPE_BEGIN|[13]|cont2|Contact|true|false
15:20:15.0 (114006360)|VARIABLE_ASSIGNMENT|[13]|cont2|{"LastName":"TestContact2","Points__c":10}|0x34fdce97
15:20:15.0 (114013348)|STATEMENT_EXECUTE|[14]
15:20:15.0 (114037188)|HEAP_ALLOCATE|[14]|Bytes:8
15:20:15.0 (114045920)|DML_BEGIN|[14]|Op:Upsert|Type:Contact|Rows:1
15:20:15.0 (114084218)|HEAP_ALLOCATE|[EXTERNAL]|Bytes:8
15:20:15.0 (116082194)|CODE_UNIT_STARTED|[EXTERNAL]|DuplicateDetector
15:20:15.0 (116107439)|DUPLICATE_DETECTION_BEGIN
15:20:15.0 (116191170)|DUPLICATE_DETECTION_RULE_INVOCATION|DuplicateRuleId:0Bmf4000005NvDQ|DuplicateRuleName:Standard Contact Duplicate Rule|DmlType:INSERT
15:20:15.0 (129761944)|DUPLICATE_DETECTION_MATCH_INVOCATION_DETAILS|EntityType:Contact|ActionTaken:Allow_[Alert,Report]|DuplicateRecordIds:
15:20:15.0 (129799277)|DUPLICATE_DETECTION_MATCH_INVOCATION_SUMMARY|EntityType:Contact|NumRecordsToBeSaved:1|NumRecordsToBeSavedWithDuplicates:0|NumDuplicateRecordsFound:0
15:20:15.0 (129811260)|DUPLICATE_DETECTION_MATCH_INVOCATION_DETAILS|EntityType:Contact|ActionTaken:Allow_[Alert,Report]|DuplicateRecordIds:
15:20:15.0 (129818255)|DUPLICATE_DETECTION_MATCH_INVOCATION_SUMMARY|EntityType:Contact|NumRecordsToBeSaved:1|NumRecordsToBeSavedWithDuplicates:0|NumDuplicateRecordsFound:0
15:20:15.0 (129999282)|DUPLICATE_DETECTION_END
15:20:15.0 (130007262)|CODE_UNIT_FINISHED|DuplicateDetector
15:20:15.0 (142487617)|DML_END|[14]
15:20:15.0 (142524929)|STATEMENT_EXECUTE|[16]
15:20:15.0 (142533930)|HEAP_ALLOCATE|[16]|Bytes:65
15:20:15.0 (142565796)|HEAP_ALLOCATE|[16]|Bytes:4
15:20:15.0 (142832279)|SOQL_EXECUTE_BEGIN|[16]|Aggregations:0|SELECT Id, Points__c FROM Contact WHERE LastName = 'TestContact2'
15:20:15.0 (149161207)|SOQL_EXECUTE_END|[16]|Rows:1
15:20:15.0 (149197771)|HEAP_ALLOCATE|[16]|Bytes:8
15:20:15.0 (149222747)|HEAP_ALLOCATE|[16]|Bytes:78
15:20:15.0 (149263876)|HEAP_ALLOCATE|[16]|Bytes:8
15:20:15.0 (149300474)|HEAP_ALLOCATE|[16]|Bytes:12
15:20:15.0 (149341271)|VARIABLE_ASSIGNMENT|[16]|cont2|{"Id":"003f400000Pu5HaAAJ","Points__c":10}|0x1b317c4d
15:20:15.0 (149353480)|STATEMENT_EXECUTE|[18]
15:20:15.0 (149377458)|HEAP_ALLOCATE|[18]|Bytes:4
15:20:15.0 (149393426)|HEAP_ALLOCATE|[18]|Bytes:9
15:20:15.0 (149435594)|VARIABLE_ASSIGNMENT|[18]|this.Name|"TestTask2"|0x1e84087b
15:20:15.0 (149467814)|VARIABLE_ASSIGNMENT|[18]|this.Type__c|"Daily"|0x1e84087b
15:20:15.0 (149513838)|VARIABLE_ASSIGNMENT|[18]|this.Contact__c|"003f400000Pu5HaAAJ"|0x1e84087b
15:20:15.0 (149526004)|HEAP_ALLOCATE|[18]|Bytes:9
15:20:15.0 (149550481)|VARIABLE_ASSIGNMENT|[18]|this.Status__c|"Completed"|0x1e84087b
15:20:15.0 (149581384)|VARIABLE_SCOPE_BEGIN|[18]|task2|HTask__c|true|false
15:20:15.0 (149607041)|VARIABLE_ASSIGNMENT|[18]|task2|{"Name":"TestTask2","Type__c":"Daily","Contact__c":"003f400000Pu5HaAAJ","Status__c":"Completed"}|0x1e84087b
15:20:15.0 (149617952)|STATEMENT_EXECUTE|[19]
15:20:15.0 (149647403)|HEAP_ALLOCATE|[19]|Bytes:8
15:20:15.0 (149662001)|DML_BEGIN|[19]|Op:Upsert|Type:HTask__c|Rows:1
15:20:15.0 (149694592)|HEAP_ALLOCATE|[EXTERNAL]|Bytes:8
15:20:15.0 (152955922)|CODE_UNIT_STARTED|[EXTERNAL]|Validation:HTask:new
15:20:15.0 (152973185)|VALIDATION_RULE|03df40000002ejE|ContactRequired
15:20:15.0 (153069463)|VALIDATION_FORMULA|ISBLANK(Contact__c)|Contact__c=003f400000Pu5Ha
15:20:15.0 (153082162)|VALIDATION_PASS
15:20:15.0 (153084964)|VALIDATION_RULE|03df40000002ejO|DificultyRequired
15:20:15.0 (153147982)|VALIDATION_FORMULA|ISBLANK(TEXT(Difficulty__c))|Difficulty__c=Trivial
15:20:15.0 (153154695)|VALIDATION_PASS
15:20:15.0 (153189084)|VALIDATION_RULE|03df40000002bNN|StatusNone
15:20:15.0 (153314145)|VALIDATION_FORMULA|TEXT(Status__c) <> 'New'  
&& TEXT(Status__c) <> 'In Progress'
&& TEXT(Status__c) <> 'Completed'|Status__c=Completed
15:20:15.0 (153322315)|VALIDATION_PASS
15:20:15.0 (153396082)|CODE_UNIT_FINISHED|Validation:HTask:new
15:20:15.0 (179073444)|DML_END|[19]
15:20:15.0 (179103453)|STATEMENT_EXECUTE|[21]
15:20:15.0 (179111902)|HEAP_ALLOCATE|[21]|Bytes:11
15:20:15.0 (179132045)|VARIABLE_SCOPE_BEGIN|[21]|chron|String|false|false
15:20:15.0 (179157031)|VARIABLE_ASSIGNMENT|[21]|chron|"0 0 0 * * ?"
15:20:15.0 (179162984)|STATEMENT_EXECUTE|[22]
15:20:15.0 (179243001)|HEAP_ALLOCATE|[22]|Bytes:63
15:20:15.0 (179262117)|SYSTEM_METHOD_ENTRY|[1]|Test.Test()
15:20:15.0 (179266847)|STATEMENT_EXECUTE|[1]
15:20:15.0 (179276598)|SYSTEM_METHOD_EXIT|[1]|Test
15:20:15.0 (179295862)|METHOD_ENTRY|[22]||System.Test.startTest()
15:20:15.0 (180615581)|METHOD_EXIT|[22]||System.Test.startTest()
15:20:15.0 (180631015)|STATEMENT_EXECUTE|[23]
15:20:15.0 (180638923)|HEAP_ALLOCATE|[23]|Bytes:13
15:20:15.0 (195624548)|HEAP_ALLOCATE|[23]|Bytes:13
15:20:15.0 (195649606)|HEAP_ALLOCATE|[23]|Bytes:5
15:20:15.0 (195670465)|METHOD_ENTRY|[1]|01pf400000FQMpS|EndOfDaySchedule.EndOfDaySchedule()
15:20:15.0 (195677071)|STATEMENT_EXECUTE|[1]
15:20:15.0 (195684641)|STATEMENT_EXECUTE|[1]
15:20:15.0 (195691242)|METHOD_EXIT|[1]|EndOfDaySchedule
15:20:15.0 (195707537)|HEAP_ALLOCATE|[23]|Bytes:4
15:20:15.0 (195752795)|CONSTRUCTOR_ENTRY|[23]|01pf400000FQMpS|<init>()
15:20:15.0 (195803617)|VARIABLE_SCOPE_BEGIN|[1]|this|EndOfDaySchedule|true|false
15:20:15.0 (195865042)|VARIABLE_ASSIGNMENT|[1]|this|{}|0x80dd120
15:20:15.0 (195878850)|HEAP_ALLOCATE|[EXTERNAL]|Bytes:6
15:20:15.0 (195919435)|STATEMENT_EXECUTE|[1]
15:20:15.0 (195944946)|CONSTRUCTOR_EXIT|[23]|01pf400000FQMpS|<init>()
15:20:15.0 (220874178)|STATEMENT_EXECUTE|[24]
15:20:15.0 (220912894)|METHOD_ENTRY|[24]||System.Test.stopTest()
15:20:15.0 (224592691)|CODE_UNIT_STARTED|[EXTERNAL]|01pf400000FQMpS|Test EndOfDay
15:20:15.0 (229521120)|HEAP_ALLOCATE|[EXTERNAL]|Bytes:3
15:20:15.0 (229556839)|SYSTEM_METHOD_ENTRY|[1]|SchedulableContextImpl.SchedulableContextImpl()
15:20:15.0 (229566548)|STATEMENT_EXECUTE|[1]
15:20:15.0 (229594553)|SYSTEM_METHOD_EXIT|[1]|SchedulableContextImpl
15:20:15.0 (229606097)|HEAP_ALLOCATE|[EXTERNAL]|Bytes:8
15:20:15.0 (229615224)|HEAP_ALLOCATE|[EXTERNAL]|Bytes:4
15:20:15.0 (229628002)|VARIABLE_SCOPE_BEGIN|[4]|this|System.SchedulableContextImpl|true|false
15:20:15.0 (229681556)|VARIABLE_ASSIGNMENT|[4]|this|{}|0x273612bc
15:20:15.0 (229694335)|VARIABLE_SCOPE_BEGIN|[4]|triggerId|Id|false|false
15:20:15.0 (229913902)|VARIABLE_ASSIGNMENT|[4]|triggerId|"08ef400000L0E4DAAV"
15:20:15.0 (230057201)|HEAP_ALLOCATE|[EXTERNAL]|Bytes:4
15:20:15.0 (230066265)|HEAP_ALLOCATE|[EXTERNAL]|Bytes:8
15:20:15.0 (230077157)|VARIABLE_SCOPE_BEGIN|[3]|this|EndOfDaySchedule|true|false
15:20:15.0 (230097423)|VARIABLE_ASSIGNMENT|[3]|this|{}|0x325bc445
15:20:15.0 (230104303)|VARIABLE_SCOPE_BEGIN|[3]|SC|System.SchedulableContext|true|false
15:20:15.0 (230160199)|VARIABLE_ASSIGNMENT|[3]|SC|{"triggerId":"08ef400000L0E4DAAV"}|0x273612bc
15:20:15.0 (230183249)|STATEMENT_EXECUTE|[3]
15:20:15.0 (230185415)|STATEMENT_EXECUTE|[5]
15:20:15.0 (230200490)|METHOD_ENTRY|[5]|01pf400000FQMpS|EndOfDaySchedule.resolveDailyTaskPoints()
15:20:15.0 (230229516)|STATEMENT_EXECUTE|[12]
15:20:15.0 (230231849)|STATEMENT_EXECUTE|[14]
15:20:15.0 (230236069)|HEAP_ALLOCATE|[14]|Bytes:127
15:20:15.0 (230252351)|HEAP_ALLOCATE|[14]|Bytes:4
15:20:15.0 (230261930)|HEAP_ALLOCATE|[14]|Bytes:7
15:20:15.0 (230305149)|HEAP_ALLOCATE|[18]|Bytes:4
15:20:15.0 (230638946)|SOQL_EXECUTE_BEGIN|[14]|Aggregations:0|SELECT Id, Contact__c, Points__c FROM HTask__c WHERE (Status__c != 'Completed' AND Type__c = 'Daily' AND DueDate__c < :tmpVar1)
15:20:15.0 (243795423)|SOQL_EXECUTE_END|[14]|Rows:1
15:20:15.0 (243829868)|HEAP_ALLOCATE|[14]|Bytes:8
15:20:15.0 (243849257)|HEAP_ALLOCATE|[14]|Bytes:110
15:20:15.0 (243912125)|HEAP_ALLOCATE|[14]|Bytes:8
15:20:15.0 (243934524)|VARIABLE_SCOPE_BEGIN|[14]|ltask|List<HTask__c>|true|false
15:20:15.0 (243975295)|VARIABLE_ASSIGNMENT|[14]|ltask|[{"Id":"a00f4000009WH4pAAG","Contact__c":"003f400000Pu5HZAAZ","Points__c":2.50}]|0x59166c8c
15:20:15.0 (243991589)|STATEMENT_EXECUTE|[20]
15:20:15.0 (244055250)|HEAP_ALLOCATE|[20]|Bytes:4
15:20:15.0 (244110903)|VARIABLE_SCOPE_BEGIN|[20]|lcont|Map<String,Contact>|true|false
15:20:15.0 (244137422)|VARIABLE_ASSIGNMENT|[20]|lcont|{}|0x59009cb1
15:20:15.0 (244443665)|HEAP_ALLOCATE|[22]|Bytes:5
15:20:15.0 (244488052)|HEAP_ALLOCATE|[22]|Bytes:16
15:20:15.0 (244498300)|VARIABLE_SCOPE_BEGIN|[22]|task|HTask__c|true|false
15:20:15.0 (244517370)|VARIABLE_ASSIGNMENT|[22]|task|{"Id":"a00f4000009WH4pAAG","Contact__c":"003f400000Pu5HZAAZ","Points__c":2.50}|0x27e0e6e0
15:20:15.0 (244525359)|STATEMENT_EXECUTE|[22]
15:20:15.0 (244642419)|STATEMENT_EXECUTE|[24]
15:20:15.0 (244646075)|STATEMENT_EXECUTE|[25]
15:20:15.0 (244651576)|HEAP_ALLOCATE|[25]|Bytes:59
15:20:15.0 (244670982)|HEAP_ALLOCATE|[25]|Bytes:4
15:20:15.0 (244923588)|SOQL_EXECUTE_BEGIN|[25]|Aggregations:0|SELECT Id, Name, Points__c FROM Contact WHERE Id = :tmpVar1
15:20:15.0 (248882315)|SOQL_EXECUTE_END|[25]|Rows:1
15:20:15.0 (248913079)|HEAP_ALLOCATE|[25]|Bytes:8
15:20:15.0 (248931802)|HEAP_ALLOCATE|[25]|Bytes:98
15:20:15.0 (248962227)|HEAP_ALLOCATE|[25]|Bytes:8
15:20:15.0 (248994964)|HEAP_ALLOCATE|[25]|Bytes:16
15:20:15.0 (249004735)|VARIABLE_SCOPE_BEGIN|[25]|conta|Contact|true|false
15:20:15.0 (249048178)|VARIABLE_ASSIGNMENT|[25]|conta|{"Id":"003f400000Pu5HZAAZ","Name":"TestContact1","Points__c":10}|0x150b2e3d
15:20:15.0 (249057464)|STATEMENT_EXECUTE|[26]
15:20:15.0 (249180199)|HEAP_ALLOCATE|[26]|Bytes:28
15:20:15.0 (249236918)|VARIABLE_ASSIGNMENT|[26]|this.Points__c|7.50|0x150b2e3d
15:20:15.0 (249248674)|STATEMENT_EXECUTE|[27]
15:20:15.0 (249326942)|HEAP_ALLOCATE|[EXTERNAL]|Bytes:-4
15:20:15.0 (249351422)|HEAP_ALLOCATE|[22]|Bytes:5
15:20:15.0 (249368188)|VARIABLE_ASSIGNMENT|[22]|task|null|
15:20:15.0 (249374580)|STATEMENT_EXECUTE|[35]
15:20:15.0 (249418250)|HEAP_ALLOCATE|[EXTERNAL]|Bytes:8
15:20:15.0 (249435082)|HEAP_ALLOCATE|[35]|Bytes:105
15:20:15.0 (249489818)|DML_BEGIN|[35]|Op:Update|Type:Contact|Rows:1
15:20:15.0 (249526066)|HEAP_ALLOCATE|[EXTERNAL]|Bytes:8
15:20:15.0 (255238743)|CODE_UNIT_STARTED|[EXTERNAL]|DuplicateDetector
15:20:15.0 (255264619)|DUPLICATE_DETECTION_BEGIN
15:20:15.0 (255321836)|DUPLICATE_DETECTION_RULE_INVOCATION|DuplicateRuleId:0Bmf4000005NvDQ|DuplicateRuleName:Standard Contact Duplicate Rule|DmlType:UPDATE
15:20:15.0 (255391107)|DUPLICATE_DETECTION_END
15:20:15.0 (255396781)|CODE_UNIT_FINISHED|DuplicateDetector
15:20:15.0 (268256411)|DML_END|[35]
15:20:15.0 (268362650)|HEAP_ALLOCATE|[EXTERNAL]|Bytes:8
15:20:15.0 (268402338)|METHOD_EXIT|[5]|01pf400000FQMpS|EndOfDaySchedule.resolveDailyTaskPoints()
15:20:15.0 (268421864)|STATEMENT_EXECUTE|[7]
15:20:15.0 (268457148)|METHOD_ENTRY|[7]|01pf400000FQMpS|EndOfDaySchedule.sendEmails()
15:20:15.0 (268531125)|STATEMENT_EXECUTE|[38]
15:20:15.0 (268534868)|STATEMENT_EXECUTE|[39]
15:20:15.0 (268541974)|HEAP_ALLOCATE|[39]|Bytes:96
15:20:15.0 (268572691)|HEAP_ALLOCATE|[39]|Bytes:4
15:20:15.0 (268784771)|SOQL_EXECUTE_BEGIN|[39]|Aggregations:0|SELECT Id, Name, Contact__c FROM HTask__c WHERE (Status__c != 'Completed' AND Type__c = 'Daily')
15:20:15.0 (271139249)|SOQL_EXECUTE_END|[39]|Rows:1
15:20:15.0 (271165971)|HEAP_ALLOCATE|[39]|Bytes:8
15:20:15.0 (271182202)|HEAP_ALLOCATE|[39]|Bytes:78
15:20:15.0 (271213415)|HEAP_ALLOCATE|[39]|Bytes:8
15:20:15.0 (271229465)|VARIABLE_SCOPE_BEGIN|[39]|ltask|List<HTask__c>|true|false
15:20:15.0 (271264525)|VARIABLE_ASSIGNMENT|[39]|ltask|[{"Id":"a00f4000009WH4pAAG","Name":"TestTask1","Contact__c":"003f400000Pu5HZAAZ"}]|0x20ba182b
15:20:15.0 (271272429)|STATEMENT_EXECUTE|[44]
15:20:15.0 (271332073)|HEAP_ALLOCATE|[44]|Bytes:4
15:20:15.0 (271372829)|VARIABLE_SCOPE_BEGIN|[44]|mtask|Map<String,List<HTask__c>>|true|false
15:20:15.0 (271391379)|VARIABLE_ASSIGNMENT|[44]|mtask|{}|0x3b29747d
15:20:15.0 (271468514)|HEAP_ALLOCATE|[46]|Bytes:5
15:20:15.0 (271484709)|HEAP_ALLOCATE|[46]|Bytes:16
15:20:15.0 (271492803)|VARIABLE_SCOPE_BEGIN|[46]|task|HTask__c|true|false
15:20:15.0 (271510274)|VARIABLE_ASSIGNMENT|[46]|task|{"Id":"a00f4000009WH4pAAG","Name":"TestTask1","Contact__c":"003f400000Pu5HZAAZ"}|0x3df2ae1b
15:20:15.0 (271518293)|STATEMENT_EXECUTE|[46]
15:20:15.0 (271586012)|STATEMENT_EXECUTE|[47]
15:20:15.0 (271588786)|STATEMENT_EXECUTE|[48]
15:20:15.0 (271605117)|HEAP_ALLOCATE|[48]|Bytes:4
15:20:15.0 (271642755)|HEAP_ALLOCATE|[EXTERNAL]|Bytes:4
15:20:15.0 (271649888)|HEAP_ALLOCATE|[EXTERNAL]|Bytes:-4
15:20:15.0 (271656980)|STATEMENT_EXECUTE|[51]
15:20:15.0 (271707075)|HEAP_ALLOCATE|[EXTERNAL]|Bytes:4
15:20:15.0 (271721346)|HEAP_ALLOCATE|[46]|Bytes:5
15:20:15.0 (271749138)|VARIABLE_ASSIGNMENT|[46]|task|null|
15:20:15.0 (271767231)|HEAP_ALLOCATE|[54]|Bytes:4
15:20:15.0 (271813535)|HEAP_ALLOCATE|[54]|Bytes:26
15:20:15.0 (271831515)|HEAP_ALLOCATE|[54]|Bytes:4
15:20:15.0 (271852595)|HEAP_ALLOCATE|[54]|Bytes:5
15:20:15.0 (271863606)|VARIABLE_SCOPE_BEGIN|[54]|contactId|String|false|false
15:20:15.0 (271874012)|VARIABLE_ASSIGNMENT|[54]|contactId|"003f400000Pu5HZAAZ"
15:20:15.0 (271879677)|STATEMENT_EXECUTE|[54]
15:20:15.0 (271881503)|STATEMENT_EXECUTE|[55]
15:20:15.0 (271885640)|HEAP_ALLOCATE|[55]|Bytes:49
15:20:15.0 (271898621)|HEAP_ALLOCATE|[55]|Bytes:4
15:20:15.0 (272093649)|SOQL_EXECUTE_BEGIN|[55]|Aggregations:0|SELECT Id, Email FROM Contact WHERE Id = :tmpVar1
15:20:15.0 (297989004)|SOQL_EXECUTE_END|[55]|Rows:1
15:20:15.0 (298030048)|HEAP_ALLOCATE|[55]|Bytes:8
15:20:15.0 (298054382)|HEAP_ALLOCATE|[55]|Bytes:61
15:20:15.0 (298093443)|HEAP_ALLOCATE|[55]|Bytes:8
15:20:15.0 (298135824)|HEAP_ALLOCATE|[55]|Bytes:12
15:20:15.0 (298149972)|VARIABLE_SCOPE_BEGIN|[55]|cont|Contact|true|false
15:20:15.0 (298192732)|VARIABLE_ASSIGNMENT|[55]|cont|{"Id":"003f400000Pu5HZAAZ","Email":"amancebo@altimetrik. (3 more) ..."}|0x431f4a0f
15:20:15.0 (298206040)|STATEMENT_EXECUTE|[56]
15:20:15.0 (298211650)|HEAP_ALLOCATE|[56]|Bytes:56
15:20:15.0 (298220643)|VARIABLE_SCOPE_BEGIN|[56]|message|String|false|false
15:20:15.0 (298235680)|VARIABLE_ASSIGNMENT|[56]|message|"Today you have this  (36 more) ..."
15:20:15.0 (298372000)|HEAP_ALLOCATE|[57]|Bytes:5
15:20:15.0 (298393373)|HEAP_ALLOCATE|[57]|Bytes:16
15:20:15.0 (298403998)|VARIABLE_SCOPE_BEGIN|[57]|task|HTask__c|true|false
15:20:15.0 (298424982)|VARIABLE_ASSIGNMENT|[57]|task|{"Id":"a00f4000009WH4pAAG","Name":"TestTask1","Contact__c":"003f400000Pu5HZAAZ"}|0x3df2ae1b
15:20:15.0 (298436233)|STATEMENT_EXECUTE|[57]
15:20:15.0 (298439071)|STATEMENT_EXECUTE|[58]
15:20:15.0 (298476282)|HEAP_ALLOCATE|[58]|Bytes:1
15:20:15.0 (298501972)|HEAP_ALLOCATE|[58]|Bytes:10
15:20:15.0 (298509928)|HEAP_ALLOCATE|[58]|Bytes:66
15:20:15.0 (298521561)|VARIABLE_ASSIGNMENT|[58]|message|"Today you have this  (46 more) ..."
15:20:15.0 (298538451)|HEAP_ALLOCATE|[57]|Bytes:5
15:20:15.0 (298553339)|VARIABLE_ASSIGNMENT|[57]|task|null|
15:20:15.0 (298561407)|STATEMENT_EXECUTE|[60]
15:20:15.0 (298566002)|HEAP_ALLOCATE|[60]|Bytes:17
15:20:15.0 (298572889)|HEAP_ALLOCATE|[60]|Bytes:83
15:20:15.0 (298582305)|VARIABLE_ASSIGNMENT|[60]|message|"Today you have this  (63 more) ..."
15:20:15.0 (298588320)|STATEMENT_EXECUTE|[62]
15:20:15.0 (298795728)|USER_DEBUG|[62]|DEBUG|amancebo@altimetrik.com
15:20:15.0 (298814248)|STATEMENT_EXECUTE|[63]
15:20:15.0 (298833299)|USER_DEBUG|[63]|DEBUG|Today you have this task that does not been completed: 
TestTask1

Have a good day!
15:20:15.0 (298845774)|STATEMENT_EXECUTE|[64]
15:20:15.0 (298874975)|METHOD_ENTRY|[64]|01pf400000FQMpS|EndOfDaySchedule.sendEmailToContact(String, String)
15:20:15.0 (298912692)|VARIABLE_SCOPE_BEGIN|[68]|email|String|false|false
15:20:15.0 (298930502)|VARIABLE_ASSIGNMENT|[68]|email|"amancebo@altimetrik. (3 more) ..."
15:20:15.0 (298938108)|VARIABLE_SCOPE_BEGIN|[68]|message|String|false|false
15:20:15.0 (298950377)|VARIABLE_ASSIGNMENT|[68]|message|"Today you have this  (63 more) ..."
15:20:15.0 (298975410)|STATEMENT_EXECUTE|[68]
15:20:15.0 (298979790)|STATEMENT_EXECUTE|[69]
15:20:15.0 (299070715)|VARIABLE_SCOPE_BEGIN|[69]|mail|Messaging.SingleEmailMessage|true|false
15:20:15.0 (299154016)|VARIABLE_ASSIGNMENT|[69]|mail|"common.api.soap.wsdl.SingleEmailMessage@271b7113"|0x2cfc944f
15:20:15.0 (299165277)|STATEMENT_EXECUTE|[70]
15:20:15.0 (299488185)|STATEMENT_EXECUTE|[71]
15:20:15.0 (299503802)|HEAP_ALLOCATE|[71]|Bytes:4
15:20:15.0 (299554232)|VARIABLE_SCOPE_BEGIN|[71]|toAddresses|List<String>|true|false
15:20:15.0 (299583087)|HEAP_ALLOCATE|[EXTERNAL]|Bytes:8
15:20:15.0 (299600277)|VARIABLE_ASSIGNMENT|[71]|toAddresses|["amancebo@altimetrik. (3 more) ..."]|0x4033528b
15:20:15.0 (299607104)|STATEMENT_EXECUTE|[72]
15:20:15.0 (299826533)|STATEMENT_EXECUTE|[73]
15:20:15.0 (299832654)|HEAP_ALLOCATE|[73]|Bytes:18
15:20:15.0 (299872198)|STATEMENT_EXECUTE|[74]
15:20:15.0 (299875437)|HEAP_ALLOCATE|[74]|Bytes:43
15:20:15.0 (299893524)|STATEMENT_EXECUTE|[75]
15:20:15.0 (299906463)|STATEMENT_EXECUTE|[76]
15:20:15.0 (299925866)|STATEMENT_EXECUTE|[77]
15:20:15.0 (299939019)|STATEMENT_EXECUTE|[78]
15:20:15.0 (299949441)|STATEMENT_EXECUTE|[79]
15:20:15.0 (300031227)|HEAP_ALLOCATE|[79]|Bytes:4
15:20:15.0 (300116831)|HEAP_ALLOCATE|[EXTERNAL]|Bytes:8
15:20:15.0 (300150769)|HEAP_ALLOCATE|[EXTERNAL]|Bytes:8
15:20:15.0 (321063281)|EMAIL_QUEUE|[79]|replyTo: amancebo@altimetrik.com, subject: You dont complete some daily task yesterday, senderDisplayName: Altibitica Support, bccSender: false, saveAsActivity: true, useSignature: false, toAddresses: [amancebo@altimetrik.com], plainTextBody: Today you have this task that does not been completed: 
TestTask1

Have a good day!, 
15:20:15.0 (321166261)|HEAP_ALLOCATE|[EXTERNAL]|Bytes:8
15:20:15.0 (321229194)|HEAP_ALLOCATE|[79]|Bytes:8
15:20:15.0 (321268074)|VARIABLE_SCOPE_BEGIN|[79]|results|List<Messaging.SendEmailResult>|true|false
15:20:15.0 (321395727)|VARIABLE_ASSIGNMENT|[79]|results|"common.apex.runtime.impl.ScalarList@76271dc5"|0x33a5f316
15:20:15.0 (321421092)|METHOD_EXIT|[64]|01pf400000FQMpS|EndOfDaySchedule.sendEmailToContact(String, String)
15:20:15.0 (321457402)|HEAP_ALLOCATE|[54]|Bytes:5
15:20:15.0 (321486239)|VARIABLE_ASSIGNMENT|[54]|contactId|null
15:20:15.0 (321500994)|METHOD_EXIT|[7]|01pf400000FQMpS|EndOfDaySchedule.sendEmails()
15:20:15.0 (321511584)|STATEMENT_EXECUTE|[9]
15:20:15.0 (321533038)|METHOD_ENTRY|[9]|01pf400000FQMpS|EndOfDaySchedule.resetTaskStatus()
15:20:15.0 (321608864)|STATEMENT_EXECUTE|[82]
15:20:15.0 (321612082)|STATEMENT_EXECUTE|[84]
15:20:15.0 (321634161)|HEAP_ALLOCATE|[84]|Bytes:73
15:20:15.0 (321664880)|HEAP_ALLOCATE|[84]|Bytes:4
15:20:15.0 (321917243)|SOQL_EXECUTE_BEGIN|[84]|Aggregations:0|SELECT Id FROM HTask__c WHERE (Status__c != 'New' AND Type__c != 'TO-DO')
15:20:15.0 (324630017)|SOQL_EXECUTE_END|[84]|Rows:1
15:20:15.0 (324664313)|HEAP_ALLOCATE|[84]|Bytes:8
15:20:15.0 (324681420)|HEAP_ALLOCATE|[84]|Bytes:29
15:20:15.0 (324721665)|HEAP_ALLOCATE|[84]|Bytes:8
15:20:15.0 (324739773)|VARIABLE_SCOPE_BEGIN|[84]|ltask|List<HTask__c>|true|false
15:20:15.0 (324775143)|VARIABLE_ASSIGNMENT|[84]|ltask|[{"Id":"a00f4000009WH4qAAG"}]|0x22dd7b36
15:20:15.0 (324835396)|HEAP_ALLOCATE|[89]|Bytes:5
15:20:15.0 (324850043)|HEAP_ALLOCATE|[89]|Bytes:8
15:20:15.0 (324858388)|VARIABLE_SCOPE_BEGIN|[89]|task|HTask__c|true|false
15:20:15.0 (324871623)|VARIABLE_ASSIGNMENT|[89]|task|{"Id":"a00f4000009WH4qAAG"}|0x20393b1e
15:20:15.0 (324879736)|STATEMENT_EXECUTE|[89]
15:20:15.0 (324882036)|STATEMENT_EXECUTE|[90]
15:20:15.0 (324886555)|HEAP_ALLOCATE|[90]|Bytes:3
15:20:15.0 (324923058)|HEAP_ALLOCATE|[90]|Bytes:-4
15:20:15.0 (324934678)|VARIABLE_ASSIGNMENT|[90]|this.Status__c|"New"|0x20393b1e
15:20:15.0 (324949404)|HEAP_ALLOCATE|[89]|Bytes:5
15:20:15.0 (324966191)|VARIABLE_ASSIGNMENT|[89]|task|null|
15:20:15.0 (324973863)|STATEMENT_EXECUTE|[93]
15:20:15.0 (325019568)|DML_BEGIN|[93]|Op:Update|Type:HTask__c|Rows:1
15:20:15.0 (325062209)|HEAP_ALLOCATE|[EXTERNAL]|Bytes:8
15:20:15.0 (331149417)|CODE_UNIT_STARTED|[EXTERNAL]|Validation:HTask:a00f4000009WH4q
15:20:15.0 (331169511)|VALIDATION_RULE|03df40000002ejE|ContactRequired
15:20:15.0 (331286069)|VALIDATION_FORMULA|ISBLANK(Contact__c)|Contact__c=003f400000Pu5Ha
15:20:15.0 (331297981)|VALIDATION_PASS
15:20:15.0 (331301113)|VALIDATION_RULE|03df40000002ejO|DificultyRequired
15:20:15.0 (331388893)|VALIDATION_FORMULA|ISBLANK(TEXT(Difficulty__c))|Difficulty__c=Trivial
15:20:15.0 (331399046)|VALIDATION_PASS
15:20:15.0 (331401819)|VALIDATION_RULE|03df40000002bNN|StatusNone
15:20:15.0 (331546941)|VALIDATION_FORMULA|TEXT(Status__c) <> 'New'  
&& TEXT(Status__c) <> 'In Progress'
&& TEXT(Status__c) <> 'Completed'|Status__c=New
15:20:15.0 (331559440)|VALIDATION_PASS
15:20:15.0 (331640174)|CODE_UNIT_FINISHED|Validation:HTask:a00f4000009WH4q
15:20:15.0 (342912107)|CODE_UNIT_STARTED|[EXTERNAL]|01qf4000001HypC|completeHTaskTrigger on HTask trigger event AfterUpdate
15:20:15.0 (342966911)|HEAP_ALLOCATE|[EXTERNAL]|Bytes:8
15:20:15.0 (343006351)|HEAP_ALLOCATE|[EXTERNAL]|Bytes:8
15:20:15.0 (343139193)|HEAP_ALLOCATE|[EXTERNAL]|Bytes:12
15:20:15.0 (343180569)|VARIABLE_SCOPE_BEGIN|[1]|this|completeHTaskTrigger|true|false
15:20:15.0 (343252871)|VARIABLE_ASSIGNMENT|[1]|this|{}|0x4858956b
15:20:15.0 (343323631)|HEAP_ALLOCATE|[EXTERNAL]|Bytes:12
15:20:15.0 (343340264)|VARIABLE_SCOPE_BEGIN|[1]|this|completeHTaskTrigger|true|false
15:20:15.0 (343365255)|VARIABLE_ASSIGNMENT|[1]|this|{}|0x4858956b
15:20:15.0 (343379473)|STATEMENT_EXECUTE|[1]
15:20:15.0 (343382677)|STATEMENT_EXECUTE|[3]
15:20:15.0 (343388537)|HEAP_ALLOCATE|[3]|Bytes:99
15:20:15.0 (343418019)|HEAP_ALLOCATE|[3]|Bytes:4
15:20:15.0 (344348456)|SOQL_EXECUTE_BEGIN|[3]|Aggregations:0|SELECT Id, Contact__c, Type__c, Status__c, DueDate__c, Points__c FROM HTask__c WHERE Id IN :tmpVar1
15:20:15.0 (350915423)|SOQL_EXECUTE_END|[3]|Rows:1
15:20:15.0 (350964732)|HEAP_ALLOCATE|[3]|Bytes:8
15:20:15.0 (350990767)|HEAP_ALLOCATE|[3]|Bytes:142
15:20:15.0 (351051474)|HEAP_ALLOCATE|[3]|Bytes:8
15:20:15.0 (351085147)|HEAP_ALLOCATE|[3]|Bytes:34
15:20:15.0 (351114608)|HEAP_ALLOCATE|[3]|Bytes:24
15:20:15.0 (351181043)|VARIABLE_ASSIGNMENT|[3]|this.task|{"Id":"a00f4000009WH4qAAG","Contact__c":"003f400000Pu5HaAAJ","Type__c":"Daily","Status__c":"New","Points__c":0.50}|0x4858956b
15:20:15.0 (351191629)|STATEMENT_EXECUTE|[5]
15:20:15.0 (351213487)|HEAP_ALLOCATE|[5]|Bytes:4
15:20:15.0 (351423077)|SOQL_EXECUTE_BEGIN|[5]|Aggregations:0|SELECT Id, Name, Points__c FROM Contact WHERE Id = :tmpVar1
15:20:15.0 (355397196)|SOQL_EXECUTE_END|[5]|Rows:1
15:20:15.0 (355433556)|HEAP_ALLOCATE|[5]|Bytes:8
15:20:15.0 (355455944)|HEAP_ALLOCATE|[5]|Bytes:98
15:20:15.0 (355516097)|HEAP_ALLOCATE|[5]|Bytes:8
15:20:15.0 (355559533)|HEAP_ALLOCATE|[5]|Bytes:16
15:20:15.0 (355616565)|VARIABLE_ASSIGNMENT|[5]|this.conta|{"Id":"003f400000Pu5HaAAJ","Name":"TestContact2","Points__c":10}|0x4858956b
15:20:15.0 (355658405)|HEAP_ALLOCATE|[7]|Bytes:5
15:20:15.0 (355700733)|STATEMENT_EXECUTE|[19]
15:20:15.0 (355758393)|STATEMENT_EXECUTE|[20]
15:20:15.355 (355772097)|CUMULATIVE_LIMIT_USAGE
15:20:15.355 (355772097)|LIMIT_USAGE_FOR_NS|(default)|
  Number of SOQL queries: 7 out of 100
  Number of query rows: 7 out of 50000
  Number of SOSL queries: 0 out of 20
  Number of DML statements: 2 out of 150
  Number of DML rows: 2 out of 10000
  Maximum CPU time: 0 out of 10000
  Maximum heap size: 0 out of 6000000
  Number of callouts: 0 out of 100
  Number of Email Invocations: 1 out of 10
  Number of future calls: 0 out of 50
  Number of queueable jobs added to the queue: 0 out of 50
  Number of Mobile Apex push calls: 0 out of 10

15:20:15.355 (355772097)|CUMULATIVE_LIMIT_USAGE_END

15:20:15.0 (356618271)|CODE_UNIT_FINISHED|completeHTaskTrigger on HTask trigger event AfterUpdate
15:20:15.0 (357030797)|DML_END|[93]
15:20:15.0 (357061920)|HEAP_ALLOCATE|[EXTERNAL]|Bytes:8
15:20:15.0 (357082445)|METHOD_EXIT|[9]|01pf400000FQMpS|EndOfDaySchedule.resetTaskStatus()
15:20:15.357 (357094082)|CUMULATIVE_LIMIT_USAGE
15:20:15.357 (357094082)|LIMIT_USAGE_FOR_NS|(default)|
  Number of SOQL queries: 7 out of 100
  Number of query rows: 7 out of 50000
  Number of SOSL queries: 0 out of 20
  Number of DML statements: 2 out of 150
  Number of DML rows: 2 out of 10000
  Maximum CPU time: 0 out of 10000
  Maximum heap size: 0 out of 6000000
  Number of callouts: 0 out of 100
  Number of Email Invocations: 1 out of 10
  Number of future calls: 0 out of 50
  Number of queueable jobs added to the queue: 0 out of 50
  Number of Mobile Apex push calls: 0 out of 10

15:20:15.357 (357094082)|CUMULATIVE_LIMIT_USAGE_END

15:20:15.0 (357114143)|CODE_UNIT_FINISHED|Test EndOfDay
15:20:15.0 (362226318)|METHOD_EXIT|[24]||System.Test.stopTest()
15:20:15.0 (362252479)|STATEMENT_EXECUTE|[26]
15:20:15.0 (362262070)|HEAP_ALLOCATE|[26]|Bytes:65
15:20:15.0 (362291988)|HEAP_ALLOCATE|[26]|Bytes:4
15:20:15.0 (362512247)|SOQL_EXECUTE_BEGIN|[26]|Aggregations:0|SELECT Id, Points__c FROM Contact WHERE LastName = 'TestContact1'
15:20:15.0 (392284129)|SOQL_EXECUTE_END|[26]|Rows:1
15:20:15.0 (392327526)|HEAP_ALLOCATE|[26]|Bytes:8
15:20:15.0 (392351750)|HEAP_ALLOCATE|[26]|Bytes:78
15:20:15.0 (392436349)|HEAP_ALLOCATE|[26]|Bytes:8
15:20:15.0 (392502656)|HEAP_ALLOCATE|[26]|Bytes:12
15:20:15.0 (392515076)|VARIABLE_SCOPE_BEGIN|[26]|contAfter|Contact|true|false
15:20:15.0 (392552522)|VARIABLE_ASSIGNMENT|[26]|contAfter|{"Id":"003f400000Pu5HZAAZ","Points__c":7.5}|0xff4b0ff
15:20:15.0 (392562169)|STATEMENT_EXECUTE|[27]
15:20:15.0 (392568558)|HEAP_ALLOCATE|[27]|Bytes:59
15:20:15.0 (392589607)|HEAP_ALLOCATE|[27]|Bytes:4
15:20:15.0 (392850039)|SOQL_EXECUTE_BEGIN|[27]|Aggregations:0|SELECT Id, Status__c FROM HTask__c WHERE Name = 'TestTask2'
15:20:15.0 (396699783)|SOQL_EXECUTE_END|[27]|Rows:1
15:20:15.0 (396730854)|HEAP_ALLOCATE|[27]|Bytes:8
15:20:15.0 (396747630)|HEAP_ALLOCATE|[27]|Bytes:45
15:20:15.0 (396781590)|HEAP_ALLOCATE|[27]|Bytes:8
15:20:15.0 (396813684)|HEAP_ALLOCATE|[27]|Bytes:12
15:20:15.0 (396843402)|VARIABLE_ASSIGNMENT|[27]|task2|{"Id":"a00f4000009WH4qAAG","Status__c":"New"}|0x45746503
15:20:15.0 (396852178)|STATEMENT_EXECUTE|[28]
15:20:15.0 (396890191)|HEAP_ALLOCATE|[28]|Bytes:3
15:20:15.0 (396908546)|HEAP_ALLOCATE|[28]|Bytes:28
15:20:15.0 (396976320)|HEAP_ALLOCATE|[28]|Bytes:28
15:20:15.0 (397008857)|HEAP_ALLOCATE|[28]|Bytes:28
15:20:15.0 (397052170)|STATEMENT_EXECUTE|[29]
15:20:15.397 (397112335)|CUMULATIVE_LIMIT_USAGE
15:20:15.397 (397112335)|LIMIT_USAGE_FOR_NS|(default)|
  Number of SOQL queries: 4 out of 100
  Number of query rows: 4 out of 50000
  Number of SOSL queries: 0 out of 20
  Number of DML statements: 4 out of 150
  Number of DML rows: 4 out of 10000
  Maximum CPU time: 0 out of 10000
  Maximum heap size: 0 out of 6000000
  Number of callouts: 0 out of 100
  Number of Email Invocations: 0 out of 10
  Number of future calls: 0 out of 50
  Number of queueable jobs added to the queue: 0 out of 50
  Number of Mobile Apex push calls: 0 out of 10

15:20:15.397 (397112335)|TESTING_LIMITS
15:20:15.397 (397112335)|LIMIT_USAGE_FOR_NS|(default)|
  Number of SOQL queries: 0 out of 100
  Number of query rows: 0 out of 50000
  Number of SOSL queries: 0 out of 20
  Number of DML statements: 0 out of 150
  Number of DML rows: 0 out of 10000
  Maximum CPU time: 0 out of 10000
  Maximum heap size: 0 out of 6000000
  Number of callouts: 0 out of 100
  Number of Email Invocations: 0 out of 10
  Number of future calls: 0 out of 50
  Number of queueable jobs added to the queue: 0 out of 50
  Number of Mobile Apex push calls: 0 out of 10

15:20:15.397 (397112335)|CUMULATIVE_LIMIT_USAGE_END

15:20:15.0 (397160203)|CODE_UNIT_FINISHED|EndOfDayScheduleTest.dailyTest
15:20:15.0 (398271684)|EXECUTION_FINISHED
15:20:15.538 (538507834)|USER_INFO|[EXTERNAL]|005f4000002PiXT|amancebo.habitica@altimetrik.com|Argentine Time|GMT-03:00
15:20:15.538 (538540494)|EXECUTION_STARTED
15:20:15.538 (538545654)|CODE_UNIT_STARTED|[EXTERNAL]|DuplicateDetector
15:20:15.538 (538561559)|DUPLICATE_DETECTION_BEGIN
15:20:15.538 (538857666)|DUPLICATE_DETECTION_RULE_INVOCATION|DuplicateRuleId:0Bmf4000005NvDQ|DuplicateRuleName:Standard Contact Duplicate Rule|DmlType:UPDATE
15:20:15.538 (548231520)|DUPLICATE_DETECTION_END
15:20:15.538 (548246156)|CODE_UNIT_FINISHED|DuplicateDetector
15:20:15.538 (549164149)|EXECUTION_FINISHED
15:20:15.550 (550264847)|USER_INFO|[EXTERNAL]|005f4000002PiXT|amancebo.habitica@altimetrik.com|Argentine Time|GMT-03:00
15:20:15.550 (550290298)|EXECUTION_STARTED
15:20:15.550 (550295235)|CODE_UNIT_STARTED|[EXTERNAL]|DuplicateDetector
15:20:15.550 (550309794)|DUPLICATE_DETECTION_BEGIN
15:20:15.550 (550370649)|DUPLICATE_DETECTION_RULE_INVOCATION|DuplicateRuleId:0Bmf4000005NvDQ|DuplicateRuleName:Standard Contact Duplicate Rule|DmlType:INSERT
15:20:15.550 (558104438)|DUPLICATE_DETECTION_END
15:20:15.550 (558117857)|CODE_UNIT_FINISHED|DuplicateDetector
15:20:15.550 (558962015)|EXECUTION_FINISHED
