42.0 APEX_CODE,FINEST;APEX_PROFILING,INFO;CALLOUT,INFO;DB,INFO;SYSTEM,DEBUG;VALIDATION,INFO;VISUALFORCE,INFO;WAVE,INFO;WORKFLOW,INFO
12:00:11.0 (359184)|USER_INFO|[EXTERNAL]|005f4000002PiXT|amancebo.habitica@altimetrik.com|Argentine Time|GMT-03:00
12:00:11.0 (396901)|EXECUTION_STARTED
12:00:11.0 (401309)|CODE_UNIT_STARTED|[EXTERNAL]|Aura
12:00:11.0 (1856030)|CODE_UNIT_STARTED|[EXTERNAL]|01pf400000Gj25X|TaskListController.getAllTasks
12:00:11.0 (2079760)|HEAP_ALLOCATE|[72]|Bytes:3
12:00:11.0 (2108378)|HEAP_ALLOCATE|[77]|Bytes:152
12:00:11.0 (2121950)|HEAP_ALLOCATE|[342]|Bytes:408
12:00:11.0 (2134134)|HEAP_ALLOCATE|[355]|Bytes:408
12:00:11.0 (2144550)|HEAP_ALLOCATE|[467]|Bytes:48
12:00:11.0 (2170796)|HEAP_ALLOCATE|[139]|Bytes:6
12:00:11.0 (2186876)|HEAP_ALLOCATE|[EXTERNAL]|Bytes:9
12:00:11.0 (2195962)|METHOD_ENTRY|[1]|01pf400000Gj25X|TaskListController.TaskListController()
12:00:11.0 (2202235)|STATEMENT_EXECUTE|[1]
12:00:11.0 (2206900)|STATEMENT_EXECUTE|[1]
12:00:11.0 (2236041)|HEAP_ALLOCATE|[50]|Bytes:5
12:00:11.0 (2252713)|HEAP_ALLOCATE|[56]|Bytes:5
12:00:11.0 (2260325)|HEAP_ALLOCATE|[64]|Bytes:7
12:00:11.0 (2279291)|SYSTEM_MODE_ENTER|false
12:00:11.0 (2289776)|HEAP_ALLOCATE|[EXTERNAL]|Bytes:5
12:00:11.0 (2296301)|SYSTEM_MODE_EXIT|false
12:00:11.0 (2303594)|METHOD_EXIT|[1]|TaskListController
12:00:11.0 (2313407)|SYSTEM_MODE_ENTER|false
12:00:11.0 (2325362)|HEAP_ALLOCATE|[4]|Bytes:5
12:00:11.0 (2330428)|STATEMENT_EXECUTE|[3]
12:00:11.0 (2332190)|STATEMENT_EXECUTE|[4]
12:00:11.0 (2335146)|HEAP_ALLOCATE|[4]|Bytes:45
12:00:11.0 (2348607)|HEAP_ALLOCATE|[4]|Bytes:4
12:00:11.0 (2631818)|SOQL_EXECUTE_BEGIN|[4]|Aggregations:0|SELECT Id, Name, Description__c FROM HTask__c
12:00:11.0 (4621174)|SOQL_EXECUTE_END|[4]|Rows:2
12:00:11.0 (4642473)|HEAP_ALLOCATE|[4]|Bytes:12
12:00:11.0 (4659585)|HEAP_ALLOCATE|[4]|Bytes:104
12:00:11.0 (4719418)|HEAP_ALLOCATE|[4]|Bytes:12
12:00:11.0 (4736354)|VARIABLE_SCOPE_BEGIN|[4]|ltask|List<ANY>|true|false
12:00:11.0 (4768599)|VARIABLE_ASSIGNMENT|[4]|ltask|[{"Id":"a00f4000009UZfdAAG","Name":"cbx","Description__c":"yte"},{"Id":"a00f4000009U9j8AAC","Name":"TestH1"}]|0x3ccf6bc2
12:00:11.0 (4776249)|STATEMENT_EXECUTE|[5]
12:00:11.0 (4783487)|SYSTEM_MODE_EXIT|false
12:00:11.4 (4811136)|CUMULATIVE_LIMIT_USAGE
12:00:11.4 (4811136)|LIMIT_USAGE_FOR_NS|(default)|
  Number of SOQL queries: 1 out of 100
  Number of query rows: 2 out of 50000
  Number of SOSL queries: 0 out of 20
  Number of DML statements: 0 out of 150
  Number of DML rows: 0 out of 10000
  Maximum CPU time: 0 out of 10000
  Maximum heap size: 0 out of 6000000
  Number of callouts: 0 out of 100
  Number of Email Invocations: 0 out of 10
  Number of future calls: 0 out of 50
  Number of queueable jobs added to the queue: 0 out of 50
  Number of Mobile Apex push calls: 0 out of 10

12:00:11.4 (4811136)|CUMULATIVE_LIMIT_USAGE_END

12:00:11.0 (4847904)|CODE_UNIT_FINISHED|TaskListController.getAllTasks
12:00:11.0 (4917297)|CODE_UNIT_FINISHED|Aura
12:00:11.0 (6102194)|EXECUTION_FINISHED
