36.0 APEX_CODE,FINEST;APEX_PROFILING,INFO;CALLOUT,INFO;DB,INFO;SYSTEM,DEBUG;VALIDATION,INFO;VISUALFORCE,INFO;WAVE,INFO;WORKFLOW,INFO
15:14:21.0 (869920)|USER_INFO|[EXTERNAL]|005f4000002PiXT|amancebo.habitica@altimetrik.com|Argentine Time|GMT-03:00
15:14:21.0 (916385)|EXECUTION_STARTED
15:14:21.0 (921186)|CODE_UNIT_STARTED|[EXTERNAL]|01pf400000GkBRX|EndOfDayScheduleTest.dailyTest
15:14:21.0 (1127565)|HEAP_ALLOCATE|[72]|Bytes:3
15:14:21.0 (1157328)|HEAP_ALLOCATE|[77]|Bytes:152
15:14:21.0 (1172827)|HEAP_ALLOCATE|[342]|Bytes:408
15:14:21.0 (1188695)|HEAP_ALLOCATE|[355]|Bytes:408
15:14:21.0 (1201849)|HEAP_ALLOCATE|[467]|Bytes:48
15:14:21.0 (1232610)|HEAP_ALLOCATE|[139]|Bytes:6
15:14:21.0 (1246994)|HEAP_ALLOCATE|[EXTERNAL]|Bytes:50
15:14:21.0 (1267968)|METHOD_ENTRY|[2]|01pf400000GkBRX|EndOfDayScheduleTest.EndOfDayScheduleTest()
15:14:21.0 (1273339)|STATEMENT_EXECUTE|[2]
15:14:21.0 (1278813)|STATEMENT_EXECUTE|[2]
15:14:21.0 (1282589)|METHOD_EXIT|[2]|EndOfDayScheduleTest
15:14:21.0 (1480366)|HEAP_ALLOCATE|[50]|Bytes:5
15:14:21.0 (1501683)|HEAP_ALLOCATE|[56]|Bytes:5
15:14:21.0 (1509404)|HEAP_ALLOCATE|[64]|Bytes:7
15:14:21.0 (1545825)|STATEMENT_EXECUTE|[4]
15:14:21.0 (1548059)|STATEMENT_EXECUTE|[5]
15:14:21.0 (1592162)|HEAP_ALLOCATE|[5]|Bytes:4
15:14:21.0 (1666806)|HEAP_ALLOCATE|[5]|Bytes:12
15:14:21.0 (1714754)|VARIABLE_ASSIGNMENT|[5]|this.LastName|"TestContact1"|0x1224fd5b
15:14:21.0 (1745244)|HEAP_ALLOCATE|[5]|Bytes:28
15:14:21.0 (1750046)|HEAP_ALLOCATE|[5]|Bytes:28
15:14:21.0 (1775097)|VARIABLE_ASSIGNMENT|[5]|this.Points__c|10|0x1224fd5b
15:14:21.0 (1781970)|HEAP_ALLOCATE|[5]|Bytes:23
15:14:21.0 (1799096)|VARIABLE_ASSIGNMENT|[5]|this.Email|"amancebo@altimetrik. (3 more) ..."|0x1224fd5b
15:14:21.0 (1825504)|VARIABLE_SCOPE_BEGIN|[5]|contBefore|Contact|true|false
15:14:21.0 (1845652)|VARIABLE_ASSIGNMENT|[5]|contBefore|{"LastName":"TestContact1","Points__c":10,"Email":"amancebo@altimetrik. (3 more) ..."}|0x1224fd5b
15:14:21.0 (1851331)|STATEMENT_EXECUTE|[6]
15:14:21.0 (1876806)|HEAP_ALLOCATE|[6]|Bytes:8
15:14:21.0 (1886932)|DML_BEGIN|[6]|Op:Upsert|Type:Contact|Rows:1
15:14:21.0 (1917269)|HEAP_ALLOCATE|[EXTERNAL]|Bytes:8
15:14:21.0 (13968287)|CODE_UNIT_STARTED|[EXTERNAL]|DuplicateDetector
15:14:21.0 (13994610)|DUPLICATE_DETECTION_BEGIN
15:14:21.0 (14925361)|DUPLICATE_DETECTION_RULE_INVOCATION|DuplicateRuleId:0Bmf4000005NvDQ|DuplicateRuleName:Standard Contact Duplicate Rule|DmlType:INSERT
15:14:21.0 (42290516)|DUPLICATE_DETECTION_MATCH_INVOCATION_DETAILS|EntityType:Contact|ActionTaken:Allow_[Alert,Report]|DuplicateRecordIds:
15:14:21.0 (42323239)|DUPLICATE_DETECTION_MATCH_INVOCATION_SUMMARY|EntityType:Contact|NumRecordsToBeSaved:1|NumRecordsToBeSavedWithDuplicates:0|NumDuplicateRecordsFound:0
15:14:21.0 (42340651)|DUPLICATE_DETECTION_MATCH_INVOCATION_DETAILS|EntityType:Contact|ActionTaken:Allow_[Alert,Report]|DuplicateRecordIds:
15:14:21.0 (42351929)|DUPLICATE_DETECTION_MATCH_INVOCATION_SUMMARY|EntityType:Contact|NumRecordsToBeSaved:1|NumRecordsToBeSavedWithDuplicates:0|NumDuplicateRecordsFound:0
15:14:21.0 (42565097)|DUPLICATE_DETECTION_END
15:14:21.0 (42579621)|CODE_UNIT_FINISHED|DuplicateDetector
15:14:21.0 (67754460)|DML_END|[6]
15:14:21.0 (67789039)|STATEMENT_EXECUTE|[8]
15:14:21.0 (67800113)|HEAP_ALLOCATE|[8]|Bytes:72
15:14:21.0 (67840945)|HEAP_ALLOCATE|[8]|Bytes:4
15:14:21.0 (68059800)|SOQL_EXECUTE_BEGIN|[8]|Aggregations:0|SELECT Id, Points__c, Email FROM Contact WHERE LastName = 'TestContact1'
15:14:21.0 (74819437)|SOQL_EXECUTE_END|[8]|Rows:1
15:14:21.0 (74847651)|HEAP_ALLOCATE|[8]|Bytes:8
15:14:21.0 (74868694)|HEAP_ALLOCATE|[8]|Bytes:110
15:14:21.0 (74993982)|HEAP_ALLOCATE|[8]|Bytes:8
15:14:21.0 (75013605)|HEAP_ALLOCATE|[8]|Bytes:33
15:14:21.0 (75066988)|HEAP_ALLOCATE|[8]|Bytes:16
15:14:21.0 (75103454)|VARIABLE_ASSIGNMENT|[8]|contBefore|{"Id":"003f400000Pu5G7AAJ","Points__c":10,"Email":"amancebo@altimetrik. (3 more) ..."}|0x2cb30745
15:14:21.0 (75111121)|STATEMENT_EXECUTE|[10]
15:14:21.0 (75150715)|HEAP_ALLOCATE|[10]|Bytes:4
15:14:21.0 (75233391)|HEAP_ALLOCATE|[10]|Bytes:9
15:14:21.0 (75274064)|VARIABLE_ASSIGNMENT|[10]|this.Name|"TestTask1"|0x4d35085e
15:14:21.0 (75282826)|HEAP_ALLOCATE|[10]|Bytes:4
15:14:21.0 (75307765)|VARIABLE_ASSIGNMENT|[10]|this.Difficulty__c|"Hard"|0x4d35085e
15:14:21.0 (75314536)|HEAP_ALLOCATE|[10]|Bytes:5
15:14:21.0 (75328479)|VARIABLE_ASSIGNMENT|[10]|this.Type__c|"Daily"|0x4d35085e
15:14:21.0 (75385757)|VARIABLE_ASSIGNMENT|[10]|this.Contact__c|"003f400000Pu5G7AAJ"|0x4d35085e
15:14:21.0 (75393184)|HEAP_ALLOCATE|[10]|Bytes:10
15:14:21.0 (75499002)|HEAP_ALLOCATE|[10]|Bytes:4
15:14:21.0 (75541770)|VARIABLE_ASSIGNMENT|[10]|this.DueDate__c|"2018-01-06T00:00:00.000Z"|0x4d35085e
15:14:21.0 (75573360)|VARIABLE_SCOPE_BEGIN|[10]|task|HTask__c|true|false
15:14:21.0 (75593716)|VARIABLE_ASSIGNMENT|[10]|task|{"Name":"TestTask1","Difficulty__c":"Hard","Type__c":"Daily","Contact__c":"003f400000Pu5G7AAJ","DueDate__c":"2018-01-06T00:00:00.000Z"}|0x4d35085e
15:14:21.0 (75600272)|STATEMENT_EXECUTE|[11]
15:14:21.0 (75622268)|HEAP_ALLOCATE|[11]|Bytes:8
15:14:21.0 (75631980)|DML_BEGIN|[11]|Op:Upsert|Type:HTask__c|Rows:1
15:14:21.0 (75660999)|HEAP_ALLOCATE|[EXTERNAL]|Bytes:8
15:14:21.0 (91634295)|CODE_UNIT_STARTED|[EXTERNAL]|Validation:HTask:new
15:14:21.0 (91653801)|VALIDATION_RULE|03df40000002ejE|ContactRequired
15:14:21.0 (92052327)|VALIDATION_FORMULA|ISBLANK(Contact__c)|Contact__c=003f400000Pu5G7
15:14:21.0 (92062833)|VALIDATION_PASS
15:14:21.0 (92065150)|VALIDATION_RULE|03df40000002ejO|DificultyRequired
15:14:21.0 (92133517)|VALIDATION_FORMULA|ISBLANK(TEXT(Difficulty__c))|Difficulty__c=Hard
15:14:21.0 (92140252)|VALIDATION_PASS
15:14:21.0 (92142084)|VALIDATION_RULE|03df40000002bNN|StatusNone
15:14:21.0 (92227914)|VALIDATION_FORMULA|TEXT(Status__c) <> 'New'  
&& TEXT(Status__c) <> 'In Progress'
&& TEXT(Status__c) <> 'Completed'|Status__c=New
15:14:21.0 (92234036)|VALIDATION_PASS
15:14:21.0 (92336855)|CODE_UNIT_FINISHED|Validation:HTask:new
15:14:21.0 (111749683)|DML_END|[11]
15:14:21.0 (111782803)|STATEMENT_EXECUTE|[13]
15:14:21.0 (111815804)|HEAP_ALLOCATE|[13]|Bytes:4
15:14:21.0 (111840923)|HEAP_ALLOCATE|[13]|Bytes:12
15:14:21.0 (111883717)|VARIABLE_ASSIGNMENT|[13]|this.LastName|"TestContact2"|0x10e29e2e
15:14:21.0 (111915889)|HEAP_ALLOCATE|[13]|Bytes:28
15:14:21.0 (111921952)|HEAP_ALLOCATE|[13]|Bytes:28
15:14:21.0 (111945448)|VARIABLE_ASSIGNMENT|[13]|this.Points__c|10|0x10e29e2e
15:14:21.0 (111980484)|VARIABLE_SCOPE_BEGIN|[13]|cont2|Contact|true|false
15:14:21.0 (112001319)|VARIABLE_ASSIGNMENT|[13]|cont2|{"LastName":"TestContact2","Points__c":10}|0x10e29e2e
15:14:21.0 (112008191)|STATEMENT_EXECUTE|[14]
15:14:21.0 (112034582)|HEAP_ALLOCATE|[14]|Bytes:8
15:14:21.0 (112044914)|DML_BEGIN|[14]|Op:Upsert|Type:Contact|Rows:1
15:14:21.0 (112082023)|HEAP_ALLOCATE|[EXTERNAL]|Bytes:8
15:14:21.0 (113584924)|CODE_UNIT_STARTED|[EXTERNAL]|DuplicateDetector
15:14:21.0 (113602726)|DUPLICATE_DETECTION_BEGIN
15:14:21.0 (113655259)|DUPLICATE_DETECTION_RULE_INVOCATION|DuplicateRuleId:0Bmf4000005NvDQ|DuplicateRuleName:Standard Contact Duplicate Rule|DmlType:INSERT
15:14:21.0 (126556370)|DUPLICATE_DETECTION_MATCH_INVOCATION_DETAILS|EntityType:Contact|ActionTaken:Allow_[Alert,Report]|DuplicateRecordIds:
15:14:21.0 (126588198)|DUPLICATE_DETECTION_MATCH_INVOCATION_SUMMARY|EntityType:Contact|NumRecordsToBeSaved:1|NumRecordsToBeSavedWithDuplicates:0|NumDuplicateRecordsFound:0
15:14:21.0 (126605098)|DUPLICATE_DETECTION_MATCH_INVOCATION_DETAILS|EntityType:Contact|ActionTaken:Allow_[Alert,Report]|DuplicateRecordIds:
15:14:21.0 (126615407)|DUPLICATE_DETECTION_MATCH_INVOCATION_SUMMARY|EntityType:Contact|NumRecordsToBeSaved:1|NumRecordsToBeSavedWithDuplicates:0|NumDuplicateRecordsFound:0
15:14:21.0 (126844008)|DUPLICATE_DETECTION_END
15:14:21.0 (126855235)|CODE_UNIT_FINISHED|DuplicateDetector
15:14:21.0 (140237821)|DML_END|[14]
15:14:21.0 (140268115)|STATEMENT_EXECUTE|[16]
15:14:21.0 (140276858)|HEAP_ALLOCATE|[16]|Bytes:65
15:14:21.0 (140305020)|HEAP_ALLOCATE|[16]|Bytes:4
15:14:21.0 (140620373)|SOQL_EXECUTE_BEGIN|[16]|Aggregations:0|SELECT Id, Points__c FROM Contact WHERE LastName = 'TestContact2'
15:14:21.0 (148052591)|SOQL_EXECUTE_END|[16]|Rows:1
15:14:21.0 (148095728)|HEAP_ALLOCATE|[16]|Bytes:8
15:14:21.0 (148126421)|HEAP_ALLOCATE|[16]|Bytes:78
15:14:21.0 (148199213)|HEAP_ALLOCATE|[16]|Bytes:8
15:14:21.0 (148254481)|HEAP_ALLOCATE|[16]|Bytes:12
15:14:21.0 (148299310)|VARIABLE_ASSIGNMENT|[16]|cont2|{"Id":"003f400000Pu5G8AAJ","Points__c":10}|0x13e0cb0a
15:14:21.0 (148311667)|STATEMENT_EXECUTE|[18]
15:14:21.0 (148352058)|HEAP_ALLOCATE|[18]|Bytes:4
15:14:21.0 (148375202)|HEAP_ALLOCATE|[18]|Bytes:9
15:14:21.0 (148423662)|VARIABLE_ASSIGNMENT|[18]|this.Name|"TestTask2"|0x2dab4aca
15:14:21.0 (148452260)|VARIABLE_ASSIGNMENT|[18]|this.Type__c|"Daily"|0x2dab4aca
15:14:21.0 (148495776)|VARIABLE_ASSIGNMENT|[18]|this.Contact__c|"003f400000Pu5G8AAJ"|0x2dab4aca
15:14:21.0 (148505193)|HEAP_ALLOCATE|[18]|Bytes:9
15:14:21.0 (148524630)|VARIABLE_ASSIGNMENT|[18]|this.Status__c|"Completed"|0x2dab4aca
15:14:21.0 (148562163)|VARIABLE_SCOPE_BEGIN|[18]|task2|HTask__c|true|false
15:14:21.0 (148606564)|VARIABLE_ASSIGNMENT|[18]|task2|{"Name":"TestTask2","Type__c":"Daily","Contact__c":"003f400000Pu5G8AAJ","Status__c":"Completed"}|0x2dab4aca
15:14:21.0 (148616653)|STATEMENT_EXECUTE|[19]
15:14:21.0 (148652998)|HEAP_ALLOCATE|[19]|Bytes:8
15:14:21.0 (148667009)|DML_BEGIN|[19]|Op:Upsert|Type:HTask__c|Rows:1
15:14:21.0 (148702924)|HEAP_ALLOCATE|[EXTERNAL]|Bytes:8
15:14:21.0 (152673431)|CODE_UNIT_STARTED|[EXTERNAL]|Validation:HTask:new
15:14:21.0 (152694320)|VALIDATION_RULE|03df40000002ejE|ContactRequired
15:14:21.0 (152822007)|VALIDATION_FORMULA|ISBLANK(Contact__c)|Contact__c=003f400000Pu5G8
15:14:21.0 (152833794)|VALIDATION_PASS
15:14:21.0 (152837005)|VALIDATION_RULE|03df40000002ejO|DificultyRequired
15:14:21.0 (152951192)|VALIDATION_FORMULA|ISBLANK(TEXT(Difficulty__c))|Difficulty__c=Trivial
15:14:21.0 (152962119)|VALIDATION_PASS
15:14:21.0 (152964693)|VALIDATION_RULE|03df40000002bNN|StatusNone
15:14:21.0 (153124725)|VALIDATION_FORMULA|TEXT(Status__c) <> 'New'  
&& TEXT(Status__c) <> 'In Progress'
&& TEXT(Status__c) <> 'Completed'|Status__c=Completed
15:14:21.0 (153136795)|VALIDATION_PASS
15:14:21.0 (153210366)|CODE_UNIT_FINISHED|Validation:HTask:new
15:14:21.0 (164180158)|DML_END|[19]
15:14:21.0 (164211467)|STATEMENT_EXECUTE|[21]
15:14:21.0 (164219155)|HEAP_ALLOCATE|[21]|Bytes:11
15:14:21.0 (164236816)|VARIABLE_SCOPE_BEGIN|[21]|chron|String|false|false
15:14:21.0 (164256991)|VARIABLE_ASSIGNMENT|[21]|chron|"0 0 0 * * ?"
15:14:21.0 (164263509)|STATEMENT_EXECUTE|[22]
15:14:21.0 (164318217)|HEAP_ALLOCATE|[22]|Bytes:63
15:14:21.0 (164336770)|SYSTEM_METHOD_ENTRY|[1]|Test.Test()
15:14:21.0 (164341722)|STATEMENT_EXECUTE|[1]
15:14:21.0 (164350888)|SYSTEM_METHOD_EXIT|[1]|Test
15:14:21.0 (164369331)|METHOD_ENTRY|[22]||System.Test.startTest()
15:14:21.0 (165751462)|METHOD_EXIT|[22]||System.Test.startTest()
15:14:21.0 (165765673)|STATEMENT_EXECUTE|[23]
15:14:21.0 (165772856)|HEAP_ALLOCATE|[23]|Bytes:13
15:14:21.0 (181784439)|HEAP_ALLOCATE|[23]|Bytes:13
15:14:21.0 (181813878)|HEAP_ALLOCATE|[23]|Bytes:5
15:14:21.0 (181846853)|METHOD_ENTRY|[1]|01pf400000FQMpS|EndOfDaySchedule.EndOfDaySchedule()
15:14:21.0 (181857683)|STATEMENT_EXECUTE|[1]
15:14:21.0 (181870788)|STATEMENT_EXECUTE|[1]
15:14:21.0 (181882708)|METHOD_EXIT|[1]|EndOfDaySchedule
15:14:21.0 (181911834)|HEAP_ALLOCATE|[23]|Bytes:4
15:14:21.0 (181942645)|CONSTRUCTOR_ENTRY|[23]|01pf400000FQMpS|<init>()
15:14:21.0 (181995035)|VARIABLE_SCOPE_BEGIN|[1]|this|EndOfDaySchedule|true|false
15:14:21.0 (182047424)|VARIABLE_ASSIGNMENT|[1]|this|{}|0x31bef56
15:14:21.0 (182066718)|HEAP_ALLOCATE|[EXTERNAL]|Bytes:6
15:14:21.0 (182124189)|STATEMENT_EXECUTE|[1]
15:14:21.0 (182136707)|CONSTRUCTOR_EXIT|[23]|01pf400000FQMpS|<init>()
15:14:21.0 (213353191)|STATEMENT_EXECUTE|[24]
15:14:21.0 (213383544)|METHOD_ENTRY|[24]||System.Test.stopTest()
15:14:21.0 (217757943)|CODE_UNIT_STARTED|[EXTERNAL]|01pf400000FQMpS|Test EndOfDay
15:14:21.0 (223670907)|HEAP_ALLOCATE|[EXTERNAL]|Bytes:3
15:14:21.0 (223709254)|SYSTEM_METHOD_ENTRY|[1]|SchedulableContextImpl.SchedulableContextImpl()
15:14:21.0 (223718708)|STATEMENT_EXECUTE|[1]
15:14:21.0 (223736705)|SYSTEM_METHOD_EXIT|[1]|SchedulableContextImpl
15:14:21.0 (223752852)|HEAP_ALLOCATE|[EXTERNAL]|Bytes:8
15:14:21.0 (223763060)|HEAP_ALLOCATE|[EXTERNAL]|Bytes:4
15:14:21.0 (223773785)|VARIABLE_SCOPE_BEGIN|[4]|this|System.SchedulableContextImpl|true|false
15:14:21.0 (223845766)|VARIABLE_ASSIGNMENT|[4]|this|{}|0x6a585abc
15:14:21.0 (223857453)|VARIABLE_SCOPE_BEGIN|[4]|triggerId|Id|false|false
15:14:21.0 (224094608)|VARIABLE_ASSIGNMENT|[4]|triggerId|"08ef400000L0EECAA3"
15:14:21.0 (224225038)|HEAP_ALLOCATE|[EXTERNAL]|Bytes:4
15:14:21.0 (224233171)|HEAP_ALLOCATE|[EXTERNAL]|Bytes:8
15:14:21.0 (224242891)|VARIABLE_SCOPE_BEGIN|[3]|this|EndOfDaySchedule|true|false
15:14:21.0 (224263792)|VARIABLE_ASSIGNMENT|[3]|this|{}|0x30bd901
15:14:21.0 (224273214)|VARIABLE_SCOPE_BEGIN|[3]|SC|System.SchedulableContext|true|false
15:14:21.0 (224360946)|VARIABLE_ASSIGNMENT|[3]|SC|{"triggerId":"08ef400000L0EECAA3"}|0x6a585abc
15:14:21.0 (224390163)|STATEMENT_EXECUTE|[3]
15:14:21.0 (224393455)|STATEMENT_EXECUTE|[5]
15:14:21.0 (224412413)|METHOD_ENTRY|[5]|01pf400000FQMpS|EndOfDaySchedule.resolveDailyTaskPoints()
15:14:21.0 (224452974)|STATEMENT_EXECUTE|[12]
15:14:21.0 (224456210)|STATEMENT_EXECUTE|[14]
15:14:21.0 (224463322)|HEAP_ALLOCATE|[14]|Bytes:127
15:14:21.0 (224496184)|HEAP_ALLOCATE|[14]|Bytes:4
15:14:21.0 (224513342)|HEAP_ALLOCATE|[14]|Bytes:7
15:14:21.0 (224572589)|HEAP_ALLOCATE|[18]|Bytes:4
15:14:21.0 (224973432)|SOQL_EXECUTE_BEGIN|[14]|Aggregations:0|SELECT Id, Contact__c, Points__c FROM HTask__c WHERE (Status__c != 'Completed' AND Type__c = 'Daily' AND DueDate__c < :tmpVar1)
15:14:21.0 (240212621)|SOQL_EXECUTE_END|[14]|Rows:1
15:14:21.0 (240259524)|HEAP_ALLOCATE|[14]|Bytes:8
15:14:21.0 (240304512)|HEAP_ALLOCATE|[14]|Bytes:110
15:14:21.0 (240407065)|HEAP_ALLOCATE|[14]|Bytes:8
15:14:21.0 (240460818)|VARIABLE_SCOPE_BEGIN|[14]|ltask|List<HTask__c>|true|false
15:14:21.0 (240508414)|VARIABLE_ASSIGNMENT|[14]|ltask|[{"Id":"a00f4000009WH3rAAG","Contact__c":"003f400000Pu5G7AAJ","Points__c":2.50}]|0x2011b488
15:14:21.0 (240519601)|STATEMENT_EXECUTE|[20]
15:14:21.0 (240599504)|HEAP_ALLOCATE|[20]|Bytes:4
15:14:21.0 (240652167)|VARIABLE_SCOPE_BEGIN|[20]|lcont|Map<String,Contact>|true|false
15:14:21.0 (240679145)|VARIABLE_ASSIGNMENT|[20]|lcont|{}|0x3dbee829
15:14:21.0 (240956028)|HEAP_ALLOCATE|[22]|Bytes:5
15:14:21.0 (241016640)|HEAP_ALLOCATE|[22]|Bytes:16
15:14:21.0 (241031781)|VARIABLE_SCOPE_BEGIN|[22]|task|HTask__c|true|false
15:14:21.0 (241056790)|VARIABLE_ASSIGNMENT|[22]|task|{"Id":"a00f4000009WH3rAAG","Contact__c":"003f400000Pu5G7AAJ","Points__c":2.50}|0x1db3f26d
15:14:21.0 (241067465)|STATEMENT_EXECUTE|[22]
15:14:21.0 (241197727)|STATEMENT_EXECUTE|[24]
15:14:21.0 (241201531)|STATEMENT_EXECUTE|[25]
15:14:21.0 (241207059)|HEAP_ALLOCATE|[25]|Bytes:59
15:14:21.0 (241226102)|HEAP_ALLOCATE|[25]|Bytes:4
15:14:21.0 (241508402)|SOQL_EXECUTE_BEGIN|[25]|Aggregations:0|SELECT Id, Name, Points__c FROM Contact WHERE Id = :tmpVar1
15:14:21.0 (246120567)|SOQL_EXECUTE_END|[25]|Rows:1
15:14:21.0 (246149750)|HEAP_ALLOCATE|[25]|Bytes:8
15:14:21.0 (246168678)|HEAP_ALLOCATE|[25]|Bytes:98
15:14:21.0 (246205367)|HEAP_ALLOCATE|[25]|Bytes:8
15:14:21.0 (246236963)|HEAP_ALLOCATE|[25]|Bytes:16
15:14:21.0 (246245823)|VARIABLE_SCOPE_BEGIN|[25]|conta|Contact|true|false
15:14:21.0 (246279728)|VARIABLE_ASSIGNMENT|[25]|conta|{"Id":"003f400000Pu5G7AAJ","Name":"TestContact1","Points__c":10}|0x2c00f6fd
15:14:21.0 (246290723)|STATEMENT_EXECUTE|[26]
15:14:21.0 (246419834)|HEAP_ALLOCATE|[26]|Bytes:28
15:14:21.0 (246479005)|VARIABLE_ASSIGNMENT|[26]|this.Points__c|7.50|0x2c00f6fd
15:14:21.0 (246489248)|STATEMENT_EXECUTE|[27]
15:14:21.0 (246563714)|HEAP_ALLOCATE|[EXTERNAL]|Bytes:-4
15:14:21.0 (246587921)|HEAP_ALLOCATE|[22]|Bytes:5
15:14:21.0 (246603841)|VARIABLE_ASSIGNMENT|[22]|task|null|
15:14:21.0 (246610283)|STATEMENT_EXECUTE|[35]
15:14:21.0 (246632790)|HEAP_ALLOCATE|[EXTERNAL]|Bytes:8
15:14:21.0 (246644238)|HEAP_ALLOCATE|[35]|Bytes:105
15:14:21.0 (246695897)|DML_BEGIN|[35]|Op:Update|Type:Contact|Rows:1
15:14:21.0 (246736390)|HEAP_ALLOCATE|[EXTERNAL]|Bytes:8
15:14:21.0 (253081267)|CODE_UNIT_STARTED|[EXTERNAL]|DuplicateDetector
15:14:21.0 (253109184)|DUPLICATE_DETECTION_BEGIN
15:14:21.0 (253167168)|DUPLICATE_DETECTION_RULE_INVOCATION|DuplicateRuleId:0Bmf4000005NvDQ|DuplicateRuleName:Standard Contact Duplicate Rule|DmlType:UPDATE
15:14:21.0 (253232572)|DUPLICATE_DETECTION_END
15:14:21.0 (253239365)|CODE_UNIT_FINISHED|DuplicateDetector
15:14:21.0 (268371717)|DML_END|[35]
15:14:21.0 (268481991)|HEAP_ALLOCATE|[EXTERNAL]|Bytes:8
15:14:21.0 (268530633)|METHOD_EXIT|[5]|01pf400000FQMpS|EndOfDaySchedule.resolveDailyTaskPoints()
15:14:21.0 (268547924)|STATEMENT_EXECUTE|[7]
15:14:21.0 (268581646)|METHOD_ENTRY|[7]|01pf400000FQMpS|EndOfDaySchedule.sendEmails()
15:14:21.0 (268663126)|STATEMENT_EXECUTE|[38]
15:14:21.0 (268666708)|STATEMENT_EXECUTE|[39]
15:14:21.0 (268677125)|HEAP_ALLOCATE|[39]|Bytes:96
15:14:21.0 (268714371)|HEAP_ALLOCATE|[39]|Bytes:4
15:14:21.0 (269108703)|SOQL_EXECUTE_BEGIN|[39]|Aggregations:0|SELECT Id, Name, Contact__c FROM HTask__c WHERE (Status__c != 'Completed' AND Type__c = 'Daily')
15:14:21.0 (273427580)|SOQL_EXECUTE_END|[39]|Rows:1
15:14:21.0 (273460076)|HEAP_ALLOCATE|[39]|Bytes:8
15:14:21.0 (273482579)|HEAP_ALLOCATE|[39]|Bytes:78
15:14:21.0 (273537257)|HEAP_ALLOCATE|[39]|Bytes:8
15:14:21.0 (273560117)|VARIABLE_SCOPE_BEGIN|[39]|ltask|List<HTask__c>|true|false
15:14:21.0 (273593443)|VARIABLE_ASSIGNMENT|[39]|ltask|[{"Id":"a00f4000009WH3rAAG","Name":"TestTask1","Contact__c":"003f400000Pu5G7AAJ"}]|0x7affd9f6
15:14:21.0 (273601561)|STATEMENT_EXECUTE|[44]
15:14:21.0 (273674900)|HEAP_ALLOCATE|[44]|Bytes:4
15:14:21.0 (273721956)|VARIABLE_SCOPE_BEGIN|[44]|mtask|Map<String,List<HTask__c>>|true|false
15:14:21.0 (273739884)|VARIABLE_ASSIGNMENT|[44]|mtask|{}|0x547c9c96
15:14:21.0 (273811974)|HEAP_ALLOCATE|[46]|Bytes:5
15:14:21.0 (273832838)|HEAP_ALLOCATE|[46]|Bytes:16
15:14:21.0 (273844092)|VARIABLE_SCOPE_BEGIN|[46]|task|HTask__c|true|false
15:14:21.0 (273858489)|VARIABLE_ASSIGNMENT|[46]|task|{"Id":"a00f4000009WH3rAAG","Name":"TestTask1","Contact__c":"003f400000Pu5G7AAJ"}|0x5efe97ee
15:14:21.0 (273865078)|STATEMENT_EXECUTE|[46]
15:14:21.0 (273942996)|STATEMENT_EXECUTE|[47]
15:14:21.0 (273945852)|STATEMENT_EXECUTE|[48]
15:14:21.0 (273965284)|HEAP_ALLOCATE|[48]|Bytes:4
15:14:21.0 (274002906)|HEAP_ALLOCATE|[EXTERNAL]|Bytes:4
15:14:21.0 (274011309)|HEAP_ALLOCATE|[EXTERNAL]|Bytes:-4
15:14:21.0 (274017799)|STATEMENT_EXECUTE|[51]
15:14:21.0 (274069295)|HEAP_ALLOCATE|[EXTERNAL]|Bytes:4
15:14:21.0 (274083405)|HEAP_ALLOCATE|[46]|Bytes:5
15:14:21.0 (274095833)|VARIABLE_ASSIGNMENT|[46]|task|null|
15:14:21.0 (274111611)|HEAP_ALLOCATE|[54]|Bytes:4
15:14:21.0 (274152800)|HEAP_ALLOCATE|[54]|Bytes:26
15:14:21.0 (274171110)|HEAP_ALLOCATE|[54]|Bytes:4
15:14:21.0 (274192903)|HEAP_ALLOCATE|[54]|Bytes:5
15:14:21.0 (274204729)|VARIABLE_SCOPE_BEGIN|[54]|contactId|String|false|false
15:14:21.0 (274215540)|VARIABLE_ASSIGNMENT|[54]|contactId|"003f400000Pu5G7AAJ"
15:14:21.0 (274219992)|STATEMENT_EXECUTE|[54]
15:14:21.0 (274221763)|STATEMENT_EXECUTE|[55]
15:14:21.0 (274226173)|HEAP_ALLOCATE|[55]|Bytes:49
15:14:21.0 (274239132)|HEAP_ALLOCATE|[55]|Bytes:4
15:14:21.0 (274458167)|SOQL_EXECUTE_BEGIN|[55]|Aggregations:0|SELECT Id, Email FROM Contact WHERE Id = :tmpVar1
15:14:21.0 (278006828)|SOQL_EXECUTE_END|[55]|Rows:1
15:14:21.0 (278030612)|HEAP_ALLOCATE|[55]|Bytes:8
15:14:21.0 (278046582)|HEAP_ALLOCATE|[55]|Bytes:61
15:14:21.0 (278080316)|HEAP_ALLOCATE|[55]|Bytes:8
15:14:21.0 (278106408)|HEAP_ALLOCATE|[55]|Bytes:12
15:14:21.0 (278114865)|VARIABLE_SCOPE_BEGIN|[55]|cont|Contact|true|false
15:14:21.0 (278139457)|VARIABLE_ASSIGNMENT|[55]|cont|{"Id":"003f400000Pu5G7AAJ","Email":"amancebo@altimetrik. (3 more) ..."}|0x10497cea
15:14:21.0 (278146818)|STATEMENT_EXECUTE|[56]
15:14:21.0 (278151069)|HEAP_ALLOCATE|[56]|Bytes:55
15:14:21.0 (278156620)|VARIABLE_SCOPE_BEGIN|[56]|message|String|false|false
15:14:21.0 (278166541)|VARIABLE_ASSIGNMENT|[56]|message|"Today you have this  (35 more) ..."
15:14:21.0 (278256524)|HEAP_ALLOCATE|[57]|Bytes:5
15:14:21.0 (278271629)|HEAP_ALLOCATE|[57]|Bytes:16
15:14:21.0 (278278248)|VARIABLE_SCOPE_BEGIN|[57]|task|HTask__c|true|false
15:14:21.0 (278291972)|VARIABLE_ASSIGNMENT|[57]|task|{"Id":"a00f4000009WH3rAAG","Name":"TestTask1","Contact__c":"003f400000Pu5G7AAJ"}|0x5efe97ee
15:14:21.0 (278299217)|STATEMENT_EXECUTE|[57]
15:14:21.0 (278301014)|STATEMENT_EXECUTE|[58]
15:14:21.0 (278330083)|HEAP_ALLOCATE|[58]|Bytes:1
15:14:21.0 (278348631)|HEAP_ALLOCATE|[58]|Bytes:10
15:14:21.0 (278353846)|HEAP_ALLOCATE|[58]|Bytes:65
15:14:21.0 (278361387)|VARIABLE_ASSIGNMENT|[58]|message|"Today you have this  (45 more) ..."
15:14:21.0 (278373605)|HEAP_ALLOCATE|[57]|Bytes:5
15:14:21.0 (278383761)|VARIABLE_ASSIGNMENT|[57]|task|null|
15:14:21.0 (278389475)|STATEMENT_EXECUTE|[60]
15:14:21.0 (278392528)|HEAP_ALLOCATE|[60]|Bytes:17
15:14:21.0 (278397396)|HEAP_ALLOCATE|[60]|Bytes:82
15:14:21.0 (278403493)|VARIABLE_ASSIGNMENT|[60]|message|"Today you have this  (62 more) ..."
15:14:21.0 (278407748)|STATEMENT_EXECUTE|[62]
15:14:21.0 (278450853)|USER_DEBUG|[62]|DEBUG|amancebo@altimetrik.com
15:14:21.0 (278460069)|STATEMENT_EXECUTE|[63]
15:14:21.0 (278468147)|USER_DEBUG|[63]|DEBUG|Today you have this task that doesn't been completed: 
TestTask1

Have a good day!
15:14:21.0 (278475007)|STATEMENT_EXECUTE|[64]
15:14:21.0 (278491845)|METHOD_ENTRY|[64]|01pf400000FQMpS|EndOfDaySchedule.sendEmailToContact(String, String)
15:14:21.0 (278518595)|VARIABLE_SCOPE_BEGIN|[68]|email|String|false|false
15:14:21.0 (278529179)|VARIABLE_ASSIGNMENT|[68]|email|"amancebo@altimetrik. (3 more) ..."
15:14:21.0 (278533553)|VARIABLE_SCOPE_BEGIN|[68]|message|String|false|false
15:14:21.0 (278540759)|VARIABLE_ASSIGNMENT|[68]|message|"Today you have this  (62 more) ..."
15:14:21.0 (278560042)|STATEMENT_EXECUTE|[68]
15:14:21.0 (278561881)|STATEMENT_EXECUTE|[69]
15:14:21.0 (278617596)|VARIABLE_SCOPE_BEGIN|[69]|mail|Messaging.SingleEmailMessage|true|false
15:14:21.0 (278681529)|VARIABLE_ASSIGNMENT|[69]|mail|"common.api.soap.wsdl.SingleEmailMessage@4a251b66"|0x21a318c1
15:14:21.0 (278688333)|STATEMENT_EXECUTE|[70]
15:14:21.0 (279853844)|STATEMENT_EXECUTE|[71]
15:14:21.0 (279866520)|HEAP_ALLOCATE|[71]|Bytes:4
15:14:21.0 (279897873)|VARIABLE_SCOPE_BEGIN|[71]|toAddresses|List<String>|true|false
15:14:21.0 (279921431)|HEAP_ALLOCATE|[EXTERNAL]|Bytes:8
15:14:21.0 (279936203)|VARIABLE_ASSIGNMENT|[71]|toAddresses|["amancebo@altimetrik. (3 more) ..."]|0x4014a9f0
15:14:21.0 (279941826)|STATEMENT_EXECUTE|[72]
15:14:21.0 (279998409)|STATEMENT_EXECUTE|[73]
15:14:21.0 (280002994)|HEAP_ALLOCATE|[73]|Bytes:18
15:14:21.0 (280055552)|STATEMENT_EXECUTE|[74]
15:14:21.0 (280058629)|HEAP_ALLOCATE|[74]|Bytes:43
15:14:21.0 (280076616)|STATEMENT_EXECUTE|[75]
15:14:21.0 (280089960)|STATEMENT_EXECUTE|[76]
15:14:21.0 (280107120)|STATEMENT_EXECUTE|[77]
15:14:21.0 (280118898)|STATEMENT_EXECUTE|[78]
15:14:21.0 (280128070)|STATEMENT_EXECUTE|[79]
15:14:21.0 (280152093)|HEAP_ALLOCATE|[79]|Bytes:4
15:14:21.0 (280214121)|HEAP_ALLOCATE|[EXTERNAL]|Bytes:8
15:14:21.0 (280236363)|HEAP_ALLOCATE|[EXTERNAL]|Bytes:8
15:14:21.0 (301983933)|EMAIL_QUEUE|[79]|replyTo: amancebo@altimetrik.com, subject: You dont complete some daily task yesterday, senderDisplayName: Altibitica Support, bccSender: false, saveAsActivity: true, useSignature: false, toAddresses: [amancebo@altimetrik.com], plainTextBody: Today you have this task that doesn't been completed: 
TestTask1

Have a good day!, 
15:14:21.0 (302074898)|HEAP_ALLOCATE|[EXTERNAL]|Bytes:8
15:14:21.0 (302107210)|METHOD_EXIT|[64]|01pf400000FQMpS|EndOfDaySchedule.sendEmailToContact(String, String)
15:14:21.0 (302137689)|HEAP_ALLOCATE|[54]|Bytes:5
15:14:21.0 (302163411)|VARIABLE_ASSIGNMENT|[54]|contactId|null
15:14:21.0 (302173973)|METHOD_EXIT|[7]|01pf400000FQMpS|EndOfDaySchedule.sendEmails()
15:14:21.0 (302181365)|STATEMENT_EXECUTE|[9]
15:14:21.0 (302194080)|METHOD_ENTRY|[9]|01pf400000FQMpS|EndOfDaySchedule.resetTaskStatus()
15:14:21.0 (302260419)|STATEMENT_EXECUTE|[82]
15:14:21.0 (302262950)|STATEMENT_EXECUTE|[84]
15:14:21.0 (302268630)|HEAP_ALLOCATE|[84]|Bytes:73
15:14:21.0 (302287396)|HEAP_ALLOCATE|[84]|Bytes:4
15:14:21.0 (302497273)|SOQL_EXECUTE_BEGIN|[84]|Aggregations:0|SELECT Id FROM HTask__c WHERE (Status__c != 'New' AND Type__c != 'TO-DO')
15:14:21.0 (313383405)|SOQL_EXECUTE_END|[84]|Rows:1
15:14:21.0 (313427961)|HEAP_ALLOCATE|[84]|Bytes:8
15:14:21.0 (313447686)|HEAP_ALLOCATE|[84]|Bytes:29
15:14:21.0 (313495207)|HEAP_ALLOCATE|[84]|Bytes:8
15:14:21.0 (313516971)|VARIABLE_SCOPE_BEGIN|[84]|ltask|List<HTask__c>|true|false
15:14:21.0 (313547992)|VARIABLE_ASSIGNMENT|[84]|ltask|[{"Id":"a00f4000009WH3sAAG"}]|0x47888447
15:14:21.0 (313618316)|HEAP_ALLOCATE|[89]|Bytes:5
15:14:21.0 (313636043)|HEAP_ALLOCATE|[89]|Bytes:8
15:14:21.0 (313646942)|VARIABLE_SCOPE_BEGIN|[89]|task|HTask__c|true|false
15:14:21.0 (313659774)|VARIABLE_ASSIGNMENT|[89]|task|{"Id":"a00f4000009WH3sAAG"}|0x7886dcd
15:14:21.0 (313667009)|STATEMENT_EXECUTE|[89]
15:14:21.0 (313669373)|STATEMENT_EXECUTE|[90]
15:14:21.0 (313673807)|HEAP_ALLOCATE|[90]|Bytes:3
15:14:21.0 (313718329)|HEAP_ALLOCATE|[90]|Bytes:-4
15:14:21.0 (313728904)|VARIABLE_ASSIGNMENT|[90]|this.Status__c|"New"|0x7886dcd
15:14:21.0 (313742812)|HEAP_ALLOCATE|[89]|Bytes:5
15:14:21.0 (313753946)|VARIABLE_ASSIGNMENT|[89]|task|null|
15:14:21.0 (313759589)|STATEMENT_EXECUTE|[93]
15:14:21.0 (313798966)|DML_BEGIN|[93]|Op:Update|Type:HTask__c|Rows:1
15:14:21.0 (313826481)|HEAP_ALLOCATE|[EXTERNAL]|Bytes:8
15:14:21.0 (320955837)|CODE_UNIT_STARTED|[EXTERNAL]|Validation:HTask:a00f4000009WH3s
15:14:21.0 (320976980)|VALIDATION_RULE|03df40000002ejE|ContactRequired
15:14:21.0 (321070579)|VALIDATION_FORMULA|ISBLANK(Contact__c)|Contact__c=003f400000Pu5G8
15:14:21.0 (321078507)|VALIDATION_PASS
15:14:21.0 (321080833)|VALIDATION_RULE|03df40000002ejO|DificultyRequired
15:14:21.0 (321137413)|VALIDATION_FORMULA|ISBLANK(TEXT(Difficulty__c))|Difficulty__c=Trivial
15:14:21.0 (321143124)|VALIDATION_PASS
15:14:21.0 (321144849)|VALIDATION_RULE|03df40000002bNN|StatusNone
15:14:21.0 (321224707)|VALIDATION_FORMULA|TEXT(Status__c) <> 'New'  
&& TEXT(Status__c) <> 'In Progress'
&& TEXT(Status__c) <> 'Completed'|Status__c=New
15:14:21.0 (321230709)|VALIDATION_PASS
15:14:21.0 (321297288)|CODE_UNIT_FINISHED|Validation:HTask:a00f4000009WH3s
15:14:21.0 (340425494)|CODE_UNIT_STARTED|[EXTERNAL]|01qf4000001HypC|completeHTaskTrigger on HTask trigger event AfterUpdate
15:14:21.0 (340470119)|HEAP_ALLOCATE|[EXTERNAL]|Bytes:8
15:14:21.0 (340500103)|HEAP_ALLOCATE|[EXTERNAL]|Bytes:8
15:14:21.0 (340611541)|HEAP_ALLOCATE|[EXTERNAL]|Bytes:12
15:14:21.0 (340641230)|VARIABLE_SCOPE_BEGIN|[1]|this|completeHTaskTrigger|true|false
15:14:21.0 (340695452)|VARIABLE_ASSIGNMENT|[1]|this|{}|0x673b7c4
15:14:21.0 (340761284)|HEAP_ALLOCATE|[EXTERNAL]|Bytes:12
15:14:21.0 (340911722)|VARIABLE_SCOPE_BEGIN|[1]|this|completeHTaskTrigger|true|false
15:14:21.0 (340929678)|VARIABLE_ASSIGNMENT|[1]|this|{}|0x673b7c4
15:14:21.0 (340938325)|STATEMENT_EXECUTE|[1]
15:14:21.0 (340940810)|STATEMENT_EXECUTE|[3]
15:14:21.0 (340945235)|HEAP_ALLOCATE|[3]|Bytes:99
15:14:21.0 (340960478)|HEAP_ALLOCATE|[3]|Bytes:4
15:14:21.0 (341548732)|SOQL_EXECUTE_BEGIN|[3]|Aggregations:0|SELECT Id, Contact__c, Type__c, Status__c, DueDate__c, Points__c FROM HTask__c WHERE Id IN :tmpVar1
15:14:21.0 (347975434)|SOQL_EXECUTE_END|[3]|Rows:1
15:14:21.0 (348000358)|HEAP_ALLOCATE|[3]|Bytes:8
15:14:21.0 (348022188)|HEAP_ALLOCATE|[3]|Bytes:142
15:14:21.0 (348052620)|HEAP_ALLOCATE|[3]|Bytes:8
15:14:21.0 (348069213)|HEAP_ALLOCATE|[3]|Bytes:34
15:14:21.0 (348088132)|HEAP_ALLOCATE|[3]|Bytes:24
15:14:21.0 (348136385)|VARIABLE_ASSIGNMENT|[3]|this.task|{"Id":"a00f4000009WH3sAAG","Contact__c":"003f400000Pu5G8AAJ","Type__c":"Daily","Status__c":"New","Points__c":0.50}|0x673b7c4
15:14:21.0 (348144851)|STATEMENT_EXECUTE|[5]
15:14:21.0 (348158922)|HEAP_ALLOCATE|[5]|Bytes:4
15:14:21.0 (348373591)|SOQL_EXECUTE_BEGIN|[5]|Aggregations:0|SELECT Id, Name, Points__c FROM Contact WHERE Id = :tmpVar1
15:14:21.0 (351970718)|SOQL_EXECUTE_END|[5]|Rows:1
15:14:21.0 (351994359)|HEAP_ALLOCATE|[5]|Bytes:8
15:14:21.0 (352011627)|HEAP_ALLOCATE|[5]|Bytes:98
15:14:21.0 (352045949)|HEAP_ALLOCATE|[5]|Bytes:8
15:14:21.0 (352074626)|HEAP_ALLOCATE|[5]|Bytes:16
15:14:21.0 (352114627)|VARIABLE_ASSIGNMENT|[5]|this.conta|{"Id":"003f400000Pu5G8AAJ","Name":"TestContact2","Points__c":10}|0x673b7c4
15:14:21.0 (352151896)|HEAP_ALLOCATE|[7]|Bytes:5
15:14:21.0 (352189217)|STATEMENT_EXECUTE|[19]
15:14:21.0 (352239930)|STATEMENT_EXECUTE|[20]
15:14:21.352 (352251802)|CUMULATIVE_LIMIT_USAGE
15:14:21.352 (352251802)|LIMIT_USAGE_FOR_NS|(default)|
  Number of SOQL queries: 7 out of 100
  Number of query rows: 7 out of 50000
  Number of SOSL queries: 0 out of 20
  Number of DML statements: 2 out of 150
  Number of DML rows: 2 out of 10000
  Maximum CPU time: 0 out of 10000
  Maximum heap size: 0 out of 6000000
  Number of callouts: 0 out of 100
  Number of Email Invocations: 1 out of 10
  Number of future calls: 0 out of 50
  Number of queueable jobs added to the queue: 0 out of 50
  Number of Mobile Apex push calls: 0 out of 10

15:14:21.352 (352251802)|CUMULATIVE_LIMIT_USAGE_END

15:14:21.0 (353091073)|CODE_UNIT_FINISHED|completeHTaskTrigger on HTask trigger event AfterUpdate
15:14:21.0 (353514153)|DML_END|[93]
15:14:21.0 (353547416)|HEAP_ALLOCATE|[EXTERNAL]|Bytes:8
15:14:21.0 (353567547)|METHOD_EXIT|[9]|01pf400000FQMpS|EndOfDaySchedule.resetTaskStatus()
15:14:21.353 (353580106)|CUMULATIVE_LIMIT_USAGE
15:14:21.353 (353580106)|LIMIT_USAGE_FOR_NS|(default)|
  Number of SOQL queries: 7 out of 100
  Number of query rows: 7 out of 50000
  Number of SOSL queries: 0 out of 20
  Number of DML statements: 2 out of 150
  Number of DML rows: 2 out of 10000
  Maximum CPU time: 0 out of 10000
  Maximum heap size: 0 out of 6000000
  Number of callouts: 0 out of 100
  Number of Email Invocations: 1 out of 10
  Number of future calls: 0 out of 50
  Number of queueable jobs added to the queue: 0 out of 50
  Number of Mobile Apex push calls: 0 out of 10

15:14:21.353 (353580106)|CUMULATIVE_LIMIT_USAGE_END

15:14:21.0 (353600732)|CODE_UNIT_FINISHED|Test EndOfDay
15:14:21.0 (358862486)|METHOD_EXIT|[24]||System.Test.stopTest()
15:14:21.0 (358874279)|STATEMENT_EXECUTE|[26]
15:14:21.0 (358880573)|HEAP_ALLOCATE|[26]|Bytes:65
15:14:21.0 (358904098)|HEAP_ALLOCATE|[26]|Bytes:4
15:14:21.0 (359118683)|SOQL_EXECUTE_BEGIN|[26]|Aggregations:0|SELECT Id, Points__c FROM Contact WHERE LastName = 'TestContact1'
15:14:21.0 (366060849)|SOQL_EXECUTE_END|[26]|Rows:1
15:14:21.0 (366085803)|HEAP_ALLOCATE|[26]|Bytes:8
15:14:21.0 (366103043)|HEAP_ALLOCATE|[26]|Bytes:78
15:14:21.0 (366141832)|HEAP_ALLOCATE|[26]|Bytes:8
15:14:21.0 (366173700)|HEAP_ALLOCATE|[26]|Bytes:12
15:14:21.0 (366183836)|VARIABLE_SCOPE_BEGIN|[26]|contAfter|Contact|true|false
15:14:21.0 (366218071)|VARIABLE_ASSIGNMENT|[26]|contAfter|{"Id":"003f400000Pu5G7AAJ","Points__c":7.5}|0x17c764d1
15:14:21.0 (366225250)|STATEMENT_EXECUTE|[27]
15:14:21.0 (366229229)|HEAP_ALLOCATE|[27]|Bytes:59
15:14:21.0 (366244046)|HEAP_ALLOCATE|[27]|Bytes:4
15:14:21.0 (366441205)|SOQL_EXECUTE_BEGIN|[27]|Aggregations:0|SELECT Id, Status__c FROM HTask__c WHERE Name = 'TestTask2'
15:14:21.0 (370235125)|SOQL_EXECUTE_END|[27]|Rows:1
15:14:21.0 (370257303)|HEAP_ALLOCATE|[27]|Bytes:8
15:14:21.0 (370273534)|HEAP_ALLOCATE|[27]|Bytes:45
15:14:21.0 (370305051)|HEAP_ALLOCATE|[27]|Bytes:8
15:14:21.0 (370334550)|HEAP_ALLOCATE|[27]|Bytes:12
15:14:21.0 (370357647)|VARIABLE_ASSIGNMENT|[27]|task2|{"Id":"a00f4000009WH3sAAG","Status__c":"New"}|0x7720fcf
15:14:21.0 (370364217)|STATEMENT_EXECUTE|[28]
15:14:21.0 (370402503)|HEAP_ALLOCATE|[28]|Bytes:3
15:14:21.0 (370420649)|HEAP_ALLOCATE|[28]|Bytes:28
15:14:21.0 (370477483)|HEAP_ALLOCATE|[28]|Bytes:28
15:14:21.0 (370500254)|HEAP_ALLOCATE|[28]|Bytes:28
15:14:21.0 (370529149)|STATEMENT_EXECUTE|[29]
15:14:21.370 (370577264)|CUMULATIVE_LIMIT_USAGE
15:14:21.370 (370577264)|LIMIT_USAGE_FOR_NS|(default)|
  Number of SOQL queries: 4 out of 100
  Number of query rows: 4 out of 50000
  Number of SOSL queries: 0 out of 20
  Number of DML statements: 4 out of 150
  Number of DML rows: 4 out of 10000
  Maximum CPU time: 0 out of 10000
  Maximum heap size: 0 out of 6000000
  Number of callouts: 0 out of 100
  Number of Email Invocations: 0 out of 10
  Number of future calls: 0 out of 50
  Number of queueable jobs added to the queue: 0 out of 50
  Number of Mobile Apex push calls: 0 out of 10

15:14:21.370 (370577264)|TESTING_LIMITS
15:14:21.370 (370577264)|LIMIT_USAGE_FOR_NS|(default)|
  Number of SOQL queries: 0 out of 100
  Number of query rows: 0 out of 50000
  Number of SOSL queries: 0 out of 20
  Number of DML statements: 0 out of 150
  Number of DML rows: 0 out of 10000
  Maximum CPU time: 0 out of 10000
  Maximum heap size: 0 out of 6000000
  Number of callouts: 0 out of 100
  Number of Email Invocations: 0 out of 10
  Number of future calls: 0 out of 50
  Number of queueable jobs added to the queue: 0 out of 50
  Number of Mobile Apex push calls: 0 out of 10

15:14:21.370 (370577264)|CUMULATIVE_LIMIT_USAGE_END

15:14:21.0 (370617470)|CODE_UNIT_FINISHED|EndOfDayScheduleTest.dailyTest
15:14:21.0 (371756626)|EXECUTION_FINISHED
15:14:21.530 (530521878)|USER_INFO|[EXTERNAL]|005f4000002PiXT|amancebo.habitica@altimetrik.com|Argentine Time|GMT-03:00
15:14:21.530 (530545385)|EXECUTION_STARTED
15:14:21.530 (530549990)|CODE_UNIT_STARTED|[EXTERNAL]|DuplicateDetector
15:14:21.530 (530563274)|DUPLICATE_DETECTION_BEGIN
15:14:21.530 (530823232)|DUPLICATE_DETECTION_RULE_INVOCATION|DuplicateRuleId:0Bmf4000005NvDQ|DuplicateRuleName:Standard Contact Duplicate Rule|DmlType:INSERT
15:14:21.530 (540321907)|DUPLICATE_DETECTION_END
15:14:21.530 (540337997)|CODE_UNIT_FINISHED|DuplicateDetector
15:14:21.530 (541177107)|EXECUTION_FINISHED
15:14:21.542 (542023796)|USER_INFO|[EXTERNAL]|005f4000002PiXT|amancebo.habitica@altimetrik.com|Argentine Time|GMT-03:00
15:14:21.542 (542041502)|EXECUTION_STARTED
15:14:21.542 (542045365)|CODE_UNIT_STARTED|[EXTERNAL]|DuplicateDetector
15:14:21.542 (542080981)|DUPLICATE_DETECTION_BEGIN
15:14:21.542 (542144113)|DUPLICATE_DETECTION_RULE_INVOCATION|DuplicateRuleId:0Bmf4000005NvDQ|DuplicateRuleName:Standard Contact Duplicate Rule|DmlType:UPDATE
15:14:21.542 (549776457)|DUPLICATE_DETECTION_END
15:14:21.542 (549785512)|CODE_UNIT_FINISHED|DuplicateDetector
15:14:21.542 (550562897)|EXECUTION_FINISHED
