42.0 APEX_CODE,FINEST;APEX_PROFILING,INFO;CALLOUT,INFO;DB,INFO;SYSTEM,DEBUG;VALIDATION,INFO;VISUALFORCE,INFO;WAVE,INFO;WORKFLOW,INFO
11:22:46.0 (84906)|USER_INFO|[EXTERNAL]|005f4000002PiXT|amancebo.habitica@altimetrik.com|Argentine Time|GMT-03:00
11:22:46.0 (116399)|EXECUTION_STARTED
11:22:46.0 (120670)|CODE_UNIT_STARTED|[EXTERNAL]|Aura
11:22:46.0 (1424264)|CODE_UNIT_STARTED|[EXTERNAL]|01pf400000Gj25X|TaskListController.getAllTasks
11:22:46.0 (1561011)|HEAP_ALLOCATE|[72]|Bytes:3
11:22:46.0 (1595912)|HEAP_ALLOCATE|[77]|Bytes:152
11:22:46.0 (1610655)|HEAP_ALLOCATE|[342]|Bytes:408
11:22:46.0 (1622957)|HEAP_ALLOCATE|[355]|Bytes:408
11:22:46.0 (1633463)|HEAP_ALLOCATE|[467]|Bytes:48
11:22:46.0 (1658254)|HEAP_ALLOCATE|[139]|Bytes:6
11:22:46.0 (1715718)|HEAP_ALLOCATE|[EXTERNAL]|Bytes:1
11:22:46.0 (1727922)|METHOD_ENTRY|[1]|01pf400000Gj25X|TaskListController.TaskListController()
11:22:46.0 (1734308)|STATEMENT_EXECUTE|[1]
11:22:46.0 (1738703)|STATEMENT_EXECUTE|[1]
11:22:46.0 (1767997)|HEAP_ALLOCATE|[50]|Bytes:5
11:22:46.0 (1803017)|HEAP_ALLOCATE|[56]|Bytes:5
11:22:46.0 (1811506)|HEAP_ALLOCATE|[64]|Bytes:7
11:22:46.0 (1839388)|SYSTEM_MODE_ENTER|false
11:22:46.0 (1854117)|HEAP_ALLOCATE|[EXTERNAL]|Bytes:5
11:22:46.0 (1874169)|SYSTEM_MODE_EXIT|false
11:22:46.0 (1882999)|METHOD_EXIT|[1]|TaskListController
11:22:46.0 (1893490)|SYSTEM_MODE_ENTER|false
11:22:46.0 (1905646)|HEAP_ALLOCATE|[4]|Bytes:5
11:22:46.0 (1910265)|STATEMENT_EXECUTE|[3]
11:22:46.0 (1912045)|STATEMENT_EXECUTE|[4]
11:22:46.0 (1915191)|HEAP_ALLOCATE|[4]|Bytes:45
11:22:46.0 (1936523)|HEAP_ALLOCATE|[4]|Bytes:4
11:22:46.0 (2224539)|SOQL_EXECUTE_BEGIN|[4]|Aggregations:0|SELECT Id, Name, Description__c FROM HTask__c
11:22:46.0 (3952069)|SOQL_EXECUTE_END|[4]|Rows:2
11:22:46.0 (3976067)|HEAP_ALLOCATE|[4]|Bytes:12
11:22:46.0 (3994523)|HEAP_ALLOCATE|[4]|Bytes:104
11:22:46.0 (4091414)|HEAP_ALLOCATE|[4]|Bytes:12
11:22:46.0 (4113918)|VARIABLE_SCOPE_BEGIN|[4]|ltask|List<ANY>|true|false
11:22:46.0 (4147699)|VARIABLE_ASSIGNMENT|[4]|ltask|[{"Id":"a00f4000009UZfdAAG","Name":"cbx","Description__c":"yte"},{"Id":"a00f4000009U9j8AAC","Name":"TestH1"}]|0x6d6cf1ed
11:22:46.0 (4155480)|STATEMENT_EXECUTE|[5]
11:22:46.0 (4163558)|SYSTEM_MODE_EXIT|false
11:22:46.4 (4182312)|CUMULATIVE_LIMIT_USAGE
11:22:46.4 (4182312)|LIMIT_USAGE_FOR_NS|(default)|
  Number of SOQL queries: 1 out of 100
  Number of query rows: 2 out of 50000
  Number of SOSL queries: 0 out of 20
  Number of DML statements: 0 out of 150
  Number of DML rows: 0 out of 10000
  Maximum CPU time: 0 out of 10000
  Maximum heap size: 0 out of 6000000
  Number of callouts: 0 out of 100
  Number of Email Invocations: 0 out of 10
  Number of future calls: 0 out of 50
  Number of queueable jobs added to the queue: 0 out of 50
  Number of Mobile Apex push calls: 0 out of 10

11:22:46.4 (4182312)|CUMULATIVE_LIMIT_USAGE_END

11:22:46.0 (4218057)|CODE_UNIT_FINISHED|TaskListController.getAllTasks
11:22:46.0 (4276004)|CODE_UNIT_FINISHED|Aura
11:22:46.0 (5454802)|EXECUTION_FINISHED
