42.0 APEX_CODE,FINEST;APEX_PROFILING,INFO;CALLOUT,INFO;DB,INFO;SYSTEM,DEBUG;VALIDATION,INFO;VISUALFORCE,INFO;WAVE,INFO;WORKFLOW,INFO
15:44:18.0 (77227)|USER_INFO|[EXTERNAL]|005f4000002PiXT|amancebo.habitica@altimetrik.com|Argentine Time|GMT-03:00
15:44:18.0 (113183)|EXECUTION_STARTED
15:44:18.0 (116894)|CODE_UNIT_STARTED|[EXTERNAL]|Aura
15:44:18.0 (1179846)|CODE_UNIT_STARTED|[EXTERNAL]|01pf400000Gj25X|TaskListController.getAllUncompletedTask
15:44:18.0 (1334540)|HEAP_ALLOCATE|[72]|Bytes:3
15:44:18.0 (1366051)|HEAP_ALLOCATE|[77]|Bytes:152
15:44:18.0 (1381203)|HEAP_ALLOCATE|[342]|Bytes:408
15:44:18.0 (1393696)|HEAP_ALLOCATE|[355]|Bytes:408
15:44:18.0 (1404173)|HEAP_ALLOCATE|[467]|Bytes:48
15:44:18.0 (1436715)|HEAP_ALLOCATE|[139]|Bytes:6
15:44:18.0 (1493634)|HEAP_ALLOCATE|[EXTERNAL]|Bytes:3
15:44:18.0 (1506435)|METHOD_ENTRY|[1]|01pf400000Gj25X|TaskListController.TaskListController()
15:44:18.0 (1514115)|STATEMENT_EXECUTE|[1]
15:44:18.0 (1519274)|STATEMENT_EXECUTE|[1]
15:44:18.0 (1523035)|METHOD_EXIT|[1]|TaskListController
15:44:18.0 (1542665)|SYSTEM_MODE_ENTER|false
15:44:18.0 (1552003)|STATEMENT_EXECUTE|[9]
15:44:18.0 (1553824)|STATEMENT_EXECUTE|[10]
15:44:18.0 (1557213)|HEAP_ALLOCATE|[10]|Bytes:108
15:44:18.0 (1570886)|HEAP_ALLOCATE|[10]|Bytes:4
15:44:18.0 (1606945)|HEAP_ALLOCATE|[50]|Bytes:5
15:44:18.0 (1624038)|HEAP_ALLOCATE|[56]|Bytes:5
15:44:18.0 (1631198)|HEAP_ALLOCATE|[64]|Bytes:7
15:44:18.0 (1983939)|SOQL_EXECUTE_BEGIN|[10]|Aggregations:0|SELECT Id, Name, Description__c, Type__c, Points__c, Contact__c FROM HTask__c WHERE Status__c != 'Completed'
15:44:18.0 (16632354)|SOQL_EXECUTE_END|[10]|Rows:6
15:44:18.0 (16660040)|HEAP_ALLOCATE|[10]|Bytes:28
15:44:18.0 (16697441)|HEAP_ALLOCATE|[10]|Bytes:997
15:44:18.0 (16785393)|HEAP_ALLOCATE|[10]|Bytes:28
15:44:18.0 (16806151)|VARIABLE_SCOPE_BEGIN|[10]|ltask|List<HTask__c>|true|false
15:44:18.0 (16841872)|VARIABLE_ASSIGNMENT|[10]|ltask|"List of size 6 too large to display"|0x3d15e5dc
15:44:18.0 (16849706)|STATEMENT_EXECUTE|[13]
15:44:18.0 (16858401)|SYSTEM_MODE_EXIT|false
15:44:18.16 (16887396)|CUMULATIVE_LIMIT_USAGE
15:44:18.16 (16887396)|LIMIT_USAGE_FOR_NS|(default)|
  Number of SOQL queries: 1 out of 100
  Number of query rows: 6 out of 50000
  Number of SOSL queries: 0 out of 20
  Number of DML statements: 0 out of 150
  Number of DML rows: 0 out of 10000
  Maximum CPU time: 0 out of 10000
  Maximum heap size: 0 out of 6000000
  Number of callouts: 0 out of 100
  Number of Email Invocations: 0 out of 10
  Number of future calls: 0 out of 50
  Number of queueable jobs added to the queue: 0 out of 50
  Number of Mobile Apex push calls: 0 out of 10

15:44:18.16 (16887396)|CUMULATIVE_LIMIT_USAGE_END

15:44:18.0 (16925449)|CODE_UNIT_FINISHED|TaskListController.getAllUncompletedTask
15:44:18.0 (17050935)|CODE_UNIT_FINISHED|Aura
15:44:18.0 (18336316)|EXECUTION_FINISHED
