42.0 APEX_CODE,FINEST;APEX_PROFILING,INFO;CALLOUT,INFO;DB,INFO;SYSTEM,DEBUG;VALIDATION,INFO;VISUALFORCE,INFO;WAVE,INFO;WORKFLOW,INFO
16:01:29.0 (87136)|USER_INFO|[EXTERNAL]|005f4000002PiXT|amancebo.habitica@altimetrik.com|Argentine Time|GMT-03:00
16:01:29.0 (132630)|EXECUTION_STARTED
16:01:29.0 (137318)|CODE_UNIT_STARTED|[EXTERNAL]|Aura
16:01:29.0 (1608478)|CODE_UNIT_STARTED|[EXTERNAL]|01pf400000Gj25X|TaskListController.getAllUncompletedTask
16:01:29.0 (1848071)|HEAP_ALLOCATE|[72]|Bytes:3
16:01:29.0 (1899247)|HEAP_ALLOCATE|[77]|Bytes:152
16:01:29.0 (1919799)|HEAP_ALLOCATE|[342]|Bytes:408
16:01:29.0 (1939794)|HEAP_ALLOCATE|[355]|Bytes:408
16:01:29.0 (1993471)|HEAP_ALLOCATE|[467]|Bytes:48
16:01:29.0 (2037498)|HEAP_ALLOCATE|[139]|Bytes:6
16:01:29.0 (2132383)|HEAP_ALLOCATE|[EXTERNAL]|Bytes:3
16:01:29.0 (2149569)|METHOD_ENTRY|[1]|01pf400000Gj25X|TaskListController.TaskListController()
16:01:29.0 (2160207)|STATEMENT_EXECUTE|[1]
16:01:29.0 (2167677)|STATEMENT_EXECUTE|[1]
16:01:29.0 (2173288)|METHOD_EXIT|[1]|TaskListController
16:01:29.0 (2199452)|SYSTEM_MODE_ENTER|false
16:01:29.0 (2214885)|STATEMENT_EXECUTE|[9]
16:01:29.0 (2217452)|STATEMENT_EXECUTE|[10]
16:01:29.0 (2221825)|HEAP_ALLOCATE|[10]|Bytes:108
16:01:29.0 (2250456)|HEAP_ALLOCATE|[10]|Bytes:4
16:01:29.0 (2388914)|HEAP_ALLOCATE|[50]|Bytes:5
16:01:29.0 (2420224)|HEAP_ALLOCATE|[56]|Bytes:5
16:01:29.0 (2430618)|HEAP_ALLOCATE|[64]|Bytes:7
16:01:29.0 (2935405)|SOQL_EXECUTE_BEGIN|[10]|Aggregations:0|SELECT Id, Name, Description__c, Type__c, Points__c, Contact__c FROM HTask__c WHERE Status__c != 'Completed'
16:01:29.0 (19207411)|SOQL_EXECUTE_END|[10]|Rows:6
16:01:29.0 (19249734)|HEAP_ALLOCATE|[10]|Bytes:28
16:01:29.0 (19290143)|HEAP_ALLOCATE|[10]|Bytes:997
16:01:29.0 (19489556)|HEAP_ALLOCATE|[10]|Bytes:28
16:01:29.0 (19515143)|VARIABLE_SCOPE_BEGIN|[10]|ltask|List<HTask__c>|true|false
16:01:29.0 (19555317)|VARIABLE_ASSIGNMENT|[10]|ltask|"List of size 6 too large to display"|0x62e47455
16:01:29.0 (19568207)|STATEMENT_EXECUTE|[13]
16:01:29.0 (19586448)|SYSTEM_MODE_EXIT|false
16:01:29.19 (19619270)|CUMULATIVE_LIMIT_USAGE
16:01:29.19 (19619270)|LIMIT_USAGE_FOR_NS|(default)|
  Number of SOQL queries: 1 out of 100
  Number of query rows: 6 out of 50000
  Number of SOSL queries: 0 out of 20
  Number of DML statements: 0 out of 150
  Number of DML rows: 0 out of 10000
  Maximum CPU time: 0 out of 10000
  Maximum heap size: 0 out of 6000000
  Number of callouts: 0 out of 100
  Number of Email Invocations: 0 out of 10
  Number of future calls: 0 out of 50
  Number of queueable jobs added to the queue: 0 out of 50
  Number of Mobile Apex push calls: 0 out of 10

16:01:29.19 (19619270)|CUMULATIVE_LIMIT_USAGE_END

16:01:29.0 (19691445)|CODE_UNIT_FINISHED|TaskListController.getAllUncompletedTask
16:01:29.0 (19836527)|CODE_UNIT_FINISHED|Aura
16:01:29.0 (21092124)|EXECUTION_FINISHED
