42.0 APEX_CODE,FINEST;APEX_PROFILING,INFO;CALLOUT,INFO;DB,INFO;SYSTEM,DEBUG;VALIDATION,INFO;VISUALFORCE,INFO;WAVE,INFO;WORKFLOW,INFO
16:25:16.0 (367423)|USER_INFO|[EXTERNAL]|005f4000002PiXT|amancebo.habitica@altimetrik.com|Argentine Time|GMT-03:00
16:25:16.0 (544559)|EXECUTION_STARTED
16:25:16.0 (548715)|CODE_UNIT_STARTED|[EXTERNAL]|Aura
16:25:16.0 (1922866)|CODE_UNIT_STARTED|[EXTERNAL]|01pf400000Gj25X|TaskListController.getAllUncompletedTask
16:25:16.0 (2078052)|HEAP_ALLOCATE|[72]|Bytes:3
16:25:16.0 (2136518)|HEAP_ALLOCATE|[77]|Bytes:152
16:25:16.0 (2151081)|HEAP_ALLOCATE|[342]|Bytes:408
16:25:16.0 (2163582)|HEAP_ALLOCATE|[355]|Bytes:408
16:25:16.0 (2174447)|HEAP_ALLOCATE|[467]|Bytes:48
16:25:16.0 (2221537)|HEAP_ALLOCATE|[139]|Bytes:6
16:25:16.0 (2275687)|HEAP_ALLOCATE|[EXTERNAL]|Bytes:3
16:25:16.0 (2312143)|METHOD_ENTRY|[1]|01pf400000Gj25X|TaskListController.TaskListController()
16:25:16.0 (2319389)|STATEMENT_EXECUTE|[1]
16:25:16.0 (2324450)|STATEMENT_EXECUTE|[1]
16:25:16.0 (2339711)|METHOD_EXIT|[1]|TaskListController
16:25:16.0 (2358731)|SYSTEM_MODE_ENTER|false
16:25:16.0 (2452396)|STATEMENT_EXECUTE|[9]
16:25:16.0 (2454588)|STATEMENT_EXECUTE|[10]
16:25:16.0 (2458415)|HEAP_ALLOCATE|[10]|Bytes:108
16:25:16.0 (2474586)|HEAP_ALLOCATE|[10]|Bytes:4
16:25:16.0 (2518898)|HEAP_ALLOCATE|[50]|Bytes:5
16:25:16.0 (2536217)|HEAP_ALLOCATE|[56]|Bytes:5
16:25:16.0 (2543018)|HEAP_ALLOCATE|[64]|Bytes:7
16:25:16.0 (2991921)|SOQL_EXECUTE_BEGIN|[10]|Aggregations:0|SELECT Id, Name, Description__c, Type__c, Points__c, Contact__c FROM HTask__c WHERE Status__c != 'Completed'
16:25:16.0 (38260127)|SOQL_EXECUTE_END|[10]|Rows:5
16:25:16.0 (38286823)|HEAP_ALLOCATE|[10]|Bytes:24
16:25:16.0 (38319406)|HEAP_ALLOCATE|[10]|Bytes:819
16:25:16.0 (38438224)|HEAP_ALLOCATE|[10]|Bytes:24
16:25:16.0 (38460055)|VARIABLE_SCOPE_BEGIN|[10]|ltask|List<HTask__c>|true|false
16:25:16.0 (38512225)|VARIABLE_ASSIGNMENT|[10]|ltask|[{"Id":"a00f4000009UZfdAAG","Name":"cbx","Description__c":"yte","Type__c":"TO-DO","Points__c":1.00,"Contact__c":"003f400000OZANJAA5"},{"Id":"a00f4000009VSgIAAW","Name":"daily6","Description__c":"test7","Type__c":"Daily","Points__c":0.50,"Contact__c":"003f400000OZANJAA5"},{"Id":"a00f4000009VSfyAAG","Name":"daily5","Description__c":"test5","Type__c":"Daily","Points__c":0.50,"Contact__c":"003f400000OZANJAA5"},{"Id":"a00f4000009VSfeAAG","Name":"habit4","Description__c":"test4","Type__c":"Habit","Points__c":1.00,"Contact__c":"003f400000OZANJAA5"},{"Id":"a00f4000009V4w5AAC","Name":"TaskD1","Description__c":"This is a task","Type__c":"Daily","Points__c":0.50,"Contact__c":"003f400000OZANJAA5"}]|0x736262d7
16:25:16.0 (38529705)|STATEMENT_EXECUTE|[13]
16:25:16.0 (38555803)|SYSTEM_MODE_EXIT|false
16:25:16.38 (38581618)|CUMULATIVE_LIMIT_USAGE
16:25:16.38 (38581618)|LIMIT_USAGE_FOR_NS|(default)|
  Number of SOQL queries: 1 out of 100
  Number of query rows: 5 out of 50000
  Number of SOSL queries: 0 out of 20
  Number of DML statements: 0 out of 150
  Number of DML rows: 0 out of 10000
  Maximum CPU time: 0 out of 10000
  Maximum heap size: 0 out of 6000000
  Number of callouts: 0 out of 100
  Number of Email Invocations: 0 out of 10
  Number of future calls: 0 out of 50
  Number of queueable jobs added to the queue: 0 out of 50
  Number of Mobile Apex push calls: 0 out of 10

16:25:16.38 (38581618)|CUMULATIVE_LIMIT_USAGE_END

16:25:16.0 (38616752)|CODE_UNIT_FINISHED|TaskListController.getAllUncompletedTask
16:25:16.0 (38706595)|CODE_UNIT_FINISHED|Aura
16:25:16.0 (40075949)|EXECUTION_FINISHED
