36.0 APEX_CODE,FINEST;APEX_PROFILING,INFO;CALLOUT,INFO;DB,INFO;SYSTEM,DEBUG;VALIDATION,INFO;VISUALFORCE,INFO;WAVE,INFO;WORKFLOW,INFO
15:20:47.0 (439731)|USER_INFO|[EXTERNAL]|005f4000002PiXT|amancebo.habitica@altimetrik.com|Argentine Time|GMT-03:00
15:20:47.0 (482150)|EXECUTION_STARTED
15:20:47.0 (486239)|CODE_UNIT_STARTED|[EXTERNAL]|01pf400000GkBRX|EndOfDayScheduleTest.dailyTest
15:20:47.0 (673113)|HEAP_ALLOCATE|[72]|Bytes:3
15:20:47.0 (707965)|HEAP_ALLOCATE|[77]|Bytes:152
15:20:47.0 (722451)|HEAP_ALLOCATE|[342]|Bytes:408
15:20:47.0 (736710)|HEAP_ALLOCATE|[355]|Bytes:408
15:20:47.0 (749912)|HEAP_ALLOCATE|[467]|Bytes:48
15:20:47.0 (776932)|HEAP_ALLOCATE|[139]|Bytes:6
15:20:47.0 (790346)|HEAP_ALLOCATE|[EXTERNAL]|Bytes:50
15:20:47.0 (806536)|METHOD_ENTRY|[2]|01pf400000GkBRX|EndOfDayScheduleTest.EndOfDayScheduleTest()
15:20:47.0 (813115)|STATEMENT_EXECUTE|[2]
15:20:47.0 (817830)|STATEMENT_EXECUTE|[2]
15:20:47.0 (821484)|METHOD_EXIT|[2]|EndOfDayScheduleTest
15:20:47.0 (1010824)|HEAP_ALLOCATE|[50]|Bytes:5
15:20:47.0 (1030980)|HEAP_ALLOCATE|[56]|Bytes:5
15:20:47.0 (1039712)|HEAP_ALLOCATE|[64]|Bytes:7
15:20:47.0 (1070320)|STATEMENT_EXECUTE|[4]
15:20:47.0 (1072318)|STATEMENT_EXECUTE|[5]
15:20:47.0 (1111689)|HEAP_ALLOCATE|[5]|Bytes:4
15:20:47.0 (1177888)|HEAP_ALLOCATE|[5]|Bytes:12
15:20:47.0 (1228176)|VARIABLE_ASSIGNMENT|[5]|this.LastName|"TestContact1"|0xb878c0e
15:20:47.0 (1263439)|HEAP_ALLOCATE|[5]|Bytes:28
15:20:47.0 (1267784)|HEAP_ALLOCATE|[5]|Bytes:28
15:20:47.0 (1298854)|VARIABLE_ASSIGNMENT|[5]|this.Points__c|10|0xb878c0e
15:20:47.0 (1306479)|HEAP_ALLOCATE|[5]|Bytes:23
15:20:47.0 (1325766)|VARIABLE_ASSIGNMENT|[5]|this.Email|"amancebo@altimetrik. (3 more) ..."|0xb878c0e
15:20:47.0 (1349876)|VARIABLE_SCOPE_BEGIN|[5]|contBefore|Contact|true|false
15:20:47.0 (1378535)|VARIABLE_ASSIGNMENT|[5]|contBefore|{"LastName":"TestContact1","Points__c":10,"Email":"amancebo@altimetrik. (3 more) ..."}|0xb878c0e
15:20:47.0 (1387732)|STATEMENT_EXECUTE|[6]
15:20:47.0 (1412536)|HEAP_ALLOCATE|[6]|Bytes:8
15:20:47.0 (1422048)|DML_BEGIN|[6]|Op:Upsert|Type:Contact|Rows:1
15:20:47.0 (1449539)|HEAP_ALLOCATE|[EXTERNAL]|Bytes:8
15:20:47.0 (10304736)|CODE_UNIT_STARTED|[EXTERNAL]|DuplicateDetector
15:20:47.0 (10333021)|DUPLICATE_DETECTION_BEGIN
15:20:47.0 (10681800)|DUPLICATE_DETECTION_RULE_INVOCATION|DuplicateRuleId:0Bmf4000005NvDQ|DuplicateRuleName:Standard Contact Duplicate Rule|DmlType:INSERT
15:20:47.0 (35566979)|DUPLICATE_DETECTION_MATCH_INVOCATION_DETAILS|EntityType:Contact|ActionTaken:Allow_[Alert,Report]|DuplicateRecordIds:
15:20:47.0 (35594993)|DUPLICATE_DETECTION_MATCH_INVOCATION_SUMMARY|EntityType:Contact|NumRecordsToBeSaved:1|NumRecordsToBeSavedWithDuplicates:0|NumDuplicateRecordsFound:0
15:20:47.0 (35605003)|DUPLICATE_DETECTION_MATCH_INVOCATION_DETAILS|EntityType:Contact|ActionTaken:Allow_[Alert,Report]|DuplicateRecordIds:
15:20:47.0 (35611635)|DUPLICATE_DETECTION_MATCH_INVOCATION_SUMMARY|EntityType:Contact|NumRecordsToBeSaved:1|NumRecordsToBeSavedWithDuplicates:0|NumDuplicateRecordsFound:0
15:20:47.0 (35749615)|DUPLICATE_DETECTION_END
15:20:47.0 (35756822)|CODE_UNIT_FINISHED|DuplicateDetector
15:20:47.0 (60363007)|DML_END|[6]
15:20:47.0 (60391122)|STATEMENT_EXECUTE|[8]
15:20:47.0 (60398623)|HEAP_ALLOCATE|[8]|Bytes:72
15:20:47.0 (60423260)|HEAP_ALLOCATE|[8]|Bytes:4
15:20:47.0 (60584614)|SOQL_EXECUTE_BEGIN|[8]|Aggregations:0|SELECT Id, Points__c, Email FROM Contact WHERE LastName = 'TestContact1'
15:20:47.0 (65994324)|SOQL_EXECUTE_END|[8]|Rows:1
15:20:47.0 (66028465)|HEAP_ALLOCATE|[8]|Bytes:8
15:20:47.0 (66053138)|HEAP_ALLOCATE|[8]|Bytes:110
15:20:47.0 (66143610)|HEAP_ALLOCATE|[8]|Bytes:8
15:20:47.0 (66159704)|HEAP_ALLOCATE|[8]|Bytes:33
15:20:47.0 (66198900)|HEAP_ALLOCATE|[8]|Bytes:16
15:20:47.0 (66229829)|VARIABLE_ASSIGNMENT|[8]|contBefore|{"Id":"003f400000Pu5HeAAJ","Points__c":10,"Email":"amancebo@altimetrik. (3 more) ..."}|0xd286eec
15:20:47.0 (66238554)|STATEMENT_EXECUTE|[10]
15:20:47.0 (66278663)|HEAP_ALLOCATE|[10]|Bytes:4
15:20:47.0 (66358538)|HEAP_ALLOCATE|[10]|Bytes:9
15:20:47.0 (66402995)|VARIABLE_ASSIGNMENT|[10]|this.Name|"TestTask1"|0x62ac83f3
15:20:47.0 (66411514)|HEAP_ALLOCATE|[10]|Bytes:4
15:20:47.0 (66435899)|VARIABLE_ASSIGNMENT|[10]|this.Difficulty__c|"Hard"|0x62ac83f3
15:20:47.0 (66449376)|HEAP_ALLOCATE|[10]|Bytes:5
15:20:47.0 (66480918)|VARIABLE_ASSIGNMENT|[10]|this.Type__c|"Daily"|0x62ac83f3
15:20:47.0 (66533214)|VARIABLE_ASSIGNMENT|[10]|this.Contact__c|"003f400000Pu5HeAAJ"|0x62ac83f3
15:20:47.0 (66541904)|HEAP_ALLOCATE|[10]|Bytes:10
15:20:47.0 (66658123)|HEAP_ALLOCATE|[10]|Bytes:4
15:20:47.0 (66706008)|VARIABLE_ASSIGNMENT|[10]|this.DueDate__c|"2018-01-06T00:00:00.000Z"|0x62ac83f3
15:20:47.0 (66737596)|VARIABLE_SCOPE_BEGIN|[10]|task|HTask__c|true|false
15:20:47.0 (66762296)|VARIABLE_ASSIGNMENT|[10]|task|{"Name":"TestTask1","Difficulty__c":"Hard","Type__c":"Daily","Contact__c":"003f400000Pu5HeAAJ","DueDate__c":"2018-01-06T00:00:00.000Z"}|0x62ac83f3
15:20:47.0 (66770390)|STATEMENT_EXECUTE|[11]
15:20:47.0 (66790484)|HEAP_ALLOCATE|[11]|Bytes:8
15:20:47.0 (66803027)|DML_BEGIN|[11]|Op:Upsert|Type:HTask__c|Rows:1
15:20:47.0 (66833839)|HEAP_ALLOCATE|[EXTERNAL]|Bytes:8
15:20:47.0 (81775029)|CODE_UNIT_STARTED|[EXTERNAL]|Validation:HTask:new
15:20:47.0 (81797047)|VALIDATION_RULE|03df40000002ejE|ContactRequired
15:20:47.0 (81892787)|VALIDATION_FORMULA|ISBLANK(Contact__c)|Contact__c=003f400000Pu5He
15:20:47.0 (81901796)|VALIDATION_PASS
15:20:47.0 (81904353)|VALIDATION_RULE|03df40000002ejO|DificultyRequired
15:20:47.0 (81967788)|VALIDATION_FORMULA|ISBLANK(TEXT(Difficulty__c))|Difficulty__c=Hard
15:20:47.0 (81974279)|VALIDATION_PASS
15:20:47.0 (81976071)|VALIDATION_RULE|03df40000002bNN|StatusNone
15:20:47.0 (82068703)|VALIDATION_FORMULA|TEXT(Status__c) <> 'New'  
&& TEXT(Status__c) <> 'In Progress'
&& TEXT(Status__c) <> 'Completed'|Status__c=New
15:20:47.0 (82075727)|VALIDATION_PASS
15:20:47.0 (82139235)|CODE_UNIT_FINISHED|Validation:HTask:new
15:20:47.0 (98026782)|DML_END|[11]
15:20:47.0 (98063415)|STATEMENT_EXECUTE|[13]
15:20:47.0 (98096660)|HEAP_ALLOCATE|[13]|Bytes:4
15:20:47.0 (98124325)|HEAP_ALLOCATE|[13]|Bytes:12
15:20:47.0 (98170682)|VARIABLE_ASSIGNMENT|[13]|this.LastName|"TestContact2"|0x76a61ec2
15:20:47.0 (98205803)|HEAP_ALLOCATE|[13]|Bytes:28
15:20:47.0 (98210416)|HEAP_ALLOCATE|[13]|Bytes:28
15:20:47.0 (98233973)|VARIABLE_ASSIGNMENT|[13]|this.Points__c|10|0x76a61ec2
15:20:47.0 (98272113)|VARIABLE_SCOPE_BEGIN|[13]|cont2|Contact|true|false
15:20:47.0 (98299763)|VARIABLE_ASSIGNMENT|[13]|cont2|{"LastName":"TestContact2","Points__c":10}|0x76a61ec2
15:20:47.0 (98306772)|STATEMENT_EXECUTE|[14]
15:20:47.0 (98335712)|HEAP_ALLOCATE|[14]|Bytes:8
15:20:47.0 (98345085)|DML_BEGIN|[14]|Op:Upsert|Type:Contact|Rows:1
15:20:47.0 (98389542)|HEAP_ALLOCATE|[EXTERNAL]|Bytes:8
15:20:47.0 (100089080)|CODE_UNIT_STARTED|[EXTERNAL]|DuplicateDetector
15:20:47.0 (100113671)|DUPLICATE_DETECTION_BEGIN
15:20:47.0 (100176960)|DUPLICATE_DETECTION_RULE_INVOCATION|DuplicateRuleId:0Bmf4000005NvDQ|DuplicateRuleName:Standard Contact Duplicate Rule|DmlType:INSERT
15:20:47.0 (539998824)|DUPLICATE_DETECTION_MATCH_INVOCATION_DETAILS|EntityType:Contact|ActionTaken:Allow_[Alert,Report]|DuplicateRecordIds:
15:20:47.0 (540024641)|DUPLICATE_DETECTION_MATCH_INVOCATION_SUMMARY|EntityType:Contact|NumRecordsToBeSaved:1|NumRecordsToBeSavedWithDuplicates:0|NumDuplicateRecordsFound:0
15:20:47.0 (540034481)|DUPLICATE_DETECTION_MATCH_INVOCATION_DETAILS|EntityType:Contact|ActionTaken:Allow_[Alert,Report]|DuplicateRecordIds:
15:20:47.0 (540041384)|DUPLICATE_DETECTION_MATCH_INVOCATION_SUMMARY|EntityType:Contact|NumRecordsToBeSaved:1|NumRecordsToBeSavedWithDuplicates:0|NumDuplicateRecordsFound:0
15:20:47.0 (540206717)|DUPLICATE_DETECTION_END
15:20:47.0 (540214055)|CODE_UNIT_FINISHED|DuplicateDetector
15:20:47.0 (553545033)|DML_END|[14]
15:20:47.0 (553597318)|STATEMENT_EXECUTE|[16]
15:20:47.0 (553613736)|HEAP_ALLOCATE|[16]|Bytes:65
15:20:47.0 (553672799)|HEAP_ALLOCATE|[16]|Bytes:4
15:20:47.0 (553955286)|SOQL_EXECUTE_BEGIN|[16]|Aggregations:0|SELECT Id, Points__c FROM Contact WHERE LastName = 'TestContact2'
15:20:47.0 (559993156)|SOQL_EXECUTE_END|[16]|Rows:1
15:20:47.0 (560039636)|HEAP_ALLOCATE|[16]|Bytes:8
15:20:47.0 (560066347)|HEAP_ALLOCATE|[16]|Bytes:78
15:20:47.0 (560122908)|HEAP_ALLOCATE|[16]|Bytes:8
15:20:47.0 (560164787)|HEAP_ALLOCATE|[16]|Bytes:12
15:20:47.0 (560202356)|VARIABLE_ASSIGNMENT|[16]|cont2|{"Id":"003f400000Pu5HfAAJ","Points__c":10}|0x2203fd8d
15:20:47.0 (560213238)|STATEMENT_EXECUTE|[18]
15:20:47.0 (560240302)|HEAP_ALLOCATE|[18]|Bytes:4
15:20:47.0 (560259785)|HEAP_ALLOCATE|[18]|Bytes:9
15:20:47.0 (560306119)|VARIABLE_ASSIGNMENT|[18]|this.Name|"TestTask2"|0x55583456
15:20:47.0 (560329612)|VARIABLE_ASSIGNMENT|[18]|this.Type__c|"Daily"|0x55583456
15:20:47.0 (560398725)|VARIABLE_ASSIGNMENT|[18]|this.Contact__c|"003f400000Pu5HfAAJ"|0x55583456
15:20:47.0 (560424376)|HEAP_ALLOCATE|[18]|Bytes:9
15:20:47.0 (560451531)|VARIABLE_ASSIGNMENT|[18]|this.Status__c|"Completed"|0x55583456
15:20:47.0 (560510781)|VARIABLE_SCOPE_BEGIN|[18]|task2|HTask__c|true|false
15:20:47.0 (560540607)|VARIABLE_ASSIGNMENT|[18]|task2|{"Name":"TestTask2","Type__c":"Daily","Contact__c":"003f400000Pu5HfAAJ","Status__c":"Completed"}|0x55583456
15:20:47.0 (560551758)|STATEMENT_EXECUTE|[19]
15:20:47.0 (560588122)|HEAP_ALLOCATE|[19]|Bytes:8
15:20:47.0 (560602726)|DML_BEGIN|[19]|Op:Upsert|Type:HTask__c|Rows:1
15:20:47.0 (560648013)|HEAP_ALLOCATE|[EXTERNAL]|Bytes:8
15:20:47.0 (563699858)|CODE_UNIT_STARTED|[EXTERNAL]|Validation:HTask:new
15:20:47.0 (563717696)|VALIDATION_RULE|03df40000002ejE|ContactRequired
15:20:47.0 (563800823)|VALIDATION_FORMULA|ISBLANK(Contact__c)|Contact__c=003f400000Pu5Hf
15:20:47.0 (563808359)|VALIDATION_PASS
15:20:47.0 (563810883)|VALIDATION_RULE|03df40000002ejO|DificultyRequired
15:20:47.0 (563871232)|VALIDATION_FORMULA|ISBLANK(TEXT(Difficulty__c))|Difficulty__c=Trivial
15:20:47.0 (563877786)|VALIDATION_PASS
15:20:47.0 (563879579)|VALIDATION_RULE|03df40000002bNN|StatusNone
15:20:47.0 (563992968)|VALIDATION_FORMULA|TEXT(Status__c) <> 'New'  
&& TEXT(Status__c) <> 'In Progress'
&& TEXT(Status__c) <> 'Completed'|Status__c=Completed
15:20:47.0 (564000643)|VALIDATION_PASS
15:20:47.0 (564063566)|CODE_UNIT_FINISHED|Validation:HTask:new
15:20:47.0 (575326955)|DML_END|[19]
15:20:47.0 (575364318)|STATEMENT_EXECUTE|[21]
15:20:47.0 (575374244)|HEAP_ALLOCATE|[21]|Bytes:11
15:20:47.0 (575401700)|VARIABLE_SCOPE_BEGIN|[21]|chron|String|false|false
15:20:47.0 (575431414)|VARIABLE_ASSIGNMENT|[21]|chron|"0 0 0 * * ?"
15:20:47.0 (575441181)|STATEMENT_EXECUTE|[22]
15:20:47.0 (575487913)|HEAP_ALLOCATE|[22]|Bytes:63
15:20:47.0 (575502641)|SYSTEM_METHOD_ENTRY|[1]|Test.Test()
15:20:47.0 (575507690)|STATEMENT_EXECUTE|[1]
15:20:47.0 (575516588)|SYSTEM_METHOD_EXIT|[1]|Test
15:20:47.0 (575534478)|METHOD_ENTRY|[22]||System.Test.startTest()
15:20:47.0 (576752061)|METHOD_EXIT|[22]||System.Test.startTest()
15:20:47.0 (576765179)|STATEMENT_EXECUTE|[23]
15:20:47.0 (576770683)|HEAP_ALLOCATE|[23]|Bytes:13
15:20:47.0 (587037637)|HEAP_ALLOCATE|[23]|Bytes:13
15:20:47.0 (587063767)|HEAP_ALLOCATE|[23]|Bytes:5
15:20:47.0 (587090776)|METHOD_ENTRY|[1]|01pf400000FQMpS|EndOfDaySchedule.EndOfDaySchedule()
15:20:47.0 (587104973)|STATEMENT_EXECUTE|[1]
15:20:47.0 (587114799)|STATEMENT_EXECUTE|[1]
15:20:47.0 (587125187)|METHOD_EXIT|[1]|EndOfDaySchedule
15:20:47.0 (587188330)|HEAP_ALLOCATE|[23]|Bytes:4
15:20:47.0 (587216832)|CONSTRUCTOR_ENTRY|[23]|01pf400000FQMpS|<init>()
15:20:47.0 (587267163)|VARIABLE_SCOPE_BEGIN|[1]|this|EndOfDaySchedule|true|false
15:20:47.0 (587314698)|VARIABLE_ASSIGNMENT|[1]|this|{}|0x77f5a342
15:20:47.0 (587368973)|HEAP_ALLOCATE|[EXTERNAL]|Bytes:6
15:20:47.0 (587424091)|STATEMENT_EXECUTE|[1]
15:20:47.0 (587436062)|CONSTRUCTOR_EXIT|[23]|01pf400000FQMpS|<init>()
15:20:47.0 (615475432)|STATEMENT_EXECUTE|[24]
15:20:47.0 (615512618)|METHOD_ENTRY|[24]||System.Test.stopTest()
15:20:47.0 (619322142)|CODE_UNIT_STARTED|[EXTERNAL]|01pf400000FQMpS|Test EndOfDay
15:20:47.0 (624012682)|HEAP_ALLOCATE|[EXTERNAL]|Bytes:3
15:20:47.0 (624040518)|SYSTEM_METHOD_ENTRY|[1]|SchedulableContextImpl.SchedulableContextImpl()
15:20:47.0 (624046895)|STATEMENT_EXECUTE|[1]
15:20:47.0 (624070592)|SYSTEM_METHOD_EXIT|[1]|SchedulableContextImpl
15:20:47.0 (624080559)|HEAP_ALLOCATE|[EXTERNAL]|Bytes:8
15:20:47.0 (624087811)|HEAP_ALLOCATE|[EXTERNAL]|Bytes:4
15:20:47.0 (624097731)|VARIABLE_SCOPE_BEGIN|[4]|this|System.SchedulableContextImpl|true|false
15:20:47.0 (624140012)|VARIABLE_ASSIGNMENT|[4]|this|{}|0xed01498
15:20:47.0 (624147307)|VARIABLE_SCOPE_BEGIN|[4]|triggerId|Id|false|false
15:20:47.0 (624277924)|VARIABLE_ASSIGNMENT|[4]|triggerId|"08ef400000L0ESEAA3"
15:20:47.0 (624373399)|HEAP_ALLOCATE|[EXTERNAL]|Bytes:4
15:20:47.0 (624378726)|HEAP_ALLOCATE|[EXTERNAL]|Bytes:8
15:20:47.0 (624386274)|VARIABLE_SCOPE_BEGIN|[3]|this|EndOfDaySchedule|true|false
15:20:47.0 (624401502)|VARIABLE_ASSIGNMENT|[3]|this|{}|0x79af70a
15:20:47.0 (624407579)|VARIABLE_SCOPE_BEGIN|[3]|SC|System.SchedulableContext|true|false
15:20:47.0 (624463978)|VARIABLE_ASSIGNMENT|[3]|SC|{"triggerId":"08ef400000L0ESEAA3"}|0xed01498
15:20:47.0 (624489339)|STATEMENT_EXECUTE|[3]
15:20:47.0 (624492119)|STATEMENT_EXECUTE|[5]
15:20:47.0 (624507809)|METHOD_ENTRY|[5]|01pf400000FQMpS|EndOfDaySchedule.resolveDailyTaskPoints()
15:20:47.0 (624535002)|STATEMENT_EXECUTE|[12]
15:20:47.0 (624537915)|STATEMENT_EXECUTE|[14]
15:20:47.0 (624542307)|HEAP_ALLOCATE|[14]|Bytes:127
15:20:47.0 (624562689)|HEAP_ALLOCATE|[14]|Bytes:4
15:20:47.0 (624572410)|HEAP_ALLOCATE|[14]|Bytes:7
15:20:47.0 (624616845)|HEAP_ALLOCATE|[18]|Bytes:4
15:20:47.0 (624913292)|SOQL_EXECUTE_BEGIN|[14]|Aggregations:0|SELECT Id, Contact__c, Points__c FROM HTask__c WHERE (Status__c != 'Completed' AND Type__c = 'Daily' AND DueDate__c < :tmpVar1)
15:20:47.0 (637729176)|SOQL_EXECUTE_END|[14]|Rows:1
15:20:47.0 (637775429)|HEAP_ALLOCATE|[14]|Bytes:8
15:20:47.0 (637800547)|HEAP_ALLOCATE|[14]|Bytes:110
15:20:47.0 (637917697)|HEAP_ALLOCATE|[14]|Bytes:8
15:20:47.0 (637953596)|VARIABLE_SCOPE_BEGIN|[14]|ltask|List<HTask__c>|true|false
15:20:47.0 (638002651)|VARIABLE_ASSIGNMENT|[14]|ltask|[{"Id":"a00f4000009WH4uAAG","Contact__c":"003f400000Pu5HeAAJ","Points__c":2.50}]|0x4df2abf2
15:20:47.0 (638019332)|STATEMENT_EXECUTE|[20]
15:20:47.0 (638092788)|HEAP_ALLOCATE|[20]|Bytes:4
15:20:47.0 (638144680)|VARIABLE_SCOPE_BEGIN|[20]|lcont|Map<String,Contact>|true|false
15:20:47.0 (638171928)|VARIABLE_ASSIGNMENT|[20]|lcont|{}|0x57a2bc1
15:20:47.0 (638475572)|HEAP_ALLOCATE|[22]|Bytes:5
15:20:47.0 (638499900)|HEAP_ALLOCATE|[22]|Bytes:16
15:20:47.0 (638510525)|VARIABLE_SCOPE_BEGIN|[22]|task|HTask__c|true|false
15:20:47.0 (638530975)|VARIABLE_ASSIGNMENT|[22]|task|{"Id":"a00f4000009WH4uAAG","Contact__c":"003f400000Pu5HeAAJ","Points__c":2.50}|0x2d8e31f2
15:20:47.0 (638542602)|STATEMENT_EXECUTE|[22]
15:20:47.0 (638666380)|STATEMENT_EXECUTE|[24]
15:20:47.0 (638669979)|STATEMENT_EXECUTE|[25]
15:20:47.0 (638676502)|HEAP_ALLOCATE|[25]|Bytes:59
15:20:47.0 (638695839)|HEAP_ALLOCATE|[25]|Bytes:4
15:20:47.0 (638917889)|SOQL_EXECUTE_BEGIN|[25]|Aggregations:0|SELECT Id, Name, Points__c FROM Contact WHERE Id = :tmpVar1
15:20:47.0 (643023347)|SOQL_EXECUTE_END|[25]|Rows:1
15:20:47.0 (643063683)|HEAP_ALLOCATE|[25]|Bytes:8
15:20:47.0 (643088378)|HEAP_ALLOCATE|[25]|Bytes:98
15:20:47.0 (643155665)|HEAP_ALLOCATE|[25]|Bytes:8
15:20:47.0 (643203990)|HEAP_ALLOCATE|[25]|Bytes:16
15:20:47.0 (643221492)|VARIABLE_SCOPE_BEGIN|[25]|conta|Contact|true|false
15:20:47.0 (643259799)|VARIABLE_ASSIGNMENT|[25]|conta|{"Id":"003f400000Pu5HeAAJ","Name":"TestContact1","Points__c":10}|0x329466a2
15:20:47.0 (643272334)|STATEMENT_EXECUTE|[26]
15:20:47.0 (643417477)|HEAP_ALLOCATE|[26]|Bytes:28
15:20:47.0 (643487800)|VARIABLE_ASSIGNMENT|[26]|this.Points__c|7.50|0x329466a2
15:20:47.0 (643499811)|STATEMENT_EXECUTE|[27]
15:20:47.0 (643595881)|HEAP_ALLOCATE|[EXTERNAL]|Bytes:-4
15:20:47.0 (643632086)|HEAP_ALLOCATE|[22]|Bytes:5
15:20:47.0 (643658381)|VARIABLE_ASSIGNMENT|[22]|task|null|
15:20:47.0 (643668890)|STATEMENT_EXECUTE|[35]
15:20:47.0 (643703979)|HEAP_ALLOCATE|[EXTERNAL]|Bytes:8
15:20:47.0 (643720244)|HEAP_ALLOCATE|[35]|Bytes:105
15:20:47.0 (643783746)|DML_BEGIN|[35]|Op:Update|Type:Contact|Rows:1
15:20:47.0 (643829038)|HEAP_ALLOCATE|[EXTERNAL]|Bytes:8
15:20:47.0 (649893247)|CODE_UNIT_STARTED|[EXTERNAL]|DuplicateDetector
15:20:47.0 (649922962)|DUPLICATE_DETECTION_BEGIN
15:20:47.0 (650003492)|DUPLICATE_DETECTION_RULE_INVOCATION|DuplicateRuleId:0Bmf4000005NvDQ|DuplicateRuleName:Standard Contact Duplicate Rule|DmlType:UPDATE
15:20:47.0 (650106529)|DUPLICATE_DETECTION_END
15:20:47.0 (650114606)|CODE_UNIT_FINISHED|DuplicateDetector
15:20:47.0 (664619642)|DML_END|[35]
15:20:47.0 (664688252)|HEAP_ALLOCATE|[EXTERNAL]|Bytes:8
15:20:47.0 (664720342)|METHOD_EXIT|[5]|01pf400000FQMpS|EndOfDaySchedule.resolveDailyTaskPoints()
15:20:47.0 (664749548)|STATEMENT_EXECUTE|[7]
15:20:47.0 (664775523)|METHOD_ENTRY|[7]|01pf400000FQMpS|EndOfDaySchedule.sendEmails()
15:20:47.0 (664837534)|STATEMENT_EXECUTE|[38]
15:20:47.0 (664840586)|STATEMENT_EXECUTE|[39]
15:20:47.0 (664848589)|HEAP_ALLOCATE|[39]|Bytes:96
15:20:47.0 (664874870)|HEAP_ALLOCATE|[39]|Bytes:4
15:20:47.0 (665127412)|SOQL_EXECUTE_BEGIN|[39]|Aggregations:0|SELECT Id, Name, Contact__c FROM HTask__c WHERE (Status__c != 'Completed' AND Type__c = 'Daily')
15:20:47.0 (668694862)|SOQL_EXECUTE_END|[39]|Rows:1
15:20:47.0 (668721968)|HEAP_ALLOCATE|[39]|Bytes:8
15:20:47.0 (668736999)|HEAP_ALLOCATE|[39]|Bytes:78
15:20:47.0 (668767360)|HEAP_ALLOCATE|[39]|Bytes:8
15:20:47.0 (668783391)|VARIABLE_SCOPE_BEGIN|[39]|ltask|List<HTask__c>|true|false
15:20:47.0 (668816711)|VARIABLE_ASSIGNMENT|[39]|ltask|[{"Id":"a00f4000009WH4uAAG","Name":"TestTask1","Contact__c":"003f400000Pu5HeAAJ"}]|0x63f00ec1
15:20:47.0 (668825291)|STATEMENT_EXECUTE|[44]
15:20:47.0 (668875447)|HEAP_ALLOCATE|[44]|Bytes:4
15:20:47.0 (668912444)|VARIABLE_SCOPE_BEGIN|[44]|mtask|Map<String,List<HTask__c>>|true|false
15:20:47.0 (668930751)|VARIABLE_ASSIGNMENT|[44]|mtask|{}|0x51658634
15:20:47.0 (668983623)|HEAP_ALLOCATE|[46]|Bytes:5
15:20:47.0 (668998556)|HEAP_ALLOCATE|[46]|Bytes:16
15:20:47.0 (669006683)|VARIABLE_SCOPE_BEGIN|[46]|task|HTask__c|true|false
15:20:47.0 (669022400)|VARIABLE_ASSIGNMENT|[46]|task|{"Id":"a00f4000009WH4uAAG","Name":"TestTask1","Contact__c":"003f400000Pu5HeAAJ"}|0x19d49fd
15:20:47.0 (669029943)|STATEMENT_EXECUTE|[46]
15:20:47.0 (669113769)|STATEMENT_EXECUTE|[47]
15:20:47.0 (669116505)|STATEMENT_EXECUTE|[48]
15:20:47.0 (669135975)|HEAP_ALLOCATE|[48]|Bytes:4
15:20:47.0 (669173796)|HEAP_ALLOCATE|[EXTERNAL]|Bytes:4
15:20:47.0 (669180993)|HEAP_ALLOCATE|[EXTERNAL]|Bytes:-4
15:20:47.0 (669189068)|STATEMENT_EXECUTE|[51]
15:20:47.0 (669241524)|HEAP_ALLOCATE|[EXTERNAL]|Bytes:4
15:20:47.0 (669255992)|HEAP_ALLOCATE|[46]|Bytes:5
15:20:47.0 (669268975)|VARIABLE_ASSIGNMENT|[46]|task|null|
15:20:47.0 (669289061)|HEAP_ALLOCATE|[54]|Bytes:4
15:20:47.0 (669325242)|HEAP_ALLOCATE|[54]|Bytes:26
15:20:47.0 (669343239)|HEAP_ALLOCATE|[54]|Bytes:4
15:20:47.0 (669366938)|HEAP_ALLOCATE|[54]|Bytes:5
15:20:47.0 (669379911)|VARIABLE_SCOPE_BEGIN|[54]|contactId|String|false|false
15:20:47.0 (669391289)|VARIABLE_ASSIGNMENT|[54]|contactId|"003f400000Pu5HeAAJ"
15:20:47.0 (669396340)|STATEMENT_EXECUTE|[54]
15:20:47.0 (669397978)|STATEMENT_EXECUTE|[55]
15:20:47.0 (669401863)|HEAP_ALLOCATE|[55]|Bytes:49
15:20:47.0 (669414607)|HEAP_ALLOCATE|[55]|Bytes:4
15:20:47.0 (669547377)|SOQL_EXECUTE_BEGIN|[55]|Aggregations:0|SELECT Id, Email FROM Contact WHERE Id = :tmpVar1
15:20:47.0 (672395921)|SOQL_EXECUTE_END|[55]|Rows:1
15:20:47.0 (672420429)|HEAP_ALLOCATE|[55]|Bytes:8
15:20:47.0 (672433135)|HEAP_ALLOCATE|[55]|Bytes:61
15:20:47.0 (672463733)|HEAP_ALLOCATE|[55]|Bytes:8
15:20:47.0 (672488523)|HEAP_ALLOCATE|[55]|Bytes:12
15:20:47.0 (672498584)|VARIABLE_SCOPE_BEGIN|[55]|cont|Contact|true|false
15:20:47.0 (672519535)|VARIABLE_ASSIGNMENT|[55]|cont|{"Id":"003f400000Pu5HeAAJ","Email":"amancebo@altimetrik. (3 more) ..."}|0x106c5832
15:20:47.0 (672526963)|STATEMENT_EXECUTE|[56]
15:20:47.0 (672531472)|HEAP_ALLOCATE|[56]|Bytes:56
15:20:47.0 (672537437)|VARIABLE_SCOPE_BEGIN|[56]|message|String|false|false
15:20:47.0 (672548511)|VARIABLE_ASSIGNMENT|[56]|message|"Today you have this  (36 more) ..."
15:20:47.0 (672654099)|HEAP_ALLOCATE|[57]|Bytes:5
15:20:47.0 (672672090)|HEAP_ALLOCATE|[57]|Bytes:16
15:20:47.0 (672682283)|VARIABLE_SCOPE_BEGIN|[57]|task|HTask__c|true|false
15:20:47.0 (672703800)|VARIABLE_ASSIGNMENT|[57]|task|{"Id":"a00f4000009WH4uAAG","Name":"TestTask1","Contact__c":"003f400000Pu5HeAAJ"}|0x19d49fd
15:20:47.0 (672715064)|STATEMENT_EXECUTE|[57]
15:20:47.0 (672717446)|STATEMENT_EXECUTE|[58]
15:20:47.0 (672743473)|HEAP_ALLOCATE|[58]|Bytes:1
15:20:47.0 (672766563)|HEAP_ALLOCATE|[58]|Bytes:10
15:20:47.0 (672775033)|HEAP_ALLOCATE|[58]|Bytes:66
15:20:47.0 (672787857)|VARIABLE_ASSIGNMENT|[58]|message|"Today you have this  (46 more) ..."
15:20:47.0 (672807312)|HEAP_ALLOCATE|[57]|Bytes:5
15:20:47.0 (672823268)|VARIABLE_ASSIGNMENT|[57]|task|null|
15:20:47.0 (672831460)|STATEMENT_EXECUTE|[60]
15:20:47.0 (672835414)|HEAP_ALLOCATE|[60]|Bytes:17
15:20:47.0 (672843429)|HEAP_ALLOCATE|[60]|Bytes:83
15:20:47.0 (672853813)|VARIABLE_ASSIGNMENT|[60]|message|"Today you have this  (63 more) ..."
15:20:47.0 (672861040)|STATEMENT_EXECUTE|[62]
15:20:47.0 (672918127)|USER_DEBUG|[62]|DEBUG|amancebo@altimetrik.com
15:20:47.0 (672931569)|STATEMENT_EXECUTE|[63]
15:20:47.0 (672946072)|USER_DEBUG|[63]|DEBUG|Today you have this task that does not been completed: 
TestTask1

Have a good day!
15:20:47.0 (672957481)|STATEMENT_EXECUTE|[64]
15:20:47.0 (672979520)|METHOD_ENTRY|[64]|01pf400000FQMpS|EndOfDaySchedule.sendEmailToContact(String, String)
15:20:47.0 (673012864)|VARIABLE_SCOPE_BEGIN|[68]|email|String|false|false
15:20:47.0 (673030982)|VARIABLE_ASSIGNMENT|[68]|email|"amancebo@altimetrik. (3 more) ..."
15:20:47.0 (673038222)|VARIABLE_SCOPE_BEGIN|[68]|message|String|false|false
15:20:47.0 (673048578)|VARIABLE_ASSIGNMENT|[68]|message|"Today you have this  (63 more) ..."
15:20:47.0 (673074143)|STATEMENT_EXECUTE|[68]
15:20:47.0 (673076225)|STATEMENT_EXECUTE|[69]
15:20:47.0 (673148932)|VARIABLE_SCOPE_BEGIN|[69]|mail|Messaging.SingleEmailMessage|true|false
15:20:47.0 (673229126)|VARIABLE_ASSIGNMENT|[69]|mail|"common.api.soap.wsdl.SingleEmailMessage@44f86bf7"|0x586ee40e
15:20:47.0 (673239889)|STATEMENT_EXECUTE|[70]
15:20:47.0 (673509840)|STATEMENT_EXECUTE|[71]
15:20:47.0 (673523495)|HEAP_ALLOCATE|[71]|Bytes:4
15:20:47.0 (673562701)|VARIABLE_SCOPE_BEGIN|[71]|toAddresses|List<String>|true|false
15:20:47.0 (673597856)|HEAP_ALLOCATE|[EXTERNAL]|Bytes:8
15:20:47.0 (673617337)|VARIABLE_ASSIGNMENT|[71]|toAddresses|["amancebo@altimetrik. (3 more) ..."]|0x2a318af9
15:20:47.0 (673626222)|STATEMENT_EXECUTE|[72]
15:20:47.0 (673665332)|STATEMENT_EXECUTE|[73]
15:20:47.0 (673670887)|HEAP_ALLOCATE|[73]|Bytes:18
15:20:47.0 (673718238)|STATEMENT_EXECUTE|[74]
15:20:47.0 (673722335)|HEAP_ALLOCATE|[74]|Bytes:43
15:20:47.0 (673745187)|STATEMENT_EXECUTE|[75]
15:20:47.0 (673762473)|STATEMENT_EXECUTE|[76]
15:20:47.0 (673786142)|STATEMENT_EXECUTE|[77]
15:20:47.0 (673803413)|STATEMENT_EXECUTE|[78]
15:20:47.0 (673807254)|HEAP_ALLOCATE|[78]|Bytes:7
15:20:47.0 (673827170)|STATEMENT_EXECUTE|[79]
15:20:47.0 (673854834)|HEAP_ALLOCATE|[79]|Bytes:4
15:20:47.0 (673933492)|HEAP_ALLOCATE|[EXTERNAL]|Bytes:8
15:20:47.0 (673963288)|HEAP_ALLOCATE|[EXTERNAL]|Bytes:8
15:20:47.0 (693467879)|EMAIL_QUEUE|[79]|replyTo: amancebo@altimetrik.com, subject: You dont complete some daily task yesterday, senderDisplayName: Altibitica Support, bccSender: false, saveAsActivity: true, useSignature: false, toAddresses: [amancebo@altimetrik.com], plainTextBody: message, 
15:20:47.0 (693556031)|HEAP_ALLOCATE|[EXTERNAL]|Bytes:8
15:20:47.0 (693609298)|HEAP_ALLOCATE|[79]|Bytes:8
15:20:47.0 (693647248)|VARIABLE_SCOPE_BEGIN|[79]|results|List<Messaging.SendEmailResult>|true|false
15:20:47.0 (693761728)|VARIABLE_ASSIGNMENT|[79]|results|"common.apex.runtime.impl.ScalarList@39a2c294"|0x3066329d
15:20:47.0 (693784942)|METHOD_EXIT|[64]|01pf400000FQMpS|EndOfDaySchedule.sendEmailToContact(String, String)
15:20:47.0 (693816236)|HEAP_ALLOCATE|[54]|Bytes:5
15:20:47.0 (693835221)|VARIABLE_ASSIGNMENT|[54]|contactId|null
15:20:47.0 (693847581)|METHOD_EXIT|[7]|01pf400000FQMpS|EndOfDaySchedule.sendEmails()
15:20:47.0 (693858017)|STATEMENT_EXECUTE|[9]
15:20:47.0 (693873736)|METHOD_ENTRY|[9]|01pf400000FQMpS|EndOfDaySchedule.resetTaskStatus()
15:20:47.0 (693938594)|STATEMENT_EXECUTE|[82]
15:20:47.0 (693941399)|STATEMENT_EXECUTE|[84]
15:20:47.0 (693946275)|HEAP_ALLOCATE|[84]|Bytes:73
15:20:47.0 (693976201)|HEAP_ALLOCATE|[84]|Bytes:4
15:20:47.0 (694175123)|SOQL_EXECUTE_BEGIN|[84]|Aggregations:0|SELECT Id FROM HTask__c WHERE (Status__c != 'New' AND Type__c != 'TO-DO')
15:20:47.0 (696475881)|SOQL_EXECUTE_END|[84]|Rows:1
15:20:47.0 (696501831)|HEAP_ALLOCATE|[84]|Bytes:8
15:20:47.0 (696516759)|HEAP_ALLOCATE|[84]|Bytes:29
15:20:47.0 (696546880)|HEAP_ALLOCATE|[84]|Bytes:8
15:20:47.0 (696561020)|VARIABLE_SCOPE_BEGIN|[84]|ltask|List<HTask__c>|true|false
15:20:47.0 (696587364)|VARIABLE_ASSIGNMENT|[84]|ltask|[{"Id":"a00f4000009WH4vAAG"}]|0xf579ace
15:20:47.0 (696640684)|HEAP_ALLOCATE|[89]|Bytes:5
15:20:47.0 (696655116)|HEAP_ALLOCATE|[89]|Bytes:8
15:20:47.0 (696663646)|VARIABLE_SCOPE_BEGIN|[89]|task|HTask__c|true|false
15:20:47.0 (696676309)|VARIABLE_ASSIGNMENT|[89]|task|{"Id":"a00f4000009WH4vAAG"}|0x634c885d
15:20:47.0 (696684145)|STATEMENT_EXECUTE|[89]
15:20:47.0 (696686465)|STATEMENT_EXECUTE|[90]
15:20:47.0 (696690027)|HEAP_ALLOCATE|[90]|Bytes:3
15:20:47.0 (696723258)|HEAP_ALLOCATE|[90]|Bytes:-4
15:20:47.0 (696738504)|VARIABLE_ASSIGNMENT|[90]|this.Status__c|"New"|0x634c885d
15:20:47.0 (696753700)|HEAP_ALLOCATE|[89]|Bytes:5
15:20:47.0 (696765661)|VARIABLE_ASSIGNMENT|[89]|task|null|
15:20:47.0 (696770914)|STATEMENT_EXECUTE|[93]
15:20:47.0 (696804912)|DML_BEGIN|[93]|Op:Update|Type:HTask__c|Rows:1
15:20:47.0 (696835896)|HEAP_ALLOCATE|[EXTERNAL]|Bytes:8
15:20:47.0 (702289901)|CODE_UNIT_STARTED|[EXTERNAL]|Validation:HTask:a00f4000009WH4v
15:20:47.0 (702305098)|VALIDATION_RULE|03df40000002ejE|ContactRequired
15:20:47.0 (702389984)|VALIDATION_FORMULA|ISBLANK(Contact__c)|Contact__c=003f400000Pu5Hf
15:20:47.0 (702397541)|VALIDATION_PASS
15:20:47.0 (702400444)|VALIDATION_RULE|03df40000002ejO|DificultyRequired
15:20:47.0 (702460297)|VALIDATION_FORMULA|ISBLANK(TEXT(Difficulty__c))|Difficulty__c=Trivial
15:20:47.0 (702466681)|VALIDATION_PASS
15:20:47.0 (702468433)|VALIDATION_RULE|03df40000002bNN|StatusNone
15:20:47.0 (702551888)|VALIDATION_FORMULA|TEXT(Status__c) <> 'New'  
&& TEXT(Status__c) <> 'In Progress'
&& TEXT(Status__c) <> 'Completed'|Status__c=New
15:20:47.0 (702559531)|VALIDATION_PASS
15:20:47.0 (702617554)|CODE_UNIT_FINISHED|Validation:HTask:a00f4000009WH4v
15:20:47.0 (713020182)|CODE_UNIT_STARTED|[EXTERNAL]|01qf4000001HypC|completeHTaskTrigger on HTask trigger event AfterUpdate
15:20:47.0 (713066070)|HEAP_ALLOCATE|[EXTERNAL]|Bytes:8
15:20:47.0 (713093507)|HEAP_ALLOCATE|[EXTERNAL]|Bytes:8
15:20:47.0 (713263992)|HEAP_ALLOCATE|[EXTERNAL]|Bytes:12
15:20:47.0 (713311923)|VARIABLE_SCOPE_BEGIN|[1]|this|completeHTaskTrigger|true|false
15:20:47.0 (713363253)|VARIABLE_ASSIGNMENT|[1]|this|{}|0x4806b13e
15:20:47.0 (713411846)|HEAP_ALLOCATE|[EXTERNAL]|Bytes:12
15:20:47.0 (713425104)|VARIABLE_SCOPE_BEGIN|[1]|this|completeHTaskTrigger|true|false
15:20:47.0 (713444403)|VARIABLE_ASSIGNMENT|[1]|this|{}|0x4806b13e
15:20:47.0 (713458612)|STATEMENT_EXECUTE|[1]
15:20:47.0 (713461867)|STATEMENT_EXECUTE|[3]
15:20:47.0 (713467800)|HEAP_ALLOCATE|[3]|Bytes:99
15:20:47.0 (713488678)|HEAP_ALLOCATE|[3]|Bytes:4
15:20:47.0 (714229048)|SOQL_EXECUTE_BEGIN|[3]|Aggregations:0|SELECT Id, Contact__c, Type__c, Status__c, DueDate__c, Points__c FROM HTask__c WHERE Id IN :tmpVar1
15:20:47.0 (720623158)|SOQL_EXECUTE_END|[3]|Rows:1
15:20:47.0 (720651801)|HEAP_ALLOCATE|[3]|Bytes:8
15:20:47.0 (720671843)|HEAP_ALLOCATE|[3]|Bytes:142
15:20:47.0 (720705943)|HEAP_ALLOCATE|[3]|Bytes:8
15:20:47.0 (720725706)|HEAP_ALLOCATE|[3]|Bytes:34
15:20:47.0 (720750803)|HEAP_ALLOCATE|[3]|Bytes:24
15:20:47.0 (720806654)|VARIABLE_ASSIGNMENT|[3]|this.task|{"Id":"a00f4000009WH4vAAG","Contact__c":"003f400000Pu5HfAAJ","Type__c":"Daily","Status__c":"New","Points__c":0.50}|0x4806b13e
15:20:47.0 (720816881)|STATEMENT_EXECUTE|[5]
15:20:47.0 (720837439)|HEAP_ALLOCATE|[5]|Bytes:4
15:20:47.0 (721046347)|SOQL_EXECUTE_BEGIN|[5]|Aggregations:0|SELECT Id, Name, Points__c FROM Contact WHERE Id = :tmpVar1
15:20:47.0 (724683425)|SOQL_EXECUTE_END|[5]|Rows:1
15:20:47.0 (724705072)|HEAP_ALLOCATE|[5]|Bytes:8
15:20:47.0 (724721386)|HEAP_ALLOCATE|[5]|Bytes:98
15:20:47.0 (724753250)|HEAP_ALLOCATE|[5]|Bytes:8
15:20:47.0 (724781260)|HEAP_ALLOCATE|[5]|Bytes:16
15:20:47.0 (724815114)|VARIABLE_ASSIGNMENT|[5]|this.conta|{"Id":"003f400000Pu5HfAAJ","Name":"TestContact2","Points__c":10}|0x4806b13e
15:20:47.0 (724851193)|HEAP_ALLOCATE|[7]|Bytes:5
15:20:47.0 (724888342)|STATEMENT_EXECUTE|[19]
15:20:47.0 (724940145)|STATEMENT_EXECUTE|[20]
15:20:47.724 (724952969)|CUMULATIVE_LIMIT_USAGE
15:20:47.724 (724952969)|LIMIT_USAGE_FOR_NS|(default)|
  Number of SOQL queries: 7 out of 100
  Number of query rows: 7 out of 50000
  Number of SOSL queries: 0 out of 20
  Number of DML statements: 2 out of 150
  Number of DML rows: 2 out of 10000
  Maximum CPU time: 0 out of 10000
  Maximum heap size: 0 out of 6000000
  Number of callouts: 0 out of 100
  Number of Email Invocations: 1 out of 10
  Number of future calls: 0 out of 50
  Number of queueable jobs added to the queue: 0 out of 50
  Number of Mobile Apex push calls: 0 out of 10

15:20:47.724 (724952969)|CUMULATIVE_LIMIT_USAGE_END

15:20:47.0 (725757084)|CODE_UNIT_FINISHED|completeHTaskTrigger on HTask trigger event AfterUpdate
15:20:47.0 (726152324)|DML_END|[93]
15:20:47.0 (726182820)|HEAP_ALLOCATE|[EXTERNAL]|Bytes:8
15:20:47.0 (726202962)|METHOD_EXIT|[9]|01pf400000FQMpS|EndOfDaySchedule.resetTaskStatus()
15:20:47.726 (726214870)|CUMULATIVE_LIMIT_USAGE
15:20:47.726 (726214870)|LIMIT_USAGE_FOR_NS|(default)|
  Number of SOQL queries: 7 out of 100
  Number of query rows: 7 out of 50000
  Number of SOSL queries: 0 out of 20
  Number of DML statements: 2 out of 150
  Number of DML rows: 2 out of 10000
  Maximum CPU time: 0 out of 10000
  Maximum heap size: 0 out of 6000000
  Number of callouts: 0 out of 100
  Number of Email Invocations: 1 out of 10
  Number of future calls: 0 out of 50
  Number of queueable jobs added to the queue: 0 out of 50
  Number of Mobile Apex push calls: 0 out of 10

15:20:47.726 (726214870)|CUMULATIVE_LIMIT_USAGE_END

15:20:47.0 (726234311)|CODE_UNIT_FINISHED|Test EndOfDay
15:20:47.0 (730908425)|METHOD_EXIT|[24]||System.Test.stopTest()
15:20:47.0 (730926810)|STATEMENT_EXECUTE|[26]
15:20:47.0 (730937636)|HEAP_ALLOCATE|[26]|Bytes:65
15:20:47.0 (730968680)|HEAP_ALLOCATE|[26]|Bytes:4
15:20:47.0 (731145906)|SOQL_EXECUTE_BEGIN|[26]|Aggregations:0|SELECT Id, Points__c FROM Contact WHERE LastName = 'TestContact1'
15:20:47.0 (736148687)|SOQL_EXECUTE_END|[26]|Rows:1
15:20:47.0 (736195406)|HEAP_ALLOCATE|[26]|Bytes:8
15:20:47.0 (736216235)|HEAP_ALLOCATE|[26]|Bytes:78
15:20:47.0 (736266273)|HEAP_ALLOCATE|[26]|Bytes:8
15:20:47.0 (736308574)|HEAP_ALLOCATE|[26]|Bytes:12
15:20:47.0 (736319886)|VARIABLE_SCOPE_BEGIN|[26]|contAfter|Contact|true|false
15:20:47.0 (736353165)|VARIABLE_ASSIGNMENT|[26]|contAfter|{"Id":"003f400000Pu5HeAAJ","Points__c":7.5}|0x19829232
15:20:47.0 (736364294)|STATEMENT_EXECUTE|[27]
15:20:47.0 (736369398)|HEAP_ALLOCATE|[27]|Bytes:59
15:20:47.0 (736388902)|HEAP_ALLOCATE|[27]|Bytes:4
15:20:47.0 (736558702)|SOQL_EXECUTE_BEGIN|[27]|Aggregations:0|SELECT Id, Status__c FROM HTask__c WHERE Name = 'TestTask2'
15:20:47.0 (740684181)|SOQL_EXECUTE_END|[27]|Rows:1
15:20:47.0 (740715345)|HEAP_ALLOCATE|[27]|Bytes:8
15:20:47.0 (740732657)|HEAP_ALLOCATE|[27]|Bytes:45
15:20:47.0 (740781825)|HEAP_ALLOCATE|[27]|Bytes:8
15:20:47.0 (740835101)|HEAP_ALLOCATE|[27]|Bytes:12
15:20:47.0 (740865101)|VARIABLE_ASSIGNMENT|[27]|task2|{"Id":"a00f4000009WH4vAAG","Status__c":"New"}|0x658b9a5a
15:20:47.0 (740874926)|STATEMENT_EXECUTE|[28]
15:20:47.0 (740916769)|HEAP_ALLOCATE|[28]|Bytes:3
15:20:47.0 (740936593)|HEAP_ALLOCATE|[28]|Bytes:28
15:20:47.0 (741003522)|HEAP_ALLOCATE|[28]|Bytes:28
15:20:47.0 (741032233)|HEAP_ALLOCATE|[28]|Bytes:28
15:20:47.0 (741066768)|STATEMENT_EXECUTE|[29]
15:20:47.741 (741120845)|CUMULATIVE_LIMIT_USAGE
15:20:47.741 (741120845)|LIMIT_USAGE_FOR_NS|(default)|
  Number of SOQL queries: 4 out of 100
  Number of query rows: 4 out of 50000
  Number of SOSL queries: 0 out of 20
  Number of DML statements: 4 out of 150
  Number of DML rows: 4 out of 10000
  Maximum CPU time: 0 out of 10000
  Maximum heap size: 0 out of 6000000
  Number of callouts: 0 out of 100
  Number of Email Invocations: 0 out of 10
  Number of future calls: 0 out of 50
  Number of queueable jobs added to the queue: 0 out of 50
  Number of Mobile Apex push calls: 0 out of 10

15:20:47.741 (741120845)|TESTING_LIMITS
15:20:47.741 (741120845)|LIMIT_USAGE_FOR_NS|(default)|
  Number of SOQL queries: 0 out of 100
  Number of query rows: 0 out of 50000
  Number of SOSL queries: 0 out of 20
  Number of DML statements: 0 out of 150
  Number of DML rows: 0 out of 10000
  Maximum CPU time: 0 out of 10000
  Maximum heap size: 0 out of 6000000
  Number of callouts: 0 out of 100
  Number of Email Invocations: 0 out of 10
  Number of future calls: 0 out of 50
  Number of queueable jobs added to the queue: 0 out of 50
  Number of Mobile Apex push calls: 0 out of 10

15:20:47.741 (741120845)|CUMULATIVE_LIMIT_USAGE_END

15:20:47.0 (741164716)|CODE_UNIT_FINISHED|EndOfDayScheduleTest.dailyTest
15:20:47.0 (742269671)|EXECUTION_FINISHED
15:20:47.929 (929420370)|USER_INFO|[EXTERNAL]|005f4000002PiXT|amancebo.habitica@altimetrik.com|Argentine Time|GMT-03:00
15:20:47.929 (929461821)|EXECUTION_STARTED
15:20:47.929 (929466660)|CODE_UNIT_STARTED|[EXTERNAL]|DuplicateDetector
15:20:47.929 (929485614)|DUPLICATE_DETECTION_BEGIN
15:20:47.929 (929809511)|DUPLICATE_DETECTION_RULE_INVOCATION|DuplicateRuleId:0Bmf4000005NvDQ|DuplicateRuleName:Standard Contact Duplicate Rule|DmlType:UPDATE
15:20:47.929 (939235292)|DUPLICATE_DETECTION_END
15:20:47.929 (939245774)|CODE_UNIT_FINISHED|DuplicateDetector
15:20:47.929 (940033699)|EXECUTION_FINISHED
15:20:47.941 (941082772)|USER_INFO|[EXTERNAL]|005f4000002PiXT|amancebo.habitica@altimetrik.com|Argentine Time|GMT-03:00
15:20:47.941 (941114457)|EXECUTION_STARTED
15:20:47.941 (941118717)|CODE_UNIT_STARTED|[EXTERNAL]|DuplicateDetector
15:20:47.941 (941135781)|DUPLICATE_DETECTION_BEGIN
15:20:47.941 (941211035)|DUPLICATE_DETECTION_RULE_INVOCATION|DuplicateRuleId:0Bmf4000005NvDQ|DuplicateRuleName:Standard Contact Duplicate Rule|DmlType:INSERT
15:20:47.941 (949048760)|DUPLICATE_DETECTION_END
15:20:47.941 (949070355)|CODE_UNIT_FINISHED|DuplicateDetector
15:20:47.941 (949905111)|EXECUTION_FINISHED
