36.0 APEX_CODE,FINEST;APEX_PROFILING,INFO;CALLOUT,INFO;DB,INFO;SYSTEM,DEBUG;VALIDATION,INFO;VISUALFORCE,INFO;WAVE,INFO;WORKFLOW,INFO
17:04:07.0 (751596)|USER_INFO|[EXTERNAL]|005f4000002PiXT|amancebo.habitica@altimetrik.com|Argentine Time|GMT-03:00
17:04:07.0 (803292)|EXECUTION_STARTED
17:04:07.0 (809180)|CODE_UNIT_STARTED|[EXTERNAL]|01pf400000GkBRX|EndOfDayScheduleTest.dailyTest
17:04:07.0 (1073562)|HEAP_ALLOCATE|[72]|Bytes:3
17:04:07.0 (1140715)|HEAP_ALLOCATE|[77]|Bytes:152
17:04:07.0 (1157664)|HEAP_ALLOCATE|[342]|Bytes:408
17:04:07.0 (1172083)|HEAP_ALLOCATE|[355]|Bytes:408
17:04:07.0 (1189758)|HEAP_ALLOCATE|[467]|Bytes:48
17:04:07.0 (1225825)|HEAP_ALLOCATE|[139]|Bytes:6
17:04:07.0 (1242558)|HEAP_ALLOCATE|[EXTERNAL]|Bytes:50
17:04:07.0 (1290346)|METHOD_ENTRY|[2]|01pf400000GkBRX|EndOfDayScheduleTest.EndOfDayScheduleTest()
17:04:07.0 (1298297)|STATEMENT_EXECUTE|[2]
17:04:07.0 (1305781)|STATEMENT_EXECUTE|[2]
17:04:07.0 (1322660)|METHOD_EXIT|[2]|EndOfDayScheduleTest
17:04:07.0 (1556738)|HEAP_ALLOCATE|[50]|Bytes:5
17:04:07.0 (1587044)|HEAP_ALLOCATE|[56]|Bytes:5
17:04:07.0 (1595672)|HEAP_ALLOCATE|[64]|Bytes:7
17:04:07.0 (1642274)|STATEMENT_EXECUTE|[4]
17:04:07.0 (1644671)|STATEMENT_EXECUTE|[5]
17:04:07.0 (1695548)|HEAP_ALLOCATE|[5]|Bytes:4
17:04:07.0 (1773417)|HEAP_ALLOCATE|[5]|Bytes:12
17:04:07.0 (1829956)|VARIABLE_ASSIGNMENT|[5]|this.LastName|"TestContact1"|0x6e55eda5
17:04:07.0 (1872409)|HEAP_ALLOCATE|[5]|Bytes:28
17:04:07.0 (1877118)|HEAP_ALLOCATE|[5]|Bytes:28
17:04:07.0 (1908140)|VARIABLE_ASSIGNMENT|[5]|this.Points__c|10|0x6e55eda5
17:04:07.0 (1914791)|HEAP_ALLOCATE|[5]|Bytes:23
17:04:07.0 (1933222)|VARIABLE_ASSIGNMENT|[5]|this.Email|"amancebo@altimetrik. (3 more) ..."|0x6e55eda5
17:04:07.0 (1966234)|VARIABLE_SCOPE_BEGIN|[5]|contBefore|Contact|true|false
17:04:07.0 (2134585)|VARIABLE_ASSIGNMENT|[5]|contBefore|{"LastName":"TestContact1","Points__c":10,"Email":"amancebo@altimetrik. (3 more) ..."}|0x6e55eda5
17:04:07.0 (2144056)|STATEMENT_EXECUTE|[6]
17:04:07.0 (2175575)|HEAP_ALLOCATE|[6]|Bytes:8
17:04:07.0 (2186350)|DML_BEGIN|[6]|Op:Upsert|Type:Contact|Rows:1
17:04:07.0 (2220789)|HEAP_ALLOCATE|[EXTERNAL]|Bytes:8
17:04:07.0 (13671275)|CODE_UNIT_STARTED|[EXTERNAL]|DuplicateDetector
17:04:07.0 (13696139)|DUPLICATE_DETECTION_BEGIN
17:04:07.0 (14565109)|DUPLICATE_DETECTION_RULE_INVOCATION|DuplicateRuleId:0Bmf4000005NvDQ|DuplicateRuleName:Standard Contact Duplicate Rule|DmlType:INSERT
17:04:07.0 (40167143)|DUPLICATE_DETECTION_MATCH_INVOCATION_DETAILS|EntityType:Contact|ActionTaken:Allow_[Alert,Report]|DuplicateRecordIds:
17:04:07.0 (40196878)|DUPLICATE_DETECTION_MATCH_INVOCATION_SUMMARY|EntityType:Contact|NumRecordsToBeSaved:1|NumRecordsToBeSavedWithDuplicates:0|NumDuplicateRecordsFound:0
17:04:07.0 (40208877)|DUPLICATE_DETECTION_MATCH_INVOCATION_DETAILS|EntityType:Contact|ActionTaken:Allow_[Alert,Report]|DuplicateRecordIds:
17:04:07.0 (40216413)|DUPLICATE_DETECTION_MATCH_INVOCATION_SUMMARY|EntityType:Contact|NumRecordsToBeSaved:1|NumRecordsToBeSavedWithDuplicates:0|NumDuplicateRecordsFound:0
17:04:07.0 (40386928)|DUPLICATE_DETECTION_END
17:04:07.0 (40397793)|CODE_UNIT_FINISHED|DuplicateDetector
17:04:07.0 (71036448)|DML_END|[6]
17:04:07.0 (71067719)|STATEMENT_EXECUTE|[8]
17:04:07.0 (71075036)|HEAP_ALLOCATE|[8]|Bytes:72
17:04:07.0 (71099388)|HEAP_ALLOCATE|[8]|Bytes:4
17:04:07.0 (71284624)|SOQL_EXECUTE_BEGIN|[8]|Aggregations:0|SELECT Id, Points__c, Email FROM Contact WHERE LastName = 'TestContact1'
17:04:07.0 (76996371)|SOQL_EXECUTE_END|[8]|Rows:1
17:04:07.0 (77019786)|HEAP_ALLOCATE|[8]|Bytes:8
17:04:07.0 (77037841)|HEAP_ALLOCATE|[8]|Bytes:110
17:04:07.0 (77105283)|HEAP_ALLOCATE|[8]|Bytes:8
17:04:07.0 (77124157)|HEAP_ALLOCATE|[8]|Bytes:33
17:04:07.0 (77170458)|HEAP_ALLOCATE|[8]|Bytes:16
17:04:07.0 (77209338)|VARIABLE_ASSIGNMENT|[8]|contBefore|{"Id":"003f400000Pu6s1AAB","Points__c":10,"Email":"amancebo@altimetrik. (3 more) ..."}|0x2957e087
17:04:07.0 (77217863)|STATEMENT_EXECUTE|[10]
17:04:07.0 (77253629)|HEAP_ALLOCATE|[10]|Bytes:4
17:04:07.0 (77318885)|HEAP_ALLOCATE|[10]|Bytes:9
17:04:07.0 (77358319)|VARIABLE_ASSIGNMENT|[10]|this.Name|"TestTask1"|0x1ab35bda
17:04:07.0 (77366119)|HEAP_ALLOCATE|[10]|Bytes:4
17:04:07.0 (77384921)|VARIABLE_ASSIGNMENT|[10]|this.Difficulty__c|"Hard"|0x1ab35bda
17:04:07.0 (77391899)|HEAP_ALLOCATE|[10]|Bytes:5
17:04:07.0 (77404518)|VARIABLE_ASSIGNMENT|[10]|this.Type__c|"Daily"|0x1ab35bda
17:04:07.0 (77442557)|VARIABLE_ASSIGNMENT|[10]|this.Contact__c|"003f400000Pu6s1AAB"|0x1ab35bda
17:04:07.0 (77449185)|HEAP_ALLOCATE|[10]|Bytes:10
17:04:07.0 (77583604)|HEAP_ALLOCATE|[10]|Bytes:4
17:04:07.0 (77648504)|VARIABLE_ASSIGNMENT|[10]|this.DueDate__c|"2018-01-06T00:00:00.000Z"|0x1ab35bda
17:04:07.0 (77678210)|VARIABLE_SCOPE_BEGIN|[10]|task|HTask__c|true|false
17:04:07.0 (77699934)|VARIABLE_ASSIGNMENT|[10]|task|{"Name":"TestTask1","Difficulty__c":"Hard","Type__c":"Daily","Contact__c":"003f400000Pu6s1AAB","DueDate__c":"2018-01-06T00:00:00.000Z"}|0x1ab35bda
17:04:07.0 (77707171)|STATEMENT_EXECUTE|[11]
17:04:07.0 (77726689)|HEAP_ALLOCATE|[11]|Bytes:8
17:04:07.0 (77736399)|DML_BEGIN|[11]|Op:Upsert|Type:HTask__c|Rows:1
17:04:07.0 (77760661)|HEAP_ALLOCATE|[EXTERNAL]|Bytes:8
17:04:07.0 (92098568)|CODE_UNIT_STARTED|[EXTERNAL]|Validation:HTask:new
17:04:07.0 (92123990)|VALIDATION_RULE|03df40000002ejE|ContactRequired
17:04:07.0 (92241408)|VALIDATION_FORMULA|ISBLANK(Contact__c)|Contact__c=003f400000Pu6s1
17:04:07.0 (92249174)|VALIDATION_PASS
17:04:07.0 (92251315)|VALIDATION_RULE|03df40000002ejO|DificultyRequired
17:04:07.0 (92311525)|VALIDATION_FORMULA|ISBLANK(TEXT(Difficulty__c))|Difficulty__c=Hard
17:04:07.0 (92317328)|VALIDATION_PASS
17:04:07.0 (92319104)|VALIDATION_RULE|03df40000002bNN|StatusNone
17:04:07.0 (92402345)|VALIDATION_FORMULA|TEXT(Status__c) <> 'New'  
&& TEXT(Status__c) <> 'In Progress'
&& TEXT(Status__c) <> 'Completed'|Status__c=New
17:04:07.0 (92408531)|VALIDATION_PASS
17:04:07.0 (92469885)|CODE_UNIT_FINISHED|Validation:HTask:new
17:04:07.0 (105483717)|DML_END|[11]
17:04:07.0 (105514670)|STATEMENT_EXECUTE|[13]
17:04:07.0 (105556709)|HEAP_ALLOCATE|[13]|Bytes:4
17:04:07.0 (105585667)|HEAP_ALLOCATE|[13]|Bytes:12
17:04:07.0 (105634168)|VARIABLE_ASSIGNMENT|[13]|this.LastName|"TestContact2"|0x7378d768
17:04:07.0 (105664999)|HEAP_ALLOCATE|[13]|Bytes:28
17:04:07.0 (105669329)|HEAP_ALLOCATE|[13]|Bytes:28
17:04:07.0 (105694066)|VARIABLE_ASSIGNMENT|[13]|this.Points__c|10|0x7378d768
17:04:07.0 (105729820)|VARIABLE_SCOPE_BEGIN|[13]|cont2|Contact|true|false
17:04:07.0 (105753098)|VARIABLE_ASSIGNMENT|[13]|cont2|{"LastName":"TestContact2","Points__c":10}|0x7378d768
17:04:07.0 (105760051)|STATEMENT_EXECUTE|[14]
17:04:07.0 (105784145)|HEAP_ALLOCATE|[14]|Bytes:8
17:04:07.0 (105794650)|DML_BEGIN|[14]|Op:Upsert|Type:Contact|Rows:1
17:04:07.0 (105836643)|HEAP_ALLOCATE|[EXTERNAL]|Bytes:8
17:04:07.0 (107330759)|CODE_UNIT_STARTED|[EXTERNAL]|DuplicateDetector
17:04:07.0 (107344182)|DUPLICATE_DETECTION_BEGIN
17:04:07.0 (107403570)|DUPLICATE_DETECTION_RULE_INVOCATION|DuplicateRuleId:0Bmf4000005NvDQ|DuplicateRuleName:Standard Contact Duplicate Rule|DmlType:INSERT
17:04:07.0 (119497971)|DUPLICATE_DETECTION_MATCH_INVOCATION_DETAILS|EntityType:Contact|ActionTaken:Allow_[Alert,Report]|DuplicateRecordIds:
17:04:07.0 (119529764)|DUPLICATE_DETECTION_MATCH_INVOCATION_SUMMARY|EntityType:Contact|NumRecordsToBeSaved:1|NumRecordsToBeSavedWithDuplicates:0|NumDuplicateRecordsFound:0
17:04:07.0 (119545346)|DUPLICATE_DETECTION_MATCH_INVOCATION_DETAILS|EntityType:Contact|ActionTaken:Allow_[Alert,Report]|DuplicateRecordIds:
17:04:07.0 (119555944)|DUPLICATE_DETECTION_MATCH_INVOCATION_SUMMARY|EntityType:Contact|NumRecordsToBeSaved:1|NumRecordsToBeSavedWithDuplicates:0|NumDuplicateRecordsFound:0
17:04:07.0 (119739680)|DUPLICATE_DETECTION_END
17:04:07.0 (119750764)|CODE_UNIT_FINISHED|DuplicateDetector
17:04:07.0 (131328941)|DML_END|[14]
17:04:07.0 (131358247)|STATEMENT_EXECUTE|[16]
17:04:07.0 (131365947)|HEAP_ALLOCATE|[16]|Bytes:65
17:04:07.0 (131387993)|HEAP_ALLOCATE|[16]|Bytes:4
17:04:07.0 (131538364)|SOQL_EXECUTE_BEGIN|[16]|Aggregations:0|SELECT Id, Points__c FROM Contact WHERE LastName = 'TestContact2'
17:04:07.0 (161767285)|SOQL_EXECUTE_END|[16]|Rows:1
17:04:07.0 (161802014)|HEAP_ALLOCATE|[16]|Bytes:8
17:04:07.0 (161828834)|HEAP_ALLOCATE|[16]|Bytes:78
17:04:07.0 (161883999)|HEAP_ALLOCATE|[16]|Bytes:8
17:04:07.0 (161923771)|HEAP_ALLOCATE|[16]|Bytes:12
17:04:07.0 (161963507)|VARIABLE_ASSIGNMENT|[16]|cont2|{"Id":"003f400000Pu6s2AAB","Points__c":10}|0x44ce1a20
17:04:07.0 (161972866)|STATEMENT_EXECUTE|[18]
17:04:07.0 (161998963)|HEAP_ALLOCATE|[18]|Bytes:4
17:04:07.0 (162017044)|HEAP_ALLOCATE|[18]|Bytes:9
17:04:07.0 (162060132)|VARIABLE_ASSIGNMENT|[18]|this.Name|"TestTask2"|0x363fa482
17:04:07.0 (162082276)|VARIABLE_ASSIGNMENT|[18]|this.Type__c|"Daily"|0x363fa482
17:04:07.0 (162121307)|VARIABLE_ASSIGNMENT|[18]|this.Contact__c|"003f400000Pu6s2AAB"|0x363fa482
17:04:07.0 (162129643)|HEAP_ALLOCATE|[18]|Bytes:9
17:04:07.0 (162144973)|VARIABLE_ASSIGNMENT|[18]|this.Status__c|"Completed"|0x363fa482
17:04:07.0 (162174730)|VARIABLE_SCOPE_BEGIN|[18]|task2|HTask__c|true|false
17:04:07.0 (162193004)|VARIABLE_ASSIGNMENT|[18]|task2|{"Name":"TestTask2","Type__c":"Daily","Contact__c":"003f400000Pu6s2AAB","Status__c":"Completed"}|0x363fa482
17:04:07.0 (162200004)|STATEMENT_EXECUTE|[19]
17:04:07.0 (162228362)|HEAP_ALLOCATE|[19]|Bytes:8
17:04:07.0 (162238515)|DML_BEGIN|[19]|Op:Upsert|Type:HTask__c|Rows:1
17:04:07.0 (162267915)|HEAP_ALLOCATE|[EXTERNAL]|Bytes:8
17:04:07.0 (165479067)|CODE_UNIT_STARTED|[EXTERNAL]|Validation:HTask:new
17:04:07.0 (165494638)|VALIDATION_RULE|03df40000002ejE|ContactRequired
17:04:07.0 (165579479)|VALIDATION_FORMULA|ISBLANK(Contact__c)|Contact__c=003f400000Pu6s2
17:04:07.0 (165586831)|VALIDATION_PASS
17:04:07.0 (165589064)|VALIDATION_RULE|03df40000002ejO|DificultyRequired
17:04:07.0 (165648192)|VALIDATION_FORMULA|ISBLANK(TEXT(Difficulty__c))|Difficulty__c=Trivial
17:04:07.0 (165654229)|VALIDATION_PASS
17:04:07.0 (165655828)|VALIDATION_RULE|03df40000002bNN|StatusNone
17:04:07.0 (165747112)|VALIDATION_FORMULA|TEXT(Status__c) <> 'New'  
&& TEXT(Status__c) <> 'In Progress'
&& TEXT(Status__c) <> 'Completed'|Status__c=Completed
17:04:07.0 (165753022)|VALIDATION_PASS
17:04:07.0 (165816014)|CODE_UNIT_FINISHED|Validation:HTask:new
17:04:07.0 (173901607)|DML_END|[19]
17:04:07.0 (173931929)|STATEMENT_EXECUTE|[21]
17:04:07.0 (173939987)|HEAP_ALLOCATE|[21]|Bytes:11
17:04:07.0 (173961327)|VARIABLE_SCOPE_BEGIN|[21]|chron|String|false|false
17:04:07.0 (173983381)|VARIABLE_ASSIGNMENT|[21]|chron|"0 0 0 * * ?"
17:04:07.0 (173989588)|STATEMENT_EXECUTE|[22]
17:04:07.0 (174054451)|HEAP_ALLOCATE|[22]|Bytes:63
17:04:07.0 (174071158)|SYSTEM_METHOD_ENTRY|[1]|Test.Test()
17:04:07.0 (174075403)|STATEMENT_EXECUTE|[1]
17:04:07.0 (174085228)|SYSTEM_METHOD_EXIT|[1]|Test
17:04:07.0 (174100389)|METHOD_ENTRY|[22]||System.Test.startTest()
17:04:07.0 (175287590)|METHOD_EXIT|[22]||System.Test.startTest()
17:04:07.0 (175297035)|STATEMENT_EXECUTE|[23]
17:04:07.0 (175301296)|HEAP_ALLOCATE|[23]|Bytes:13
17:04:07.0 (188606534)|HEAP_ALLOCATE|[23]|Bytes:16
17:04:07.0 (188634846)|METHOD_ENTRY|[1]|01pf400000FQMpS|EndOfDaySchedule.EndOfDaySchedule()
17:04:07.0 (188642180)|STATEMENT_EXECUTE|[1]
17:04:07.0 (188649053)|STATEMENT_EXECUTE|[1]
17:04:07.0 (188656310)|METHOD_EXIT|[1]|EndOfDaySchedule
17:04:07.0 (188668210)|HEAP_ALLOCATE|[23]|Bytes:4
17:04:07.0 (188724198)|CONSTRUCTOR_ENTRY|[23]|01pf400000FQMpS|<init>()
17:04:07.0 (188764142)|VARIABLE_SCOPE_BEGIN|[1]|this|EndOfDaySchedule|true|false
17:04:07.0 (188812994)|VARIABLE_ASSIGNMENT|[1]|this|{}|0x4e66c6ca
17:04:07.0 (188825550)|HEAP_ALLOCATE|[EXTERNAL]|Bytes:6
17:04:07.0 (188862376)|STATEMENT_EXECUTE|[1]
17:04:07.0 (188885015)|CONSTRUCTOR_EXIT|[23]|01pf400000FQMpS|<init>()
17:04:07.0 (215848991)|STATEMENT_EXECUTE|[24]
17:04:07.0 (215904632)|METHOD_ENTRY|[24]||System.Test.stopTest()
17:04:07.0 (219240033)|CODE_UNIT_STARTED|[EXTERNAL]|01pf400000FQMpS|Test EndOfDay
17:04:07.0 (223924397)|HEAP_ALLOCATE|[EXTERNAL]|Bytes:3
17:04:07.0 (223952265)|SYSTEM_METHOD_ENTRY|[1]|SchedulableContextImpl.SchedulableContextImpl()
17:04:07.0 (223959824)|STATEMENT_EXECUTE|[1]
17:04:07.0 (223973298)|SYSTEM_METHOD_EXIT|[1]|SchedulableContextImpl
17:04:07.0 (223985013)|HEAP_ALLOCATE|[EXTERNAL]|Bytes:8
17:04:07.0 (223991836)|HEAP_ALLOCATE|[EXTERNAL]|Bytes:4
17:04:07.0 (224003561)|VARIABLE_SCOPE_BEGIN|[4]|this|System.SchedulableContextImpl|true|false
17:04:07.0 (224056155)|VARIABLE_ASSIGNMENT|[4]|this|{}|0x6c8ab732
17:04:07.0 (224068235)|VARIABLE_SCOPE_BEGIN|[4]|triggerId|Id|false|false
17:04:07.0 (224274176)|VARIABLE_ASSIGNMENT|[4]|triggerId|"08ef400000L0I12AAF"
17:04:07.0 (224373089)|HEAP_ALLOCATE|[EXTERNAL]|Bytes:4
17:04:07.0 (224379078)|HEAP_ALLOCATE|[EXTERNAL]|Bytes:8
17:04:07.0 (224387308)|VARIABLE_SCOPE_BEGIN|[3]|this|EndOfDaySchedule|true|false
17:04:07.0 (224402856)|VARIABLE_ASSIGNMENT|[3]|this|{}|0xcb44da4
17:04:07.0 (224409869)|VARIABLE_SCOPE_BEGIN|[3]|SC|System.SchedulableContext|true|false
17:04:07.0 (224470230)|VARIABLE_ASSIGNMENT|[3]|SC|{"triggerId":"08ef400000L0I12AAF"}|0x6c8ab732
17:04:07.0 (224489465)|STATEMENT_EXECUTE|[3]
17:04:07.0 (224491944)|STATEMENT_EXECUTE|[5]
17:04:07.0 (224504158)|METHOD_ENTRY|[5]|01pf400000FQMpS|EndOfDaySchedule.sendEmailTest()
17:04:07.0 (224530640)|STATEMENT_EXECUTE|[84]
17:04:07.0 (224533225)|STATEMENT_EXECUTE|[85]
17:04:07.0 (224591953)|VARIABLE_SCOPE_BEGIN|[85]|mail|Messaging.SingleEmailMessage|true|false
17:04:07.0 (224634989)|VARIABLE_ASSIGNMENT|[85]|mail|"common.api.soap.wsdl.SingleEmailMessage@2b9bd5b7"|0x1256cb2
17:04:07.0 (224643014)|STATEMENT_EXECUTE|[86]
17:04:07.0 (224909085)|STATEMENT_EXECUTE|[87]
17:04:07.0 (224930076)|HEAP_ALLOCATE|[87]|Bytes:4
17:04:07.0 (224970740)|VARIABLE_SCOPE_BEGIN|[87]|toAddresses|List<String>|true|false
17:04:07.0 (224999721)|HEAP_ALLOCATE|[EXTERNAL]|Bytes:8
17:04:07.0 (225016465)|VARIABLE_ASSIGNMENT|[87]|toAddresses|["amancebo@altimetrik. (3 more) ..."]|0x2f52c85f
17:04:07.0 (225023730)|STATEMENT_EXECUTE|[88]
17:04:07.0 (225075707)|STATEMENT_EXECUTE|[89]
17:04:07.0 (225080413)|HEAP_ALLOCATE|[89]|Bytes:18
17:04:07.0 (225138390)|STATEMENT_EXECUTE|[90]
17:04:07.0 (225141690)|HEAP_ALLOCATE|[90]|Bytes:43
17:04:07.0 (225160030)|STATEMENT_EXECUTE|[91]
17:04:07.0 (225172127)|STATEMENT_EXECUTE|[92]
17:04:07.0 (225195768)|STATEMENT_EXECUTE|[93]
17:04:07.0 (225211802)|STATEMENT_EXECUTE|[94]
17:04:07.0 (225215457)|HEAP_ALLOCATE|[94]|Bytes:8
17:04:07.0 (225229134)|STATEMENT_EXECUTE|[95]
17:04:07.0 (225252740)|HEAP_ALLOCATE|[95]|Bytes:4
17:04:07.0 (225325162)|HEAP_ALLOCATE|[EXTERNAL]|Bytes:8
17:04:07.0 (225346037)|HEAP_ALLOCATE|[EXTERNAL]|Bytes:8
17:04:07.0 (294637198)|EMAIL_QUEUE|[95]|replyTo: amancebo@altimetrik.com, subject: You dont complete some daily task yesterday, senderDisplayName: Altibitica Support, bccSender: false, saveAsActivity: true, useSignature: false, toAddresses: [amancebo@altimetrik.com], plainTextBody: The test, 
17:04:07.0 (294724599)|HEAP_ALLOCATE|[EXTERNAL]|Bytes:8
17:04:07.0 (294756910)|METHOD_EXIT|[5]|01pf400000FQMpS|EndOfDaySchedule.sendEmailTest()
17:04:07.0 (294765675)|STATEMENT_EXECUTE|[7]
17:04:07.0 (294787782)|METHOD_ENTRY|[7]|01pf400000FQMpS|EndOfDaySchedule.resolveDailyTaskPoints()
17:04:07.0 (294847621)|STATEMENT_EXECUTE|[14]
17:04:07.0 (294850057)|STATEMENT_EXECUTE|[16]
17:04:07.0 (294856253)|HEAP_ALLOCATE|[16]|Bytes:127
17:04:07.0 (294882764)|HEAP_ALLOCATE|[16]|Bytes:4
17:04:07.0 (294893589)|HEAP_ALLOCATE|[16]|Bytes:7
17:04:07.0 (294953095)|HEAP_ALLOCATE|[20]|Bytes:4
17:04:07.0 (295275223)|SOQL_EXECUTE_BEGIN|[16]|Aggregations:0|SELECT Id, Contact__c, Points__c FROM HTask__c WHERE (Status__c != 'Completed' AND Type__c = 'Daily' AND DueDate__c < :tmpVar1)
17:04:07.0 (307508984)|SOQL_EXECUTE_END|[16]|Rows:1
17:04:07.0 (307545182)|HEAP_ALLOCATE|[16]|Bytes:8
17:04:07.0 (307568848)|HEAP_ALLOCATE|[16]|Bytes:110
17:04:07.0 (307649397)|HEAP_ALLOCATE|[16]|Bytes:8
17:04:07.0 (307673576)|VARIABLE_SCOPE_BEGIN|[16]|ltask|List<HTask__c>|true|false
17:04:07.0 (307713036)|VARIABLE_ASSIGNMENT|[16]|ltask|[{"Id":"a00f4000009WVupAAG","Contact__c":"003f400000Pu6s1AAB","Points__c":2.50}]|0x3088a132
17:04:07.0 (307723257)|STATEMENT_EXECUTE|[22]
17:04:07.0 (307770326)|HEAP_ALLOCATE|[22]|Bytes:4
17:04:07.0 (307807706)|VARIABLE_SCOPE_BEGIN|[22]|lcont|Map<String,Contact>|true|false
17:04:07.0 (307826331)|VARIABLE_ASSIGNMENT|[22]|lcont|{}|0x64e17c1e
17:04:07.0 (308051595)|HEAP_ALLOCATE|[24]|Bytes:5
17:04:07.0 (308100271)|HEAP_ALLOCATE|[24]|Bytes:16
17:04:07.0 (308110200)|VARIABLE_SCOPE_BEGIN|[24]|task|HTask__c|true|false
17:04:07.0 (308132653)|VARIABLE_ASSIGNMENT|[24]|task|{"Id":"a00f4000009WVupAAG","Contact__c":"003f400000Pu6s1AAB","Points__c":2.50}|0xe1ebe4b
17:04:07.0 (308140216)|STATEMENT_EXECUTE|[24]
17:04:07.0 (308265121)|STATEMENT_EXECUTE|[26]
17:04:07.0 (308267908)|STATEMENT_EXECUTE|[27]
17:04:07.0 (308273242)|HEAP_ALLOCATE|[27]|Bytes:59
17:04:07.0 (308287549)|HEAP_ALLOCATE|[27]|Bytes:4
17:04:07.0 (308498714)|SOQL_EXECUTE_BEGIN|[27]|Aggregations:0|SELECT Id, Name, Points__c FROM Contact WHERE Id = :tmpVar1
17:04:07.0 (312068995)|SOQL_EXECUTE_END|[27]|Rows:1
17:04:07.0 (312090784)|HEAP_ALLOCATE|[27]|Bytes:8
17:04:07.0 (312106910)|HEAP_ALLOCATE|[27]|Bytes:98
17:04:07.0 (312144905)|HEAP_ALLOCATE|[27]|Bytes:8
17:04:07.0 (312168212)|HEAP_ALLOCATE|[27]|Bytes:16
17:04:07.0 (312175571)|VARIABLE_SCOPE_BEGIN|[27]|conta|Contact|true|false
17:04:07.0 (312197674)|VARIABLE_ASSIGNMENT|[27]|conta|{"Id":"003f400000Pu6s1AAB","Name":"TestContact1","Points__c":10}|0x42d4464a
17:04:07.0 (312206678)|STATEMENT_EXECUTE|[28]
17:04:07.0 (312320320)|HEAP_ALLOCATE|[28]|Bytes:28
17:04:07.0 (312382339)|VARIABLE_ASSIGNMENT|[28]|this.Points__c|7.50|0x42d4464a
17:04:07.0 (312390525)|STATEMENT_EXECUTE|[29]
17:04:07.0 (312442401)|HEAP_ALLOCATE|[EXTERNAL]|Bytes:-4
17:04:07.0 (312463141)|HEAP_ALLOCATE|[24]|Bytes:5
17:04:07.0 (312479175)|VARIABLE_ASSIGNMENT|[24]|task|null|
17:04:07.0 (312485610)|STATEMENT_EXECUTE|[37]
17:04:07.0 (312505973)|HEAP_ALLOCATE|[EXTERNAL]|Bytes:8
17:04:07.0 (312516992)|HEAP_ALLOCATE|[37]|Bytes:105
17:04:07.0 (312559181)|DML_BEGIN|[37]|Op:Update|Type:Contact|Rows:1
17:04:07.0 (312588094)|HEAP_ALLOCATE|[EXTERNAL]|Bytes:8
17:04:07.0 (317437220)|CODE_UNIT_STARTED|[EXTERNAL]|DuplicateDetector
17:04:07.0 (317454845)|DUPLICATE_DETECTION_BEGIN
17:04:07.0 (317505411)|DUPLICATE_DETECTION_RULE_INVOCATION|DuplicateRuleId:0Bmf4000005NvDQ|DuplicateRuleName:Standard Contact Duplicate Rule|DmlType:UPDATE
17:04:07.0 (317565131)|DUPLICATE_DETECTION_END
17:04:07.0 (317571129)|CODE_UNIT_FINISHED|DuplicateDetector
17:04:07.0 (330742829)|DML_END|[37]
17:04:07.0 (330802410)|HEAP_ALLOCATE|[EXTERNAL]|Bytes:8
17:04:07.0 (330828998)|METHOD_EXIT|[7]|01pf400000FQMpS|EndOfDaySchedule.resolveDailyTaskPoints()
17:04:07.0 (330839472)|STATEMENT_EXECUTE|[9]
17:04:07.0 (330862047)|METHOD_ENTRY|[9]|01pf400000FQMpS|EndOfDaySchedule.sendEmails()
17:04:07.0 (330920724)|STATEMENT_EXECUTE|[40]
17:04:07.0 (330923279)|STATEMENT_EXECUTE|[41]
17:04:07.0 (330928069)|HEAP_ALLOCATE|[41]|Bytes:96
17:04:07.0 (330945250)|HEAP_ALLOCATE|[41]|Bytes:4
17:04:07.0 (331158128)|SOQL_EXECUTE_BEGIN|[41]|Aggregations:0|SELECT Id, Name, Contact__c FROM HTask__c WHERE (Status__c != 'Completed' AND Type__c = 'Daily')
17:04:07.0 (333554928)|SOQL_EXECUTE_END|[41]|Rows:1
17:04:07.0 (333575590)|HEAP_ALLOCATE|[41]|Bytes:8
17:04:07.0 (333592961)|HEAP_ALLOCATE|[41]|Bytes:78
17:04:07.0 (333624091)|HEAP_ALLOCATE|[41]|Bytes:8
17:04:07.0 (333637924)|VARIABLE_SCOPE_BEGIN|[41]|ltask|List<HTask__c>|true|false
17:04:07.0 (333674739)|VARIABLE_ASSIGNMENT|[41]|ltask|[{"Id":"a00f4000009WVupAAG","Name":"TestTask1","Contact__c":"003f400000Pu6s1AAB"}]|0x41fd7657
17:04:07.0 (333683256)|STATEMENT_EXECUTE|[46]
17:04:07.0 (333734557)|HEAP_ALLOCATE|[46]|Bytes:4
17:04:07.0 (333771469)|VARIABLE_SCOPE_BEGIN|[46]|mtask|Map<String,List<HTask__c>>|true|false
17:04:07.0 (333789070)|VARIABLE_ASSIGNMENT|[46]|mtask|{}|0xf5e91ca
17:04:07.0 (333839049)|HEAP_ALLOCATE|[48]|Bytes:5
17:04:07.0 (333856770)|HEAP_ALLOCATE|[48]|Bytes:16
17:04:07.0 (333865152)|VARIABLE_SCOPE_BEGIN|[48]|task|HTask__c|true|false
17:04:07.0 (333880032)|VARIABLE_ASSIGNMENT|[48]|task|{"Id":"a00f4000009WVupAAG","Name":"TestTask1","Contact__c":"003f400000Pu6s1AAB"}|0x77f3eaa3
17:04:07.0 (333886486)|STATEMENT_EXECUTE|[48]
17:04:07.0 (333943789)|STATEMENT_EXECUTE|[49]
17:04:07.0 (333946231)|STATEMENT_EXECUTE|[50]
17:04:07.0 (333964423)|HEAP_ALLOCATE|[50]|Bytes:4
17:04:07.0 (334002146)|HEAP_ALLOCATE|[EXTERNAL]|Bytes:4
17:04:07.0 (334008565)|HEAP_ALLOCATE|[EXTERNAL]|Bytes:-4
17:04:07.0 (334015790)|STATEMENT_EXECUTE|[53]
17:04:07.0 (334065650)|HEAP_ALLOCATE|[EXTERNAL]|Bytes:4
17:04:07.0 (334080136)|HEAP_ALLOCATE|[48]|Bytes:5
17:04:07.0 (334093524)|VARIABLE_ASSIGNMENT|[48]|task|null|
17:04:07.0 (334105142)|HEAP_ALLOCATE|[56]|Bytes:4
17:04:07.0 (334148663)|HEAP_ALLOCATE|[56]|Bytes:26
17:04:07.0 (334167371)|HEAP_ALLOCATE|[56]|Bytes:4
17:04:07.0 (334188606)|HEAP_ALLOCATE|[56]|Bytes:5
17:04:07.0 (334201511)|VARIABLE_SCOPE_BEGIN|[56]|contactId|String|false|false
17:04:07.0 (334212218)|VARIABLE_ASSIGNMENT|[56]|contactId|"003f400000Pu6s1AAB"
17:04:07.0 (334218794)|STATEMENT_EXECUTE|[56]
17:04:07.0 (334220744)|STATEMENT_EXECUTE|[57]
17:04:07.0 (334223751)|HEAP_ALLOCATE|[57]|Bytes:49
17:04:07.0 (334234143)|HEAP_ALLOCATE|[57]|Bytes:4
17:04:07.0 (334366758)|SOQL_EXECUTE_BEGIN|[57]|Aggregations:0|SELECT Id, Email FROM Contact WHERE Id = :tmpVar1
17:04:07.0 (337265562)|SOQL_EXECUTE_END|[57]|Rows:1
17:04:07.0 (337284450)|HEAP_ALLOCATE|[57]|Bytes:8
17:04:07.0 (337296600)|HEAP_ALLOCATE|[57]|Bytes:61
17:04:07.0 (337325431)|HEAP_ALLOCATE|[57]|Bytes:8
17:04:07.0 (337348471)|HEAP_ALLOCATE|[57]|Bytes:12
17:04:07.0 (337355689)|VARIABLE_SCOPE_BEGIN|[57]|cont|Contact|true|false
17:04:07.0 (337374843)|VARIABLE_ASSIGNMENT|[57]|cont|{"Id":"003f400000Pu6s1AAB","Email":"amancebo@altimetrik. (3 more) ..."}|0x17642f87
17:04:07.0 (337382502)|STATEMENT_EXECUTE|[58]
17:04:07.0 (337386594)|HEAP_ALLOCATE|[58]|Bytes:56
17:04:07.0 (337391776)|VARIABLE_SCOPE_BEGIN|[58]|message|String|false|false
17:04:07.0 (337402767)|VARIABLE_ASSIGNMENT|[58]|message|"Today you have this  (36 more) ..."
17:04:07.0 (337472646)|HEAP_ALLOCATE|[59]|Bytes:5
17:04:07.0 (337486102)|HEAP_ALLOCATE|[59]|Bytes:16
17:04:07.0 (337492974)|VARIABLE_SCOPE_BEGIN|[59]|task|HTask__c|true|false
17:04:07.0 (337507445)|VARIABLE_ASSIGNMENT|[59]|task|{"Id":"a00f4000009WVupAAG","Name":"TestTask1","Contact__c":"003f400000Pu6s1AAB"}|0x77f3eaa3
17:04:07.0 (337513670)|STATEMENT_EXECUTE|[59]
17:04:07.0 (337515943)|STATEMENT_EXECUTE|[60]
17:04:07.0 (337543243)|HEAP_ALLOCATE|[60]|Bytes:1
17:04:07.0 (337566688)|HEAP_ALLOCATE|[60]|Bytes:10
17:04:07.0 (337573039)|HEAP_ALLOCATE|[60]|Bytes:66
17:04:07.0 (337581808)|VARIABLE_ASSIGNMENT|[60]|message|"Today you have this  (46 more) ..."
17:04:07.0 (337595152)|HEAP_ALLOCATE|[59]|Bytes:5
17:04:07.0 (337606908)|VARIABLE_ASSIGNMENT|[59]|task|null|
17:04:07.0 (337613239)|STATEMENT_EXECUTE|[62]
17:04:07.0 (337616219)|HEAP_ALLOCATE|[62]|Bytes:17
17:04:07.0 (337621979)|HEAP_ALLOCATE|[62]|Bytes:83
17:04:07.0 (337629025)|VARIABLE_ASSIGNMENT|[62]|message|"Today you have this  (63 more) ..."
17:04:07.0 (337637986)|HEAP_ALLOCATE|[56]|Bytes:5
17:04:07.0 (337646603)|VARIABLE_ASSIGNMENT|[56]|contactId|null
17:04:07.0 (337651532)|STATEMENT_EXECUTE|[67]
17:04:07.0 (337654649)|HEAP_ALLOCATE|[67]|Bytes:7
17:04:07.0 (337666457)|METHOD_ENTRY|[67]|01pf400000FQMpS|EndOfDaySchedule.sendEmailToContact(String, String)
17:04:07.0 (337689757)|VARIABLE_SCOPE_BEGIN|[70]|email|String|false|false
17:04:07.0 (337700476)|VARIABLE_ASSIGNMENT|[70]|email|"amancebo@altimetrik. (3 more) ..."
17:04:07.0 (337705018)|VARIABLE_SCOPE_BEGIN|[70]|message|String|false|false
17:04:07.0 (337711924)|VARIABLE_ASSIGNMENT|[70]|message|"message"
17:04:07.0 (337723453)|STATEMENT_EXECUTE|[70]
17:04:07.0 (337725221)|STATEMENT_EXECUTE|[71]
17:04:07.0 (337748874)|VARIABLE_SCOPE_BEGIN|[71]|mail|Messaging.SingleEmailMessage|true|false
17:04:07.0 (337811668)|VARIABLE_ASSIGNMENT|[71]|mail|"common.api.soap.wsdl.SingleEmailMessage@5dd070f2"|0x2b562006
17:04:07.0 (337819734)|STATEMENT_EXECUTE|[72]
17:04:07.0 (338044904)|STATEMENT_EXECUTE|[73]
17:04:07.0 (338055958)|HEAP_ALLOCATE|[73]|Bytes:4
17:04:07.0 (338082573)|VARIABLE_SCOPE_BEGIN|[73]|toAddresses|List<String>|true|false
17:04:07.0 (338105584)|HEAP_ALLOCATE|[EXTERNAL]|Bytes:8
17:04:07.0 (338123727)|VARIABLE_ASSIGNMENT|[73]|toAddresses|["amancebo@altimetrik. (3 more) ..."]|0x1df83afc
17:04:07.0 (338130842)|STATEMENT_EXECUTE|[74]
17:04:07.0 (338164798)|STATEMENT_EXECUTE|[75]
17:04:07.0 (338210232)|STATEMENT_EXECUTE|[76]
17:04:07.0 (338228873)|STATEMENT_EXECUTE|[77]
17:04:07.0 (338248745)|STATEMENT_EXECUTE|[78]
17:04:07.0 (338271968)|STATEMENT_EXECUTE|[79]
17:04:07.0 (338293591)|STATEMENT_EXECUTE|[80]
17:04:07.0 (338297886)|HEAP_ALLOCATE|[80]|Bytes:6
17:04:07.0 (338313449)|STATEMENT_EXECUTE|[81]
17:04:07.0 (338323562)|HEAP_ALLOCATE|[81]|Bytes:4
17:04:07.0 (338363400)|HEAP_ALLOCATE|[EXTERNAL]|Bytes:8
17:04:07.0 (338385370)|HEAP_ALLOCATE|[EXTERNAL]|Bytes:8
17:04:07.0 (350275190)|EMAIL_QUEUE|[81]|replyTo: amancebo@altimetrik.com, subject: You dont complete some daily task yesterday, senderDisplayName: Altibitica Support, bccSender: false, saveAsActivity: true, useSignature: false, toAddresses: [amancebo@altimetrik.com], plainTextBody: Smigol, 
17:04:07.0 (350314892)|HEAP_ALLOCATE|[EXTERNAL]|Bytes:8
17:04:07.0 (350337956)|METHOD_EXIT|[67]|01pf400000FQMpS|EndOfDaySchedule.sendEmailToContact(String, String)
17:04:07.0 (350347181)|METHOD_EXIT|[9]|01pf400000FQMpS|EndOfDaySchedule.sendEmails()
17:04:07.0 (350354479)|STATEMENT_EXECUTE|[11]
17:04:07.0 (350368400)|METHOD_ENTRY|[11]|01pf400000FQMpS|EndOfDaySchedule.resetTaskStatus()
17:04:07.0 (350412820)|STATEMENT_EXECUTE|[98]
17:04:07.0 (350415062)|STATEMENT_EXECUTE|[100]
17:04:07.0 (350420164)|HEAP_ALLOCATE|[100]|Bytes:73
17:04:07.0 (350436622)|HEAP_ALLOCATE|[100]|Bytes:4
17:04:07.0 (350628319)|SOQL_EXECUTE_BEGIN|[100]|Aggregations:0|SELECT Id FROM HTask__c WHERE (Status__c != 'New' AND Type__c != 'TO-DO')
17:04:07.0 (360064418)|SOQL_EXECUTE_END|[100]|Rows:1
17:04:07.0 (360089337)|HEAP_ALLOCATE|[100]|Bytes:8
17:04:07.0 (360105661)|HEAP_ALLOCATE|[100]|Bytes:29
17:04:07.0 (360144194)|HEAP_ALLOCATE|[100]|Bytes:8
17:04:07.0 (360161037)|VARIABLE_SCOPE_BEGIN|[100]|ltask|List<HTask__c>|true|false
17:04:07.0 (360193657)|VARIABLE_ASSIGNMENT|[100]|ltask|[{"Id":"a00f4000009WVuqAAG"}]|0x76377a36
17:04:07.0 (360247448)|HEAP_ALLOCATE|[105]|Bytes:5
17:04:07.0 (360263522)|HEAP_ALLOCATE|[105]|Bytes:8
17:04:07.0 (360273656)|VARIABLE_SCOPE_BEGIN|[105]|task|HTask__c|true|false
17:04:07.0 (360287538)|VARIABLE_ASSIGNMENT|[105]|task|{"Id":"a00f4000009WVuqAAG"}|0x31b3d8bb
17:04:07.0 (360295899)|STATEMENT_EXECUTE|[105]
17:04:07.0 (360298561)|STATEMENT_EXECUTE|[106]
17:04:07.0 (360302189)|HEAP_ALLOCATE|[106]|Bytes:3
17:04:07.0 (360346938)|HEAP_ALLOCATE|[106]|Bytes:-4
17:04:07.0 (360358880)|VARIABLE_ASSIGNMENT|[106]|this.Status__c|"New"|0x31b3d8bb
17:04:07.0 (360373519)|HEAP_ALLOCATE|[105]|Bytes:5
17:04:07.0 (360385145)|VARIABLE_ASSIGNMENT|[105]|task|null|
17:04:07.0 (360390820)|STATEMENT_EXECUTE|[109]
17:04:07.0 (360424571)|DML_BEGIN|[109]|Op:Update|Type:HTask__c|Rows:1
17:04:07.0 (360449785)|HEAP_ALLOCATE|[EXTERNAL]|Bytes:8
17:04:07.0 (366167372)|CODE_UNIT_STARTED|[EXTERNAL]|Validation:HTask:a00f4000009WVuq
17:04:07.0 (366182587)|VALIDATION_RULE|03df40000002ejE|ContactRequired
17:04:07.0 (366272116)|VALIDATION_FORMULA|ISBLANK(Contact__c)|Contact__c=003f400000Pu6s2
17:04:07.0 (366279920)|VALIDATION_PASS
17:04:07.0 (366282107)|VALIDATION_RULE|03df40000002ejO|DificultyRequired
17:04:07.0 (366342713)|VALIDATION_FORMULA|ISBLANK(TEXT(Difficulty__c))|Difficulty__c=Trivial
17:04:07.0 (366349449)|VALIDATION_PASS
17:04:07.0 (366351186)|VALIDATION_RULE|03df40000002bNN|StatusNone
17:04:07.0 (366433212)|VALIDATION_FORMULA|TEXT(Status__c) <> 'New'  
&& TEXT(Status__c) <> 'In Progress'
&& TEXT(Status__c) <> 'Completed'|Status__c=New
17:04:07.0 (366439920)|VALIDATION_PASS
17:04:07.0 (366496167)|CODE_UNIT_FINISHED|Validation:HTask:a00f4000009WVuq
17:04:07.0 (377222352)|CODE_UNIT_STARTED|[EXTERNAL]|01qf4000001HypC|completeHTaskTrigger on HTask trigger event AfterUpdate
17:04:07.0 (377254844)|HEAP_ALLOCATE|[EXTERNAL]|Bytes:8
17:04:07.0 (377280028)|HEAP_ALLOCATE|[EXTERNAL]|Bytes:8
17:04:07.0 (377370830)|HEAP_ALLOCATE|[EXTERNAL]|Bytes:12
17:04:07.0 (377403595)|VARIABLE_SCOPE_BEGIN|[1]|this|completeHTaskTrigger|true|false
17:04:07.0 (377449144)|VARIABLE_ASSIGNMENT|[1]|this|{}|0x76504fa6
17:04:07.0 (377500646)|HEAP_ALLOCATE|[EXTERNAL]|Bytes:12
17:04:07.0 (377509614)|VARIABLE_SCOPE_BEGIN|[1]|this|completeHTaskTrigger|true|false
17:04:07.0 (377523416)|VARIABLE_ASSIGNMENT|[1]|this|{}|0x76504fa6
17:04:07.0 (377531967)|STATEMENT_EXECUTE|[1]
17:04:07.0 (377534330)|STATEMENT_EXECUTE|[3]
17:04:07.0 (377537910)|HEAP_ALLOCATE|[3]|Bytes:99
17:04:07.0 (377550987)|HEAP_ALLOCATE|[3]|Bytes:4
17:04:07.0 (378041831)|SOQL_EXECUTE_BEGIN|[3]|Aggregations:0|SELECT Id, Contact__c, Type__c, Status__c, DueDate__c, Points__c FROM HTask__c WHERE Id IN :tmpVar1
17:04:07.0 (383809126)|SOQL_EXECUTE_END|[3]|Rows:1
17:04:07.0 (383829755)|HEAP_ALLOCATE|[3]|Bytes:8
17:04:07.0 (383849430)|HEAP_ALLOCATE|[3]|Bytes:142
17:04:07.0 (383875493)|HEAP_ALLOCATE|[3]|Bytes:8
17:04:07.0 (383889145)|HEAP_ALLOCATE|[3]|Bytes:34
17:04:07.0 (383906308)|HEAP_ALLOCATE|[3]|Bytes:24
17:04:07.0 (383946823)|VARIABLE_ASSIGNMENT|[3]|this.task|{"Id":"a00f4000009WVuqAAG","Contact__c":"003f400000Pu6s2AAB","Type__c":"Daily","Status__c":"New","Points__c":0.50}|0x76504fa6
17:04:07.0 (383956264)|STATEMENT_EXECUTE|[5]
17:04:07.0 (383967920)|HEAP_ALLOCATE|[5]|Bytes:4
17:04:07.0 (384142795)|SOQL_EXECUTE_BEGIN|[5]|Aggregations:0|SELECT Id, Name, Points__c FROM Contact WHERE Id = :tmpVar1
17:04:07.0 (387409957)|SOQL_EXECUTE_END|[5]|Rows:1
17:04:07.0 (387429090)|HEAP_ALLOCATE|[5]|Bytes:8
17:04:07.0 (387442767)|HEAP_ALLOCATE|[5]|Bytes:98
17:04:07.0 (387471077)|HEAP_ALLOCATE|[5]|Bytes:8
17:04:07.0 (387491713)|HEAP_ALLOCATE|[5]|Bytes:16
17:04:07.0 (387520293)|VARIABLE_ASSIGNMENT|[5]|this.conta|{"Id":"003f400000Pu6s2AAB","Name":"TestContact2","Points__c":10}|0x76504fa6
17:04:07.0 (387562427)|HEAP_ALLOCATE|[7]|Bytes:5
17:04:07.0 (387594363)|STATEMENT_EXECUTE|[19]
17:04:07.0 (387642486)|STATEMENT_EXECUTE|[20]
17:04:07.387 (387651887)|CUMULATIVE_LIMIT_USAGE
17:04:07.387 (387651887)|LIMIT_USAGE_FOR_NS|(default)|
  Number of SOQL queries: 7 out of 100
  Number of query rows: 7 out of 50000
  Number of SOSL queries: 0 out of 20
  Number of DML statements: 2 out of 150
  Number of DML rows: 2 out of 10000
  Maximum CPU time: 0 out of 10000
  Maximum heap size: 0 out of 6000000
  Number of callouts: 0 out of 100
  Number of Email Invocations: 2 out of 10
  Number of future calls: 0 out of 50
  Number of queueable jobs added to the queue: 0 out of 50
  Number of Mobile Apex push calls: 0 out of 10

17:04:07.387 (387651887)|CUMULATIVE_LIMIT_USAGE_END

17:04:07.0 (388494956)|CODE_UNIT_FINISHED|completeHTaskTrigger on HTask trigger event AfterUpdate
17:04:07.0 (388922813)|DML_END|[109]
17:04:07.0 (388955455)|HEAP_ALLOCATE|[EXTERNAL]|Bytes:8
17:04:07.0 (388974075)|METHOD_EXIT|[11]|01pf400000FQMpS|EndOfDaySchedule.resetTaskStatus()
17:04:07.388 (388985283)|CUMULATIVE_LIMIT_USAGE
17:04:07.388 (388985283)|LIMIT_USAGE_FOR_NS|(default)|
  Number of SOQL queries: 7 out of 100
  Number of query rows: 7 out of 50000
  Number of SOSL queries: 0 out of 20
  Number of DML statements: 2 out of 150
  Number of DML rows: 2 out of 10000
  Maximum CPU time: 0 out of 10000
  Maximum heap size: 0 out of 6000000
  Number of callouts: 0 out of 100
  Number of Email Invocations: 2 out of 10
  Number of future calls: 0 out of 50
  Number of queueable jobs added to the queue: 0 out of 50
  Number of Mobile Apex push calls: 0 out of 10

17:04:07.388 (388985283)|CUMULATIVE_LIMIT_USAGE_END

17:04:07.0 (389007594)|CODE_UNIT_FINISHED|Test EndOfDay
17:04:07.0 (393727797)|METHOD_EXIT|[24]||System.Test.stopTest()
17:04:07.0 (393738272)|STATEMENT_EXECUTE|[26]
17:04:07.0 (393743652)|HEAP_ALLOCATE|[26]|Bytes:65
17:04:07.0 (393758559)|HEAP_ALLOCATE|[26]|Bytes:4
17:04:07.0 (393896222)|SOQL_EXECUTE_BEGIN|[26]|Aggregations:0|SELECT Id, Points__c FROM Contact WHERE LastName = 'TestContact1'
17:04:07.0 (398300037)|SOQL_EXECUTE_END|[26]|Rows:1
17:04:07.0 (398320179)|HEAP_ALLOCATE|[26]|Bytes:8
17:04:07.0 (398332646)|HEAP_ALLOCATE|[26]|Bytes:78
17:04:07.0 (398361246)|HEAP_ALLOCATE|[26]|Bytes:8
17:04:07.0 (398382560)|HEAP_ALLOCATE|[26]|Bytes:12
17:04:07.0 (398391609)|VARIABLE_SCOPE_BEGIN|[26]|contAfter|Contact|true|false
17:04:07.0 (398415777)|VARIABLE_ASSIGNMENT|[26]|contAfter|{"Id":"003f400000Pu6s1AAB","Points__c":7.5}|0x2ab1d6a4
17:04:07.0 (398423455)|STATEMENT_EXECUTE|[27]
17:04:07.0 (398427941)|HEAP_ALLOCATE|[27]|Bytes:59
17:04:07.0 (398445192)|HEAP_ALLOCATE|[27]|Bytes:4
17:04:07.0 (398579416)|SOQL_EXECUTE_BEGIN|[27]|Aggregations:0|SELECT Id, Status__c FROM HTask__c WHERE Name = 'TestTask2'
17:04:07.0 (401492164)|SOQL_EXECUTE_END|[27]|Rows:1
17:04:07.0 (401511115)|HEAP_ALLOCATE|[27]|Bytes:8
17:04:07.0 (401524497)|HEAP_ALLOCATE|[27]|Bytes:45
17:04:07.0 (401569562)|HEAP_ALLOCATE|[27]|Bytes:8
17:04:07.0 (401596758)|HEAP_ALLOCATE|[27]|Bytes:12
17:04:07.0 (401623069)|VARIABLE_ASSIGNMENT|[27]|task2|{"Id":"a00f4000009WVuqAAG","Status__c":"New"}|0x687cf50c
17:04:07.0 (401634689)|STATEMENT_EXECUTE|[28]
17:04:07.0 (401672017)|HEAP_ALLOCATE|[28]|Bytes:3
17:04:07.0 (401691050)|HEAP_ALLOCATE|[28]|Bytes:28
17:04:07.0 (401817063)|HEAP_ALLOCATE|[28]|Bytes:28
17:04:07.0 (401842882)|HEAP_ALLOCATE|[28]|Bytes:28
17:04:07.0 (401884830)|STATEMENT_EXECUTE|[29]
17:04:07.401 (401932327)|CUMULATIVE_LIMIT_USAGE
17:04:07.401 (401932327)|LIMIT_USAGE_FOR_NS|(default)|
  Number of SOQL queries: 4 out of 100
  Number of query rows: 4 out of 50000
  Number of SOSL queries: 0 out of 20
  Number of DML statements: 4 out of 150
  Number of DML rows: 4 out of 10000
  Maximum CPU time: 0 out of 10000
  Maximum heap size: 0 out of 6000000
  Number of callouts: 0 out of 100
  Number of Email Invocations: 0 out of 10
  Number of future calls: 0 out of 50
  Number of queueable jobs added to the queue: 0 out of 50
  Number of Mobile Apex push calls: 0 out of 10

17:04:07.401 (401932327)|TESTING_LIMITS
17:04:07.401 (401932327)|LIMIT_USAGE_FOR_NS|(default)|
  Number of SOQL queries: 0 out of 100
  Number of query rows: 0 out of 50000
  Number of SOSL queries: 0 out of 20
  Number of DML statements: 0 out of 150
  Number of DML rows: 0 out of 10000
  Maximum CPU time: 0 out of 10000
  Maximum heap size: 0 out of 6000000
  Number of callouts: 0 out of 100
  Number of Email Invocations: 0 out of 10
  Number of future calls: 0 out of 50
  Number of queueable jobs added to the queue: 0 out of 50
  Number of Mobile Apex push calls: 0 out of 10

17:04:07.401 (401932327)|CUMULATIVE_LIMIT_USAGE_END

17:04:07.0 (401978670)|CODE_UNIT_FINISHED|EndOfDayScheduleTest.dailyTest
17:04:07.0 (402827978)|EXECUTION_FINISHED
17:04:07.517 (517042638)|USER_INFO|[EXTERNAL]|005f4000002PiXT|amancebo.habitica@altimetrik.com|Argentine Time|GMT-03:00
17:04:07.517 (517071393)|EXECUTION_STARTED
17:04:07.517 (517077484)|CODE_UNIT_STARTED|[EXTERNAL]|DuplicateDetector
17:04:07.517 (517087635)|DUPLICATE_DETECTION_BEGIN
17:04:07.517 (517335504)|DUPLICATE_DETECTION_RULE_INVOCATION|DuplicateRuleId:0Bmf4000005NvDQ|DuplicateRuleName:Standard Contact Duplicate Rule|DmlType:INSERT
17:04:07.517 (526733974)|DUPLICATE_DETECTION_END
17:04:07.517 (526746347)|CODE_UNIT_FINISHED|DuplicateDetector
17:04:07.517 (527575895)|EXECUTION_FINISHED
17:04:07.528 (528457376)|USER_INFO|[EXTERNAL]|005f4000002PiXT|amancebo.habitica@altimetrik.com|Argentine Time|GMT-03:00
17:04:07.528 (528478922)|EXECUTION_STARTED
17:04:07.528 (528483115)|CODE_UNIT_STARTED|[EXTERNAL]|DuplicateDetector
17:04:07.528 (528492887)|DUPLICATE_DETECTION_BEGIN
17:04:07.528 (528541395)|DUPLICATE_DETECTION_RULE_INVOCATION|DuplicateRuleId:0Bmf4000005NvDQ|DuplicateRuleName:Standard Contact Duplicate Rule|DmlType:UPDATE
17:04:07.528 (536397532)|DUPLICATE_DETECTION_END
17:04:07.528 (536409899)|CODE_UNIT_FINISHED|DuplicateDetector
17:04:07.528 (537251350)|EXECUTION_FINISHED
