36.0 APEX_CODE,FINEST;APEX_PROFILING,INFO;CALLOUT,INFO;DB,INFO;SYSTEM,DEBUG;VALIDATION,INFO;VISUALFORCE,INFO;WAVE,INFO;WORKFLOW,INFO
16:57:49.0 (721803)|USER_INFO|[EXTERNAL]|005f4000002PiXT|amancebo.habitica@altimetrik.com|Argentine Time|GMT-03:00
16:57:49.0 (797864)|EXECUTION_STARTED
16:57:49.0 (803168)|CODE_UNIT_STARTED|[EXTERNAL]|01pf400000GkEPY|ResetTaskStatusBatchTest.resetTaskStatusTest
16:57:49.0 (1004029)|HEAP_ALLOCATE|[72]|Bytes:3
16:57:49.0 (1033329)|HEAP_ALLOCATE|[77]|Bytes:152
16:57:49.0 (1049133)|HEAP_ALLOCATE|[342]|Bytes:408
16:57:49.0 (1065548)|HEAP_ALLOCATE|[355]|Bytes:408
16:57:49.0 (1085399)|HEAP_ALLOCATE|[467]|Bytes:48
16:57:49.0 (1122644)|HEAP_ALLOCATE|[139]|Bytes:6
16:57:49.0 (1146035)|HEAP_ALLOCATE|[EXTERNAL]|Bytes:22
16:57:49.0 (1166651)|METHOD_ENTRY|[2]|01pf400000GkEPY|ResetTaskStatusBatchTest.ResetTaskStatusBatchTest()
16:57:49.0 (1176136)|STATEMENT_EXECUTE|[2]
16:57:49.0 (1183282)|STATEMENT_EXECUTE|[2]
16:57:49.0 (1189275)|METHOD_EXIT|[2]|ResetTaskStatusBatchTest
16:57:49.0 (1353874)|HEAP_ALLOCATE|[50]|Bytes:5
16:57:49.0 (1382949)|HEAP_ALLOCATE|[56]|Bytes:5
16:57:49.0 (1392658)|HEAP_ALLOCATE|[64]|Bytes:7
16:57:49.0 (1428995)|STATEMENT_EXECUTE|[4]
16:57:49.0 (1431566)|STATEMENT_EXECUTE|[5]
16:57:49.0 (1478566)|HEAP_ALLOCATE|[5]|Bytes:4
16:57:49.0 (1556695)|HEAP_ALLOCATE|[5]|Bytes:12
16:57:49.0 (1612702)|VARIABLE_ASSIGNMENT|[5]|this.LastName|"TestContact2"|0xc830ac
16:57:49.0 (1655704)|HEAP_ALLOCATE|[5]|Bytes:28
16:57:49.0 (1660684)|HEAP_ALLOCATE|[5]|Bytes:28
16:57:49.0 (1706962)|VARIABLE_ASSIGNMENT|[5]|this.Points__c|10|0xc830ac
16:57:49.0 (1739274)|VARIABLE_SCOPE_BEGIN|[5]|cont|Contact|true|false
16:57:49.0 (1773321)|VARIABLE_ASSIGNMENT|[5]|cont|{"LastName":"TestContact2","Points__c":10}|0xc830ac
16:57:49.0 (1779591)|STATEMENT_EXECUTE|[6]
16:57:49.0 (1813922)|HEAP_ALLOCATE|[6]|Bytes:8
16:57:49.0 (1834850)|DML_BEGIN|[6]|Op:Upsert|Type:Contact|Rows:1
16:57:49.0 (1864517)|HEAP_ALLOCATE|[EXTERNAL]|Bytes:8
16:57:49.0 (14448609)|CODE_UNIT_STARTED|[EXTERNAL]|DuplicateDetector
16:57:49.0 (14499205)|DUPLICATE_DETECTION_BEGIN
16:57:49.0 (15481766)|DUPLICATE_DETECTION_RULE_INVOCATION|DuplicateRuleId:0Bmf4000005NvDQ|DuplicateRuleName:Standard Contact Duplicate Rule|DmlType:INSERT
16:57:49.0 (42425287)|DUPLICATE_DETECTION_MATCH_INVOCATION_DETAILS|EntityType:Contact|ActionTaken:Allow_[Alert,Report]|DuplicateRecordIds:
16:57:49.0 (42452011)|DUPLICATE_DETECTION_MATCH_INVOCATION_SUMMARY|EntityType:Contact|NumRecordsToBeSaved:1|NumRecordsToBeSavedWithDuplicates:0|NumDuplicateRecordsFound:0
16:57:49.0 (42462381)|DUPLICATE_DETECTION_MATCH_INVOCATION_DETAILS|EntityType:Contact|ActionTaken:Allow_[Alert,Report]|DuplicateRecordIds:
16:57:49.0 (42468542)|DUPLICATE_DETECTION_MATCH_INVOCATION_SUMMARY|EntityType:Contact|NumRecordsToBeSaved:1|NumRecordsToBeSavedWithDuplicates:0|NumDuplicateRecordsFound:0
16:57:49.0 (42622224)|DUPLICATE_DETECTION_END
16:57:49.0 (42633586)|CODE_UNIT_FINISHED|DuplicateDetector
16:57:49.0 (69644906)|DML_END|[6]
16:57:49.0 (69671411)|STATEMENT_EXECUTE|[8]
16:57:49.0 (69712034)|HEAP_ALLOCATE|[8]|Bytes:4
16:57:49.0 (69775606)|HEAP_ALLOCATE|[8]|Bytes:9
16:57:49.0 (69821531)|VARIABLE_ASSIGNMENT|[8]|this.Name|"TestTask2"|0x7d18953a
16:57:49.0 (69831021)|HEAP_ALLOCATE|[8]|Bytes:5
16:57:49.0 (69850573)|VARIABLE_ASSIGNMENT|[8]|this.Type__c|"Daily"|0x7d18953a
16:57:49.0 (69891520)|VARIABLE_ASSIGNMENT|[8]|this.Contact__c|"003f400000PuVIbAAN"|0x7d18953a
16:57:49.0 (69899877)|HEAP_ALLOCATE|[8]|Bytes:9
16:57:49.0 (69913837)|VARIABLE_ASSIGNMENT|[8]|this.Status__c|"Completed"|0x7d18953a
16:57:49.0 (69941681)|VARIABLE_SCOPE_BEGIN|[8]|task|HTask__c|true|false
16:57:49.0 (69965380)|VARIABLE_ASSIGNMENT|[8]|task|{"Name":"TestTask2","Type__c":"Daily","Contact__c":"003f400000PuVIbAAN","Status__c":"Completed"}|0x7d18953a
16:57:49.0 (69971709)|STATEMENT_EXECUTE|[9]
16:57:49.0 (69998387)|HEAP_ALLOCATE|[9]|Bytes:8
16:57:49.0 (70012757)|DML_BEGIN|[9]|Op:Upsert|Type:HTask__c|Rows:1
16:57:49.0 (70045020)|HEAP_ALLOCATE|[EXTERNAL]|Bytes:8
16:57:49.0 (82639624)|CODE_UNIT_STARTED|[EXTERNAL]|Validation:HTask:new
16:57:49.0 (82658317)|VALIDATION_RULE|03df40000002ejE|ContactRequired
16:57:49.0 (82759217)|VALIDATION_FORMULA|ISBLANK(Contact__c)|Contact__c=003f400000PuVIb
16:57:49.0 (82772130)|VALIDATION_PASS
16:57:49.0 (82775851)|VALIDATION_RULE|03df40000002ejO|DificultyRequired
16:57:49.0 (82846284)|VALIDATION_FORMULA|ISBLANK(TEXT(Difficulty__c))|Difficulty__c=Trivial
16:57:49.0 (82852848)|VALIDATION_PASS
16:57:49.0 (82854747)|VALIDATION_RULE|03df40000002bNN|StatusNone
16:57:49.0 (82947769)|VALIDATION_FORMULA|TEXT(Status__c) <> 'New'  
&& TEXT(Status__c) <> 'In Progress'
&& TEXT(Status__c) <> 'Completed'|Status__c=Completed
16:57:49.0 (82954962)|VALIDATION_PASS
16:57:49.0 (83010849)|CODE_UNIT_FINISHED|Validation:HTask:new
16:57:49.0 (96018463)|DML_END|[9]
16:57:49.0 (96046285)|STATEMENT_EXECUTE|[11]
16:57:49.0 (96101902)|HEAP_ALLOCATE|[11]|Bytes:63
16:57:49.0 (96123137)|SYSTEM_METHOD_ENTRY|[1]|Test.Test()
16:57:49.0 (96130744)|STATEMENT_EXECUTE|[1]
16:57:49.0 (96142214)|SYSTEM_METHOD_EXIT|[1]|Test
16:57:49.0 (96162533)|METHOD_ENTRY|[11]||System.Test.startTest()
16:57:49.0 (97439221)|METHOD_EXIT|[11]||System.Test.startTest()
16:57:49.0 (97449173)|STATEMENT_EXECUTE|[12]
16:57:49.0 (102918204)|HEAP_ALLOCATE|[12]|Bytes:57
16:57:49.0 (102930030)|HEAP_ALLOCATE|[12]|Bytes:7
16:57:49.0 (102943351)|METHOD_ENTRY|[1]|01pf400000GkEDr|ResetTaskStatusBatch.ResetTaskStatusBatch()
16:57:49.0 (102949813)|STATEMENT_EXECUTE|[1]
16:57:49.0 (102953756)|STATEMENT_EXECUTE|[1]
16:57:49.0 (102958960)|METHOD_EXIT|[1]|ResetTaskStatusBatch
16:57:49.0 (102971184)|HEAP_ALLOCATE|[12]|Bytes:4
16:57:49.0 (102988012)|CONSTRUCTOR_ENTRY|[12]|01pf400000GkEDr|<init>()
16:57:49.0 (103021038)|VARIABLE_SCOPE_BEGIN|[1]|this|ResetTaskStatusBatch|true|false
16:57:49.0 (103079156)|VARIABLE_ASSIGNMENT|[1]|this|{}|0x39e705e2
16:57:49.0 (103092267)|HEAP_ALLOCATE|[EXTERNAL]|Bytes:6
16:57:49.0 (103127351)|STATEMENT_EXECUTE|[1]
16:57:49.0 (103135024)|CONSTRUCTOR_EXIT|[12]|01pf400000GkEDr|<init>()
16:57:49.0 (119167441)|STATEMENT_EXECUTE|[13]
16:57:49.0 (119187747)|METHOD_ENTRY|[13]||System.Test.stopTest()
16:57:49.0 (122770389)|CODE_UNIT_STARTED|[EXTERNAL]|01pf400000GkEDr|ResetTaskStatusBatch
16:57:49.0 (123966489)|HEAP_ALLOCATE|[EXTERNAL]|Bytes:4
16:57:49.0 (126057057)|HEAP_ALLOCATE|[EXTERNAL]|Bytes:11
16:57:49.0 (126079196)|SYSTEM_METHOD_ENTRY|[15]|BatchableContextImpl.BatchableContextImpl()
16:57:49.0 (126086038)|STATEMENT_EXECUTE|[15]
16:57:49.0 (126096545)|SYSTEM_METHOD_EXIT|[15]|BatchableContextImpl
16:57:49.0 (126104189)|HEAP_ALLOCATE|[EXTERNAL]|Bytes:12
16:57:49.0 (126109371)|HEAP_ALLOCATE|[EXTERNAL]|Bytes:4
16:57:49.0 (126117319)|VARIABLE_SCOPE_BEGIN|[31]|this|Database.BatchableContextImpl|true|false
16:57:49.0 (126179546)|VARIABLE_ASSIGNMENT|[31]|this|{}|0x28bcb3d1
16:57:49.0 (126187874)|VARIABLE_SCOPE_BEGIN|[31]|jobId|Id|false|false
16:57:49.0 (126315585)|VARIABLE_ASSIGNMENT|[31]|jobId|"707f4000029m9S2AAI"
16:57:49.0 (126323010)|VARIABLE_SCOPE_BEGIN|[31]|childJobId|Id|false|false
16:57:49.0 (126332426)|VARIABLE_ASSIGNMENT|[31]|childJobId|null
16:57:49.0 (126547168)|HEAP_ALLOCATE|[EXTERNAL]|Bytes:4
16:57:49.0 (126556053)|HEAP_ALLOCATE|[EXTERNAL]|Bytes:12
16:57:49.0 (126565992)|VARIABLE_SCOPE_BEGIN|[3]|this|ResetTaskStatusBatch|true|false
16:57:49.0 (126585331)|VARIABLE_ASSIGNMENT|[3]|this|{}|0x171f695
16:57:49.0 (126592664)|VARIABLE_SCOPE_BEGIN|[3]|BC|Database.BatchableContext|true|false
16:57:49.0 (126669396)|VARIABLE_ASSIGNMENT|[3]|BC|{"jobId":"707f4000029m9S2AAI"}|0x28bcb3d1
16:57:49.0 (126688417)|STATEMENT_EXECUTE|[3]
16:57:49.0 (126694344)|STATEMENT_EXECUTE|[4]
16:57:49.0 (126703959)|HEAP_ALLOCATE|[4]|Bytes:73
16:57:49.0 (126725820)|HEAP_ALLOCATE|[4]|Bytes:4
16:57:49.0 (126992853)|SOQL_EXECUTE_BEGIN|[4]|Aggregations:0|SELECT Id FROM HTask__c 
16:57:49.0 (146423452)|SOQL_EXECUTE_END|[4]|Rows:1
16:57:49.0 (146484353)|HEAP_ALLOCATE|[4]|Bytes:20
16:57:49.155 (155377040)|CUMULATIVE_LIMIT_USAGE
16:57:49.155 (155377040)|LIMIT_USAGE_FOR_NS|(default)|
  Number of SOQL queries: 0 out of 200
  Number of query rows: 0 out of 50000
  Number of SOSL queries: 0 out of 20
  Number of DML statements: 0 out of 150
  Number of DML rows: 0 out of 10000
  Maximum CPU time: 0 out of 60000
  Maximum heap size: 0 out of 12000000
  Number of callouts: 0 out of 100
  Number of Email Invocations: 0 out of 10
  Number of future calls: 0 out of 0
  Number of queueable jobs added to the queue: 0 out of 1
  Number of Mobile Apex push calls: 0 out of 10

16:57:49.155 (155377040)|CUMULATIVE_LIMIT_USAGE_END

16:57:49.0 (155430589)|CODE_UNIT_FINISHED|ResetTaskStatusBatch
16:57:49.0 (156281502)|CODE_UNIT_STARTED|[EXTERNAL]|01pf400000GkEDr|ResetTaskStatusBatch
16:57:49.0 (158408313)|HEAP_ALLOCATE|[EXTERNAL]|Bytes:4
16:57:49.0 (160063120)|HEAP_ALLOCATE|[EXTERNAL]|Bytes:12
16:57:49.0 (160075226)|HEAP_ALLOCATE|[EXTERNAL]|Bytes:4
16:57:49.0 (160079327)|HEAP_ALLOCATE|[EXTERNAL]|Bytes:4
16:57:49.0 (160087835)|VARIABLE_SCOPE_BEGIN|[31]|this|Database.BatchableContextImpl|true|false
16:57:49.0 (160141257)|VARIABLE_ASSIGNMENT|[31]|this|{}|0x30099e2c
16:57:49.0 (160150666)|VARIABLE_SCOPE_BEGIN|[31]|jobId|Id|false|false
16:57:49.0 (160235733)|VARIABLE_ASSIGNMENT|[31]|jobId|"707f4000029m9S2AAI"
16:57:49.0 (160243339)|VARIABLE_SCOPE_BEGIN|[31]|childJobId|Id|false|false
16:57:49.0 (160265888)|VARIABLE_ASSIGNMENT|[31]|childJobId|"707f4000029m9S3AAI"
16:57:49.0 (165268965)|HEAP_ALLOCATE|[EXTERNAL]|Bytes:8
16:57:49.0 (166021522)|CODE_UNIT_STARTED|[EXTERNAL]|01pf400000GkEDr|ResetTaskStatusBatch
16:57:49.0 (166450303)|HEAP_ALLOCATE|[EXTERNAL]|Bytes:4
16:57:49.0 (166459538)|HEAP_ALLOCATE|[EXTERNAL]|Bytes:12
16:57:49.0 (166485624)|HEAP_ALLOCATE|[EXTERNAL]|Bytes:8
16:57:49.0 (166495432)|VARIABLE_SCOPE_BEGIN|[10]|this|ResetTaskStatusBatch|true|false
16:57:49.0 (166523686)|VARIABLE_ASSIGNMENT|[10]|this|{}|0x68a5b7c7
16:57:49.0 (166531009)|VARIABLE_SCOPE_BEGIN|[10]|BC|Database.BatchableContext|true|false
16:57:49.0 (166611784)|VARIABLE_ASSIGNMENT|[10]|BC|{"childJobId":"707f4000029m9S3AAI","jobId":"707f4000029m9S2AAI"}|0x30099e2c
16:57:49.0 (166625982)|VARIABLE_SCOPE_BEGIN|[10]|scope|List<HTask__c>|true|false
16:57:49.0 (166644042)|VARIABLE_ASSIGNMENT|[10]|scope|[{"Id":"a00f4000009XCRjAAO"}]|0x34d15b84
16:57:49.0 (166663138)|STATEMENT_EXECUTE|[10]
16:57:49.0 (166882296)|HEAP_ALLOCATE|[11]|Bytes:5
16:57:49.0 (166909487)|HEAP_ALLOCATE|[11]|Bytes:8
16:57:49.0 (166920624)|VARIABLE_SCOPE_BEGIN|[11]|task|HTask__c|true|false
16:57:49.0 (166936196)|VARIABLE_ASSIGNMENT|[11]|task|{"Id":"a00f4000009XCRjAAO"}|0x56a146b1
16:57:49.0 (166943015)|STATEMENT_EXECUTE|[11]
16:57:49.0 (166945315)|STATEMENT_EXECUTE|[12]
16:57:49.0 (166949385)|HEAP_ALLOCATE|[12]|Bytes:3
16:57:49.0 (167005748)|HEAP_ALLOCATE|[12]|Bytes:-4
16:57:49.0 (167019766)|VARIABLE_ASSIGNMENT|[12]|this.Status__c|"New"|0x56a146b1
16:57:49.0 (167036711)|HEAP_ALLOCATE|[11]|Bytes:5
16:57:49.0 (167051631)|VARIABLE_ASSIGNMENT|[11]|task|null|
16:57:49.0 (167058758)|STATEMENT_EXECUTE|[15]
16:57:49.0 (167113150)|DML_BEGIN|[15]|Op:Update|Type:HTask__c|Rows:1
16:57:49.0 (167143006)|HEAP_ALLOCATE|[EXTERNAL]|Bytes:8
16:57:49.0 (172101421)|CODE_UNIT_STARTED|[EXTERNAL]|Validation:HTask:a00f4000009XCRj
16:57:49.0 (172116385)|VALIDATION_RULE|03df40000002ejE|ContactRequired
16:57:49.0 (172199421)|VALIDATION_FORMULA|ISBLANK(Contact__c)|Contact__c=003f400000PuVIb
16:57:49.0 (172207174)|VALIDATION_PASS
16:57:49.0 (172209665)|VALIDATION_RULE|03df40000002ejO|DificultyRequired
16:57:49.0 (172270100)|VALIDATION_FORMULA|ISBLANK(TEXT(Difficulty__c))|Difficulty__c=Trivial
16:57:49.0 (172276555)|VALIDATION_PASS
16:57:49.0 (172278463)|VALIDATION_RULE|03df40000002bNN|StatusNone
16:57:49.0 (172361027)|VALIDATION_FORMULA|TEXT(Status__c) <> 'New'  
&& TEXT(Status__c) <> 'In Progress'
&& TEXT(Status__c) <> 'Completed'|Status__c=New
16:57:49.0 (172367666)|VALIDATION_PASS
16:57:49.0 (172421219)|CODE_UNIT_FINISHED|Validation:HTask:a00f4000009XCRj
16:57:49.0 (182518242)|CODE_UNIT_STARTED|[EXTERNAL]|01qf4000001HypC|completeHTaskTrigger on HTask trigger event AfterUpdate
16:57:49.0 (182564854)|HEAP_ALLOCATE|[EXTERNAL]|Bytes:8
16:57:49.0 (182603767)|HEAP_ALLOCATE|[EXTERNAL]|Bytes:8
16:57:49.0 (182706578)|HEAP_ALLOCATE|[EXTERNAL]|Bytes:12
16:57:49.0 (182739378)|VARIABLE_SCOPE_BEGIN|[1]|this|completeHTaskTrigger|true|false
16:57:49.0 (182790861)|VARIABLE_ASSIGNMENT|[1]|this|{}|0x5d3d9a3e
16:57:49.0 (182841696)|HEAP_ALLOCATE|[EXTERNAL]|Bytes:12
16:57:49.0 (182851499)|VARIABLE_SCOPE_BEGIN|[1]|this|completeHTaskTrigger|true|false
16:57:49.0 (182866309)|VARIABLE_ASSIGNMENT|[1]|this|{}|0x5d3d9a3e
16:57:49.0 (182874627)|STATEMENT_EXECUTE|[1]
16:57:49.0 (182877241)|STATEMENT_EXECUTE|[3]
16:57:49.0 (182881217)|HEAP_ALLOCATE|[3]|Bytes:99
16:57:49.0 (182895918)|HEAP_ALLOCATE|[3]|Bytes:4
16:57:49.0 (182905458)|HEAP_ALLOCATE|[3]|Bytes:7
16:57:49.0 (187384351)|SOQL_EXECUTE_BEGIN|[3]|Aggregations:0|SELECT Id, Contact__c, Type__c, Status__c, DueDate__c, Points__c FROM HTask__c WHERE Id IN :tmpVar1
16:57:49.0 (193190674)|SOQL_EXECUTE_END|[3]|Rows:1
16:57:49.0 (193221678)|HEAP_ALLOCATE|[3]|Bytes:8
16:57:49.0 (193250054)|HEAP_ALLOCATE|[3]|Bytes:142
16:57:49.0 (193289425)|HEAP_ALLOCATE|[3]|Bytes:8
16:57:49.0 (193306770)|HEAP_ALLOCATE|[3]|Bytes:34
16:57:49.0 (193332214)|HEAP_ALLOCATE|[3]|Bytes:24
16:57:49.0 (193377373)|VARIABLE_ASSIGNMENT|[3]|this.task|{"Id":"a00f4000009XCRjAAO","Contact__c":"003f400000PuVIbAAN","Type__c":"Daily","Status__c":"New","Points__c":0.50}|0x5d3d9a3e
16:57:49.0 (193387279)|STATEMENT_EXECUTE|[5]
16:57:49.0 (193391229)|HEAP_ALLOCATE|[5]|Bytes:59
16:57:49.0 (193420213)|HEAP_ALLOCATE|[5]|Bytes:4
16:57:49.0 (193702647)|SOQL_EXECUTE_BEGIN|[5]|Aggregations:0|SELECT Id, Name, Points__c FROM Contact WHERE Id = :tmpVar1
16:57:49.0 (198168956)|SOQL_EXECUTE_END|[5]|Rows:1
16:57:49.0 (198194118)|HEAP_ALLOCATE|[5]|Bytes:8
16:57:49.0 (198212902)|HEAP_ALLOCATE|[5]|Bytes:98
16:57:49.0 (198270024)|HEAP_ALLOCATE|[5]|Bytes:8
16:57:49.0 (198286188)|HEAP_ALLOCATE|[5]|Bytes:33
16:57:49.0 (198346179)|HEAP_ALLOCATE|[5]|Bytes:16
16:57:49.0 (198397116)|VARIABLE_ASSIGNMENT|[5]|this.conta|{"Id":"003f400000PuVIbAAN","Name":"TestContact2","Points__c":10}|0x5d3d9a3e
16:57:49.0 (198448229)|HEAP_ALLOCATE|[7]|Bytes:5
16:57:49.0 (198493833)|STATEMENT_EXECUTE|[19]
16:57:49.0 (198572227)|STATEMENT_EXECUTE|[20]
16:57:49.198 (198586883)|CUMULATIVE_LIMIT_USAGE
16:57:49.198 (198586883)|LIMIT_USAGE_FOR_NS|(default)|
  Number of SOQL queries: 2 out of 200
  Number of query rows: 2 out of 50000
  Number of SOSL queries: 0 out of 20
  Number of DML statements: 1 out of 150
  Number of DML rows: 1 out of 10000
  Maximum CPU time: 0 out of 60000
  Maximum heap size: 0 out of 12000000
  Number of callouts: 0 out of 0
  Number of Email Invocations: 0 out of 10
  Number of future calls: 0 out of 0
  Number of queueable jobs added to the queue: 0 out of 1
  Number of Mobile Apex push calls: 0 out of 10

16:57:49.198 (198586883)|CUMULATIVE_LIMIT_USAGE_END

16:57:49.0 (199471571)|CODE_UNIT_FINISHED|completeHTaskTrigger on HTask trigger event AfterUpdate
16:57:49.0 (199697357)|DML_END|[15]
16:57:49.0 (199749080)|HEAP_ALLOCATE|[EXTERNAL]|Bytes:8
16:57:49.0 (199771337)|CODE_UNIT_FINISHED|ResetTaskStatusBatch
16:57:49.211 (211375225)|CUMULATIVE_LIMIT_USAGE
16:57:49.211 (211375225)|LIMIT_USAGE_FOR_NS|(default)|
  Number of SOQL queries: 0 out of 200
  Number of query rows: 0 out of 50000
  Number of SOSL queries: 0 out of 20
  Number of DML statements: 0 out of 150
  Number of DML rows: 0 out of 10000
  Maximum CPU time: 0 out of 60000
  Maximum heap size: 0 out of 12000000
  Number of callouts: 0 out of 100
  Number of Email Invocations: 0 out of 10
  Number of future calls: 0 out of 0
  Number of queueable jobs added to the queue: 0 out of 1
  Number of Mobile Apex push calls: 0 out of 10

16:57:49.211 (211375225)|CUMULATIVE_LIMIT_USAGE_END

16:57:49.0 (211429656)|CODE_UNIT_FINISHED|ResetTaskStatusBatch
16:57:49.0 (212248581)|CODE_UNIT_STARTED|[EXTERNAL]|01pf400000GkEDr|ResetTaskStatusBatch
16:57:49.0 (214771284)|HEAP_ALLOCATE|[EXTERNAL]|Bytes:4
16:57:49.0 (214914594)|HEAP_ALLOCATE|[EXTERNAL]|Bytes:12
16:57:49.0 (214924752)|HEAP_ALLOCATE|[EXTERNAL]|Bytes:4
16:57:49.0 (214934301)|VARIABLE_SCOPE_BEGIN|[31]|this|Database.BatchableContextImpl|true|false
16:57:49.0 (214974712)|VARIABLE_ASSIGNMENT|[31]|this|{}|0x5e7cde8d
16:57:49.0 (214982650)|VARIABLE_SCOPE_BEGIN|[31]|jobId|Id|false|false
16:57:49.0 (215067713)|VARIABLE_ASSIGNMENT|[31]|jobId|"707f4000029m9S2AAI"
16:57:49.0 (215074802)|VARIABLE_SCOPE_BEGIN|[31]|childJobId|Id|false|false
16:57:49.0 (215083451)|VARIABLE_ASSIGNMENT|[31]|childJobId|null
16:57:49.0 (218193781)|HEAP_ALLOCATE|[EXTERNAL]|Bytes:4
16:57:49.0 (218206303)|HEAP_ALLOCATE|[EXTERNAL]|Bytes:12
16:57:49.0 (218216507)|VARIABLE_SCOPE_BEGIN|[18]|this|ResetTaskStatusBatch|true|false
16:57:49.0 (218242594)|VARIABLE_ASSIGNMENT|[18]|this|{}|0x6c6706a
16:57:49.0 (218249804)|VARIABLE_SCOPE_BEGIN|[18]|BC|Database.BatchableContext|true|false
16:57:49.0 (218334179)|VARIABLE_ASSIGNMENT|[18]|BC|{"jobId":"707f4000029m9S2AAI"}|0x5e7cde8d
16:57:49.0 (218353945)|STATEMENT_EXECUTE|[18]
16:57:49.222 (222036539)|CUMULATIVE_LIMIT_USAGE
16:57:49.222 (222036539)|LIMIT_USAGE_FOR_NS|(default)|
  Number of SOQL queries: 0 out of 200
  Number of query rows: 0 out of 50000
  Number of SOSL queries: 0 out of 20
  Number of DML statements: 0 out of 150
  Number of DML rows: 0 out of 10000
  Maximum CPU time: 0 out of 60000
  Maximum heap size: 0 out of 12000000
  Number of callouts: 0 out of 100
  Number of Email Invocations: 0 out of 10
  Number of future calls: 0 out of 0
  Number of queueable jobs added to the queue: 0 out of 1
  Number of Mobile Apex push calls: 0 out of 10

16:57:49.222 (222036539)|CUMULATIVE_LIMIT_USAGE_END

16:57:49.0 (222074673)|CODE_UNIT_FINISHED|ResetTaskStatusBatch
16:57:49.0 (222840922)|METHOD_EXIT|[13]||System.Test.stopTest()
16:57:49.0 (222851485)|STATEMENT_EXECUTE|[15]
16:57:49.0 (222857675)|HEAP_ALLOCATE|[15]|Bytes:59
16:57:49.0 (222882050)|HEAP_ALLOCATE|[15]|Bytes:4
16:57:49.0 (223052495)|SOQL_EXECUTE_BEGIN|[15]|Aggregations:0|SELECT Id, Status__c FROM HTask__c WHERE Name = 'TestTask2'
16:57:49.0 (234891614)|SOQL_EXECUTE_END|[15]|Rows:1
16:57:49.0 (234921433)|HEAP_ALLOCATE|[15]|Bytes:8
16:57:49.0 (234936935)|HEAP_ALLOCATE|[15]|Bytes:45
16:57:49.0 (234970644)|HEAP_ALLOCATE|[15]|Bytes:8
16:57:49.0 (234996673)|HEAP_ALLOCATE|[15]|Bytes:12
16:57:49.0 (235030170)|VARIABLE_ASSIGNMENT|[15]|task|{"Id":"a00f4000009XCRjAAO","Status__c":"New"}|0x554ce232
16:57:49.0 (235040699)|STATEMENT_EXECUTE|[17]
16:57:49.235 (235119566)|CUMULATIVE_LIMIT_USAGE
16:57:49.235 (235119566)|LIMIT_USAGE_FOR_NS|(default)|
  Number of SOQL queries: 1 out of 100
  Number of query rows: 1 out of 50000
  Number of SOSL queries: 0 out of 20
  Number of DML statements: 2 out of 150
  Number of DML rows: 2 out of 10000
  Maximum CPU time: 0 out of 10000
  Maximum heap size: 0 out of 6000000
  Number of callouts: 0 out of 100
  Number of Email Invocations: 0 out of 10
  Number of future calls: 0 out of 50
  Number of queueable jobs added to the queue: 0 out of 50
  Number of Mobile Apex push calls: 0 out of 10

16:57:49.235 (235119566)|TESTING_LIMITS
16:57:49.235 (235119566)|LIMIT_USAGE_FOR_NS|(default)|
  Number of SOQL queries: 0 out of 100
  Number of query rows: 0 out of 50000
  Number of SOSL queries: 0 out of 20
  Number of DML statements: 0 out of 150
  Number of DML rows: 0 out of 10000
  Maximum CPU time: 0 out of 10000
  Maximum heap size: 0 out of 6000000
  Number of callouts: 0 out of 100
  Number of Email Invocations: 0 out of 10
  Number of future calls: 0 out of 50
  Number of queueable jobs added to the queue: 0 out of 50
  Number of Mobile Apex push calls: 0 out of 10

16:57:49.235 (235119566)|CUMULATIVE_LIMIT_USAGE_END

16:57:49.0 (235166419)|CODE_UNIT_FINISHED|ResetTaskStatusBatchTest.resetTaskStatusTest
16:57:49.0 (236247419)|EXECUTION_FINISHED
16:57:49.348 (348133343)|USER_INFO|[EXTERNAL]|005f4000002PiXT|amancebo.habitica@altimetrik.com|Argentine Time|GMT-03:00
16:57:49.348 (348168814)|EXECUTION_STARTED
16:57:49.348 (348174524)|CODE_UNIT_STARTED|[EXTERNAL]|DuplicateDetector
16:57:49.348 (348189903)|DUPLICATE_DETECTION_BEGIN
16:57:49.348 (348256093)|DUPLICATE_DETECTION_RULE_INVOCATION|DuplicateRuleId:0Bmf4000005NvDQ|DuplicateRuleName:Standard Contact Duplicate Rule|DmlType:INSERT
16:57:49.348 (356824247)|DUPLICATE_DETECTION_END
16:57:49.348 (356832735)|CODE_UNIT_FINISHED|DuplicateDetector
16:57:49.348 (357628483)|EXECUTION_FINISHED
