36.0 APEX_CODE,FINEST;APEX_PROFILING,INFO;CALLOUT,INFO;DB,INFO;SYSTEM,DEBUG;VALIDATION,INFO;VISUALFORCE,INFO;WAVE,INFO;WORKFLOW,INFO
16:58:43.0 (807375)|USER_INFO|[EXTERNAL]|005f4000002PiXT|amancebo.habitica@altimetrik.com|Argentine Time|GMT-03:00
16:58:43.0 (873275)|EXECUTION_STARTED
16:58:43.0 (880032)|CODE_UNIT_STARTED|[EXTERNAL]|01pf400000GkEL7|ResolveDailyTaskPointsBatchTest.resolveDailyTaskTest
16:58:43.0 (1185336)|HEAP_ALLOCATE|[72]|Bytes:3
16:58:43.0 (1239657)|HEAP_ALLOCATE|[77]|Bytes:152
16:58:43.0 (1265438)|HEAP_ALLOCATE|[342]|Bytes:408
16:58:43.0 (1281144)|HEAP_ALLOCATE|[355]|Bytes:408
16:58:43.0 (1306549)|HEAP_ALLOCATE|[467]|Bytes:48
16:58:43.0 (1336852)|HEAP_ALLOCATE|[139]|Bytes:6
16:58:43.0 (1354327)|HEAP_ALLOCATE|[EXTERNAL]|Bytes:25
16:58:43.0 (1375512)|METHOD_ENTRY|[2]|01pf400000GkEL7|ResolveDailyTaskPointsBatchTest.ResolveDailyTaskPointsBatchTest()
16:58:43.0 (1382380)|STATEMENT_EXECUTE|[2]
16:58:43.0 (1388487)|STATEMENT_EXECUTE|[2]
16:58:43.0 (1392357)|METHOD_EXIT|[2]|ResolveDailyTaskPointsBatchTest
16:58:43.0 (1609060)|HEAP_ALLOCATE|[50]|Bytes:5
16:58:43.0 (1636998)|HEAP_ALLOCATE|[56]|Bytes:5
16:58:43.0 (1645600)|HEAP_ALLOCATE|[64]|Bytes:7
16:58:43.0 (1692512)|STATEMENT_EXECUTE|[4]
16:58:43.0 (1695706)|STATEMENT_EXECUTE|[5]
16:58:43.0 (1772207)|HEAP_ALLOCATE|[5]|Bytes:4
16:58:43.0 (1862364)|HEAP_ALLOCATE|[5]|Bytes:12
16:58:43.0 (1915620)|VARIABLE_ASSIGNMENT|[5]|this.LastName|"TestContact1"|0x1f52ffb6
16:58:43.0 (1966808)|HEAP_ALLOCATE|[5]|Bytes:28
16:58:43.0 (1974069)|HEAP_ALLOCATE|[5]|Bytes:28
16:58:43.0 (2011910)|VARIABLE_ASSIGNMENT|[5]|this.Points__c|10|0x1f52ffb6
16:58:43.0 (2023456)|HEAP_ALLOCATE|[5]|Bytes:23
16:58:43.0 (2049020)|VARIABLE_ASSIGNMENT|[5]|this.Email|"amancebo@altimetrik. (3 more) ..."|0x1f52ffb6
16:58:43.0 (2091523)|VARIABLE_SCOPE_BEGIN|[5]|cont|Contact|true|false
16:58:43.0 (2125211)|VARIABLE_ASSIGNMENT|[5]|cont|{"LastName":"TestContact1","Points__c":10,"Email":"amancebo@altimetrik. (3 more) ..."}|0x1f52ffb6
16:58:43.0 (2134730)|STATEMENT_EXECUTE|[6]
16:58:43.0 (2172657)|HEAP_ALLOCATE|[6]|Bytes:8
16:58:43.0 (2187085)|DML_BEGIN|[6]|Op:Upsert|Type:Contact|Rows:1
16:58:43.0 (2226892)|HEAP_ALLOCATE|[EXTERNAL]|Bytes:8
16:58:43.0 (14077732)|CODE_UNIT_STARTED|[EXTERNAL]|DuplicateDetector
16:58:43.0 (14103878)|DUPLICATE_DETECTION_BEGIN
16:58:43.0 (15003603)|DUPLICATE_DETECTION_RULE_INVOCATION|DuplicateRuleId:0Bmf4000005NvDQ|DuplicateRuleName:Standard Contact Duplicate Rule|DmlType:INSERT
16:58:43.0 (39257148)|DUPLICATE_DETECTION_MATCH_INVOCATION_DETAILS|EntityType:Contact|ActionTaken:Allow_[Alert,Report]|DuplicateRecordIds:
16:58:43.0 (39289990)|DUPLICATE_DETECTION_MATCH_INVOCATION_SUMMARY|EntityType:Contact|NumRecordsToBeSaved:1|NumRecordsToBeSavedWithDuplicates:0|NumDuplicateRecordsFound:0
16:58:43.0 (39306224)|DUPLICATE_DETECTION_MATCH_INVOCATION_DETAILS|EntityType:Contact|ActionTaken:Allow_[Alert,Report]|DuplicateRecordIds:
16:58:43.0 (39318324)|DUPLICATE_DETECTION_MATCH_INVOCATION_SUMMARY|EntityType:Contact|NumRecordsToBeSaved:1|NumRecordsToBeSavedWithDuplicates:0|NumDuplicateRecordsFound:0
16:58:43.0 (39545171)|DUPLICATE_DETECTION_END
16:58:43.0 (39554106)|CODE_UNIT_FINISHED|DuplicateDetector
16:58:43.0 (61976567)|DML_END|[6]
16:58:43.0 (62014066)|STATEMENT_EXECUTE|[8]
16:58:43.0 (62088172)|HEAP_ALLOCATE|[8]|Bytes:4
16:58:43.0 (62219812)|HEAP_ALLOCATE|[8]|Bytes:9
16:58:43.0 (62277450)|VARIABLE_ASSIGNMENT|[8]|this.Name|"TestTask1"|0x713ddaa2
16:58:43.0 (62289873)|HEAP_ALLOCATE|[8]|Bytes:4
16:58:43.0 (62318481)|VARIABLE_ASSIGNMENT|[8]|this.Difficulty__c|"Hard"|0x713ddaa2
16:58:43.0 (62330253)|HEAP_ALLOCATE|[8]|Bytes:5
16:58:43.0 (62352517)|VARIABLE_ASSIGNMENT|[8]|this.Type__c|"Daily"|0x713ddaa2
16:58:43.0 (62428163)|VARIABLE_ASSIGNMENT|[8]|this.Contact__c|"003f400000PuVIqAAN"|0x713ddaa2
16:58:43.0 (62440923)|HEAP_ALLOCATE|[8]|Bytes:10
16:58:43.0 (62592390)|HEAP_ALLOCATE|[8]|Bytes:4
16:58:43.0 (62659945)|VARIABLE_ASSIGNMENT|[8]|this.DueDate__c|"2018-01-06T00:00:00.000Z"|0x713ddaa2
16:58:43.0 (62708470)|VARIABLE_SCOPE_BEGIN|[8]|task|HTask__c|true|false
16:58:43.0 (62752111)|VARIABLE_ASSIGNMENT|[8]|task|{"Name":"TestTask1","Difficulty__c":"Hard","Type__c":"Daily","Contact__c":"003f400000PuVIqAAN","DueDate__c":"2018-01-06T00:00:00.000Z"}|0x713ddaa2
16:58:43.0 (62766077)|STATEMENT_EXECUTE|[9]
16:58:43.0 (62803184)|HEAP_ALLOCATE|[9]|Bytes:8
16:58:43.0 (62817992)|DML_BEGIN|[9]|Op:Upsert|Type:HTask__c|Rows:1
16:58:43.0 (62869248)|HEAP_ALLOCATE|[EXTERNAL]|Bytes:8
16:58:43.0 (78310056)|CODE_UNIT_STARTED|[EXTERNAL]|Validation:HTask:new
16:58:43.0 (78340319)|VALIDATION_RULE|03df40000002ejE|ContactRequired
16:58:43.0 (78466659)|VALIDATION_FORMULA|ISBLANK(Contact__c)|Contact__c=003f400000PuVIq
16:58:43.0 (78479111)|VALIDATION_PASS
16:58:43.0 (78482592)|VALIDATION_RULE|03df40000002ejO|DificultyRequired
16:58:43.0 (78584569)|VALIDATION_FORMULA|ISBLANK(TEXT(Difficulty__c))|Difficulty__c=Hard
16:58:43.0 (78595724)|VALIDATION_PASS
16:58:43.0 (78598643)|VALIDATION_RULE|03df40000002bNN|StatusNone
16:58:43.0 (78725630)|VALIDATION_FORMULA|TEXT(Status__c) <> 'New'  
&& TEXT(Status__c) <> 'In Progress'
&& TEXT(Status__c) <> 'Completed'|Status__c=New
16:58:43.0 (78735394)|VALIDATION_PASS
16:58:43.0 (78833319)|CODE_UNIT_FINISHED|Validation:HTask:new
16:58:43.0 (95915661)|DML_END|[9]
16:58:43.0 (95956375)|STATEMENT_EXECUTE|[11]
16:58:43.0 (96074127)|HEAP_ALLOCATE|[11]|Bytes:63
16:58:43.0 (96108648)|SYSTEM_METHOD_ENTRY|[1]|Test.Test()
16:58:43.0 (96116314)|STATEMENT_EXECUTE|[1]
16:58:43.0 (96135102)|SYSTEM_METHOD_EXIT|[1]|Test
16:58:43.0 (96161711)|METHOD_ENTRY|[11]||System.Test.startTest()
16:58:43.0 (97442151)|METHOD_EXIT|[11]||System.Test.startTest()
16:58:43.0 (97457144)|STATEMENT_EXECUTE|[12]
16:58:43.0 (103825891)|HEAP_ALLOCATE|[12]|Bytes:57
16:58:43.0 (103837560)|HEAP_ALLOCATE|[12]|Bytes:7
16:58:43.0 (103852271)|METHOD_ENTRY|[1]|01pf400000GkEE1|ResolveDailyTaskPointsBatch.ResolveDailyTaskPointsBatch()
16:58:43.0 (103858507)|STATEMENT_EXECUTE|[1]
16:58:43.0 (103863213)|STATEMENT_EXECUTE|[1]
16:58:43.0 (103867653)|METHOD_EXIT|[1]|ResolveDailyTaskPointsBatch
16:58:43.0 (103884706)|HEAP_ALLOCATE|[12]|Bytes:4
16:58:43.0 (103902192)|CONSTRUCTOR_ENTRY|[12]|01pf400000GkEE1|<init>()
16:58:43.0 (103935338)|VARIABLE_SCOPE_BEGIN|[1]|this|ResolveDailyTaskPointsBatch|true|false
16:58:43.0 (103974814)|VARIABLE_ASSIGNMENT|[1]|this|{}|0x3a9db1c0
16:58:43.0 (103987498)|HEAP_ALLOCATE|[EXTERNAL]|Bytes:6
16:58:43.0 (104026969)|STATEMENT_EXECUTE|[1]
16:58:43.0 (104035320)|CONSTRUCTOR_EXIT|[12]|01pf400000GkEE1|<init>()
16:58:43.0 (119339016)|STATEMENT_EXECUTE|[13]
16:58:43.0 (119375220)|METHOD_ENTRY|[13]||System.Test.stopTest()
16:58:43.0 (122648835)|CODE_UNIT_STARTED|[EXTERNAL]|01pf400000GkEE1|ResolveDailyTaskPointsBatch
16:58:43.0 (123842702)|HEAP_ALLOCATE|[EXTERNAL]|Bytes:4
16:58:43.0 (126651170)|HEAP_ALLOCATE|[EXTERNAL]|Bytes:11
16:58:43.0 (126674915)|SYSTEM_METHOD_ENTRY|[15]|BatchableContextImpl.BatchableContextImpl()
16:58:43.0 (126681118)|STATEMENT_EXECUTE|[15]
16:58:43.0 (126692652)|SYSTEM_METHOD_EXIT|[15]|BatchableContextImpl
16:58:43.0 (126702244)|HEAP_ALLOCATE|[EXTERNAL]|Bytes:12
16:58:43.0 (126707991)|HEAP_ALLOCATE|[EXTERNAL]|Bytes:4
16:58:43.0 (126717497)|VARIABLE_SCOPE_BEGIN|[31]|this|Database.BatchableContextImpl|true|false
16:58:43.0 (126786042)|VARIABLE_ASSIGNMENT|[31]|this|{}|0x4bab0936
16:58:43.0 (126794573)|VARIABLE_SCOPE_BEGIN|[31]|jobId|Id|false|false
16:58:43.0 (126933894)|VARIABLE_ASSIGNMENT|[31]|jobId|"707f4000029m9aBAAQ"
16:58:43.0 (126941228)|VARIABLE_SCOPE_BEGIN|[31]|childJobId|Id|false|false
16:58:43.0 (126951275)|VARIABLE_ASSIGNMENT|[31]|childJobId|null
16:58:43.0 (127188372)|HEAP_ALLOCATE|[EXTERNAL]|Bytes:4
16:58:43.0 (127195953)|HEAP_ALLOCATE|[EXTERNAL]|Bytes:12
16:58:43.0 (127204335)|VARIABLE_SCOPE_BEGIN|[3]|this|ResolveDailyTaskPointsBatch|true|false
16:58:43.0 (127220593)|VARIABLE_ASSIGNMENT|[3]|this|{}|0x3e651dc5
16:58:43.0 (127227594)|VARIABLE_SCOPE_BEGIN|[3]|BC|Database.BatchableContext|true|false
16:58:43.0 (127295432)|VARIABLE_ASSIGNMENT|[3]|BC|{"jobId":"707f4000029m9aBAAQ"}|0x4bab0936
16:58:43.0 (127313107)|STATEMENT_EXECUTE|[3]
16:58:43.0 (127315216)|STATEMENT_EXECUTE|[5]
16:58:43.0 (127378263)|HEAP_ALLOCATE|[5]|Bytes:4
16:58:43.0 (127401269)|VARIABLE_SCOPE_BEGIN|[5]|d|Date|false|false
16:58:43.0 (127434590)|VARIABLE_ASSIGNMENT|[5]|d|"2018-06-06T00:00:00.000Z"
16:58:43.0 (127439956)|STATEMENT_EXECUTE|[6]
16:58:43.0 (127444820)|HEAP_ALLOCATE|[6]|Bytes:127
16:58:43.0 (127471363)|HEAP_ALLOCATE|[6]|Bytes:4
16:58:43.0 (127485871)|HEAP_ALLOCATE|[6]|Bytes:7
16:58:43.0 (127902888)|SOQL_EXECUTE_BEGIN|[6]|Aggregations:0|SELECT Id, Contact__c, Points__c FROM HTask__c 
16:58:43.0 (159344065)|SOQL_EXECUTE_END|[6]|Rows:1
16:58:43.0 (159410925)|HEAP_ALLOCATE|[6]|Bytes:20
16:58:43.167 (167725869)|CUMULATIVE_LIMIT_USAGE
16:58:43.167 (167725869)|LIMIT_USAGE_FOR_NS|(default)|
  Number of SOQL queries: 0 out of 200
  Number of query rows: 0 out of 50000
  Number of SOSL queries: 0 out of 20
  Number of DML statements: 0 out of 150
  Number of DML rows: 0 out of 10000
  Maximum CPU time: 0 out of 60000
  Maximum heap size: 0 out of 12000000
  Number of callouts: 0 out of 100
  Number of Email Invocations: 0 out of 10
  Number of future calls: 0 out of 0
  Number of queueable jobs added to the queue: 0 out of 1
  Number of Mobile Apex push calls: 0 out of 10

16:58:43.167 (167725869)|CUMULATIVE_LIMIT_USAGE_END

16:58:43.0 (167776957)|CODE_UNIT_FINISHED|ResolveDailyTaskPointsBatch
16:58:43.0 (168603742)|CODE_UNIT_STARTED|[EXTERNAL]|01pf400000GkEE1|ResolveDailyTaskPointsBatch
16:58:43.0 (170596628)|HEAP_ALLOCATE|[EXTERNAL]|Bytes:4
16:58:43.0 (172291280)|HEAP_ALLOCATE|[EXTERNAL]|Bytes:12
16:58:43.0 (172306892)|HEAP_ALLOCATE|[EXTERNAL]|Bytes:4
16:58:43.0 (172312294)|HEAP_ALLOCATE|[EXTERNAL]|Bytes:4
16:58:43.0 (172325745)|VARIABLE_SCOPE_BEGIN|[31]|this|Database.BatchableContextImpl|true|false
16:58:43.0 (172384503)|VARIABLE_ASSIGNMENT|[31]|this|{}|0x75a965e4
16:58:43.0 (172392858)|VARIABLE_SCOPE_BEGIN|[31]|jobId|Id|false|false
16:58:43.0 (172495487)|VARIABLE_ASSIGNMENT|[31]|jobId|"707f4000029m9aBAAQ"
16:58:43.0 (172502611)|VARIABLE_SCOPE_BEGIN|[31]|childJobId|Id|false|false
16:58:43.0 (172536377)|VARIABLE_ASSIGNMENT|[31]|childJobId|"707f4000029m9aCAAQ"
16:58:43.0 (186157190)|HEAP_ALLOCATE|[EXTERNAL]|Bytes:8
16:58:43.0 (187025540)|CODE_UNIT_STARTED|[EXTERNAL]|01pf400000GkEE1|ResolveDailyTaskPointsBatch
16:58:43.0 (187506436)|HEAP_ALLOCATE|[EXTERNAL]|Bytes:4
16:58:43.0 (187515848)|HEAP_ALLOCATE|[EXTERNAL]|Bytes:12
16:58:43.0 (187546015)|HEAP_ALLOCATE|[EXTERNAL]|Bytes:8
16:58:43.0 (187559237)|VARIABLE_SCOPE_BEGIN|[13]|this|ResolveDailyTaskPointsBatch|true|false
16:58:43.0 (187593900)|VARIABLE_ASSIGNMENT|[13]|this|{}|0x5253b3ea
16:58:43.0 (187601940)|VARIABLE_SCOPE_BEGIN|[13]|BC|Database.BatchableContext|true|false
16:58:43.0 (187716428)|VARIABLE_ASSIGNMENT|[13]|BC|{"childJobId":"707f4000029m9aCAAQ","jobId":"707f4000029m9aBAAQ"}|0x75a965e4
16:58:43.0 (187725498)|VARIABLE_SCOPE_BEGIN|[13]|scope|List<HTask__c>|true|false
16:58:43.0 (187748329)|VARIABLE_ASSIGNMENT|[13]|scope|[{"Id":"a00f4000009XCRoAAO","Contact__c":"003f400000PuVIqAAN","Points__c":2.50}]|0x37d85c7d
16:58:43.0 (187768613)|STATEMENT_EXECUTE|[13]
16:58:43.0 (187771104)|STATEMENT_EXECUTE|[14]
16:58:43.0 (187816743)|HEAP_ALLOCATE|[14]|Bytes:4
16:58:43.0 (187857535)|VARIABLE_SCOPE_BEGIN|[14]|lcont|Map<String,Contact>|true|false
16:58:43.0 (187877275)|VARIABLE_ASSIGNMENT|[14]|lcont|{}|0x26b16283
16:58:43.0 (188077415)|HEAP_ALLOCATE|[16]|Bytes:5
16:58:43.0 (188100082)|HEAP_ALLOCATE|[16]|Bytes:16
16:58:43.0 (188110027)|VARIABLE_SCOPE_BEGIN|[16]|task|HTask__c|true|false
16:58:43.0 (188126708)|VARIABLE_ASSIGNMENT|[16]|task|{"Id":"a00f4000009XCRoAAO","Contact__c":"003f400000PuVIqAAN","Points__c":2.50}|0x4d2af3c
16:58:43.0 (188134369)|STATEMENT_EXECUTE|[16]
16:58:43.0 (188217064)|STATEMENT_EXECUTE|[18]
16:58:43.0 (188219737)|STATEMENT_EXECUTE|[19]
16:58:43.0 (188223538)|HEAP_ALLOCATE|[19]|Bytes:59
16:58:43.0 (188236831)|HEAP_ALLOCATE|[19]|Bytes:4
16:58:43.0 (188489348)|SOQL_EXECUTE_BEGIN|[19]|Aggregations:0|SELECT Id, Name, Points__c FROM Contact WHERE Id = :tmpVar1
16:58:43.0 (192827532)|SOQL_EXECUTE_END|[19]|Rows:1
16:58:43.0 (192859089)|HEAP_ALLOCATE|[19]|Bytes:8
16:58:43.0 (192879994)|HEAP_ALLOCATE|[19]|Bytes:98
16:58:43.0 (192936162)|HEAP_ALLOCATE|[19]|Bytes:8
16:58:43.0 (192953968)|HEAP_ALLOCATE|[19]|Bytes:33
16:58:43.0 (193000007)|HEAP_ALLOCATE|[19]|Bytes:16
16:58:43.0 (193013247)|VARIABLE_SCOPE_BEGIN|[19]|conta|Contact|true|false
16:58:43.0 (193043011)|VARIABLE_ASSIGNMENT|[19]|conta|{"Id":"003f400000PuVIqAAN","Name":"TestContact1","Points__c":10}|0x5371951b
16:58:43.0 (193053861)|STATEMENT_EXECUTE|[20]
16:58:43.0 (193177167)|HEAP_ALLOCATE|[20]|Bytes:28
16:58:43.0 (193251712)|VARIABLE_ASSIGNMENT|[20]|this.Points__c|7.50|0x5371951b
16:58:43.0 (193263886)|STATEMENT_EXECUTE|[21]
16:58:43.0 (193327580)|HEAP_ALLOCATE|[EXTERNAL]|Bytes:-4
16:58:43.0 (193358502)|HEAP_ALLOCATE|[16]|Bytes:5
16:58:43.0 (193387364)|VARIABLE_ASSIGNMENT|[16]|task|null|
16:58:43.0 (193397571)|STATEMENT_EXECUTE|[29]
16:58:43.0 (193428549)|HEAP_ALLOCATE|[EXTERNAL]|Bytes:8
16:58:43.0 (193443351)|HEAP_ALLOCATE|[29]|Bytes:105
16:58:43.0 (193501822)|DML_BEGIN|[29]|Op:Update|Type:Contact|Rows:1
16:58:43.0 (193538145)|HEAP_ALLOCATE|[EXTERNAL]|Bytes:8
16:58:43.0 (198528689)|CODE_UNIT_STARTED|[EXTERNAL]|DuplicateDetector
16:58:43.0 (198552783)|DUPLICATE_DETECTION_BEGIN
16:58:43.0 (198632753)|DUPLICATE_DETECTION_RULE_INVOCATION|DuplicateRuleId:0Bmf4000005NvDQ|DuplicateRuleName:Standard Contact Duplicate Rule|DmlType:UPDATE
16:58:43.0 (198715067)|DUPLICATE_DETECTION_END
16:58:43.0 (198722890)|CODE_UNIT_FINISHED|DuplicateDetector
16:58:43.0 (212088770)|DML_END|[29]
16:58:43.0 (212153725)|HEAP_ALLOCATE|[EXTERNAL]|Bytes:8
16:58:43.0 (212187769)|CODE_UNIT_FINISHED|ResolveDailyTaskPointsBatch
16:58:43.225 (225511752)|CUMULATIVE_LIMIT_USAGE
16:58:43.225 (225511752)|LIMIT_USAGE_FOR_NS|(default)|
  Number of SOQL queries: 0 out of 200
  Number of query rows: 0 out of 50000
  Number of SOSL queries: 0 out of 20
  Number of DML statements: 0 out of 150
  Number of DML rows: 0 out of 10000
  Maximum CPU time: 0 out of 60000
  Maximum heap size: 0 out of 12000000
  Number of callouts: 0 out of 100
  Number of Email Invocations: 0 out of 10
  Number of future calls: 0 out of 0
  Number of queueable jobs added to the queue: 0 out of 1
  Number of Mobile Apex push calls: 0 out of 10

16:58:43.225 (225511752)|CUMULATIVE_LIMIT_USAGE_END

16:58:43.0 (225567442)|CODE_UNIT_FINISHED|ResolveDailyTaskPointsBatch
16:58:43.0 (226369198)|CODE_UNIT_STARTED|[EXTERNAL]|01pf400000GkEE1|ResolveDailyTaskPointsBatch
16:58:43.0 (227535241)|HEAP_ALLOCATE|[EXTERNAL]|Bytes:4
16:58:43.0 (227693216)|HEAP_ALLOCATE|[EXTERNAL]|Bytes:12
16:58:43.0 (227705588)|HEAP_ALLOCATE|[EXTERNAL]|Bytes:4
16:58:43.0 (227715736)|VARIABLE_SCOPE_BEGIN|[31]|this|Database.BatchableContextImpl|true|false
16:58:43.0 (227755054)|VARIABLE_ASSIGNMENT|[31]|this|{}|0x11cfa2df
16:58:43.0 (227763610)|VARIABLE_SCOPE_BEGIN|[31]|jobId|Id|false|false
16:58:43.0 (227848747)|VARIABLE_ASSIGNMENT|[31]|jobId|"707f4000029m9aBAAQ"
16:58:43.0 (227855260)|VARIABLE_SCOPE_BEGIN|[31]|childJobId|Id|false|false
16:58:43.0 (227864048)|VARIABLE_ASSIGNMENT|[31]|childJobId|null
16:58:43.0 (230901100)|HEAP_ALLOCATE|[EXTERNAL]|Bytes:4
16:58:43.0 (230909939)|HEAP_ALLOCATE|[EXTERNAL]|Bytes:12
16:58:43.0 (230919388)|VARIABLE_SCOPE_BEGIN|[32]|this|ResolveDailyTaskPointsBatch|true|false
16:58:43.0 (230938576)|VARIABLE_ASSIGNMENT|[32]|this|{}|0x420f5d74
16:58:43.0 (230945248)|VARIABLE_SCOPE_BEGIN|[32]|BC|Database.BatchableContext|true|false
16:58:43.0 (231018144)|VARIABLE_ASSIGNMENT|[32]|BC|{"jobId":"707f4000029m9aBAAQ"}|0x11cfa2df
16:58:43.0 (231043730)|STATEMENT_EXECUTE|[32]
16:58:43.235 (235219008)|CUMULATIVE_LIMIT_USAGE
16:58:43.235 (235219008)|LIMIT_USAGE_FOR_NS|(default)|
  Number of SOQL queries: 0 out of 200
  Number of query rows: 0 out of 50000
  Number of SOSL queries: 0 out of 20
  Number of DML statements: 0 out of 150
  Number of DML rows: 0 out of 10000
  Maximum CPU time: 0 out of 60000
  Maximum heap size: 0 out of 12000000
  Number of callouts: 0 out of 100
  Number of Email Invocations: 0 out of 10
  Number of future calls: 0 out of 0
  Number of queueable jobs added to the queue: 0 out of 1
  Number of Mobile Apex push calls: 0 out of 10

16:58:43.235 (235219008)|CUMULATIVE_LIMIT_USAGE_END

16:58:43.0 (235257302)|CODE_UNIT_FINISHED|ResolveDailyTaskPointsBatch
16:58:43.0 (236079479)|METHOD_EXIT|[13]||System.Test.stopTest()
16:58:43.0 (236091086)|STATEMENT_EXECUTE|[15]
16:58:43.0 (236098620)|HEAP_ALLOCATE|[15]|Bytes:65
16:58:43.0 (236126225)|HEAP_ALLOCATE|[15]|Bytes:4
16:58:43.0 (236314636)|SOQL_EXECUTE_BEGIN|[15]|Aggregations:0|SELECT Id, Points__c FROM Contact WHERE LastName = 'TestContact1'
16:58:43.0 (250648721)|SOQL_EXECUTE_END|[15]|Rows:1
16:58:43.0 (250688254)|HEAP_ALLOCATE|[15]|Bytes:8
16:58:43.0 (250708797)|HEAP_ALLOCATE|[15]|Bytes:78
16:58:43.0 (250757322)|HEAP_ALLOCATE|[15]|Bytes:8
16:58:43.0 (250798594)|HEAP_ALLOCATE|[15]|Bytes:12
16:58:43.0 (250813620)|VARIABLE_SCOPE_BEGIN|[15]|contBefore|Contact|true|false
16:58:43.0 (250858307)|VARIABLE_ASSIGNMENT|[15]|contBefore|{"Id":"003f400000PuVIqAAN","Points__c":7.5}|0x245ed2ff
16:58:43.0 (250871401)|STATEMENT_EXECUTE|[16]
16:58:43.0 (250877375)|HEAP_ALLOCATE|[16]|Bytes:59
16:58:43.0 (250895487)|HEAP_ALLOCATE|[16]|Bytes:4
16:58:43.0 (251094252)|SOQL_EXECUTE_BEGIN|[16]|Aggregations:0|SELECT Id, Points__c FROM HTask__c WHERE Name = 'TestTask1'
16:58:43.0 (267927308)|SOQL_EXECUTE_END|[16]|Rows:1
16:58:43.0 (267963276)|HEAP_ALLOCATE|[16]|Bytes:8
16:58:43.0 (267982020)|HEAP_ALLOCATE|[16]|Bytes:78
16:58:43.0 (268020095)|HEAP_ALLOCATE|[16]|Bytes:8
16:58:43.0 (268041144)|HEAP_ALLOCATE|[16]|Bytes:34
16:58:43.0 (268062669)|HEAP_ALLOCATE|[16]|Bytes:12
16:58:43.0 (268103379)|VARIABLE_ASSIGNMENT|[16]|task|{"Id":"a00f4000009XCRoAAO","Points__c":2.50}|0x60c573ab
16:58:43.0 (268114627)|STATEMENT_EXECUTE|[18]
16:58:43.0 (268137861)|HEAP_ALLOCATE|[18]|Bytes:28
16:58:43.0 (268237492)|HEAP_ALLOCATE|[18]|Bytes:28
16:58:43.0 (268268447)|HEAP_ALLOCATE|[18]|Bytes:28
16:58:43.268 (268321240)|CUMULATIVE_LIMIT_USAGE
16:58:43.268 (268321240)|LIMIT_USAGE_FOR_NS|(default)|
  Number of SOQL queries: 2 out of 100
  Number of query rows: 2 out of 50000
  Number of SOSL queries: 0 out of 20
  Number of DML statements: 2 out of 150
  Number of DML rows: 2 out of 10000
  Maximum CPU time: 0 out of 10000
  Maximum heap size: 0 out of 6000000
  Number of callouts: 0 out of 100
  Number of Email Invocations: 0 out of 10
  Number of future calls: 0 out of 50
  Number of queueable jobs added to the queue: 0 out of 50
  Number of Mobile Apex push calls: 0 out of 10

16:58:43.268 (268321240)|TESTING_LIMITS
16:58:43.268 (268321240)|LIMIT_USAGE_FOR_NS|(default)|
  Number of SOQL queries: 0 out of 100
  Number of query rows: 0 out of 50000
  Number of SOSL queries: 0 out of 20
  Number of DML statements: 0 out of 150
  Number of DML rows: 0 out of 10000
  Maximum CPU time: 0 out of 10000
  Maximum heap size: 0 out of 6000000
  Number of callouts: 0 out of 100
  Number of Email Invocations: 0 out of 10
  Number of future calls: 0 out of 50
  Number of queueable jobs added to the queue: 0 out of 50
  Number of Mobile Apex push calls: 0 out of 10

16:58:43.268 (268321240)|CUMULATIVE_LIMIT_USAGE_END

16:58:43.0 (268381833)|CODE_UNIT_FINISHED|ResolveDailyTaskPointsBatchTest.resolveDailyTaskTest
16:58:43.0 (269511413)|EXECUTION_FINISHED
16:58:43.358 (358884962)|USER_INFO|[EXTERNAL]|005f4000002PiXT|amancebo.habitica@altimetrik.com|Argentine Time|GMT-03:00
16:58:43.358 (358906905)|EXECUTION_STARTED
16:58:43.358 (358911208)|CODE_UNIT_STARTED|[EXTERNAL]|DuplicateDetector
16:58:43.358 (358926191)|DUPLICATE_DETECTION_BEGIN
16:58:43.358 (358996413)|DUPLICATE_DETECTION_RULE_INVOCATION|DuplicateRuleId:0Bmf4000005NvDQ|DuplicateRuleName:Standard Contact Duplicate Rule|DmlType:INSERT
16:58:43.358 (367398158)|DUPLICATE_DETECTION_END
16:58:43.358 (367406608)|CODE_UNIT_FINISHED|DuplicateDetector
16:58:43.358 (368254687)|EXECUTION_FINISHED
16:58:43.369 (369114891)|USER_INFO|[EXTERNAL]|005f4000002PiXT|amancebo.habitica@altimetrik.com|Argentine Time|GMT-03:00
16:58:43.369 (369134266)|EXECUTION_STARTED
16:58:43.369 (369137345)|CODE_UNIT_STARTED|[EXTERNAL]|DuplicateDetector
16:58:43.369 (369148442)|DUPLICATE_DETECTION_BEGIN
16:58:43.369 (369195642)|DUPLICATE_DETECTION_RULE_INVOCATION|DuplicateRuleId:0Bmf4000005NvDQ|DuplicateRuleName:Standard Contact Duplicate Rule|DmlType:UPDATE
16:58:43.369 (375663801)|DUPLICATE_DETECTION_END
16:58:43.369 (375674313)|CODE_UNIT_FINISHED|DuplicateDetector
16:58:43.369 (376532994)|EXECUTION_FINISHED
