42.0 APEX_CODE,FINEST;APEX_PROFILING,INFO;CALLOUT,INFO;DB,INFO;SYSTEM,DEBUG;VALIDATION,INFO;VISUALFORCE,INFO;WAVE,INFO;WORKFLOW,INFO
11:13:03.0 (83593)|USER_INFO|[EXTERNAL]|005f4000002PiXT|amancebo.habitica@altimetrik.com|Argentine Time|GMT-03:00
11:13:03.0 (121293)|EXECUTION_STARTED
11:13:03.0 (126197)|CODE_UNIT_STARTED|[EXTERNAL]|Aura
11:13:03.0 (1545339)|CODE_UNIT_STARTED|[EXTERNAL]|01pf400000Gj25X|TaskListController.getAllTasks
11:13:03.0 (1701925)|HEAP_ALLOCATE|[72]|Bytes:3
11:13:03.0 (1764701)|HEAP_ALLOCATE|[77]|Bytes:152
11:13:03.0 (1781089)|HEAP_ALLOCATE|[342]|Bytes:408
11:13:03.0 (1793705)|HEAP_ALLOCATE|[355]|Bytes:408
11:13:03.0 (1804199)|HEAP_ALLOCATE|[467]|Bytes:48
11:13:03.0 (1831718)|HEAP_ALLOCATE|[139]|Bytes:6
11:13:03.0 (1893074)|HEAP_ALLOCATE|[EXTERNAL]|Bytes:1
11:13:03.0 (1939918)|METHOD_ENTRY|[1]|01pf400000Gj25X|TaskListController.TaskListController()
11:13:03.0 (1946911)|STATEMENT_EXECUTE|[1]
11:13:03.0 (1951821)|STATEMENT_EXECUTE|[1]
11:13:03.0 (1982025)|HEAP_ALLOCATE|[50]|Bytes:5
11:13:03.0 (2003929)|HEAP_ALLOCATE|[56]|Bytes:5
11:13:03.0 (2011718)|HEAP_ALLOCATE|[64]|Bytes:7
11:13:03.0 (2035064)|SYSTEM_MODE_ENTER|false
11:13:03.0 (2046740)|HEAP_ALLOCATE|[EXTERNAL]|Bytes:5
11:13:03.0 (2053217)|SYSTEM_MODE_EXIT|false
11:13:03.0 (2071880)|METHOD_EXIT|[1]|TaskListController
11:13:03.0 (2084131)|SYSTEM_MODE_ENTER|false
11:13:03.0 (2095899)|HEAP_ALLOCATE|[4]|Bytes:5
11:13:03.0 (2100401)|STATEMENT_EXECUTE|[3]
11:13:03.0 (2102270)|STATEMENT_EXECUTE|[4]
11:13:03.0 (2105532)|HEAP_ALLOCATE|[4]|Bytes:45
11:13:03.0 (2119635)|HEAP_ALLOCATE|[4]|Bytes:4
11:13:03.0 (2436051)|SOQL_EXECUTE_BEGIN|[4]|Aggregations:0|SELECT Id, Name, Description__c FROM HTask__c
11:13:03.0 (4525388)|SOQL_EXECUTE_END|[4]|Rows:2
11:13:03.0 (4548316)|HEAP_ALLOCATE|[4]|Bytes:12
11:13:03.0 (4566398)|HEAP_ALLOCATE|[4]|Bytes:104
11:13:03.0 (4659443)|HEAP_ALLOCATE|[4]|Bytes:12
11:13:03.0 (4683398)|VARIABLE_SCOPE_BEGIN|[4]|ltask|List<ANY>|true|false
11:13:03.0 (4722725)|VARIABLE_ASSIGNMENT|[4]|ltask|[{"Id":"a00f4000009UZfdAAG","Name":"cbx","Description__c":"yte"},{"Id":"a00f4000009U9j8AAC","Name":"TestH1"}]|0x4eb9fdb3
11:13:03.0 (4730835)|STATEMENT_EXECUTE|[5]
11:13:03.0 (4738926)|SYSTEM_MODE_EXIT|false
11:13:03.4 (4762252)|CUMULATIVE_LIMIT_USAGE
11:13:03.4 (4762252)|LIMIT_USAGE_FOR_NS|(default)|
  Number of SOQL queries: 1 out of 100
  Number of query rows: 2 out of 50000
  Number of SOSL queries: 0 out of 20
  Number of DML statements: 0 out of 150
  Number of DML rows: 0 out of 10000
  Maximum CPU time: 0 out of 10000
  Maximum heap size: 0 out of 6000000
  Number of callouts: 0 out of 100
  Number of Email Invocations: 0 out of 10
  Number of future calls: 0 out of 50
  Number of queueable jobs added to the queue: 0 out of 50
  Number of Mobile Apex push calls: 0 out of 10

11:13:03.4 (4762252)|CUMULATIVE_LIMIT_USAGE_END

11:13:03.0 (4798713)|CODE_UNIT_FINISHED|TaskListController.getAllTasks
11:13:03.0 (4863243)|CODE_UNIT_FINISHED|Aura
11:13:03.0 (6343127)|EXECUTION_FINISHED
