42.0 APEX_CODE,FINEST;APEX_PROFILING,INFO;CALLOUT,INFO;DB,INFO;SYSTEM,DEBUG;VALIDATION,INFO;VISUALFORCE,INFO;WAVE,INFO;WORKFLOW,INFO
11:16:22.0 (425730)|USER_INFO|[EXTERNAL]|005f4000002PiXT|amancebo.habitica@altimetrik.com|Argentine Time|GMT-03:00
11:16:22.0 (473309)|EXECUTION_STARTED
11:16:22.0 (479070)|CODE_UNIT_STARTED|[EXTERNAL]|Aura
11:16:22.0 (1987445)|CODE_UNIT_STARTED|[EXTERNAL]|01pf400000Gj25X|TaskListController.getAllTasks
11:16:22.0 (2144378)|HEAP_ALLOCATE|[72]|Bytes:3
11:16:22.0 (2212704)|HEAP_ALLOCATE|[77]|Bytes:152
11:16:22.0 (2230624)|HEAP_ALLOCATE|[342]|Bytes:408
11:16:22.0 (2243568)|HEAP_ALLOCATE|[355]|Bytes:408
11:16:22.0 (2254509)|HEAP_ALLOCATE|[467]|Bytes:48
11:16:22.0 (2284255)|HEAP_ALLOCATE|[139]|Bytes:6
11:16:22.0 (2349868)|HEAP_ALLOCATE|[EXTERNAL]|Bytes:1
11:16:22.0 (2386627)|METHOD_ENTRY|[1]|01pf400000Gj25X|TaskListController.TaskListController()
11:16:22.0 (2392921)|STATEMENT_EXECUTE|[1]
11:16:22.0 (2397525)|STATEMENT_EXECUTE|[1]
11:16:22.0 (2424296)|HEAP_ALLOCATE|[50]|Bytes:5
11:16:22.0 (2445539)|HEAP_ALLOCATE|[56]|Bytes:5
11:16:22.0 (2453578)|HEAP_ALLOCATE|[64]|Bytes:7
11:16:22.0 (2476131)|SYSTEM_MODE_ENTER|false
11:16:22.0 (2592583)|HEAP_ALLOCATE|[EXTERNAL]|Bytes:5
11:16:22.0 (2600271)|SYSTEM_MODE_EXIT|false
11:16:22.0 (2609405)|METHOD_EXIT|[1]|TaskListController
11:16:22.0 (2620978)|SYSTEM_MODE_ENTER|false
11:16:22.0 (2636165)|HEAP_ALLOCATE|[4]|Bytes:5
11:16:22.0 (2645608)|STATEMENT_EXECUTE|[3]
11:16:22.0 (2647435)|STATEMENT_EXECUTE|[4]
11:16:22.0 (2650570)|HEAP_ALLOCATE|[4]|Bytes:45
11:16:22.0 (2670186)|HEAP_ALLOCATE|[4]|Bytes:4
11:16:22.0 (3927085)|SOQL_EXECUTE_BEGIN|[4]|Aggregations:0|SELECT Id, Name, Description__c FROM HTask__c
11:16:22.0 (6393732)|SOQL_EXECUTE_END|[4]|Rows:2
11:16:22.0 (6417089)|HEAP_ALLOCATE|[4]|Bytes:12
11:16:22.0 (6434255)|HEAP_ALLOCATE|[4]|Bytes:104
11:16:22.0 (6521189)|HEAP_ALLOCATE|[4]|Bytes:12
11:16:22.0 (6542851)|VARIABLE_SCOPE_BEGIN|[4]|ltask|List<ANY>|true|false
11:16:22.0 (6587168)|VARIABLE_ASSIGNMENT|[4]|ltask|[{"Id":"a00f4000009UZfdAAG","Name":"cbx","Description__c":"yte"},{"Id":"a00f4000009U9j8AAC","Name":"TestH1"}]|0x5490ad69
11:16:22.0 (6595382)|STATEMENT_EXECUTE|[5]
11:16:22.0 (6603329)|SYSTEM_MODE_EXIT|false
11:16:22.6 (6626967)|CUMULATIVE_LIMIT_USAGE
11:16:22.6 (6626967)|LIMIT_USAGE_FOR_NS|(default)|
  Number of SOQL queries: 1 out of 100
  Number of query rows: 2 out of 50000
  Number of SOSL queries: 0 out of 20
  Number of DML statements: 0 out of 150
  Number of DML rows: 0 out of 10000
  Maximum CPU time: 0 out of 10000
  Maximum heap size: 0 out of 6000000
  Number of callouts: 0 out of 100
  Number of Email Invocations: 0 out of 10
  Number of future calls: 0 out of 50
  Number of queueable jobs added to the queue: 0 out of 50
  Number of Mobile Apex push calls: 0 out of 10

11:16:22.6 (6626967)|CUMULATIVE_LIMIT_USAGE_END

11:16:22.0 (6667277)|CODE_UNIT_FINISHED|TaskListController.getAllTasks
11:16:22.0 (6730995)|CODE_UNIT_FINISHED|Aura
11:16:22.0 (7837547)|EXECUTION_FINISHED
