42.0 APEX_CODE,FINEST;APEX_PROFILING,INFO;CALLOUT,INFO;DB,INFO;SYSTEM,DEBUG;VALIDATION,INFO;VISUALFORCE,INFO;WAVE,INFO;WORKFLOW,INFO
11:56:39.0 (61604)|USER_INFO|[EXTERNAL]|005f4000002PiXT|amancebo.habitica@altimetrik.com|Argentine Time|GMT-03:00
11:56:39.0 (96029)|EXECUTION_STARTED
11:56:39.0 (101643)|CODE_UNIT_STARTED|[EXTERNAL]|Aura
11:56:39.0 (1323624)|CODE_UNIT_STARTED|[EXTERNAL]|01pf400000Gj25X|TaskListController.getAllTasks
11:56:39.0 (1473014)|HEAP_ALLOCATE|[72]|Bytes:3
11:56:39.0 (1514000)|HEAP_ALLOCATE|[77]|Bytes:152
11:56:39.0 (1528960)|HEAP_ALLOCATE|[342]|Bytes:408
11:56:39.0 (1541342)|HEAP_ALLOCATE|[355]|Bytes:408
11:56:39.0 (1551523)|HEAP_ALLOCATE|[467]|Bytes:48
11:56:39.0 (1579221)|HEAP_ALLOCATE|[139]|Bytes:6
11:56:39.0 (1642518)|HEAP_ALLOCATE|[EXTERNAL]|Bytes:1
11:56:39.0 (1652637)|METHOD_ENTRY|[1]|01pf400000Gj25X|TaskListController.TaskListController()
11:56:39.0 (1658593)|STATEMENT_EXECUTE|[1]
11:56:39.0 (1664315)|STATEMENT_EXECUTE|[1]
11:56:39.0 (1694429)|HEAP_ALLOCATE|[50]|Bytes:5
11:56:39.0 (1717413)|HEAP_ALLOCATE|[56]|Bytes:5
11:56:39.0 (1724626)|HEAP_ALLOCATE|[64]|Bytes:7
11:56:39.0 (1746680)|SYSTEM_MODE_ENTER|false
11:56:39.0 (1761309)|HEAP_ALLOCATE|[EXTERNAL]|Bytes:5
11:56:39.0 (1768735)|SYSTEM_MODE_EXIT|false
11:56:39.0 (1777061)|METHOD_EXIT|[1]|TaskListController
11:56:39.0 (1786775)|SYSTEM_MODE_ENTER|false
11:56:39.0 (1798701)|HEAP_ALLOCATE|[4]|Bytes:5
11:56:39.0 (1803121)|STATEMENT_EXECUTE|[3]
11:56:39.0 (1804952)|STATEMENT_EXECUTE|[4]
11:56:39.0 (1808163)|HEAP_ALLOCATE|[4]|Bytes:45
11:56:39.0 (1832758)|HEAP_ALLOCATE|[4]|Bytes:4
11:56:39.0 (2153090)|SOQL_EXECUTE_BEGIN|[4]|Aggregations:0|SELECT Id, Name, Description__c FROM HTask__c
11:56:39.0 (4019842)|SOQL_EXECUTE_END|[4]|Rows:2
11:56:39.0 (4042046)|HEAP_ALLOCATE|[4]|Bytes:12
11:56:39.0 (4059839)|HEAP_ALLOCATE|[4]|Bytes:104
11:56:39.0 (4159133)|HEAP_ALLOCATE|[4]|Bytes:12
11:56:39.0 (4180373)|VARIABLE_SCOPE_BEGIN|[4]|ltask|List<ANY>|true|false
11:56:39.0 (4220643)|VARIABLE_ASSIGNMENT|[4]|ltask|[{"Id":"a00f4000009UZfdAAG","Name":"cbx","Description__c":"yte"},{"Id":"a00f4000009U9j8AAC","Name":"TestH1"}]|0x69876b73
11:56:39.0 (4227750)|STATEMENT_EXECUTE|[5]
11:56:39.0 (4236293)|SYSTEM_MODE_EXIT|false
11:56:39.4 (4256737)|CUMULATIVE_LIMIT_USAGE
11:56:39.4 (4256737)|LIMIT_USAGE_FOR_NS|(default)|
  Number of SOQL queries: 1 out of 100
  Number of query rows: 2 out of 50000
  Number of SOSL queries: 0 out of 20
  Number of DML statements: 0 out of 150
  Number of DML rows: 0 out of 10000
  Maximum CPU time: 0 out of 10000
  Maximum heap size: 0 out of 6000000
  Number of callouts: 0 out of 100
  Number of Email Invocations: 0 out of 10
  Number of future calls: 0 out of 50
  Number of queueable jobs added to the queue: 0 out of 50
  Number of Mobile Apex push calls: 0 out of 10

11:56:39.4 (4256737)|CUMULATIVE_LIMIT_USAGE_END

11:56:39.0 (4294773)|CODE_UNIT_FINISHED|TaskListController.getAllTasks
11:56:39.0 (4360912)|CODE_UNIT_FINISHED|Aura
11:56:39.0 (5581478)|EXECUTION_FINISHED
