42.0 APEX_CODE,FINEST;APEX_PROFILING,INFO;CALLOUT,INFO;DB,INFO;SYSTEM,DEBUG;VALIDATION,INFO;VISUALFORCE,INFO;WAVE,INFO;WORKFLOW,INFO
16:20:29.0 (412320)|USER_INFO|[EXTERNAL]|005f4000002PiXT|amancebo.habitica@altimetrik.com|Argentine Time|GMT-03:00
16:20:29.0 (450031)|EXECUTION_STARTED
16:20:29.0 (455877)|CODE_UNIT_STARTED|[EXTERNAL]|Aura
16:20:29.0 (2197671)|CODE_UNIT_STARTED|[EXTERNAL]|01pf400000Gj25X|TaskListController.getAllUncompletedTask
16:20:29.0 (2555934)|HEAP_ALLOCATE|[72]|Bytes:3
16:20:29.0 (2599894)|HEAP_ALLOCATE|[77]|Bytes:152
16:20:29.0 (2617105)|HEAP_ALLOCATE|[342]|Bytes:408
16:20:29.0 (2630210)|HEAP_ALLOCATE|[355]|Bytes:408
16:20:29.0 (2640577)|HEAP_ALLOCATE|[467]|Bytes:48
16:20:29.0 (2671049)|HEAP_ALLOCATE|[139]|Bytes:6
16:20:29.0 (2686437)|HEAP_ALLOCATE|[EXTERNAL]|Bytes:3
16:20:29.0 (2698776)|METHOD_ENTRY|[1]|01pf400000Gj25X|TaskListController.TaskListController()
16:20:29.0 (2705615)|STATEMENT_EXECUTE|[1]
16:20:29.0 (2710727)|STATEMENT_EXECUTE|[1]
16:20:29.0 (2715759)|METHOD_EXIT|[1]|TaskListController
16:20:29.0 (2736266)|SYSTEM_MODE_ENTER|false
16:20:29.0 (2747716)|STATEMENT_EXECUTE|[9]
16:20:29.0 (2749676)|STATEMENT_EXECUTE|[10]
16:20:29.0 (2753041)|HEAP_ALLOCATE|[10]|Bytes:108
16:20:29.0 (2773776)|HEAP_ALLOCATE|[10]|Bytes:4
16:20:29.0 (2815655)|HEAP_ALLOCATE|[50]|Bytes:5
16:20:29.0 (2845817)|HEAP_ALLOCATE|[56]|Bytes:5
16:20:29.0 (2853622)|HEAP_ALLOCATE|[64]|Bytes:7
16:20:29.0 (3212781)|SOQL_EXECUTE_BEGIN|[10]|Aggregations:0|SELECT Id, Name, Description__c, Type__c, Points__c, Contact__c FROM HTask__c WHERE Status__c != 'Completed'
16:20:29.0 (19381998)|SOQL_EXECUTE_END|[10]|Rows:6
16:20:29.0 (19413202)|HEAP_ALLOCATE|[10]|Bytes:28
16:20:29.0 (19451762)|HEAP_ALLOCATE|[10]|Bytes:997
16:20:29.0 (19529471)|HEAP_ALLOCATE|[10]|Bytes:28
16:20:29.0 (19552794)|VARIABLE_SCOPE_BEGIN|[10]|ltask|List<HTask__c>|true|false
16:20:29.0 (19591239)|VARIABLE_ASSIGNMENT|[10]|ltask|"List of size 6 too large to display"|0xeee3a54
16:20:29.0 (19600177)|STATEMENT_EXECUTE|[13]
16:20:29.0 (19610899)|SYSTEM_MODE_EXIT|false
16:20:29.19 (19634833)|CUMULATIVE_LIMIT_USAGE
16:20:29.19 (19634833)|LIMIT_USAGE_FOR_NS|(default)|
  Number of SOQL queries: 1 out of 100
  Number of query rows: 6 out of 50000
  Number of SOSL queries: 0 out of 20
  Number of DML statements: 0 out of 150
  Number of DML rows: 0 out of 10000
  Maximum CPU time: 0 out of 10000
  Maximum heap size: 0 out of 6000000
  Number of callouts: 0 out of 100
  Number of Email Invocations: 0 out of 10
  Number of future calls: 0 out of 50
  Number of queueable jobs added to the queue: 0 out of 50
  Number of Mobile Apex push calls: 0 out of 10

16:20:29.19 (19634833)|CUMULATIVE_LIMIT_USAGE_END

16:20:29.0 (19666593)|CODE_UNIT_FINISHED|TaskListController.getAllUncompletedTask
16:20:29.0 (19777445)|CODE_UNIT_FINISHED|Aura
16:20:29.0 (20890813)|EXECUTION_FINISHED
