42.0 APEX_CODE,FINEST;APEX_PROFILING,INFO;CALLOUT,INFO;DB,INFO;SYSTEM,DEBUG;VALIDATION,INFO;VISUALFORCE,INFO;WAVE,INFO;WORKFLOW,INFO
11:21:04.0 (355645)|USER_INFO|[EXTERNAL]|005f4000002PiXT|amancebo.habitica@altimetrik.com|Argentine Time|GMT-03:00
11:21:04.0 (392707)|EXECUTION_STARTED
11:21:04.0 (397786)|CODE_UNIT_STARTED|[EXTERNAL]|Aura
11:21:04.0 (1824103)|CODE_UNIT_STARTED|[EXTERNAL]|01pf400000Gj25X|TaskListController.getAllTasks
11:21:04.0 (1965778)|HEAP_ALLOCATE|[72]|Bytes:3
11:21:04.0 (1999702)|HEAP_ALLOCATE|[77]|Bytes:152
11:21:04.0 (2014303)|HEAP_ALLOCATE|[342]|Bytes:408
11:21:04.0 (2026976)|HEAP_ALLOCATE|[355]|Bytes:408
11:21:04.0 (2037183)|HEAP_ALLOCATE|[467]|Bytes:48
11:21:04.0 (2063171)|HEAP_ALLOCATE|[139]|Bytes:6
11:21:04.0 (2128450)|HEAP_ALLOCATE|[EXTERNAL]|Bytes:1
11:21:04.0 (2139096)|METHOD_ENTRY|[1]|01pf400000Gj25X|TaskListController.TaskListController()
11:21:04.0 (2145018)|STATEMENT_EXECUTE|[1]
11:21:04.0 (2149339)|STATEMENT_EXECUTE|[1]
11:21:04.0 (2176817)|HEAP_ALLOCATE|[50]|Bytes:5
11:21:04.0 (2211259)|HEAP_ALLOCATE|[56]|Bytes:5
11:21:04.0 (2220267)|HEAP_ALLOCATE|[64]|Bytes:7
11:21:04.0 (2242455)|SYSTEM_MODE_ENTER|false
11:21:04.0 (2252806)|HEAP_ALLOCATE|[EXTERNAL]|Bytes:5
11:21:04.0 (2260205)|SYSTEM_MODE_EXIT|false
11:21:04.0 (2268440)|METHOD_EXIT|[1]|TaskListController
11:21:04.0 (2278660)|SYSTEM_MODE_ENTER|false
11:21:04.0 (2290038)|HEAP_ALLOCATE|[4]|Bytes:5
11:21:04.0 (2294548)|STATEMENT_EXECUTE|[3]
11:21:04.0 (2296418)|STATEMENT_EXECUTE|[4]
11:21:04.0 (2299373)|HEAP_ALLOCATE|[4]|Bytes:45
11:21:04.0 (2314734)|HEAP_ALLOCATE|[4]|Bytes:4
11:21:04.0 (3738772)|SOQL_EXECUTE_BEGIN|[4]|Aggregations:0|SELECT Id, Name, Description__c FROM HTask__c
11:21:04.0 (6228644)|SOQL_EXECUTE_END|[4]|Rows:2
11:21:04.0 (6258621)|HEAP_ALLOCATE|[4]|Bytes:12
11:21:04.0 (6282491)|HEAP_ALLOCATE|[4]|Bytes:104
11:21:04.0 (6403409)|HEAP_ALLOCATE|[4]|Bytes:12
11:21:04.0 (6430749)|VARIABLE_SCOPE_BEGIN|[4]|ltask|List<ANY>|true|false
11:21:04.0 (6481663)|VARIABLE_ASSIGNMENT|[4]|ltask|[{"Id":"a00f4000009UZfdAAG","Name":"cbx","Description__c":"yte"},{"Id":"a00f4000009U9j8AAC","Name":"TestH1"}]|0x7825c3b3
11:21:04.0 (6492605)|STATEMENT_EXECUTE|[5]
11:21:04.0 (6502698)|SYSTEM_MODE_EXIT|false
11:21:04.6 (6535912)|CUMULATIVE_LIMIT_USAGE
11:21:04.6 (6535912)|LIMIT_USAGE_FOR_NS|(default)|
  Number of SOQL queries: 1 out of 100
  Number of query rows: 2 out of 50000
  Number of SOSL queries: 0 out of 20
  Number of DML statements: 0 out of 150
  Number of DML rows: 0 out of 10000
  Maximum CPU time: 0 out of 10000
  Maximum heap size: 0 out of 6000000
  Number of callouts: 0 out of 100
  Number of Email Invocations: 0 out of 10
  Number of future calls: 0 out of 50
  Number of queueable jobs added to the queue: 0 out of 50
  Number of Mobile Apex push calls: 0 out of 10

11:21:04.6 (6535912)|CUMULATIVE_LIMIT_USAGE_END

11:21:04.0 (6591572)|CODE_UNIT_FINISHED|TaskListController.getAllTasks
11:21:04.0 (6671022)|CODE_UNIT_FINISHED|Aura
11:21:04.0 (7970387)|EXECUTION_FINISHED
