42.0 APEX_CODE,FINEST;APEX_PROFILING,INFO;CALLOUT,INFO;DB,INFO;SYSTEM,DEBUG;VALIDATION,INFO;VISUALFORCE,INFO;WAVE,INFO;WORKFLOW,INFO
16:20:34.0 (78614)|USER_INFO|[EXTERNAL]|005f4000002PiXT|amancebo.habitica@altimetrik.com|Argentine Time|GMT-03:00
16:20:34.0 (274074)|EXECUTION_STARTED
16:20:34.0 (278273)|CODE_UNIT_STARTED|[EXTERNAL]|Aura
16:20:34.0 (2233132)|CODE_UNIT_STARTED|[EXTERNAL]|01pf400000GjGsw|TaskDetailController.deleteTask
16:20:34.0 (2501780)|HEAP_ALLOCATE|[72]|Bytes:3
16:20:34.0 (2570486)|HEAP_ALLOCATE|[77]|Bytes:152
16:20:34.0 (2585240)|HEAP_ALLOCATE|[342]|Bytes:408
16:20:34.0 (2597506)|HEAP_ALLOCATE|[355]|Bytes:408
16:20:34.0 (2608273)|HEAP_ALLOCATE|[467]|Bytes:48
16:20:34.0 (2662053)|HEAP_ALLOCATE|[139]|Bytes:6
16:20:34.0 (2697265)|HEAP_ALLOCATE|[EXTERNAL]|Bytes:7
16:20:34.0 (2723174)|HEAP_ALLOCATE|[EXTERNAL]|Bytes:2
16:20:34.0 (2742756)|METHOD_ENTRY|[1]|01pf400000GjGsw|TaskDetailController.TaskDetailController()
16:20:34.0 (2749979)|STATEMENT_EXECUTE|[1]
16:20:34.0 (2755293)|STATEMENT_EXECUTE|[1]
16:20:34.0 (2785440)|METHOD_EXIT|[1]|TaskDetailController
16:20:34.0 (2803765)|HEAP_ALLOCATE|[EXTERNAL]|Bytes:28
16:20:34.0 (2819926)|SYSTEM_MODE_ENTER|false
16:20:34.0 (2925580)|VARIABLE_SCOPE_BEGIN|[29]|task|HTask__c|true|false
16:20:34.0 (2958934)|VARIABLE_ASSIGNMENT|[29]|task|{"Points__c":1,"Description__c":"This is a habit task","Type__c":"Habit","Id":"a00f4000009V4weAAC","Contact__c":"003f400000OZANJAA5","Name":"TaskHH"}|0x5003d39b
16:20:34.0 (2970611)|STATEMENT_EXECUTE|[29]
16:20:34.0 (2972779)|STATEMENT_EXECUTE|[31]
16:20:34.0 (3018353)|HEAP_ALLOCATE|[50]|Bytes:5
16:20:34.0 (3057876)|HEAP_ALLOCATE|[56]|Bytes:5
16:20:34.0 (3071274)|HEAP_ALLOCATE|[64]|Bytes:7
16:20:34.0 (3130152)|HEAP_ALLOCATE|[31]|Bytes:8
16:20:34.0 (3146529)|HEAP_ALLOCATE|[31]|Bytes:8
16:20:34.0 (3153281)|DML_BEGIN|[31]|Op:Delete|Type:HTask__c|Rows:1
16:20:34.0 (3187368)|HEAP_ALLOCATE|[EXTERNAL]|Bytes:8
16:20:34.0 (223334674)|DML_END|[31]
16:20:34.0 (223397185)|SYSTEM_MODE_EXIT|false
16:20:34.228 (228521641)|CUMULATIVE_LIMIT_USAGE
16:20:34.228 (228521641)|LIMIT_USAGE_FOR_NS|(default)|
  Number of SOQL queries: 0 out of 100
  Number of query rows: 0 out of 50000
  Number of SOSL queries: 0 out of 20
  Number of DML statements: 1 out of 150
  Number of DML rows: 1 out of 10000
  Maximum CPU time: 0 out of 10000
  Maximum heap size: 0 out of 6000000
  Number of callouts: 0 out of 100
  Number of Email Invocations: 0 out of 10
  Number of future calls: 0 out of 50
  Number of queueable jobs added to the queue: 0 out of 50
  Number of Mobile Apex push calls: 0 out of 10

16:20:34.228 (228521641)|CUMULATIVE_LIMIT_USAGE_END

16:20:34.0 (228562670)|CODE_UNIT_FINISHED|TaskDetailController.deleteTask
16:20:34.0 (228651992)|CODE_UNIT_FINISHED|Aura
16:20:34.0 (229530600)|EXECUTION_FINISHED
