36.0 APEX_CODE,FINEST;APEX_PROFILING,INFO;CALLOUT,INFO;DB,INFO;SYSTEM,DEBUG;VALIDATION,INFO;VISUALFORCE,INFO;WAVE,INFO;WORKFLOW,INFO
16:46:35.0 (779559)|USER_INFO|[EXTERNAL]|005f4000002PiXT|amancebo.habitica@altimetrik.com|Argentine Time|GMT-03:00
16:46:35.0 (817931)|EXECUTION_STARTED
16:46:35.0 (823708)|CODE_UNIT_STARTED|[EXTERNAL]|01pf400000GkBRc|CompleteHTaskTriggerTest.completeDailyTask
16:46:35.0 (1064298)|HEAP_ALLOCATE|[72]|Bytes:3
16:46:35.0 (1119201)|HEAP_ALLOCATE|[77]|Bytes:152
16:46:35.0 (1143542)|HEAP_ALLOCATE|[342]|Bytes:408
16:46:35.0 (1161389)|HEAP_ALLOCATE|[355]|Bytes:408
16:46:35.0 (1175111)|HEAP_ALLOCATE|[467]|Bytes:48
16:46:35.0 (1208503)|HEAP_ALLOCATE|[139]|Bytes:6
16:46:35.0 (1225650)|HEAP_ALLOCATE|[EXTERNAL]|Bytes:55
16:46:35.0 (1241239)|METHOD_ENTRY|[2]|01pf400000GkBRc|CompleteHTaskTriggerTest.CompleteHTaskTriggerTest()
16:46:35.0 (1248193)|STATEMENT_EXECUTE|[2]
16:46:35.0 (1252938)|STATEMENT_EXECUTE|[2]
16:46:35.0 (1256890)|METHOD_EXIT|[2]|CompleteHTaskTriggerTest
16:46:35.0 (1382292)|HEAP_ALLOCATE|[50]|Bytes:5
16:46:35.0 (1408119)|HEAP_ALLOCATE|[56]|Bytes:5
16:46:35.0 (1416171)|HEAP_ALLOCATE|[64]|Bytes:7
16:46:35.0 (1452981)|STATEMENT_EXECUTE|[4]
16:46:35.0 (1454987)|STATEMENT_EXECUTE|[5]
16:46:35.0 (1485790)|HEAP_ALLOCATE|[5]|Bytes:63
16:46:35.0 (1494680)|SYSTEM_METHOD_ENTRY|[1]|Test.Test()
16:46:35.0 (1498141)|STATEMENT_EXECUTE|[1]
16:46:35.0 (1503387)|SYSTEM_METHOD_EXIT|[1]|Test
16:46:35.0 (1515207)|METHOD_ENTRY|[5]||System.Test.startTest()
16:46:35.0 (2673106)|METHOD_EXIT|[5]||System.Test.startTest()
16:46:35.0 (2685090)|STATEMENT_EXECUTE|[6]
16:46:35.0 (2730866)|HEAP_ALLOCATE|[6]|Bytes:4
16:46:35.0 (2822584)|HEAP_ALLOCATE|[6]|Bytes:12
16:46:35.0 (2887415)|VARIABLE_ASSIGNMENT|[6]|this.LastName|"TestContact1"|0x7b634991
16:46:35.0 (2940202)|HEAP_ALLOCATE|[6]|Bytes:28
16:46:35.0 (2948558)|HEAP_ALLOCATE|[6]|Bytes:28
16:46:35.0 (2983874)|VARIABLE_ASSIGNMENT|[6]|this.Points__c|10|0x7b634991
16:46:35.0 (3024503)|VARIABLE_SCOPE_BEGIN|[6]|contBefore|Contact|true|false
16:46:35.0 (3058133)|VARIABLE_ASSIGNMENT|[6]|contBefore|{"LastName":"TestContact1","Points__c":10}|0x7b634991
16:46:35.0 (3068089)|STATEMENT_EXECUTE|[7]
16:46:35.0 (3093065)|HEAP_ALLOCATE|[7]|Bytes:8
16:46:35.0 (3104856)|DML_BEGIN|[7]|Op:Insert|Type:Contact|Rows:1
16:46:35.0 (3149817)|HEAP_ALLOCATE|[EXTERNAL]|Bytes:8
16:46:35.0 (13872523)|CODE_UNIT_STARTED|[EXTERNAL]|DuplicateDetector
16:46:35.0 (13899477)|DUPLICATE_DETECTION_BEGIN
16:46:35.0 (14825931)|DUPLICATE_DETECTION_RULE_INVOCATION|DuplicateRuleId:0Bmf4000005NvDQ|DuplicateRuleName:Standard Contact Duplicate Rule|DmlType:INSERT
16:46:35.0 (38839670)|DUPLICATE_DETECTION_MATCH_INVOCATION_DETAILS|EntityType:Contact|ActionTaken:Allow_[Alert,Report]|DuplicateRecordIds:
16:46:35.0 (38863569)|DUPLICATE_DETECTION_MATCH_INVOCATION_SUMMARY|EntityType:Contact|NumRecordsToBeSaved:1|NumRecordsToBeSavedWithDuplicates:0|NumDuplicateRecordsFound:0
16:46:35.0 (38875455)|DUPLICATE_DETECTION_MATCH_INVOCATION_DETAILS|EntityType:Contact|ActionTaken:Allow_[Alert,Report]|DuplicateRecordIds:
16:46:35.0 (38881997)|DUPLICATE_DETECTION_MATCH_INVOCATION_SUMMARY|EntityType:Contact|NumRecordsToBeSaved:1|NumRecordsToBeSavedWithDuplicates:0|NumDuplicateRecordsFound:0
16:46:35.0 (39030990)|DUPLICATE_DETECTION_END
16:46:35.0 (39040412)|CODE_UNIT_FINISHED|DuplicateDetector
16:46:35.0 (59938288)|DML_END|[7]
16:46:35.0 (59976945)|STATEMENT_EXECUTE|[9]
16:46:35.0 (60033608)|HEAP_ALLOCATE|[9]|Bytes:4
16:46:35.0 (60159877)|HEAP_ALLOCATE|[9]|Bytes:9
16:46:35.0 (60222231)|VARIABLE_ASSIGNMENT|[9]|this.Name|"TestTask1"|0x1e45e6f8
16:46:35.0 (60236602)|HEAP_ALLOCATE|[9]|Bytes:5
16:46:35.0 (60263404)|VARIABLE_ASSIGNMENT|[9]|this.Type__c|"Daily"|0x1e45e6f8
16:46:35.0 (60328532)|VARIABLE_ASSIGNMENT|[9]|this.Contact__c|"003f400000PuVCYAA3"|0x1e45e6f8
16:46:35.0 (60340670)|HEAP_ALLOCATE|[9]|Bytes:3
16:46:35.0 (60358595)|VARIABLE_ASSIGNMENT|[9]|this.Status__c|"New"|0x1e45e6f8
16:46:35.0 (60365890)|HEAP_ALLOCATE|[9]|Bytes:4
16:46:35.0 (60377930)|VARIABLE_ASSIGNMENT|[9]|this.Difficulty__c|"Hard"|0x1e45e6f8
16:46:35.0 (60410439)|VARIABLE_SCOPE_BEGIN|[9]|task|HTask__c|true|false
16:46:35.0 (60436268)|VARIABLE_ASSIGNMENT|[9]|task|{"Name":"TestTask1","Type__c":"Daily","Contact__c":"003f400000PuVCYAA3","Status__c":"New","Difficulty__c":"Hard"}|0x1e45e6f8
16:46:35.0 (60442906)|STATEMENT_EXECUTE|[10]
16:46:35.0 (60465810)|HEAP_ALLOCATE|[10]|Bytes:8
16:46:35.0 (60473430)|DML_BEGIN|[10]|Op:Insert|Type:HTask__c|Rows:1
16:46:35.0 (60508206)|HEAP_ALLOCATE|[EXTERNAL]|Bytes:8
16:46:35.0 (72321047)|CODE_UNIT_STARTED|[EXTERNAL]|Validation:HTask:new
16:46:35.0 (72346259)|VALIDATION_RULE|03df40000002ejE|ContactRequired
16:46:35.0 (72512303)|VALIDATION_FORMULA|ISBLANK(Contact__c)|Contact__c=003f400000PuVCY
16:46:35.0 (72524363)|VALIDATION_PASS
16:46:35.0 (72527369)|VALIDATION_RULE|03df40000002ejO|DificultyRequired
16:46:35.0 (72628591)|VALIDATION_FORMULA|ISBLANK(TEXT(Difficulty__c))|Difficulty__c=Hard
16:46:35.0 (72638115)|VALIDATION_PASS
16:46:35.0 (72640434)|VALIDATION_RULE|03df40000002bNN|StatusNone
16:46:35.0 (72766787)|VALIDATION_FORMULA|TEXT(Status__c) <> 'New'  
&& TEXT(Status__c) <> 'In Progress'
&& TEXT(Status__c) <> 'Completed'|Status__c=New
16:46:35.0 (72778126)|VALIDATION_PASS
16:46:35.0 (72903491)|CODE_UNIT_FINISHED|Validation:HTask:new
16:46:35.0 (86118257)|DML_END|[10]
16:46:35.0 (86155278)|STATEMENT_EXECUTE|[12]
16:46:35.0 (86165527)|HEAP_ALLOCATE|[12]|Bytes:9
16:46:35.0 (86250310)|VARIABLE_ASSIGNMENT|[12]|this.Status__c|"Completed"|0x1e45e6f8
16:46:35.0 (86258551)|STATEMENT_EXECUTE|[13]
16:46:35.0 (86293864)|HEAP_ALLOCATE|[13]|Bytes:8
16:46:35.0 (86302921)|DML_BEGIN|[13]|Op:Update|Type:HTask__c|Rows:1
16:46:35.0 (86340765)|HEAP_ALLOCATE|[EXTERNAL]|Bytes:8
16:46:35.0 (91910261)|CODE_UNIT_STARTED|[EXTERNAL]|Validation:HTask:a00f4000009XCQY
16:46:35.0 (91941278)|VALIDATION_RULE|03df40000002ejE|ContactRequired
16:46:35.0 (92022683)|VALIDATION_FORMULA|ISBLANK(Contact__c)|Contact__c=003f400000PuVCY
16:46:35.0 (92030358)|VALIDATION_PASS
16:46:35.0 (92032680)|VALIDATION_RULE|03df40000002ejO|DificultyRequired
16:46:35.0 (92089248)|VALIDATION_FORMULA|ISBLANK(TEXT(Difficulty__c))|Difficulty__c=Hard
16:46:35.0 (92096234)|VALIDATION_PASS
16:46:35.0 (92098057)|VALIDATION_RULE|03df40000002bNN|StatusNone
16:46:35.0 (92197041)|VALIDATION_FORMULA|TEXT(Status__c) <> 'New'  
&& TEXT(Status__c) <> 'In Progress'
&& TEXT(Status__c) <> 'Completed'|Status__c=Completed
16:46:35.0 (92203551)|VALIDATION_PASS
16:46:35.0 (92266645)|CODE_UNIT_FINISHED|Validation:HTask:a00f4000009XCQY
16:46:35.0 (104407775)|CODE_UNIT_STARTED|[EXTERNAL]|01qf4000001HypC|completeHTaskTrigger on HTask trigger event AfterUpdate
16:46:35.0 (104453993)|HEAP_ALLOCATE|[EXTERNAL]|Bytes:8
16:46:35.0 (104486232)|HEAP_ALLOCATE|[EXTERNAL]|Bytes:8
16:46:35.0 (104596782)|HEAP_ALLOCATE|[EXTERNAL]|Bytes:12
16:46:35.0 (104611615)|VARIABLE_SCOPE_BEGIN|[1]|this|completeHTaskTrigger|true|false
16:46:35.0 (104697482)|VARIABLE_ASSIGNMENT|[1]|this|{}|0x3ba34b4f
16:46:35.0 (104757668)|HEAP_ALLOCATE|[EXTERNAL]|Bytes:12
16:46:35.0 (104767567)|VARIABLE_SCOPE_BEGIN|[1]|this|completeHTaskTrigger|true|false
16:46:35.0 (104781796)|VARIABLE_ASSIGNMENT|[1]|this|{}|0x3ba34b4f
16:46:35.0 (104791557)|STATEMENT_EXECUTE|[1]
16:46:35.0 (104793843)|STATEMENT_EXECUTE|[3]
16:46:35.0 (104799303)|HEAP_ALLOCATE|[3]|Bytes:99
16:46:35.0 (104820776)|HEAP_ALLOCATE|[3]|Bytes:4
16:46:35.0 (104836447)|HEAP_ALLOCATE|[3]|Bytes:7
16:46:35.0 (108707073)|SOQL_EXECUTE_BEGIN|[3]|Aggregations:0|SELECT Id, Contact__c, Type__c, Status__c, DueDate__c, Points__c FROM HTask__c WHERE Id IN :tmpVar1
16:46:35.0 (116223430)|SOQL_EXECUTE_END|[3]|Rows:1
16:46:35.0 (116253366)|HEAP_ALLOCATE|[3]|Bytes:8
16:46:35.0 (116275897)|HEAP_ALLOCATE|[3]|Bytes:148
16:46:35.0 (116315514)|HEAP_ALLOCATE|[3]|Bytes:8
16:46:35.0 (116337543)|HEAP_ALLOCATE|[3]|Bytes:34
16:46:35.0 (116389925)|HEAP_ALLOCATE|[3]|Bytes:24
16:46:35.0 (116445464)|VARIABLE_ASSIGNMENT|[3]|this.task|{"Id":"a00f4000009XCQYAA4","Contact__c":"003f400000PuVCYAA3","Type__c":"Daily","Status__c":"Completed","Points__c":2.50}|0x3ba34b4f
16:46:35.0 (116454296)|STATEMENT_EXECUTE|[5]
16:46:35.0 (116458433)|HEAP_ALLOCATE|[5]|Bytes:59
16:46:35.0 (116479400)|HEAP_ALLOCATE|[5]|Bytes:4
16:46:35.0 (116713119)|SOQL_EXECUTE_BEGIN|[5]|Aggregations:0|SELECT Id, Name, Points__c FROM Contact WHERE Id = :tmpVar1
16:46:35.0 (120701617)|SOQL_EXECUTE_END|[5]|Rows:1
16:46:35.0 (120723440)|HEAP_ALLOCATE|[5]|Bytes:8
16:46:35.0 (120739932)|HEAP_ALLOCATE|[5]|Bytes:98
16:46:35.0 (120798234)|HEAP_ALLOCATE|[5]|Bytes:8
16:46:35.0 (120812975)|HEAP_ALLOCATE|[5]|Bytes:33
16:46:35.0 (120851288)|HEAP_ALLOCATE|[5]|Bytes:16
16:46:35.0 (120887409)|VARIABLE_ASSIGNMENT|[5]|this.conta|{"Id":"003f400000PuVCYAA3","Name":"TestContact1","Points__c":10}|0x3ba34b4f
16:46:35.0 (120922990)|HEAP_ALLOCATE|[7]|Bytes:5
16:46:35.0 (120959495)|STATEMENT_EXECUTE|[19]
16:46:35.0 (121056519)|STATEMENT_EXECUTE|[20]
16:46:35.0 (121059982)|STATEMENT_EXECUTE|[21]
16:46:35.0 (121166291)|HEAP_ALLOCATE|[21]|Bytes:28
16:46:35.0 (121237343)|VARIABLE_ASSIGNMENT|[21]|this.Points__c|12.50|0x3480adab
16:46:35.0 (121244761)|STATEMENT_EXECUTE|[23]
16:46:35.0 (121267285)|HEAP_ALLOCATE|[23]|Bytes:8
16:46:35.0 (121279828)|DML_BEGIN|[23]|Op:Update|Type:Contact|Rows:1
16:46:35.0 (121308914)|HEAP_ALLOCATE|[EXTERNAL]|Bytes:8
16:46:35.0 (125135317)|CODE_UNIT_STARTED|[EXTERNAL]|DuplicateDetector
16:46:35.0 (125161853)|DUPLICATE_DETECTION_BEGIN
16:46:35.0 (125237083)|DUPLICATE_DETECTION_RULE_INVOCATION|DuplicateRuleId:0Bmf4000005NvDQ|DuplicateRuleName:Standard Contact Duplicate Rule|DmlType:UPDATE
16:46:35.0 (125298824)|DUPLICATE_DETECTION_END
16:46:35.0 (125305518)|CODE_UNIT_FINISHED|DuplicateDetector
16:46:35.0 (138122492)|DML_END|[23]
16:46:35.138 (138162224)|CUMULATIVE_LIMIT_USAGE
16:46:35.138 (138162224)|LIMIT_USAGE_FOR_NS|(default)|
  Number of SOQL queries: 0 out of 100
  Number of query rows: 0 out of 50000
  Number of SOSL queries: 0 out of 20
  Number of DML statements: 0 out of 150
  Number of DML rows: 0 out of 10000
  Maximum CPU time: 0 out of 10000
  Maximum heap size: 0 out of 6000000
  Number of callouts: 0 out of 100
  Number of Email Invocations: 0 out of 10
  Number of future calls: 0 out of 50
  Number of queueable jobs added to the queue: 0 out of 50
  Number of Mobile Apex push calls: 0 out of 10

16:46:35.138 (138162224)|TESTING_LIMITS
16:46:35.138 (138162224)|LIMIT_USAGE_FOR_NS|(default)|
  Number of SOQL queries: 2 out of 100
  Number of query rows: 2 out of 50000
  Number of SOSL queries: 0 out of 20
  Number of DML statements: 4 out of 150
  Number of DML rows: 4 out of 10000
  Maximum CPU time: 0 out of 10000
  Maximum heap size: 0 out of 6000000
  Number of callouts: 0 out of 100
  Number of Email Invocations: 0 out of 10
  Number of future calls: 0 out of 50
  Number of queueable jobs added to the queue: 0 out of 50
  Number of Mobile Apex push calls: 0 out of 10

16:46:35.138 (138162224)|CUMULATIVE_LIMIT_USAGE_END

16:46:35.0 (139053390)|CODE_UNIT_FINISHED|completeHTaskTrigger on HTask trigger event AfterUpdate
16:46:35.0 (139477056)|DML_END|[13]
16:46:35.0 (139495795)|STATEMENT_EXECUTE|[15]
16:46:35.0 (139506973)|HEAP_ALLOCATE|[15]|Bytes:65
16:46:35.0 (139546546)|HEAP_ALLOCATE|[15]|Bytes:4
16:46:35.0 (139799336)|SOQL_EXECUTE_BEGIN|[15]|Aggregations:0|SELECT Id, Points__c FROM Contact WHERE LastName = 'TestContact1'
16:46:35.0 (159215616)|SOQL_EXECUTE_END|[15]|Rows:1
16:46:35.0 (159260994)|HEAP_ALLOCATE|[15]|Bytes:8
16:46:35.0 (159283226)|HEAP_ALLOCATE|[15]|Bytes:78
16:46:35.0 (159320068)|HEAP_ALLOCATE|[15]|Bytes:8
16:46:35.0 (159361984)|HEAP_ALLOCATE|[15]|Bytes:12
16:46:35.0 (159373132)|VARIABLE_SCOPE_BEGIN|[15]|contAfter|Contact|true|false
16:46:35.0 (159410843)|VARIABLE_ASSIGNMENT|[15]|contAfter|{"Id":"003f400000PuVCYAA3","Points__c":12.5}|0x13a3de17
16:46:35.0 (159419468)|STATEMENT_EXECUTE|[16]
16:46:35.0 (159443164)|METHOD_ENTRY|[16]||System.Test.stopTest()
16:46:35.0 (160648877)|METHOD_EXIT|[16]||System.Test.stopTest()
16:46:35.0 (160657434)|STATEMENT_EXECUTE|[18]
16:46:35.0 (160694155)|HEAP_ALLOCATE|[18]|Bytes:28
16:46:35.0 (160811668)|HEAP_ALLOCATE|[18]|Bytes:28
16:46:35.0 (160868866)|FATAL_ERROR|System.NullPointerException: Argument cannot be null.

Class.CompleteHTaskTriggerTest.completeDailyTask: line 18, column 1
16:46:35.0 (160915277)|FATAL_ERROR|System.NullPointerException: Argument cannot be null.

Class.CompleteHTaskTriggerTest.completeDailyTask: line 18, column 1
16:46:35.160 (160922060)|CUMULATIVE_LIMIT_USAGE
16:46:35.160 (160922060)|LIMIT_USAGE_FOR_NS|(default)|
  Number of SOQL queries: 0 out of 100
  Number of query rows: 0 out of 50000
  Number of SOSL queries: 0 out of 20
  Number of DML statements: 0 out of 150
  Number of DML rows: 0 out of 10000
  Maximum CPU time: 0 out of 10000
  Maximum heap size: 0 out of 6000000
  Number of callouts: 0 out of 100
  Number of Email Invocations: 0 out of 10
  Number of future calls: 0 out of 50
  Number of queueable jobs added to the queue: 0 out of 50
  Number of Mobile Apex push calls: 0 out of 10

16:46:35.160 (160922060)|TESTING_LIMITS
16:46:35.160 (160922060)|LIMIT_USAGE_FOR_NS|(default)|
  Number of SOQL queries: 3 out of 100
  Number of query rows: 3 out of 50000
  Number of SOSL queries: 0 out of 20
  Number of DML statements: 4 out of 150
  Number of DML rows: 4 out of 10000
  Maximum CPU time: 0 out of 10000
  Maximum heap size: 0 out of 6000000
  Number of callouts: 0 out of 100
  Number of Email Invocations: 0 out of 10
  Number of future calls: 0 out of 50
  Number of queueable jobs added to the queue: 0 out of 50
  Number of Mobile Apex push calls: 0 out of 10

16:46:35.160 (160922060)|CUMULATIVE_LIMIT_USAGE_END

16:46:35.0 (160968045)|CODE_UNIT_FINISHED|CompleteHTaskTriggerTest.completeDailyTask
16:46:35.0 (161938711)|EXECUTION_FINISHED
16:46:35.205 (205898191)|USER_INFO|[EXTERNAL]|005f4000002PiXT|amancebo.habitica@altimetrik.com|Argentine Time|GMT-03:00
16:46:35.205 (205930641)|EXECUTION_STARTED
16:46:35.205 (205935562)|CODE_UNIT_STARTED|[EXTERNAL]|01pf400000GkBRc|CompleteHTaskTriggerTest.completeTODOTask
16:46:35.205 (206080566)|HEAP_ALLOCATE|[72]|Bytes:3
16:46:35.205 (206128982)|HEAP_ALLOCATE|[77]|Bytes:152
16:46:35.205 (206151913)|HEAP_ALLOCATE|[342]|Bytes:408
16:46:35.205 (206173130)|HEAP_ALLOCATE|[355]|Bytes:408
16:46:35.205 (206196744)|HEAP_ALLOCATE|[467]|Bytes:48
16:46:35.205 (206232524)|HEAP_ALLOCATE|[139]|Bytes:6
16:46:35.205 (206254150)|HEAP_ALLOCATE|[EXTERNAL]|Bytes:55
16:46:35.205 (206269266)|METHOD_ENTRY|[2]|01pf400000GkBRc|CompleteHTaskTriggerTest.CompleteHTaskTriggerTest()
16:46:35.205 (206277941)|STATEMENT_EXECUTE|[2]
16:46:35.205 (206283645)|STATEMENT_EXECUTE|[2]
16:46:35.205 (206288825)|METHOD_EXIT|[2]|CompleteHTaskTriggerTest
16:46:35.205 (206508666)|HEAP_ALLOCATE|[50]|Bytes:5
16:46:35.205 (206537767)|HEAP_ALLOCATE|[56]|Bytes:5
16:46:35.205 (206551054)|HEAP_ALLOCATE|[64]|Bytes:7
16:46:35.205 (206604756)|STATEMENT_EXECUTE|[21]
16:46:35.205 (206608370)|STATEMENT_EXECUTE|[22]
16:46:35.205 (206622188)|HEAP_ALLOCATE|[22]|Bytes:63
16:46:35.205 (206634963)|SYSTEM_METHOD_ENTRY|[1]|Test.Test()
16:46:35.205 (206640397)|STATEMENT_EXECUTE|[1]
16:46:35.205 (206647548)|SYSTEM_METHOD_EXIT|[1]|Test
16:46:35.205 (206660561)|METHOD_ENTRY|[22]||System.Test.startTest()
16:46:35.205 (208618126)|METHOD_EXIT|[22]||System.Test.startTest()
16:46:35.205 (208645961)|STATEMENT_EXECUTE|[23]
16:46:35.205 (208696160)|HEAP_ALLOCATE|[23]|Bytes:4
16:46:35.205 (208714955)|HEAP_ALLOCATE|[23]|Bytes:12
16:46:35.205 (208768479)|VARIABLE_ASSIGNMENT|[23]|this.LastName|"TestContact2"|0x4a599f02
16:46:35.205 (208814705)|HEAP_ALLOCATE|[23]|Bytes:28
16:46:35.205 (208820023)|HEAP_ALLOCATE|[23]|Bytes:28
16:46:35.205 (208844542)|VARIABLE_ASSIGNMENT|[23]|this.Points__c|10|0x4a599f02
16:46:35.205 (208904073)|VARIABLE_SCOPE_BEGIN|[23]|contBefore|Contact|true|false
16:46:35.205 (208934467)|VARIABLE_ASSIGNMENT|[23]|contBefore|{"LastName":"TestContact2","Points__c":10}|0x4a599f02
16:46:35.205 (208943641)|STATEMENT_EXECUTE|[24]
16:46:35.205 (208976170)|HEAP_ALLOCATE|[24]|Bytes:8
16:46:35.205 (208988933)|DML_BEGIN|[24]|Op:Insert|Type:Contact|Rows:1
16:46:35.205 (209025624)|HEAP_ALLOCATE|[EXTERNAL]|Bytes:8
16:46:35.205 (210664609)|CODE_UNIT_STARTED|[EXTERNAL]|DuplicateDetector
16:46:35.205 (210684392)|DUPLICATE_DETECTION_BEGIN
16:46:35.205 (210750573)|DUPLICATE_DETECTION_RULE_INVOCATION|DuplicateRuleId:0Bmf4000005NvDQ|DuplicateRuleName:Standard Contact Duplicate Rule|DmlType:INSERT
16:46:35.205 (224728822)|DUPLICATE_DETECTION_MATCH_INVOCATION_DETAILS|EntityType:Contact|ActionTaken:Allow_[Alert,Report]|DuplicateRecordIds:
16:46:35.205 (224758907)|DUPLICATE_DETECTION_MATCH_INVOCATION_SUMMARY|EntityType:Contact|NumRecordsToBeSaved:1|NumRecordsToBeSavedWithDuplicates:0|NumDuplicateRecordsFound:0
16:46:35.205 (224770379)|DUPLICATE_DETECTION_MATCH_INVOCATION_DETAILS|EntityType:Contact|ActionTaken:Allow_[Alert,Report]|DuplicateRecordIds:
16:46:35.205 (224776562)|DUPLICATE_DETECTION_MATCH_INVOCATION_SUMMARY|EntityType:Contact|NumRecordsToBeSaved:1|NumRecordsToBeSavedWithDuplicates:0|NumDuplicateRecordsFound:0
16:46:35.205 (224914449)|DUPLICATE_DETECTION_END
16:46:35.205 (224924818)|CODE_UNIT_FINISHED|DuplicateDetector
16:46:35.205 (241045372)|DML_END|[24]
16:46:35.205 (241084397)|STATEMENT_EXECUTE|[26]
16:46:35.205 (241146647)|HEAP_ALLOCATE|[26]|Bytes:4
16:46:35.205 (241181232)|HEAP_ALLOCATE|[26]|Bytes:9
16:46:35.205 (241964347)|VARIABLE_ASSIGNMENT|[26]|this.Name|"TestTask2"|0x34c50e9f
16:46:35.205 (241975761)|HEAP_ALLOCATE|[26]|Bytes:18
16:46:35.205 (241999848)|HEAP_ALLOCATE|[26]|Bytes:4
16:46:35.205 (242021851)|VARIABLE_ASSIGNMENT|[26]|this.RecordTypeId|"012f4000000FSbYAAW"|0x34c50e9f
16:46:35.205 (242029275)|HEAP_ALLOCATE|[26]|Bytes:5
16:46:35.205 (242046627)|VARIABLE_ASSIGNMENT|[26]|this.Type__c|"TO-DO"|0x34c50e9f
16:46:35.205 (242053462)|HEAP_ALLOCATE|[26]|Bytes:3
16:46:35.205 (242065988)|VARIABLE_ASSIGNMENT|[26]|this.Status__c|"New"|0x34c50e9f
16:46:35.205 (242096428)|VARIABLE_ASSIGNMENT|[26]|this.Contact__c|"003f400000PuVCZAA3"|0x34c50e9f
16:46:35.205 (242102923)|HEAP_ALLOCATE|[26]|Bytes:4
16:46:35.205 (242114502)|VARIABLE_ASSIGNMENT|[26]|this.Difficulty__c|"Hard"|0x34c50e9f
16:46:35.205 (242121475)|HEAP_ALLOCATE|[26]|Bytes:8
16:46:35.205 (242257738)|HEAP_ALLOCATE|[26]|Bytes:4
16:46:35.205 (242333732)|VARIABLE_ASSIGNMENT|[26]|this.DueDate__c|"2018-06-06T00:00:00.000Z"|0x34c50e9f
16:46:35.205 (242375966)|VARIABLE_SCOPE_BEGIN|[26]|task|HTask__c|true|false
16:46:35.205 (242405482)|VARIABLE_ASSIGNMENT|[26]|task|{"Name":"TestTask2","RecordTypeId":"012f4000000FSbYAAW","Type__c":"TO-DO","Status__c":"New","Contact__c":"003f400000PuVCZAA3","Difficulty__c":"Hard","DueDate__c":"2018-06-06T00:00:00.000Z"}|0x34c50e9f
16:46:35.205 (242413372)|STATEMENT_EXECUTE|[27]
16:46:35.205 (242438032)|HEAP_ALLOCATE|[27]|Bytes:8
16:46:35.205 (242445980)|DML_BEGIN|[27]|Op:Insert|Type:HTask__c|Rows:1
16:46:35.205 (242489809)|HEAP_ALLOCATE|[EXTERNAL]|Bytes:8
16:46:35.205 (246216539)|CODE_UNIT_STARTED|[EXTERNAL]|Validation:HTask:new
16:46:35.205 (246231684)|VALIDATION_RULE|03df40000002ejE|ContactRequired
16:46:35.205 (246328404)|VALIDATION_FORMULA|ISBLANK(Contact__c)|Contact__c=003f400000PuVCZ
16:46:35.205 (246336000)|VALIDATION_PASS
16:46:35.205 (246338558)|VALIDATION_RULE|03df40000002ejO|DificultyRequired
16:46:35.205 (246395671)|VALIDATION_FORMULA|ISBLANK(TEXT(Difficulty__c))|Difficulty__c=Hard
16:46:35.205 (246402036)|VALIDATION_PASS
16:46:35.205 (246404478)|VALIDATION_RULE|03df40000002bNN|StatusNone
16:46:35.205 (246483711)|VALIDATION_FORMULA|TEXT(Status__c) <> 'New'  
&& TEXT(Status__c) <> 'In Progress'
&& TEXT(Status__c) <> 'Completed'|Status__c=New
16:46:35.205 (246489951)|VALIDATION_PASS
16:46:35.205 (246550443)|CODE_UNIT_FINISHED|Validation:HTask:new
16:46:35.205 (258330434)|DML_END|[27]
16:46:35.205 (258358917)|STATEMENT_EXECUTE|[29]
16:46:35.205 (258368033)|HEAP_ALLOCATE|[29]|Bytes:9
16:46:35.205 (258436418)|VARIABLE_ASSIGNMENT|[29]|this.Status__c|"Completed"|0x34c50e9f
16:46:35.205 (258444189)|STATEMENT_EXECUTE|[30]
16:46:35.205 (258487289)|HEAP_ALLOCATE|[30]|Bytes:8
16:46:35.205 (258498948)|DML_BEGIN|[30]|Op:Update|Type:HTask__c|Rows:1
16:46:35.205 (258542328)|HEAP_ALLOCATE|[EXTERNAL]|Bytes:8
16:46:35.205 (264048340)|CODE_UNIT_STARTED|[EXTERNAL]|Validation:HTask:a00f4000009XCQZ
16:46:35.205 (264065218)|VALIDATION_RULE|03df40000002ejE|ContactRequired
16:46:35.205 (264147302)|VALIDATION_FORMULA|ISBLANK(Contact__c)|Contact__c=003f400000PuVCZ
16:46:35.205 (264155793)|VALIDATION_PASS
16:46:35.205 (264158123)|VALIDATION_RULE|03df40000002ejO|DificultyRequired
16:46:35.205 (264220800)|VALIDATION_FORMULA|ISBLANK(TEXT(Difficulty__c))|Difficulty__c=Hard
16:46:35.205 (264226767)|VALIDATION_PASS
16:46:35.205 (264228517)|VALIDATION_RULE|03df40000002bNN|StatusNone
16:46:35.205 (264316340)|VALIDATION_FORMULA|TEXT(Status__c) <> 'New'  
&& TEXT(Status__c) <> 'In Progress'
&& TEXT(Status__c) <> 'Completed'|Status__c=Completed
16:46:35.205 (264322818)|VALIDATION_PASS
16:46:35.205 (264378454)|CODE_UNIT_FINISHED|Validation:HTask:a00f4000009XCQZ
16:46:35.205 (272998974)|CODE_UNIT_STARTED|[EXTERNAL]|01qf4000001HypC|completeHTaskTrigger on HTask trigger event AfterUpdate
16:46:35.205 (273068500)|HEAP_ALLOCATE|[EXTERNAL]|Bytes:8
16:46:35.205 (273108376)|HEAP_ALLOCATE|[EXTERNAL]|Bytes:8
16:46:35.205 (273191034)|HEAP_ALLOCATE|[EXTERNAL]|Bytes:12
16:46:35.205 (273209119)|VARIABLE_SCOPE_BEGIN|[1]|this|completeHTaskTrigger|true|false
16:46:35.205 (273256143)|VARIABLE_ASSIGNMENT|[1]|this|{}|0x2bbf1082
16:46:35.205 (273301817)|HEAP_ALLOCATE|[EXTERNAL]|Bytes:12
16:46:35.205 (273310376)|VARIABLE_SCOPE_BEGIN|[1]|this|completeHTaskTrigger|true|false
16:46:35.205 (273322214)|VARIABLE_ASSIGNMENT|[1]|this|{}|0x2bbf1082
16:46:35.205 (273330642)|STATEMENT_EXECUTE|[1]
16:46:35.205 (273333251)|STATEMENT_EXECUTE|[3]
16:46:35.205 (273340446)|HEAP_ALLOCATE|[3]|Bytes:99
16:46:35.205 (273367660)|HEAP_ALLOCATE|[3]|Bytes:4
16:46:35.205 (273385842)|HEAP_ALLOCATE|[3]|Bytes:7
16:46:35.205 (274124160)|SOQL_EXECUTE_BEGIN|[3]|Aggregations:0|SELECT Id, Contact__c, Type__c, Status__c, DueDate__c, Points__c FROM HTask__c WHERE Id IN :tmpVar1
16:46:35.205 (280996784)|SOQL_EXECUTE_END|[3]|Rows:1
16:46:35.205 (281028279)|HEAP_ALLOCATE|[3]|Bytes:8
16:46:35.205 (281052405)|HEAP_ALLOCATE|[3]|Bytes:166
16:46:35.205 (281090567)|HEAP_ALLOCATE|[3]|Bytes:8
16:46:35.205 (281112450)|HEAP_ALLOCATE|[3]|Bytes:34
16:46:35.205 (281139142)|HEAP_ALLOCATE|[3]|Bytes:28
16:46:35.205 (281216035)|VARIABLE_ASSIGNMENT|[3]|this.task|{"Id":"a00f4000009XCQZAA4","Contact__c":"003f400000PuVCZAA3","Type__c":"TO-DO","Status__c":"Completed","DueDate__c":"2018-06-06T00:00:00.000Z","Points__c":5.00}|0x2bbf1082
16:46:35.205 (281227926)|STATEMENT_EXECUTE|[5]
16:46:35.205 (281232065)|HEAP_ALLOCATE|[5]|Bytes:59
16:46:35.205 (281248841)|HEAP_ALLOCATE|[5]|Bytes:4
16:46:35.205 (281485802)|SOQL_EXECUTE_BEGIN|[5]|Aggregations:0|SELECT Id, Name, Points__c FROM Contact WHERE Id = :tmpVar1
16:46:35.205 (285102371)|SOQL_EXECUTE_END|[5]|Rows:1
16:46:35.205 (285128787)|HEAP_ALLOCATE|[5]|Bytes:8
16:46:35.205 (285146775)|HEAP_ALLOCATE|[5]|Bytes:98
16:46:35.205 (285197466)|HEAP_ALLOCATE|[5]|Bytes:8
16:46:35.205 (285214589)|HEAP_ALLOCATE|[5]|Bytes:33
16:46:35.205 (285233731)|HEAP_ALLOCATE|[5]|Bytes:16
16:46:35.205 (285269888)|VARIABLE_ASSIGNMENT|[5]|this.conta|{"Id":"003f400000PuVCZAA3","Name":"TestContact2","Points__c":10}|0x2bbf1082
16:46:35.205 (285322747)|STATEMENT_EXECUTE|[7]
16:46:35.205 (285448193)|STATEMENT_EXECUTE|[8]
16:46:35.205 (285481187)|STATEMENT_EXECUTE|[9]
16:46:35.205 (285484206)|STATEMENT_EXECUTE|[10]
16:46:35.205 (285602504)|HEAP_ALLOCATE|[10]|Bytes:28
16:46:35.205 (285681957)|VARIABLE_ASSIGNMENT|[10]|this.Points__c|15.00|0x732c3adb
16:46:35.205 (285693614)|STATEMENT_EXECUTE|[16]
16:46:35.205 (285722971)|HEAP_ALLOCATE|[16]|Bytes:8
16:46:35.205 (285738382)|DML_BEGIN|[16]|Op:Update|Type:Contact|Rows:1
16:46:35.205 (285775302)|HEAP_ALLOCATE|[EXTERNAL]|Bytes:8
16:46:35.205 (290685702)|CODE_UNIT_STARTED|[EXTERNAL]|DuplicateDetector
16:46:35.205 (290712307)|DUPLICATE_DETECTION_BEGIN
16:46:35.205 (290808037)|DUPLICATE_DETECTION_RULE_INVOCATION|DuplicateRuleId:0Bmf4000005NvDQ|DuplicateRuleName:Standard Contact Duplicate Rule|DmlType:UPDATE
16:46:35.205 (290897475)|DUPLICATE_DETECTION_END
16:46:35.205 (290907431)|CODE_UNIT_FINISHED|DuplicateDetector
16:46:35.205 (302021171)|DML_END|[16]
16:46:35.302 (302071356)|CUMULATIVE_LIMIT_USAGE
16:46:35.302 (302071356)|LIMIT_USAGE_FOR_NS|(default)|
  Number of SOQL queries: 0 out of 100
  Number of query rows: 0 out of 50000
  Number of SOSL queries: 0 out of 20
  Number of DML statements: 0 out of 150
  Number of DML rows: 0 out of 10000
  Maximum CPU time: 0 out of 10000
  Maximum heap size: 0 out of 6000000
  Number of callouts: 0 out of 100
  Number of Email Invocations: 0 out of 10
  Number of future calls: 0 out of 50
  Number of queueable jobs added to the queue: 0 out of 50
  Number of Mobile Apex push calls: 0 out of 10

16:46:35.302 (302071356)|TESTING_LIMITS
16:46:35.302 (302071356)|LIMIT_USAGE_FOR_NS|(default)|
  Number of SOQL queries: 2 out of 100
  Number of query rows: 2 out of 50000
  Number of SOSL queries: 0 out of 20
  Number of DML statements: 4 out of 150
  Number of DML rows: 4 out of 10000
  Maximum CPU time: 0 out of 10000
  Maximum heap size: 0 out of 6000000
  Number of callouts: 0 out of 100
  Number of Email Invocations: 0 out of 10
  Number of future calls: 0 out of 50
  Number of queueable jobs added to the queue: 0 out of 50
  Number of Mobile Apex push calls: 0 out of 10

16:46:35.302 (302071356)|CUMULATIVE_LIMIT_USAGE_END

16:46:35.205 (303075554)|CODE_UNIT_FINISHED|completeHTaskTrigger on HTask trigger event AfterUpdate
16:46:35.205 (303443114)|DML_END|[30]
16:46:35.205 (303459206)|STATEMENT_EXECUTE|[32]
16:46:35.205 (303470663)|HEAP_ALLOCATE|[32]|Bytes:65
16:46:35.205 (303504651)|HEAP_ALLOCATE|[32]|Bytes:4
16:46:35.205 (303737940)|SOQL_EXECUTE_BEGIN|[32]|Aggregations:0|SELECT Id, Points__c FROM Contact WHERE LastName = 'TestContact2'
16:46:35.205 (318908068)|SOQL_EXECUTE_END|[32]|Rows:1
16:46:35.205 (318952208)|HEAP_ALLOCATE|[32]|Bytes:8
16:46:35.205 (318976062)|HEAP_ALLOCATE|[32]|Bytes:78
16:46:35.205 (319083421)|HEAP_ALLOCATE|[32]|Bytes:8
16:46:35.205 (319145766)|HEAP_ALLOCATE|[32]|Bytes:12
16:46:35.205 (319163630)|VARIABLE_SCOPE_BEGIN|[32]|contAfter|Contact|true|false
16:46:35.205 (319211285)|VARIABLE_ASSIGNMENT|[32]|contAfter|{"Id":"003f400000PuVCZAA3","Points__c":15}|0x5f9230ae
16:46:35.205 (319223942)|STATEMENT_EXECUTE|[33]
16:46:35.205 (319255842)|METHOD_ENTRY|[33]||System.Test.stopTest()
16:46:35.205 (320392254)|METHOD_EXIT|[33]||System.Test.stopTest()
16:46:35.205 (320405903)|STATEMENT_EXECUTE|[35]
16:46:35.205 (320445854)|HEAP_ALLOCATE|[35]|Bytes:28
16:46:35.205 (320596802)|HEAP_ALLOCATE|[35]|Bytes:28
16:46:35.205 (320676488)|FATAL_ERROR|System.NullPointerException: Argument cannot be null.

Class.CompleteHTaskTriggerTest.completeTODOTask: line 35, column 1
16:46:35.205 (320693150)|FATAL_ERROR|System.NullPointerException: Argument cannot be null.

Class.CompleteHTaskTriggerTest.completeTODOTask: line 35, column 1
16:46:35.320 (320702238)|CUMULATIVE_LIMIT_USAGE
16:46:35.320 (320702238)|LIMIT_USAGE_FOR_NS|(default)|
  Number of SOQL queries: 0 out of 100
  Number of query rows: 0 out of 50000
  Number of SOSL queries: 0 out of 20
  Number of DML statements: 0 out of 150
  Number of DML rows: 0 out of 10000
  Maximum CPU time: 0 out of 10000
  Maximum heap size: 0 out of 6000000
  Number of callouts: 0 out of 100
  Number of Email Invocations: 0 out of 10
  Number of future calls: 0 out of 50
  Number of queueable jobs added to the queue: 0 out of 50
  Number of Mobile Apex push calls: 0 out of 10

16:46:35.320 (320702238)|TESTING_LIMITS
16:46:35.320 (320702238)|LIMIT_USAGE_FOR_NS|(default)|
  Number of SOQL queries: 3 out of 100
  Number of query rows: 3 out of 50000
  Number of SOSL queries: 0 out of 20
  Number of DML statements: 4 out of 150
  Number of DML rows: 4 out of 10000
  Maximum CPU time: 0 out of 10000
  Maximum heap size: 0 out of 6000000
  Number of callouts: 0 out of 100
  Number of Email Invocations: 0 out of 10
  Number of future calls: 0 out of 50
  Number of queueable jobs added to the queue: 0 out of 50
  Number of Mobile Apex push calls: 0 out of 10

16:46:35.320 (320702238)|CUMULATIVE_LIMIT_USAGE_END

16:46:35.205 (320763368)|CODE_UNIT_FINISHED|CompleteHTaskTriggerTest.completeTODOTask
16:46:35.205 (321545740)|EXECUTION_FINISHED
16:46:35.371 (371467391)|USER_INFO|[EXTERNAL]|005f4000002PiXT|amancebo.habitica@altimetrik.com|Argentine Time|GMT-03:00
16:46:35.371 (371504737)|EXECUTION_STARTED
16:46:35.371 (371510606)|CODE_UNIT_STARTED|[EXTERNAL]|DuplicateDetector
16:46:35.371 (371530948)|DUPLICATE_DETECTION_BEGIN
16:46:35.371 (371623435)|DUPLICATE_DETECTION_RULE_INVOCATION|DuplicateRuleId:0Bmf4000005NvDQ|DuplicateRuleName:Standard Contact Duplicate Rule|DmlType:INSERT
16:46:35.371 (380897615)|DUPLICATE_DETECTION_END
16:46:35.371 (380913872)|CODE_UNIT_FINISHED|DuplicateDetector
16:46:35.371 (381785715)|EXECUTION_FINISHED
16:46:35.382 (382733224)|USER_INFO|[EXTERNAL]|005f4000002PiXT|amancebo.habitica@altimetrik.com|Argentine Time|GMT-03:00
16:46:35.382 (382762945)|EXECUTION_STARTED
16:46:35.382 (382768720)|CODE_UNIT_STARTED|[EXTERNAL]|DuplicateDetector
16:46:35.382 (382783103)|DUPLICATE_DETECTION_BEGIN
16:46:35.382 (382856071)|DUPLICATE_DETECTION_RULE_INVOCATION|DuplicateRuleId:0Bmf4000005NvDQ|DuplicateRuleName:Standard Contact Duplicate Rule|DmlType:UPDATE
16:46:35.382 (390190841)|DUPLICATE_DETECTION_END
16:46:35.382 (390203886)|CODE_UNIT_FINISHED|DuplicateDetector
16:46:35.382 (390969777)|EXECUTION_FINISHED
