42.0 APEX_CODE,FINEST;APEX_PROFILING,INFO;CALLOUT,INFO;DB,INFO;SYSTEM,DEBUG;VALIDATION,INFO;VISUALFORCE,INFO;WAVE,INFO;WORKFLOW,INFO
11:53:06.0 (59027)|USER_INFO|[EXTERNAL]|005f4000002PiXT|amancebo.habitica@altimetrik.com|Argentine Time|GMT-03:00
11:53:06.0 (97247)|EXECUTION_STARTED
11:53:06.0 (101256)|CODE_UNIT_STARTED|[EXTERNAL]|Aura
11:53:06.0 (1156986)|CODE_UNIT_STARTED|[EXTERNAL]|01pf400000Gj25X|TaskListController.getAllTasks
11:53:06.0 (1315941)|HEAP_ALLOCATE|[72]|Bytes:3
11:53:06.0 (1363008)|HEAP_ALLOCATE|[77]|Bytes:152
11:53:06.0 (1382122)|HEAP_ALLOCATE|[342]|Bytes:408
11:53:06.0 (1395161)|HEAP_ALLOCATE|[355]|Bytes:408
11:53:06.0 (1405775)|HEAP_ALLOCATE|[467]|Bytes:48
11:53:06.0 (1431151)|HEAP_ALLOCATE|[139]|Bytes:6
11:53:06.0 (1484342)|HEAP_ALLOCATE|[EXTERNAL]|Bytes:1
11:53:06.0 (1494566)|METHOD_ENTRY|[1]|01pf400000Gj25X|TaskListController.TaskListController()
11:53:06.0 (1500785)|STATEMENT_EXECUTE|[1]
11:53:06.0 (1505394)|STATEMENT_EXECUTE|[1]
11:53:06.0 (1536175)|HEAP_ALLOCATE|[50]|Bytes:5
11:53:06.0 (1556133)|HEAP_ALLOCATE|[56]|Bytes:5
11:53:06.0 (1563756)|HEAP_ALLOCATE|[64]|Bytes:7
11:53:06.0 (1584657)|SYSTEM_MODE_ENTER|false
11:53:06.0 (1595794)|HEAP_ALLOCATE|[EXTERNAL]|Bytes:5
11:53:06.0 (1601972)|SYSTEM_MODE_EXIT|false
11:53:06.0 (1609826)|METHOD_EXIT|[1]|TaskListController
11:53:06.0 (1619600)|SYSTEM_MODE_ENTER|false
11:53:06.0 (1630749)|HEAP_ALLOCATE|[4]|Bytes:5
11:53:06.0 (1635708)|STATEMENT_EXECUTE|[3]
11:53:06.0 (1637517)|STATEMENT_EXECUTE|[4]
11:53:06.0 (1640425)|HEAP_ALLOCATE|[4]|Bytes:45
11:53:06.0 (1659114)|HEAP_ALLOCATE|[4]|Bytes:4
11:53:06.0 (1934687)|SOQL_EXECUTE_BEGIN|[4]|Aggregations:0|SELECT Id, Name, Description__c FROM HTask__c
11:53:06.0 (3802148)|SOQL_EXECUTE_END|[4]|Rows:2
11:53:06.0 (3829247)|HEAP_ALLOCATE|[4]|Bytes:12
11:53:06.0 (3849594)|HEAP_ALLOCATE|[4]|Bytes:104
11:53:06.0 (3947550)|HEAP_ALLOCATE|[4]|Bytes:12
11:53:06.0 (3970239)|VARIABLE_SCOPE_BEGIN|[4]|ltask|List<ANY>|true|false
11:53:06.0 (4008765)|VARIABLE_ASSIGNMENT|[4]|ltask|[{"Id":"a00f4000009UZfdAAG","Name":"cbx","Description__c":"yte"},{"Id":"a00f4000009U9j8AAC","Name":"TestH1"}]|0x38cbf6dd
11:53:06.0 (4017236)|STATEMENT_EXECUTE|[5]
11:53:06.0 (4024992)|SYSTEM_MODE_EXIT|false
11:53:06.4 (4049440)|CUMULATIVE_LIMIT_USAGE
11:53:06.4 (4049440)|LIMIT_USAGE_FOR_NS|(default)|
  Number of SOQL queries: 1 out of 100
  Number of query rows: 2 out of 50000
  Number of SOSL queries: 0 out of 20
  Number of DML statements: 0 out of 150
  Number of DML rows: 0 out of 10000
  Maximum CPU time: 0 out of 10000
  Maximum heap size: 0 out of 6000000
  Number of callouts: 0 out of 100
  Number of Email Invocations: 0 out of 10
  Number of future calls: 0 out of 50
  Number of queueable jobs added to the queue: 0 out of 50
  Number of Mobile Apex push calls: 0 out of 10

11:53:06.4 (4049440)|CUMULATIVE_LIMIT_USAGE_END

11:53:06.0 (4085132)|CODE_UNIT_FINISHED|TaskListController.getAllTasks
11:53:06.0 (4147122)|CODE_UNIT_FINISHED|Aura
11:53:06.0 (5338361)|EXECUTION_FINISHED
