42.0 APEX_CODE,FINEST;APEX_PROFILING,INFO;CALLOUT,INFO;DB,INFO;SYSTEM,DEBUG;VALIDATION,INFO;VISUALFORCE,INFO;WAVE,INFO;WORKFLOW,INFO
15:34:06.1 (1447536)|USER_INFO|[EXTERNAL]|005f4000002PiXT|amancebo.habitica@altimetrik.com|Argentine Time|GMT-03:00
15:34:06.1 (1484467)|EXECUTION_STARTED
15:34:06.1 (1488414)|CODE_UNIT_STARTED|[EXTERNAL]|Aura
15:34:06.1 (2911798)|CODE_UNIT_STARTED|[EXTERNAL]|01pf400000Gj25X|TaskListController.getAllUncompletedTask
15:34:06.1 (3264932)|HEAP_ALLOCATE|[72]|Bytes:3
15:34:06.1 (3308478)|HEAP_ALLOCATE|[77]|Bytes:152
15:34:06.1 (3324109)|HEAP_ALLOCATE|[342]|Bytes:408
15:34:06.1 (3337025)|HEAP_ALLOCATE|[355]|Bytes:408
15:34:06.1 (3347786)|HEAP_ALLOCATE|[467]|Bytes:48
15:34:06.1 (3376177)|HEAP_ALLOCATE|[139]|Bytes:6
15:34:06.1 (3390576)|HEAP_ALLOCATE|[EXTERNAL]|Bytes:3
15:34:06.1 (3403386)|METHOD_ENTRY|[1]|01pf400000Gj25X|TaskListController.TaskListController()
15:34:06.1 (3412179)|STATEMENT_EXECUTE|[1]
15:34:06.1 (3417492)|STATEMENT_EXECUTE|[1]
15:34:06.1 (3421763)|METHOD_EXIT|[1]|TaskListController
15:34:06.1 (3441242)|SYSTEM_MODE_ENTER|false
15:34:06.1 (3453439)|STATEMENT_EXECUTE|[9]
15:34:06.1 (3455229)|STATEMENT_EXECUTE|[10]
15:34:06.1 (3458527)|HEAP_ALLOCATE|[10]|Bytes:108
15:34:06.1 (3477911)|HEAP_ALLOCATE|[10]|Bytes:4
15:34:06.1 (3549359)|HEAP_ALLOCATE|[50]|Bytes:5
15:34:06.1 (3572405)|HEAP_ALLOCATE|[56]|Bytes:5
15:34:06.1 (3579442)|HEAP_ALLOCATE|[64]|Bytes:7
15:34:06.1 (3979739)|SOQL_EXECUTE_BEGIN|[10]|Aggregations:0|SELECT Id, Name, Description__c, Type__c, Points__c, Contact__c FROM HTask__c WHERE Status__c != 'Completed'
15:34:06.1 (19202650)|SOQL_EXECUTE_END|[10]|Rows:6
15:34:06.1 (19238613)|HEAP_ALLOCATE|[10]|Bytes:28
15:34:06.1 (19279018)|HEAP_ALLOCATE|[10]|Bytes:997
15:34:06.1 (19325501)|HEAP_ALLOCATE|[10]|Bytes:28
15:34:06.1 (19343759)|VARIABLE_SCOPE_BEGIN|[10]|ltask|List<HTask__c>|true|false
15:34:06.1 (19379931)|VARIABLE_ASSIGNMENT|[10]|ltask|"List of size 6 too large to display"|0x5fda9f0f
15:34:06.1 (19389360)|STATEMENT_EXECUTE|[13]
15:34:06.1 (19397864)|SYSTEM_MODE_EXIT|false
15:34:06.19 (19427644)|CUMULATIVE_LIMIT_USAGE
15:34:06.19 (19427644)|LIMIT_USAGE_FOR_NS|(default)|
  Number of SOQL queries: 1 out of 100
  Number of query rows: 6 out of 50000
  Number of SOSL queries: 0 out of 20
  Number of DML statements: 0 out of 150
  Number of DML rows: 0 out of 10000
  Maximum CPU time: 0 out of 10000
  Maximum heap size: 0 out of 6000000
  Number of callouts: 0 out of 100
  Number of Email Invocations: 0 out of 10
  Number of future calls: 0 out of 50
  Number of queueable jobs added to the queue: 0 out of 50
  Number of Mobile Apex push calls: 0 out of 10

15:34:06.19 (19427644)|CUMULATIVE_LIMIT_USAGE_END

15:34:06.1 (19463046)|CODE_UNIT_FINISHED|TaskListController.getAllUncompletedTask
15:34:06.1 (19577825)|CODE_UNIT_FINISHED|Aura
15:34:06.1 (20764343)|EXECUTION_FINISHED
