36.0 APEX_CODE,FINEST;APEX_PROFILING,INFO;CALLOUT,INFO;DB,INFO;SYSTEM,DEBUG;VALIDATION,INFO;VISUALFORCE,INFO;WAVE,INFO;WORKFLOW,INFO
15:36:22.0 (739346)|USER_INFO|[EXTERNAL]|005f4000002PiXT|amancebo.habitica@altimetrik.com|Argentine Time|GMT-03:00
15:36:22.0 (794607)|EXECUTION_STARTED
15:36:22.0 (800175)|CODE_UNIT_STARTED|[EXTERNAL]|01pf400000GkEPY|ResetTaskStatusBatchTest.resetTaskStatusTest
15:36:22.0 (1727537)|HEAP_ALLOCATE|[72]|Bytes:3
15:36:22.0 (1802984)|HEAP_ALLOCATE|[77]|Bytes:152
15:36:22.0 (1822994)|HEAP_ALLOCATE|[342]|Bytes:408
15:36:22.0 (1839687)|HEAP_ALLOCATE|[355]|Bytes:408
15:36:22.0 (1854106)|HEAP_ALLOCATE|[467]|Bytes:48
15:36:22.0 (1884180)|HEAP_ALLOCATE|[139]|Bytes:6
15:36:22.0 (1899730)|HEAP_ALLOCATE|[EXTERNAL]|Bytes:26
15:36:22.0 (1939808)|METHOD_ENTRY|[2]|01pf400000GkEPY|ResetTaskStatusBatchTest.ResetTaskStatusBatchTest()
15:36:22.0 (1947129)|STATEMENT_EXECUTE|[2]
15:36:22.0 (1953025)|STATEMENT_EXECUTE|[2]
15:36:22.0 (1968488)|METHOD_EXIT|[2]|ResetTaskStatusBatchTest
15:36:22.0 (2008547)|HEAP_ALLOCATE|[50]|Bytes:5
15:36:22.0 (2035572)|HEAP_ALLOCATE|[56]|Bytes:5
15:36:22.0 (2043255)|HEAP_ALLOCATE|[64]|Bytes:7
15:36:22.0 (2088998)|STATEMENT_EXECUTE|[4]
15:36:22.0 (2091216)|STATEMENT_EXECUTE|[5]
15:36:22.0 (2159587)|HEAP_ALLOCATE|[5]|Bytes:4
15:36:22.0 (2250684)|HEAP_ALLOCATE|[5]|Bytes:12
15:36:22.0 (3252221)|VARIABLE_ASSIGNMENT|[5]|this.LastName|"TestContact2"|0x6de8a1a8
15:36:22.0 (3307126)|HEAP_ALLOCATE|[5]|Bytes:28
15:36:22.0 (3313477)|HEAP_ALLOCATE|[5]|Bytes:28
15:36:22.0 (3354140)|VARIABLE_ASSIGNMENT|[5]|this.Points__c|10|0x6de8a1a8
15:36:22.0 (3392359)|VARIABLE_SCOPE_BEGIN|[5]|cont|Contact|true|false
15:36:22.0 (3418637)|VARIABLE_ASSIGNMENT|[5]|cont|{"LastName":"TestContact2","Points__c":10}|0x6de8a1a8
15:36:22.0 (3425515)|STATEMENT_EXECUTE|[6]
15:36:22.0 (3458083)|HEAP_ALLOCATE|[6]|Bytes:8
15:36:22.0 (3473720)|DML_BEGIN|[6]|Op:Upsert|Type:Contact|Rows:1
15:36:22.0 (3508262)|HEAP_ALLOCATE|[EXTERNAL]|Bytes:8
15:36:22.0 (15069062)|CODE_UNIT_STARTED|[EXTERNAL]|DuplicateDetector
15:36:22.0 (15093572)|DUPLICATE_DETECTION_BEGIN
15:36:22.0 (16035165)|DUPLICATE_DETECTION_RULE_INVOCATION|DuplicateRuleId:0Bmf4000005NvDQ|DuplicateRuleName:Standard Contact Duplicate Rule|DmlType:INSERT
15:36:22.0 (52383534)|DUPLICATE_DETECTION_MATCH_INVOCATION_DETAILS|EntityType:Contact|ActionTaken:Allow_[Alert,Report]|DuplicateRecordIds:
15:36:22.0 (52415696)|DUPLICATE_DETECTION_MATCH_INVOCATION_SUMMARY|EntityType:Contact|NumRecordsToBeSaved:1|NumRecordsToBeSavedWithDuplicates:0|NumDuplicateRecordsFound:0
15:36:22.0 (52428121)|DUPLICATE_DETECTION_MATCH_INVOCATION_DETAILS|EntityType:Contact|ActionTaken:Allow_[Alert,Report]|DuplicateRecordIds:
15:36:22.0 (52434347)|DUPLICATE_DETECTION_MATCH_INVOCATION_SUMMARY|EntityType:Contact|NumRecordsToBeSaved:1|NumRecordsToBeSavedWithDuplicates:0|NumDuplicateRecordsFound:0
15:36:22.0 (52593111)|DUPLICATE_DETECTION_END
15:36:22.0 (52601212)|CODE_UNIT_FINISHED|DuplicateDetector
15:36:22.0 (72324547)|DML_END|[6]
15:36:22.0 (72378851)|STATEMENT_EXECUTE|[8]
15:36:22.0 (72396622)|HEAP_ALLOCATE|[8]|Bytes:65
15:36:22.0 (72454980)|HEAP_ALLOCATE|[8]|Bytes:4
15:36:22.0 (72815444)|SOQL_EXECUTE_BEGIN|[8]|Aggregations:0|SELECT Id, Points__c FROM Contact WHERE LastName = 'TestContact2'
15:36:22.0 (79179024)|SOQL_EXECUTE_END|[8]|Rows:1
15:36:22.0 (79200423)|HEAP_ALLOCATE|[8]|Bytes:8
15:36:22.0 (79214452)|HEAP_ALLOCATE|[8]|Bytes:78
15:36:22.0 (79275468)|HEAP_ALLOCATE|[8]|Bytes:8
15:36:22.0 (79287045)|HEAP_ALLOCATE|[8]|Bytes:33
15:36:22.0 (79313171)|HEAP_ALLOCATE|[8]|Bytes:12
15:36:22.0 (79340281)|VARIABLE_ASSIGNMENT|[8]|cont|{"Id":"003f400000PuSvYAAV","Points__c":10}|0x66ae95df
15:36:22.0 (79347774)|STATEMENT_EXECUTE|[10]
15:36:22.0 (79415935)|HEAP_ALLOCATE|[10]|Bytes:4
15:36:22.0 (79499637)|HEAP_ALLOCATE|[10]|Bytes:9
15:36:22.0 (81079830)|VARIABLE_ASSIGNMENT|[10]|this.Name|"TestTask2"|0x6dc3da0b
15:36:22.0 (81092593)|HEAP_ALLOCATE|[10]|Bytes:5
15:36:22.0 (81119144)|VARIABLE_ASSIGNMENT|[10]|this.Type__c|"Daily"|0x6dc3da0b
15:36:22.0 (81178176)|VARIABLE_ASSIGNMENT|[10]|this.Contact__c|"003f400000PuSvYAAV"|0x6dc3da0b
15:36:22.0 (81186691)|HEAP_ALLOCATE|[10]|Bytes:9
15:36:22.0 (81202210)|VARIABLE_ASSIGNMENT|[10]|this.Status__c|"Completed"|0x6dc3da0b
15:36:22.0 (81221476)|VARIABLE_SCOPE_BEGIN|[10]|task|HTask__c|true|false
15:36:22.0 (81238279)|VARIABLE_ASSIGNMENT|[10]|task|{"Name":"TestTask2","Type__c":"Daily","Contact__c":"003f400000PuSvYAAV","Status__c":"Completed"}|0x6dc3da0b
15:36:22.0 (81244701)|STATEMENT_EXECUTE|[11]
15:36:22.0 (81274535)|HEAP_ALLOCATE|[11]|Bytes:8
15:36:22.0 (81289896)|DML_BEGIN|[11]|Op:Upsert|Type:HTask__c|Rows:1
15:36:22.0 (81321028)|HEAP_ALLOCATE|[EXTERNAL]|Bytes:8
15:36:22.0 (91732618)|CODE_UNIT_STARTED|[EXTERNAL]|Validation:HTask:new
15:36:22.0 (91754476)|VALIDATION_RULE|03df40000002ejE|ContactRequired
15:36:22.0 (91909580)|VALIDATION_FORMULA|ISBLANK(Contact__c)|Contact__c=003f400000PuSvY
15:36:22.0 (91921422)|VALIDATION_PASS
15:36:22.0 (91924740)|VALIDATION_RULE|03df40000002ejO|DificultyRequired
15:36:22.0 (92015663)|VALIDATION_FORMULA|ISBLANK(TEXT(Difficulty__c))|Difficulty__c=Trivial
15:36:22.0 (92026091)|VALIDATION_PASS
15:36:22.0 (92028112)|VALIDATION_RULE|03df40000002bNN|StatusNone
15:36:22.0 (92167295)|VALIDATION_FORMULA|TEXT(Status__c) <> 'New'  
&& TEXT(Status__c) <> 'In Progress'
&& TEXT(Status__c) <> 'Completed'|Status__c=Completed
15:36:22.0 (92174509)|VALIDATION_PASS
15:36:22.0 (92239752)|CODE_UNIT_FINISHED|Validation:HTask:new
15:36:22.0 (107423873)|DML_END|[11]
15:36:22.0 (107465741)|STATEMENT_EXECUTE|[13]
15:36:22.0 (107566901)|HEAP_ALLOCATE|[13]|Bytes:63
15:36:22.0 (107592021)|SYSTEM_METHOD_ENTRY|[1]|Test.Test()
15:36:22.0 (107597316)|STATEMENT_EXECUTE|[1]
15:36:22.0 (107609260)|SYSTEM_METHOD_EXIT|[1]|Test
15:36:22.0 (107629119)|METHOD_ENTRY|[13]||System.Test.startTest()
15:36:22.0 (108871989)|METHOD_EXIT|[13]||System.Test.startTest()
15:36:22.0 (108884643)|STATEMENT_EXECUTE|[14]
15:36:22.0 (113323953)|HEAP_ALLOCATE|[14]|Bytes:57
15:36:22.0 (113337368)|HEAP_ALLOCATE|[14]|Bytes:7
15:36:22.0 (113355855)|METHOD_ENTRY|[1]|01pf400000GkEDr|ResetTaskStatusBatch.ResetTaskStatusBatch()
15:36:22.0 (113362233)|STATEMENT_EXECUTE|[1]
15:36:22.0 (113367708)|STATEMENT_EXECUTE|[1]
15:36:22.0 (113379499)|METHOD_EXIT|[1]|ResetTaskStatusBatch
15:36:22.0 (113401564)|HEAP_ALLOCATE|[14]|Bytes:4
15:36:22.0 (113424226)|CONSTRUCTOR_ENTRY|[14]|01pf400000GkEDr|<init>()
15:36:22.0 (113461604)|VARIABLE_SCOPE_BEGIN|[1]|this|ResetTaskStatusBatch|true|false
15:36:22.0 (113534522)|VARIABLE_ASSIGNMENT|[1]|this|{}|0x5b7cd1c1
15:36:22.0 (113547892)|HEAP_ALLOCATE|[EXTERNAL]|Bytes:6
15:36:22.0 (113590390)|STATEMENT_EXECUTE|[1]
15:36:22.0 (113600234)|CONSTRUCTOR_EXIT|[14]|01pf400000GkEDr|<init>()
15:36:22.0 (134683134)|STATEMENT_EXECUTE|[15]
15:36:22.0 (134701898)|METHOD_ENTRY|[15]||System.Test.stopTest()
15:36:22.0 (138385050)|CODE_UNIT_STARTED|[EXTERNAL]|01pf400000GkEDr|ResetTaskStatusBatch
15:36:22.0 (139450816)|HEAP_ALLOCATE|[EXTERNAL]|Bytes:4
15:36:22.0 (141871417)|HEAP_ALLOCATE|[EXTERNAL]|Bytes:11
15:36:22.0 (141890219)|SYSTEM_METHOD_ENTRY|[15]|BatchableContextImpl.BatchableContextImpl()
15:36:22.0 (141895006)|STATEMENT_EXECUTE|[15]
15:36:22.0 (141906682)|SYSTEM_METHOD_EXIT|[15]|BatchableContextImpl
15:36:22.0 (141917053)|HEAP_ALLOCATE|[EXTERNAL]|Bytes:12
15:36:22.0 (141922445)|HEAP_ALLOCATE|[EXTERNAL]|Bytes:4
15:36:22.0 (141928901)|VARIABLE_SCOPE_BEGIN|[31]|this|Database.BatchableContextImpl|true|false
15:36:22.0 (141966527)|VARIABLE_ASSIGNMENT|[31]|this|{}|0x6af4aa72
15:36:22.0 (141973908)|VARIABLE_SCOPE_BEGIN|[31]|jobId|Id|false|false
15:36:22.0 (142115650)|VARIABLE_ASSIGNMENT|[31]|jobId|"707f4000029lyjzAAA"
15:36:22.0 (142123784)|VARIABLE_SCOPE_BEGIN|[31]|childJobId|Id|false|false
15:36:22.0 (142133503)|VARIABLE_ASSIGNMENT|[31]|childJobId|null
15:36:22.0 (142355455)|HEAP_ALLOCATE|[EXTERNAL]|Bytes:4
15:36:22.0 (142362087)|HEAP_ALLOCATE|[EXTERNAL]|Bytes:12
15:36:22.0 (142369449)|VARIABLE_SCOPE_BEGIN|[3]|this|ResetTaskStatusBatch|true|false
15:36:22.0 (142405707)|VARIABLE_ASSIGNMENT|[3]|this|{}|0x2ed4caa0
15:36:22.0 (142412507)|VARIABLE_SCOPE_BEGIN|[3]|BC|Database.BatchableContext|true|false
15:36:22.0 (142470533)|VARIABLE_ASSIGNMENT|[3]|BC|{"jobId":"707f4000029lyjzAAA"}|0x6af4aa72
15:36:22.0 (142489562)|STATEMENT_EXECUTE|[3]
15:36:22.0 (142491954)|STATEMENT_EXECUTE|[4]
15:36:22.0 (142496334)|HEAP_ALLOCATE|[4]|Bytes:73
15:36:22.0 (142522218)|HEAP_ALLOCATE|[4]|Bytes:4
15:36:22.0 (142893168)|SOQL_EXECUTE_BEGIN|[4]|Aggregations:0|SELECT Id FROM HTask__c 
15:36:22.0 (162223737)|SOQL_EXECUTE_END|[4]|Rows:1
15:36:22.0 (162303929)|HEAP_ALLOCATE|[4]|Bytes:20
15:36:22.171 (171396842)|CUMULATIVE_LIMIT_USAGE
15:36:22.171 (171396842)|LIMIT_USAGE_FOR_NS|(default)|
  Number of SOQL queries: 0 out of 200
  Number of query rows: 0 out of 50000
  Number of SOSL queries: 0 out of 20
  Number of DML statements: 0 out of 150
  Number of DML rows: 0 out of 10000
  Maximum CPU time: 0 out of 60000
  Maximum heap size: 0 out of 12000000
  Number of callouts: 0 out of 100
  Number of Email Invocations: 0 out of 10
  Number of future calls: 0 out of 0
  Number of queueable jobs added to the queue: 0 out of 1
  Number of Mobile Apex push calls: 0 out of 10

15:36:22.171 (171396842)|CUMULATIVE_LIMIT_USAGE_END

15:36:22.0 (171449929)|CODE_UNIT_FINISHED|ResetTaskStatusBatch
15:36:22.0 (172307971)|CODE_UNIT_STARTED|[EXTERNAL]|01pf400000GkEDr|ResetTaskStatusBatch
15:36:22.0 (174495929)|HEAP_ALLOCATE|[EXTERNAL]|Bytes:4
15:36:22.0 (176428605)|HEAP_ALLOCATE|[EXTERNAL]|Bytes:12
15:36:22.0 (176445667)|HEAP_ALLOCATE|[EXTERNAL]|Bytes:4
15:36:22.0 (176450804)|HEAP_ALLOCATE|[EXTERNAL]|Bytes:4
15:36:22.0 (176463886)|VARIABLE_SCOPE_BEGIN|[31]|this|Database.BatchableContextImpl|true|false
15:36:22.0 (176523593)|VARIABLE_ASSIGNMENT|[31]|this|{}|0x85b8c07
15:36:22.0 (176535255)|VARIABLE_SCOPE_BEGIN|[31]|jobId|Id|false|false
15:36:22.0 (176666651)|VARIABLE_ASSIGNMENT|[31]|jobId|"707f4000029lyjzAAA"
15:36:22.0 (176676589)|VARIABLE_SCOPE_BEGIN|[31]|childJobId|Id|false|false
15:36:22.0 (176718886)|VARIABLE_ASSIGNMENT|[31]|childJobId|"707f4000029lyk0AAA"
15:36:22.0 (181099687)|HEAP_ALLOCATE|[EXTERNAL]|Bytes:8
15:36:22.0 (181882245)|CODE_UNIT_STARTED|[EXTERNAL]|01pf400000GkEDr|ResetTaskStatusBatch
15:36:22.0 (182446557)|HEAP_ALLOCATE|[EXTERNAL]|Bytes:4
15:36:22.0 (182461876)|HEAP_ALLOCATE|[EXTERNAL]|Bytes:12
15:36:22.0 (182507413)|HEAP_ALLOCATE|[EXTERNAL]|Bytes:8
15:36:22.0 (182526207)|VARIABLE_SCOPE_BEGIN|[10]|this|ResetTaskStatusBatch|true|false
15:36:22.0 (182574996)|VARIABLE_ASSIGNMENT|[10]|this|{}|0x452367be
15:36:22.0 (182587572)|VARIABLE_SCOPE_BEGIN|[10]|BC|Database.BatchableContext|true|false
15:36:22.0 (182757466)|VARIABLE_ASSIGNMENT|[10]|BC|{"childJobId":"707f4000029lyk0AAA","jobId":"707f4000029lyjzAAA"}|0x85b8c07
15:36:22.0 (182770739)|VARIABLE_SCOPE_BEGIN|[10]|scope|List<HTask__c>|true|false
15:36:22.0 (182799104)|VARIABLE_ASSIGNMENT|[10]|scope|[{"Id":"a00f4000009XCIoAAO"}]|0x2d9e0d80
15:36:22.0 (182832211)|STATEMENT_EXECUTE|[10]
15:36:22.0 (183172404)|HEAP_ALLOCATE|[11]|Bytes:5
15:36:22.0 (183249971)|HEAP_ALLOCATE|[11]|Bytes:8
15:36:22.0 (183268110)|VARIABLE_SCOPE_BEGIN|[11]|task|HTask__c|true|false
15:36:22.0 (183290945)|VARIABLE_ASSIGNMENT|[11]|task|{"Id":"a00f4000009XCIoAAO"}|0x54958f54
15:36:22.0 (183301917)|STATEMENT_EXECUTE|[11]
15:36:22.0 (183304045)|STATEMENT_EXECUTE|[12]
15:36:22.0 (183310199)|HEAP_ALLOCATE|[12]|Bytes:3
15:36:22.0 (183381942)|HEAP_ALLOCATE|[12]|Bytes:-4
15:36:22.0 (183394647)|VARIABLE_ASSIGNMENT|[12]|this.Status__c|"New"|0x54958f54
15:36:22.0 (183411998)|HEAP_ALLOCATE|[11]|Bytes:5
15:36:22.0 (183425975)|VARIABLE_ASSIGNMENT|[11]|task|null|
15:36:22.0 (183432080)|STATEMENT_EXECUTE|[15]
15:36:22.0 (183487620)|DML_BEGIN|[15]|Op:Update|Type:HTask__c|Rows:1
15:36:22.0 (183519903)|HEAP_ALLOCATE|[EXTERNAL]|Bytes:8
15:36:22.0 (188203982)|CODE_UNIT_STARTED|[EXTERNAL]|Validation:HTask:a00f4000009XCIo
15:36:22.0 (188224944)|VALIDATION_RULE|03df40000002ejE|ContactRequired
15:36:22.0 (188308624)|VALIDATION_FORMULA|ISBLANK(Contact__c)|Contact__c=003f400000PuSvY
15:36:22.0 (188316314)|VALIDATION_PASS
15:36:22.0 (188318977)|VALIDATION_RULE|03df40000002ejO|DificultyRequired
15:36:22.0 (188385989)|VALIDATION_FORMULA|ISBLANK(TEXT(Difficulty__c))|Difficulty__c=Trivial
15:36:22.0 (188393863)|VALIDATION_PASS
15:36:22.0 (188395679)|VALIDATION_RULE|03df40000002bNN|StatusNone
15:36:22.0 (188483494)|VALIDATION_FORMULA|TEXT(Status__c) <> 'New'  
&& TEXT(Status__c) <> 'In Progress'
&& TEXT(Status__c) <> 'Completed'|Status__c=New
15:36:22.0 (188490352)|VALIDATION_PASS
15:36:22.0 (188554190)|CODE_UNIT_FINISHED|Validation:HTask:a00f4000009XCIo
15:36:22.0 (198110670)|CODE_UNIT_STARTED|[EXTERNAL]|01qf4000001HypC|completeHTaskTrigger on HTask trigger event AfterUpdate
15:36:22.0 (198156548)|HEAP_ALLOCATE|[EXTERNAL]|Bytes:8
15:36:22.0 (198187982)|HEAP_ALLOCATE|[EXTERNAL]|Bytes:8
15:36:22.0 (198275564)|HEAP_ALLOCATE|[EXTERNAL]|Bytes:12
15:36:22.0 (198302592)|VARIABLE_SCOPE_BEGIN|[1]|this|completeHTaskTrigger|true|false
15:36:22.0 (198339313)|VARIABLE_ASSIGNMENT|[1]|this|{}|0x753f4299
15:36:22.0 (198384144)|HEAP_ALLOCATE|[EXTERNAL]|Bytes:12
15:36:22.0 (198391672)|VARIABLE_SCOPE_BEGIN|[1]|this|completeHTaskTrigger|true|false
15:36:22.0 (198406396)|VARIABLE_ASSIGNMENT|[1]|this|{}|0x753f4299
15:36:22.0 (198414708)|STATEMENT_EXECUTE|[1]
15:36:22.0 (198416780)|STATEMENT_EXECUTE|[3]
15:36:22.0 (198421007)|HEAP_ALLOCATE|[3]|Bytes:99
15:36:22.0 (198441170)|HEAP_ALLOCATE|[3]|Bytes:4
15:36:22.0 (198453442)|HEAP_ALLOCATE|[3]|Bytes:7
15:36:22.0 (203107248)|SOQL_EXECUTE_BEGIN|[3]|Aggregations:0|SELECT Id, Contact__c, Type__c, Status__c, DueDate__c, Points__c FROM HTask__c WHERE Id IN :tmpVar1
15:36:22.0 (209793872)|SOQL_EXECUTE_END|[3]|Rows:1
15:36:22.0 (209830357)|HEAP_ALLOCATE|[3]|Bytes:8
15:36:22.0 (209854668)|HEAP_ALLOCATE|[3]|Bytes:142
15:36:22.0 (209899042)|HEAP_ALLOCATE|[3]|Bytes:8
15:36:22.0 (209927740)|HEAP_ALLOCATE|[3]|Bytes:34
15:36:22.0 (209960029)|HEAP_ALLOCATE|[3]|Bytes:24
15:36:22.0 (210030744)|VARIABLE_ASSIGNMENT|[3]|this.task|{"Id":"a00f4000009XCIoAAO","Contact__c":"003f400000PuSvYAAV","Type__c":"Daily","Status__c":"New","Points__c":0.50}|0x753f4299
15:36:22.0 (210041844)|STATEMENT_EXECUTE|[5]
15:36:22.0 (210046089)|HEAP_ALLOCATE|[5]|Bytes:59
15:36:22.0 (210067365)|HEAP_ALLOCATE|[5]|Bytes:4
15:36:22.0 (210378516)|SOQL_EXECUTE_BEGIN|[5]|Aggregations:0|SELECT Id, Name, Points__c FROM Contact WHERE Id = :tmpVar1
15:36:22.0 (214155633)|SOQL_EXECUTE_END|[5]|Rows:1
15:36:22.0 (214180027)|HEAP_ALLOCATE|[5]|Bytes:8
15:36:22.0 (214199631)|HEAP_ALLOCATE|[5]|Bytes:98
15:36:22.0 (214239284)|HEAP_ALLOCATE|[5]|Bytes:8
15:36:22.0 (214277038)|HEAP_ALLOCATE|[5]|Bytes:16
15:36:22.0 (214324057)|VARIABLE_ASSIGNMENT|[5]|this.conta|{"Id":"003f400000PuSvYAAV","Name":"TestContact2","Points__c":10}|0x753f4299
15:36:22.0 (214369186)|HEAP_ALLOCATE|[7]|Bytes:5
15:36:22.0 (214420536)|STATEMENT_EXECUTE|[19]
15:36:22.0 (214481029)|STATEMENT_EXECUTE|[20]
15:36:22.214 (214495115)|CUMULATIVE_LIMIT_USAGE
15:36:22.214 (214495115)|LIMIT_USAGE_FOR_NS|(default)|
  Number of SOQL queries: 2 out of 200
  Number of query rows: 2 out of 50000
  Number of SOSL queries: 0 out of 20
  Number of DML statements: 1 out of 150
  Number of DML rows: 1 out of 10000
  Maximum CPU time: 0 out of 60000
  Maximum heap size: 0 out of 12000000
  Number of callouts: 0 out of 0
  Number of Email Invocations: 0 out of 10
  Number of future calls: 0 out of 0
  Number of queueable jobs added to the queue: 0 out of 1
  Number of Mobile Apex push calls: 0 out of 10

15:36:22.214 (214495115)|CUMULATIVE_LIMIT_USAGE_END

15:36:22.0 (215367749)|CODE_UNIT_FINISHED|completeHTaskTrigger on HTask trigger event AfterUpdate
15:36:22.0 (215601956)|DML_END|[15]
15:36:22.0 (215664563)|HEAP_ALLOCATE|[EXTERNAL]|Bytes:8
15:36:22.0 (215684357)|CODE_UNIT_FINISHED|ResetTaskStatusBatch
15:36:22.226 (226735946)|CUMULATIVE_LIMIT_USAGE
15:36:22.226 (226735946)|LIMIT_USAGE_FOR_NS|(default)|
  Number of SOQL queries: 0 out of 200
  Number of query rows: 0 out of 50000
  Number of SOSL queries: 0 out of 20
  Number of DML statements: 0 out of 150
  Number of DML rows: 0 out of 10000
  Maximum CPU time: 0 out of 60000
  Maximum heap size: 0 out of 12000000
  Number of callouts: 0 out of 100
  Number of Email Invocations: 0 out of 10
  Number of future calls: 0 out of 0
  Number of queueable jobs added to the queue: 0 out of 1
  Number of Mobile Apex push calls: 0 out of 10

15:36:22.226 (226735946)|CUMULATIVE_LIMIT_USAGE_END

15:36:22.0 (226791725)|CODE_UNIT_FINISHED|ResetTaskStatusBatch
15:36:22.0 (227528757)|CODE_UNIT_STARTED|[EXTERNAL]|01pf400000GkEDr|ResetTaskStatusBatch
15:36:22.0 (228603100)|HEAP_ALLOCATE|[EXTERNAL]|Bytes:4
15:36:22.0 (228763918)|HEAP_ALLOCATE|[EXTERNAL]|Bytes:12
15:36:22.0 (228775238)|HEAP_ALLOCATE|[EXTERNAL]|Bytes:4
15:36:22.0 (228785130)|VARIABLE_SCOPE_BEGIN|[31]|this|Database.BatchableContextImpl|true|false
15:36:22.0 (228829186)|VARIABLE_ASSIGNMENT|[31]|this|{}|0x6b3e7b05
15:36:22.0 (228837765)|VARIABLE_SCOPE_BEGIN|[31]|jobId|Id|false|false
15:36:22.0 (228923263)|VARIABLE_ASSIGNMENT|[31]|jobId|"707f4000029lyjzAAA"
15:36:22.0 (228930320)|VARIABLE_SCOPE_BEGIN|[31]|childJobId|Id|false|false
15:36:22.0 (228940225)|VARIABLE_ASSIGNMENT|[31]|childJobId|null
15:36:22.0 (231480985)|HEAP_ALLOCATE|[EXTERNAL]|Bytes:4
15:36:22.0 (231494103)|HEAP_ALLOCATE|[EXTERNAL]|Bytes:12
15:36:22.0 (231508549)|VARIABLE_SCOPE_BEGIN|[18]|this|ResetTaskStatusBatch|true|false
15:36:22.0 (231540721)|VARIABLE_ASSIGNMENT|[18]|this|{}|0x17aed497
15:36:22.0 (231552223)|VARIABLE_SCOPE_BEGIN|[18]|BC|Database.BatchableContext|true|false
15:36:22.0 (231655074)|VARIABLE_ASSIGNMENT|[18]|BC|{"jobId":"707f4000029lyjzAAA"}|0x6b3e7b05
15:36:22.0 (231675773)|STATEMENT_EXECUTE|[18]
15:36:22.236 (236392686)|CUMULATIVE_LIMIT_USAGE
15:36:22.236 (236392686)|LIMIT_USAGE_FOR_NS|(default)|
  Number of SOQL queries: 0 out of 200
  Number of query rows: 0 out of 50000
  Number of SOSL queries: 0 out of 20
  Number of DML statements: 0 out of 150
  Number of DML rows: 0 out of 10000
  Maximum CPU time: 0 out of 60000
  Maximum heap size: 0 out of 12000000
  Number of callouts: 0 out of 100
  Number of Email Invocations: 0 out of 10
  Number of future calls: 0 out of 0
  Number of queueable jobs added to the queue: 0 out of 1
  Number of Mobile Apex push calls: 0 out of 10

15:36:22.236 (236392686)|CUMULATIVE_LIMIT_USAGE_END

15:36:22.0 (236436499)|CODE_UNIT_FINISHED|ResetTaskStatusBatch
15:36:22.0 (237653857)|METHOD_EXIT|[15]||System.Test.stopTest()
15:36:22.0 (237666506)|STATEMENT_EXECUTE|[17]
15:36:22.0 (237672714)|HEAP_ALLOCATE|[17]|Bytes:59
15:36:22.0 (237689497)|HEAP_ALLOCATE|[17]|Bytes:4
15:36:22.0 (237846903)|SOQL_EXECUTE_BEGIN|[17]|Aggregations:0|SELECT Id, Status__c FROM HTask__c WHERE Name = 'TestTask2'
15:36:22.0 (244281775)|SOQL_EXECUTE_END|[17]|Rows:1
15:36:22.0 (244319319)|HEAP_ALLOCATE|[17]|Bytes:8
15:36:22.0 (244337304)|HEAP_ALLOCATE|[17]|Bytes:45
15:36:22.0 (244379357)|HEAP_ALLOCATE|[17]|Bytes:8
15:36:22.0 (244415571)|HEAP_ALLOCATE|[17]|Bytes:12
15:36:22.0 (244460807)|VARIABLE_ASSIGNMENT|[17]|task|{"Id":"a00f4000009XCIoAAO","Status__c":"New"}|0x13eb612d
15:36:22.0 (244475538)|STATEMENT_EXECUTE|[19]
15:36:22.244 (244603570)|CUMULATIVE_LIMIT_USAGE
15:36:22.244 (244603570)|LIMIT_USAGE_FOR_NS|(default)|
  Number of SOQL queries: 2 out of 100
  Number of query rows: 2 out of 50000
  Number of SOSL queries: 0 out of 20
  Number of DML statements: 2 out of 150
  Number of DML rows: 2 out of 10000
  Maximum CPU time: 0 out of 10000
  Maximum heap size: 0 out of 6000000
  Number of callouts: 0 out of 100
  Number of Email Invocations: 0 out of 10
  Number of future calls: 0 out of 50
  Number of queueable jobs added to the queue: 0 out of 50
  Number of Mobile Apex push calls: 0 out of 10

15:36:22.244 (244603570)|TESTING_LIMITS
15:36:22.244 (244603570)|LIMIT_USAGE_FOR_NS|(default)|
  Number of SOQL queries: 0 out of 100
  Number of query rows: 0 out of 50000
  Number of SOSL queries: 0 out of 20
  Number of DML statements: 0 out of 150
  Number of DML rows: 0 out of 10000
  Maximum CPU time: 0 out of 10000
  Maximum heap size: 0 out of 6000000
  Number of callouts: 0 out of 100
  Number of Email Invocations: 0 out of 10
  Number of future calls: 0 out of 50
  Number of queueable jobs added to the queue: 0 out of 50
  Number of Mobile Apex push calls: 0 out of 10

15:36:22.244 (244603570)|CUMULATIVE_LIMIT_USAGE_END

15:36:22.0 (244675830)|CODE_UNIT_FINISHED|ResetTaskStatusBatchTest.resetTaskStatusTest
15:36:22.0 (245629835)|EXECUTION_FINISHED
15:36:22.401 (401842093)|USER_INFO|[EXTERNAL]|005f4000002PiXT|amancebo.habitica@altimetrik.com|Argentine Time|GMT-03:00
15:36:22.401 (401883432)|EXECUTION_STARTED
15:36:22.401 (401889919)|CODE_UNIT_STARTED|[EXTERNAL]|DuplicateDetector
15:36:22.401 (401920327)|DUPLICATE_DETECTION_BEGIN
15:36:22.401 (402015683)|DUPLICATE_DETECTION_RULE_INVOCATION|DuplicateRuleId:0Bmf4000005NvDQ|DuplicateRuleName:Standard Contact Duplicate Rule|DmlType:INSERT
15:36:22.401 (411889742)|DUPLICATE_DETECTION_END
15:36:22.401 (411907181)|CODE_UNIT_FINISHED|DuplicateDetector
15:36:22.401 (412840067)|EXECUTION_FINISHED
