42.0 APEX_CODE,FINEST;APEX_PROFILING,INFO;CALLOUT,INFO;DB,INFO;SYSTEM,DEBUG;VALIDATION,INFO;VISUALFORCE,INFO;WAVE,INFO;WORKFLOW,INFO
15:59:17.0 (328055)|USER_INFO|[EXTERNAL]|005f4000002PiXT|amancebo.habitica@altimetrik.com|Argentine Time|GMT-03:00
15:59:17.0 (356857)|EXECUTION_STARTED
15:59:17.0 (360807)|CODE_UNIT_STARTED|[EXTERNAL]|Aura
15:59:17.0 (1709146)|CODE_UNIT_STARTED|[EXTERNAL]|01pf400000Gj25X|TaskListController.getAllUncompletedTask
15:59:17.0 (2030445)|HEAP_ALLOCATE|[72]|Bytes:3
15:59:17.0 (2072305)|HEAP_ALLOCATE|[77]|Bytes:152
15:59:17.0 (2086635)|HEAP_ALLOCATE|[342]|Bytes:408
15:59:17.0 (2099382)|HEAP_ALLOCATE|[355]|Bytes:408
15:59:17.0 (2109779)|HEAP_ALLOCATE|[467]|Bytes:48
15:59:17.0 (2136247)|HEAP_ALLOCATE|[139]|Bytes:6
15:59:17.0 (2151112)|HEAP_ALLOCATE|[EXTERNAL]|Bytes:3
15:59:17.0 (2162185)|METHOD_ENTRY|[1]|01pf400000Gj25X|TaskListController.TaskListController()
15:59:17.0 (2169754)|STATEMENT_EXECUTE|[1]
15:59:17.0 (2174698)|STATEMENT_EXECUTE|[1]
15:59:17.0 (2179096)|METHOD_EXIT|[1]|TaskListController
15:59:17.0 (2195840)|SYSTEM_MODE_ENTER|false
15:59:17.0 (2206590)|STATEMENT_EXECUTE|[9]
15:59:17.0 (2208495)|STATEMENT_EXECUTE|[10]
15:59:17.0 (2211726)|HEAP_ALLOCATE|[10]|Bytes:108
15:59:17.0 (2231461)|HEAP_ALLOCATE|[10]|Bytes:4
15:59:17.0 (2271343)|HEAP_ALLOCATE|[50]|Bytes:5
15:59:17.0 (2291765)|HEAP_ALLOCATE|[56]|Bytes:5
15:59:17.0 (2299345)|HEAP_ALLOCATE|[64]|Bytes:7
15:59:17.0 (2655643)|SOQL_EXECUTE_BEGIN|[10]|Aggregations:0|SELECT Id, Name, Description__c, Type__c, Points__c, Contact__c FROM HTask__c WHERE Status__c != 'Completed'
15:59:17.0 (15635658)|SOQL_EXECUTE_END|[10]|Rows:6
15:59:17.0 (15664262)|HEAP_ALLOCATE|[10]|Bytes:28
15:59:17.0 (15707136)|HEAP_ALLOCATE|[10]|Bytes:997
15:59:17.0 (15765147)|HEAP_ALLOCATE|[10]|Bytes:28
15:59:17.0 (15782779)|VARIABLE_SCOPE_BEGIN|[10]|ltask|List<HTask__c>|true|false
15:59:17.0 (15815859)|VARIABLE_ASSIGNMENT|[10]|ltask|"List of size 6 too large to display"|0x252a9942
15:59:17.0 (15824409)|STATEMENT_EXECUTE|[13]
15:59:17.0 (15834438)|SYSTEM_MODE_EXIT|false
15:59:17.15 (15856321)|CUMULATIVE_LIMIT_USAGE
15:59:17.15 (15856321)|LIMIT_USAGE_FOR_NS|(default)|
  Number of SOQL queries: 1 out of 100
  Number of query rows: 6 out of 50000
  Number of SOSL queries: 0 out of 20
  Number of DML statements: 0 out of 150
  Number of DML rows: 0 out of 10000
  Maximum CPU time: 0 out of 10000
  Maximum heap size: 0 out of 6000000
  Number of callouts: 0 out of 100
  Number of Email Invocations: 0 out of 10
  Number of future calls: 0 out of 50
  Number of queueable jobs added to the queue: 0 out of 50
  Number of Mobile Apex push calls: 0 out of 10

15:59:17.15 (15856321)|CUMULATIVE_LIMIT_USAGE_END

15:59:17.0 (15887060)|CODE_UNIT_FINISHED|TaskListController.getAllUncompletedTask
15:59:17.0 (15993529)|CODE_UNIT_FINISHED|Aura
15:59:17.0 (17093482)|EXECUTION_FINISHED
