42.0 APEX_CODE,FINEST;APEX_PROFILING,INFO;CALLOUT,INFO;DB,INFO;SYSTEM,DEBUG;VALIDATION,INFO;VISUALFORCE,INFO;WAVE,INFO;WORKFLOW,INFO
11:38:11.0 (415127)|USER_INFO|[EXTERNAL]|005f4000002PiXT|amancebo.habitica@altimetrik.com|Argentine Time|GMT-03:00
11:38:11.0 (584005)|EXECUTION_STARTED
11:38:11.0 (590639)|CODE_UNIT_STARTED|[EXTERNAL]|Aura
11:38:11.0 (2024212)|CODE_UNIT_STARTED|[EXTERNAL]|01pf400000Gj25X|TaskListController.getAllTasks
11:38:11.0 (2182504)|HEAP_ALLOCATE|[72]|Bytes:3
11:38:11.0 (2247616)|HEAP_ALLOCATE|[77]|Bytes:152
11:38:11.0 (2266719)|HEAP_ALLOCATE|[342]|Bytes:408
11:38:11.0 (2280833)|HEAP_ALLOCATE|[355]|Bytes:408
11:38:11.0 (2292764)|HEAP_ALLOCATE|[467]|Bytes:48
11:38:11.0 (2350949)|HEAP_ALLOCATE|[139]|Bytes:6
11:38:11.0 (2413606)|HEAP_ALLOCATE|[EXTERNAL]|Bytes:1
11:38:11.0 (2450093)|METHOD_ENTRY|[1]|01pf400000Gj25X|TaskListController.TaskListController()
11:38:11.0 (2456822)|STATEMENT_EXECUTE|[1]
11:38:11.0 (2481174)|STATEMENT_EXECUTE|[1]
11:38:11.0 (2515964)|HEAP_ALLOCATE|[50]|Bytes:5
11:38:11.0 (2540358)|HEAP_ALLOCATE|[56]|Bytes:5
11:38:11.0 (2547841)|HEAP_ALLOCATE|[64]|Bytes:7
11:38:11.0 (2573873)|SYSTEM_MODE_ENTER|false
11:38:11.0 (2670448)|HEAP_ALLOCATE|[EXTERNAL]|Bytes:5
11:38:11.0 (2678579)|SYSTEM_MODE_EXIT|false
11:38:11.0 (2700535)|METHOD_EXIT|[1]|TaskListController
11:38:11.0 (2732782)|SYSTEM_MODE_ENTER|false
11:38:11.0 (2751596)|HEAP_ALLOCATE|[4]|Bytes:5
11:38:11.0 (2759293)|STATEMENT_EXECUTE|[3]
11:38:11.0 (2761714)|STATEMENT_EXECUTE|[4]
11:38:11.0 (2766218)|HEAP_ALLOCATE|[4]|Bytes:45
11:38:11.0 (2790707)|HEAP_ALLOCATE|[4]|Bytes:4
11:38:11.0 (4380448)|SOQL_EXECUTE_BEGIN|[4]|Aggregations:0|SELECT Id, Name, Description__c FROM HTask__c
11:38:11.0 (7125535)|SOQL_EXECUTE_END|[4]|Rows:2
11:38:11.0 (7156067)|HEAP_ALLOCATE|[4]|Bytes:12
11:38:11.0 (7177770)|HEAP_ALLOCATE|[4]|Bytes:104
11:38:11.0 (7303964)|HEAP_ALLOCATE|[4]|Bytes:12
11:38:11.0 (7341281)|VARIABLE_SCOPE_BEGIN|[4]|ltask|List<ANY>|true|false
11:38:11.0 (7382659)|VARIABLE_ASSIGNMENT|[4]|ltask|[{"Id":"a00f4000009UZfdAAG","Name":"cbx","Description__c":"yte"},{"Id":"a00f4000009U9j8AAC","Name":"TestH1"}]|0x7bbf568e
11:38:11.0 (7395142)|STATEMENT_EXECUTE|[5]
11:38:11.0 (7410092)|SYSTEM_MODE_EXIT|false
11:38:11.7 (7435530)|CUMULATIVE_LIMIT_USAGE
11:38:11.7 (7435530)|LIMIT_USAGE_FOR_NS|(default)|
  Number of SOQL queries: 1 out of 100
  Number of query rows: 2 out of 50000
  Number of SOSL queries: 0 out of 20
  Number of DML statements: 0 out of 150
  Number of DML rows: 0 out of 10000
  Maximum CPU time: 0 out of 10000
  Maximum heap size: 0 out of 6000000
  Number of callouts: 0 out of 100
  Number of Email Invocations: 0 out of 10
  Number of future calls: 0 out of 50
  Number of queueable jobs added to the queue: 0 out of 50
  Number of Mobile Apex push calls: 0 out of 10

11:38:11.7 (7435530)|CUMULATIVE_LIMIT_USAGE_END

11:38:11.0 (7475874)|CODE_UNIT_FINISHED|TaskListController.getAllTasks
11:38:11.0 (7538372)|CODE_UNIT_FINISHED|Aura
11:38:11.0 (8660996)|EXECUTION_FINISHED
