42.0 APEX_CODE,FINEST;APEX_PROFILING,INFO;CALLOUT,INFO;DB,INFO;SYSTEM,DEBUG;VALIDATION,INFO;VISUALFORCE,INFO;WAVE,INFO;WORKFLOW,INFO
15:25:08.0 (90311)|USER_INFO|[EXTERNAL]|005f4000002PiXT|amancebo.habitica@altimetrik.com|Argentine Time|GMT-03:00
15:25:08.0 (268479)|EXECUTION_STARTED
15:25:08.0 (272115)|CODE_UNIT_STARTED|[EXTERNAL]|Aura
15:25:08.0 (1533782)|CODE_UNIT_STARTED|[EXTERNAL]|01pf400000Gj25X|TaskListController.getAllUncompletedTask
15:25:08.0 (1716010)|HEAP_ALLOCATE|[72]|Bytes:3
15:25:08.0 (1790756)|HEAP_ALLOCATE|[77]|Bytes:152
15:25:08.0 (1807498)|HEAP_ALLOCATE|[342]|Bytes:408
15:25:08.0 (1821518)|HEAP_ALLOCATE|[355]|Bytes:408
15:25:08.0 (1833491)|HEAP_ALLOCATE|[467]|Bytes:48
15:25:08.0 (1884783)|HEAP_ALLOCATE|[139]|Bytes:6
15:25:08.0 (1956640)|HEAP_ALLOCATE|[EXTERNAL]|Bytes:3
15:25:08.0 (1995150)|METHOD_ENTRY|[1]|01pf400000Gj25X|TaskListController.TaskListController()
15:25:08.0 (2002960)|STATEMENT_EXECUTE|[1]
15:25:08.0 (2008790)|STATEMENT_EXECUTE|[1]
15:25:08.0 (2025510)|METHOD_EXIT|[1]|TaskListController
15:25:08.0 (2051900)|SYSTEM_MODE_ENTER|false
15:25:08.0 (2145766)|STATEMENT_EXECUTE|[9]
15:25:08.0 (2147895)|STATEMENT_EXECUTE|[10]
15:25:08.0 (2151550)|HEAP_ALLOCATE|[10]|Bytes:108
15:25:08.0 (2176599)|HEAP_ALLOCATE|[10]|Bytes:4
15:25:08.0 (2231946)|HEAP_ALLOCATE|[50]|Bytes:5
15:25:08.0 (2254539)|HEAP_ALLOCATE|[56]|Bytes:5
15:25:08.0 (2262192)|HEAP_ALLOCATE|[64]|Bytes:7
15:25:08.0 (2682965)|SOQL_EXECUTE_BEGIN|[10]|Aggregations:0|SELECT Id, Name, Description__c, Type__c, Points__c, Contact__c FROM HTask__c WHERE Status__c != 'Completed'
15:25:08.0 (18661368)|SOQL_EXECUTE_END|[10]|Rows:6
15:25:08.0 (18700101)|HEAP_ALLOCATE|[10]|Bytes:28
15:25:08.0 (18740183)|HEAP_ALLOCATE|[10]|Bytes:997
15:25:08.0 (18898545)|HEAP_ALLOCATE|[10]|Bytes:28
15:25:08.0 (18925369)|VARIABLE_SCOPE_BEGIN|[10]|ltask|List<HTask__c>|true|false
15:25:08.0 (18961070)|VARIABLE_ASSIGNMENT|[10]|ltask|"List of size 6 too large to display"|0x69a62e0
15:25:08.0 (18968924)|STATEMENT_EXECUTE|[13]
15:25:08.0 (19006516)|SYSTEM_MODE_EXIT|false
15:25:08.19 (19031831)|CUMULATIVE_LIMIT_USAGE
15:25:08.19 (19031831)|LIMIT_USAGE_FOR_NS|(default)|
  Number of SOQL queries: 1 out of 100
  Number of query rows: 6 out of 50000
  Number of SOSL queries: 0 out of 20
  Number of DML statements: 0 out of 150
  Number of DML rows: 0 out of 10000
  Maximum CPU time: 0 out of 10000
  Maximum heap size: 0 out of 6000000
  Number of callouts: 0 out of 100
  Number of Email Invocations: 0 out of 10
  Number of future calls: 0 out of 50
  Number of queueable jobs added to the queue: 0 out of 50
  Number of Mobile Apex push calls: 0 out of 10

15:25:08.19 (19031831)|CUMULATIVE_LIMIT_USAGE_END

15:25:08.0 (19069754)|CODE_UNIT_FINISHED|TaskListController.getAllUncompletedTask
15:25:08.0 (19188739)|CODE_UNIT_FINISHED|Aura
15:25:08.0 (20404529)|EXECUTION_FINISHED
