42.0 APEX_CODE,FINEST;APEX_PROFILING,INFO;CALLOUT,INFO;DB,INFO;SYSTEM,DEBUG;VALIDATION,INFO;VISUALFORCE,INFO;WAVE,INFO;WORKFLOW,INFO
11:27:18.0 (350487)|USER_INFO|[EXTERNAL]|005f4000002PiXT|amancebo.habitica@altimetrik.com|Argentine Time|GMT-03:00
11:27:18.0 (389573)|EXECUTION_STARTED
11:27:18.0 (394085)|CODE_UNIT_STARTED|[EXTERNAL]|Aura
11:27:18.0 (1860065)|CODE_UNIT_STARTED|[EXTERNAL]|01pf400000Gj25X|TaskListController.getAllTasks
11:27:18.0 (2036195)|HEAP_ALLOCATE|[72]|Bytes:3
11:27:18.0 (2081685)|HEAP_ALLOCATE|[77]|Bytes:152
11:27:18.0 (2104333)|HEAP_ALLOCATE|[342]|Bytes:408
11:27:18.0 (2126206)|HEAP_ALLOCATE|[355]|Bytes:408
11:27:18.0 (2144571)|HEAP_ALLOCATE|[467]|Bytes:48
11:27:18.0 (2177410)|HEAP_ALLOCATE|[139]|Bytes:6
11:27:18.0 (2244858)|HEAP_ALLOCATE|[EXTERNAL]|Bytes:1
11:27:18.0 (2255374)|METHOD_ENTRY|[1]|01pf400000Gj25X|TaskListController.TaskListController()
11:27:18.0 (2261894)|STATEMENT_EXECUTE|[1]
11:27:18.0 (2266039)|STATEMENT_EXECUTE|[1]
11:27:18.0 (2298842)|HEAP_ALLOCATE|[50]|Bytes:5
11:27:18.0 (2327122)|HEAP_ALLOCATE|[56]|Bytes:5
11:27:18.0 (2341066)|HEAP_ALLOCATE|[64]|Bytes:7
11:27:18.0 (2375015)|SYSTEM_MODE_ENTER|false
11:27:18.0 (2387346)|HEAP_ALLOCATE|[EXTERNAL]|Bytes:5
11:27:18.0 (2395290)|SYSTEM_MODE_EXIT|false
11:27:18.0 (2403847)|METHOD_EXIT|[1]|TaskListController
11:27:18.0 (2414856)|SYSTEM_MODE_ENTER|false
11:27:18.0 (2427033)|HEAP_ALLOCATE|[4]|Bytes:5
11:27:18.0 (2431384)|STATEMENT_EXECUTE|[3]
11:27:18.0 (2433230)|STATEMENT_EXECUTE|[4]
11:27:18.0 (2436114)|HEAP_ALLOCATE|[4]|Bytes:45
11:27:18.0 (2458157)|HEAP_ALLOCATE|[4]|Bytes:4
11:27:18.0 (3684199)|SOQL_EXECUTE_BEGIN|[4]|Aggregations:0|SELECT Id, Name, Description__c FROM HTask__c
11:27:18.0 (6057645)|SOQL_EXECUTE_END|[4]|Rows:2
11:27:18.0 (6090644)|HEAP_ALLOCATE|[4]|Bytes:12
11:27:18.0 (6113227)|HEAP_ALLOCATE|[4]|Bytes:104
11:27:18.0 (6257276)|HEAP_ALLOCATE|[4]|Bytes:12
11:27:18.0 (6284308)|VARIABLE_SCOPE_BEGIN|[4]|ltask|List<ANY>|true|false
11:27:18.0 (6329561)|VARIABLE_ASSIGNMENT|[4]|ltask|[{"Id":"a00f4000009UZfdAAG","Name":"cbx","Description__c":"yte"},{"Id":"a00f4000009U9j8AAC","Name":"TestH1"}]|0x4c0fd80f
11:27:18.0 (6340955)|STATEMENT_EXECUTE|[5]
11:27:18.0 (6353975)|SYSTEM_MODE_EXIT|false
11:27:18.6 (6380926)|CUMULATIVE_LIMIT_USAGE
11:27:18.6 (6380926)|LIMIT_USAGE_FOR_NS|(default)|
  Number of SOQL queries: 1 out of 100
  Number of query rows: 2 out of 50000
  Number of SOSL queries: 0 out of 20
  Number of DML statements: 0 out of 150
  Number of DML rows: 0 out of 10000
  Maximum CPU time: 0 out of 10000
  Maximum heap size: 0 out of 6000000
  Number of callouts: 0 out of 100
  Number of Email Invocations: 0 out of 10
  Number of future calls: 0 out of 50
  Number of queueable jobs added to the queue: 0 out of 50
  Number of Mobile Apex push calls: 0 out of 10

11:27:18.6 (6380926)|CUMULATIVE_LIMIT_USAGE_END

11:27:18.0 (6424024)|CODE_UNIT_FINISHED|TaskListController.getAllTasks
11:27:18.0 (6497859)|CODE_UNIT_FINISHED|Aura
11:27:18.0 (8060846)|EXECUTION_FINISHED
