42.0 APEX_CODE,FINEST;APEX_PROFILING,INFO;CALLOUT,INFO;DB,INFO;SYSTEM,DEBUG;VALIDATION,INFO;VISUALFORCE,INFO;WAVE,INFO;WORKFLOW,INFO
15:22:46.0 (324091)|USER_INFO|[EXTERNAL]|005f4000002PiXT|amancebo.habitica@altimetrik.com|Argentine Time|GMT-03:00
15:22:46.0 (355710)|EXECUTION_STARTED
15:22:46.0 (359524)|CODE_UNIT_STARTED|[EXTERNAL]|Aura
15:22:46.0 (1794465)|CODE_UNIT_STARTED|[EXTERNAL]|01pf400000Gj25X|TaskListController.getAllUncompletedTask
15:22:46.0 (2115665)|HEAP_ALLOCATE|[72]|Bytes:3
15:22:46.0 (2146393)|HEAP_ALLOCATE|[77]|Bytes:152
15:22:46.0 (2160145)|HEAP_ALLOCATE|[342]|Bytes:408
15:22:46.0 (2173150)|HEAP_ALLOCATE|[355]|Bytes:408
15:22:46.0 (2184248)|HEAP_ALLOCATE|[467]|Bytes:48
15:22:46.0 (2209632)|HEAP_ALLOCATE|[139]|Bytes:6
15:22:46.0 (2223470)|HEAP_ALLOCATE|[EXTERNAL]|Bytes:3
15:22:46.0 (2233590)|METHOD_ENTRY|[1]|01pf400000Gj25X|TaskListController.TaskListController()
15:22:46.0 (2240747)|STATEMENT_EXECUTE|[1]
15:22:46.0 (2245877)|STATEMENT_EXECUTE|[1]
15:22:46.0 (2249283)|METHOD_EXIT|[1]|TaskListController
15:22:46.0 (2266122)|SYSTEM_MODE_ENTER|false
15:22:46.0 (2275480)|STATEMENT_EXECUTE|[9]
15:22:46.0 (2277418)|STATEMENT_EXECUTE|[10]
15:22:46.0 (2280590)|HEAP_ALLOCATE|[10]|Bytes:108
15:22:46.0 (2295198)|HEAP_ALLOCATE|[10]|Bytes:4
15:22:46.0 (2330264)|HEAP_ALLOCATE|[50]|Bytes:5
15:22:46.0 (2347911)|HEAP_ALLOCATE|[56]|Bytes:5
15:22:46.0 (2354837)|HEAP_ALLOCATE|[64]|Bytes:7
15:22:46.0 (2686360)|SOQL_EXECUTE_BEGIN|[10]|Aggregations:0|SELECT Id, Name, Description__c, Type__c, Points__c, Contact__c FROM HTask__c WHERE Status__c != 'Completed'
15:22:46.0 (18999458)|SOQL_EXECUTE_END|[10]|Rows:6
15:22:46.0 (19036225)|HEAP_ALLOCATE|[10]|Bytes:28
15:22:46.0 (19076811)|HEAP_ALLOCATE|[10]|Bytes:997
15:22:46.0 (19150234)|HEAP_ALLOCATE|[10]|Bytes:28
15:22:46.0 (19173011)|VARIABLE_SCOPE_BEGIN|[10]|ltask|List<HTask__c>|true|false
15:22:46.0 (19207688)|VARIABLE_ASSIGNMENT|[10]|ltask|"List of size 6 too large to display"|0x605a27cb
15:22:46.0 (19217070)|STATEMENT_EXECUTE|[13]
15:22:46.0 (19230823)|SYSTEM_MODE_EXIT|false
15:22:46.19 (19260940)|CUMULATIVE_LIMIT_USAGE
15:22:46.19 (19260940)|LIMIT_USAGE_FOR_NS|(default)|
  Number of SOQL queries: 1 out of 100
  Number of query rows: 6 out of 50000
  Number of SOSL queries: 0 out of 20
  Number of DML statements: 0 out of 150
  Number of DML rows: 0 out of 10000
  Maximum CPU time: 0 out of 10000
  Maximum heap size: 0 out of 6000000
  Number of callouts: 0 out of 100
  Number of Email Invocations: 0 out of 10
  Number of future calls: 0 out of 50
  Number of queueable jobs added to the queue: 0 out of 50
  Number of Mobile Apex push calls: 0 out of 10

15:22:46.19 (19260940)|CUMULATIVE_LIMIT_USAGE_END

15:22:46.0 (19293429)|CODE_UNIT_FINISHED|TaskListController.getAllUncompletedTask
15:22:46.0 (19407274)|CODE_UNIT_FINISHED|Aura
15:22:46.0 (20586136)|EXECUTION_FINISHED
