42.0 APEX_CODE,FINEST;APEX_PROFILING,INFO;CALLOUT,INFO;DB,INFO;SYSTEM,DEBUG;VALIDATION,INFO;VISUALFORCE,INFO;WAVE,INFO;WORKFLOW,INFO
15:28:14.0 (86725)|USER_INFO|[EXTERNAL]|005f4000002PiXT|amancebo.habitica@altimetrik.com|Argentine Time|GMT-03:00
15:28:14.0 (142958)|EXECUTION_STARTED
15:28:14.0 (147822)|CODE_UNIT_STARTED|[EXTERNAL]|Aura
15:28:14.0 (1626571)|CODE_UNIT_STARTED|[EXTERNAL]|01pf400000Gj25X|TaskListController.getAllUncompletedTask
15:28:14.0 (1781092)|HEAP_ALLOCATE|[72]|Bytes:3
15:28:14.0 (1816422)|HEAP_ALLOCATE|[77]|Bytes:152
15:28:14.0 (1830931)|HEAP_ALLOCATE|[342]|Bytes:408
15:28:14.0 (1842815)|HEAP_ALLOCATE|[355]|Bytes:408
15:28:14.0 (1853363)|HEAP_ALLOCATE|[467]|Bytes:48
15:28:14.0 (1879823)|HEAP_ALLOCATE|[139]|Bytes:6
15:28:14.0 (1946527)|HEAP_ALLOCATE|[EXTERNAL]|Bytes:3
15:28:14.0 (1958518)|METHOD_ENTRY|[1]|01pf400000Gj25X|TaskListController.TaskListController()
15:28:14.0 (1965829)|STATEMENT_EXECUTE|[1]
15:28:14.0 (1970875)|STATEMENT_EXECUTE|[1]
15:28:14.0 (1974912)|METHOD_EXIT|[1]|TaskListController
15:28:14.0 (1995554)|SYSTEM_MODE_ENTER|false
15:28:14.0 (2006017)|STATEMENT_EXECUTE|[9]
15:28:14.0 (2008466)|STATEMENT_EXECUTE|[10]
15:28:14.0 (2012098)|HEAP_ALLOCATE|[10]|Bytes:108
15:28:14.0 (2033693)|HEAP_ALLOCATE|[10]|Bytes:4
15:28:14.0 (2071000)|HEAP_ALLOCATE|[50]|Bytes:5
15:28:14.0 (2091542)|HEAP_ALLOCATE|[56]|Bytes:5
15:28:14.0 (2098565)|HEAP_ALLOCATE|[64]|Bytes:7
15:28:14.0 (2675709)|SOQL_EXECUTE_BEGIN|[10]|Aggregations:0|SELECT Id, Name, Description__c, Type__c, Points__c, Contact__c FROM HTask__c WHERE Status__c != 'Completed'
15:28:14.0 (24542886)|SOQL_EXECUTE_END|[10]|Rows:6
15:28:14.0 (24584413)|HEAP_ALLOCATE|[10]|Bytes:28
15:28:14.0 (24633843)|HEAP_ALLOCATE|[10]|Bytes:997
15:28:14.0 (24754342)|HEAP_ALLOCATE|[10]|Bytes:28
15:28:14.0 (24783269)|VARIABLE_SCOPE_BEGIN|[10]|ltask|List<HTask__c>|true|false
15:28:14.0 (24827010)|VARIABLE_ASSIGNMENT|[10]|ltask|"List of size 6 too large to display"|0x69890fad
15:28:14.0 (24839626)|STATEMENT_EXECUTE|[13]
15:28:14.0 (24849167)|SYSTEM_MODE_EXIT|false
15:28:14.24 (24879005)|CUMULATIVE_LIMIT_USAGE
15:28:14.24 (24879005)|LIMIT_USAGE_FOR_NS|(default)|
  Number of SOQL queries: 1 out of 100
  Number of query rows: 6 out of 50000
  Number of SOSL queries: 0 out of 20
  Number of DML statements: 0 out of 150
  Number of DML rows: 0 out of 10000
  Maximum CPU time: 0 out of 10000
  Maximum heap size: 0 out of 6000000
  Number of callouts: 0 out of 100
  Number of Email Invocations: 0 out of 10
  Number of future calls: 0 out of 50
  Number of queueable jobs added to the queue: 0 out of 50
  Number of Mobile Apex push calls: 0 out of 10

15:28:14.24 (24879005)|CUMULATIVE_LIMIT_USAGE_END

15:28:14.0 (24923054)|CODE_UNIT_FINISHED|TaskListController.getAllUncompletedTask
15:28:14.0 (25033210)|CODE_UNIT_FINISHED|Aura
15:28:14.0 (26272474)|EXECUTION_FINISHED
