42.0 APEX_CODE,FINEST;APEX_PROFILING,INFO;CALLOUT,INFO;DB,INFO;SYSTEM,DEBUG;VALIDATION,INFO;VISUALFORCE,INFO;WAVE,INFO;WORKFLOW,INFO
15:41:25.0 (374072)|USER_INFO|[EXTERNAL]|005f4000002PiXT|amancebo.habitica@altimetrik.com|Argentine Time|GMT-03:00
15:41:25.0 (410850)|EXECUTION_STARTED
15:41:25.0 (414637)|CODE_UNIT_STARTED|[EXTERNAL]|Aura
15:41:25.0 (2020616)|CODE_UNIT_STARTED|[EXTERNAL]|01pf400000Gj25X|TaskListController.getAllUncompletedTask
15:41:25.0 (2162299)|HEAP_ALLOCATE|[72]|Bytes:3
15:41:25.0 (2190078)|HEAP_ALLOCATE|[77]|Bytes:152
15:41:25.0 (2203264)|HEAP_ALLOCATE|[342]|Bytes:408
15:41:25.0 (2216319)|HEAP_ALLOCATE|[355]|Bytes:408
15:41:25.0 (2227627)|HEAP_ALLOCATE|[467]|Bytes:48
15:41:25.0 (2256879)|HEAP_ALLOCATE|[139]|Bytes:6
15:41:25.0 (2308063)|HEAP_ALLOCATE|[EXTERNAL]|Bytes:3
15:41:25.0 (2319637)|METHOD_ENTRY|[1]|01pf400000Gj25X|TaskListController.TaskListController()
15:41:25.0 (2326716)|STATEMENT_EXECUTE|[1]
15:41:25.0 (2330916)|STATEMENT_EXECUTE|[1]
15:41:25.0 (2334371)|METHOD_EXIT|[1]|TaskListController
15:41:25.0 (2355628)|SYSTEM_MODE_ENTER|false
15:41:25.0 (2365668)|STATEMENT_EXECUTE|[9]
15:41:25.0 (2368032)|STATEMENT_EXECUTE|[10]
15:41:25.0 (2372526)|HEAP_ALLOCATE|[10]|Bytes:108
15:41:25.0 (2392991)|HEAP_ALLOCATE|[10]|Bytes:4
15:41:25.0 (2440131)|HEAP_ALLOCATE|[50]|Bytes:5
15:41:25.0 (2465444)|HEAP_ALLOCATE|[56]|Bytes:5
15:41:25.0 (2478621)|HEAP_ALLOCATE|[64]|Bytes:7
15:41:25.0 (3001705)|SOQL_EXECUTE_BEGIN|[10]|Aggregations:0|SELECT Id, Name, Description__c, Type__c, Points__c, Contact__c FROM HTask__c WHERE Status__c != 'Completed'
15:41:25.0 (19435679)|SOQL_EXECUTE_END|[10]|Rows:6
15:41:25.0 (19472062)|HEAP_ALLOCATE|[10]|Bytes:28
15:41:25.0 (19511604)|HEAP_ALLOCATE|[10]|Bytes:997
15:41:25.0 (19657721)|HEAP_ALLOCATE|[10]|Bytes:28
15:41:25.0 (19682202)|VARIABLE_SCOPE_BEGIN|[10]|ltask|List<HTask__c>|true|false
15:41:25.0 (19719866)|VARIABLE_ASSIGNMENT|[10]|ltask|"List of size 6 too large to display"|0x412d432a
15:41:25.0 (19728897)|STATEMENT_EXECUTE|[13]
15:41:25.0 (19740708)|SYSTEM_MODE_EXIT|false
15:41:25.19 (19771223)|CUMULATIVE_LIMIT_USAGE
15:41:25.19 (19771223)|LIMIT_USAGE_FOR_NS|(default)|
  Number of SOQL queries: 1 out of 100
  Number of query rows: 6 out of 50000
  Number of SOSL queries: 0 out of 20
  Number of DML statements: 0 out of 150
  Number of DML rows: 0 out of 10000
  Maximum CPU time: 0 out of 10000
  Maximum heap size: 0 out of 6000000
  Number of callouts: 0 out of 100
  Number of Email Invocations: 0 out of 10
  Number of future calls: 0 out of 50
  Number of queueable jobs added to the queue: 0 out of 50
  Number of Mobile Apex push calls: 0 out of 10

15:41:25.19 (19771223)|CUMULATIVE_LIMIT_USAGE_END

15:41:25.0 (19803872)|CODE_UNIT_FINISHED|TaskListController.getAllUncompletedTask
15:41:25.0 (19909306)|CODE_UNIT_FINISHED|Aura
15:41:25.0 (21441287)|EXECUTION_FINISHED
