42.0 APEX_CODE,FINEST;APEX_PROFILING,INFO;CALLOUT,INFO;DB,INFO;SYSTEM,DEBUG;VALIDATION,INFO;VISUALFORCE,INFO;WAVE,INFO;WORKFLOW,INFO
16:02:47.0 (391076)|USER_INFO|[EXTERNAL]|005f4000002PiXT|amancebo.habitica@altimetrik.com|Argentine Time|GMT-03:00
16:02:47.0 (426419)|EXECUTION_STARTED
16:02:47.0 (430715)|CODE_UNIT_STARTED|[EXTERNAL]|Aura
16:02:47.0 (1864138)|CODE_UNIT_STARTED|[EXTERNAL]|01pf400000Gj25X|TaskListController.getAllUncompletedTask
16:02:47.0 (2011585)|HEAP_ALLOCATE|[72]|Bytes:3
16:02:47.0 (2041573)|HEAP_ALLOCATE|[77]|Bytes:152
16:02:47.0 (2054757)|HEAP_ALLOCATE|[342]|Bytes:408
16:02:47.0 (2067633)|HEAP_ALLOCATE|[355]|Bytes:408
16:02:47.0 (2078282)|HEAP_ALLOCATE|[467]|Bytes:48
16:02:47.0 (2102410)|HEAP_ALLOCATE|[139]|Bytes:6
16:02:47.0 (2167006)|HEAP_ALLOCATE|[EXTERNAL]|Bytes:3
16:02:47.0 (2178738)|METHOD_ENTRY|[1]|01pf400000Gj25X|TaskListController.TaskListController()
16:02:47.0 (2185343)|STATEMENT_EXECUTE|[1]
16:02:47.0 (2190588)|STATEMENT_EXECUTE|[1]
16:02:47.0 (2199224)|METHOD_EXIT|[1]|TaskListController
16:02:47.0 (2218696)|SYSTEM_MODE_ENTER|false
16:02:47.0 (2229256)|STATEMENT_EXECUTE|[9]
16:02:47.0 (2231001)|STATEMENT_EXECUTE|[10]
16:02:47.0 (2234335)|HEAP_ALLOCATE|[10]|Bytes:108
16:02:47.0 (2252457)|HEAP_ALLOCATE|[10]|Bytes:4
16:02:47.0 (2289996)|HEAP_ALLOCATE|[50]|Bytes:5
16:02:47.0 (2307640)|HEAP_ALLOCATE|[56]|Bytes:5
16:02:47.0 (2314496)|HEAP_ALLOCATE|[64]|Bytes:7
16:02:47.0 (2705002)|SOQL_EXECUTE_BEGIN|[10]|Aggregations:0|SELECT Id, Name, Description__c, Type__c, Points__c, Contact__c FROM HTask__c WHERE Status__c != 'Completed'
16:02:47.0 (18831802)|SOQL_EXECUTE_END|[10]|Rows:6
16:02:47.0 (18879364)|HEAP_ALLOCATE|[10]|Bytes:28
16:02:47.0 (18935546)|HEAP_ALLOCATE|[10]|Bytes:997
16:02:47.0 (19078254)|HEAP_ALLOCATE|[10]|Bytes:28
16:02:47.0 (19101291)|VARIABLE_SCOPE_BEGIN|[10]|ltask|List<HTask__c>|true|false
16:02:47.0 (19137831)|VARIABLE_ASSIGNMENT|[10]|ltask|"List of size 6 too large to display"|0x348680e1
16:02:47.0 (19148273)|STATEMENT_EXECUTE|[13]
16:02:47.0 (19157932)|SYSTEM_MODE_EXIT|false
16:02:47.19 (19189675)|CUMULATIVE_LIMIT_USAGE
16:02:47.19 (19189675)|LIMIT_USAGE_FOR_NS|(default)|
  Number of SOQL queries: 1 out of 100
  Number of query rows: 6 out of 50000
  Number of SOSL queries: 0 out of 20
  Number of DML statements: 0 out of 150
  Number of DML rows: 0 out of 10000
  Maximum CPU time: 0 out of 10000
  Maximum heap size: 0 out of 6000000
  Number of callouts: 0 out of 100
  Number of Email Invocations: 0 out of 10
  Number of future calls: 0 out of 50
  Number of queueable jobs added to the queue: 0 out of 50
  Number of Mobile Apex push calls: 0 out of 10

16:02:47.19 (19189675)|CUMULATIVE_LIMIT_USAGE_END

16:02:47.0 (19232046)|CODE_UNIT_FINISHED|TaskListController.getAllUncompletedTask
16:02:47.0 (19352160)|CODE_UNIT_FINISHED|Aura
16:02:47.0 (20616620)|EXECUTION_FINISHED
