42.0 APEX_CODE,FINEST;APEX_PROFILING,INFO;CALLOUT,INFO;DB,INFO;SYSTEM,DEBUG;VALIDATION,INFO;VISUALFORCE,INFO;WAVE,INFO;WORKFLOW,INFO
15:45:04.0 (61619)|USER_INFO|[EXTERNAL]|005f4000002PiXT|amancebo.habitica@altimetrik.com|Argentine Time|GMT-03:00
15:45:04.0 (92342)|EXECUTION_STARTED
15:45:04.0 (96356)|CODE_UNIT_STARTED|[EXTERNAL]|Aura
15:45:04.0 (1357699)|CODE_UNIT_STARTED|[EXTERNAL]|01pf400000Gj25X|TaskListController.getAllUncompletedTask
15:45:04.0 (1508112)|HEAP_ALLOCATE|[72]|Bytes:3
15:45:04.0 (1540125)|HEAP_ALLOCATE|[77]|Bytes:152
15:45:04.0 (1555143)|HEAP_ALLOCATE|[342]|Bytes:408
15:45:04.0 (1567828)|HEAP_ALLOCATE|[355]|Bytes:408
15:45:04.0 (1579372)|HEAP_ALLOCATE|[467]|Bytes:48
15:45:04.0 (1605967)|HEAP_ALLOCATE|[139]|Bytes:6
15:45:04.0 (1666730)|HEAP_ALLOCATE|[EXTERNAL]|Bytes:3
15:45:04.0 (1678667)|METHOD_ENTRY|[1]|01pf400000Gj25X|TaskListController.TaskListController()
15:45:04.0 (1685054)|STATEMENT_EXECUTE|[1]
15:45:04.0 (1689889)|STATEMENT_EXECUTE|[1]
15:45:04.0 (1693616)|METHOD_EXIT|[1]|TaskListController
15:45:04.0 (1713740)|SYSTEM_MODE_ENTER|false
15:45:04.0 (1723823)|STATEMENT_EXECUTE|[9]
15:45:04.0 (1725759)|STATEMENT_EXECUTE|[10]
15:45:04.0 (1728891)|HEAP_ALLOCATE|[10]|Bytes:108
15:45:04.0 (1746978)|HEAP_ALLOCATE|[10]|Bytes:4
15:45:04.0 (1787125)|HEAP_ALLOCATE|[50]|Bytes:5
15:45:04.0 (1806071)|HEAP_ALLOCATE|[56]|Bytes:5
15:45:04.0 (1813278)|HEAP_ALLOCATE|[64]|Bytes:7
15:45:04.0 (2219070)|SOQL_EXECUTE_BEGIN|[10]|Aggregations:0|SELECT Id, Name, Description__c, Type__c, Points__c, Contact__c FROM HTask__c WHERE Status__c != 'Completed'
15:45:04.0 (60045039)|SOQL_EXECUTE_END|[10]|Rows:6
15:45:04.0 (60080778)|HEAP_ALLOCATE|[10]|Bytes:28
15:45:04.0 (60121149)|HEAP_ALLOCATE|[10]|Bytes:997
15:45:04.0 (60252409)|HEAP_ALLOCATE|[10]|Bytes:28
15:45:04.0 (60276404)|VARIABLE_SCOPE_BEGIN|[10]|ltask|List<HTask__c>|true|false
15:45:04.0 (60311731)|VARIABLE_ASSIGNMENT|[10]|ltask|"List of size 6 too large to display"|0x153d9e2
15:45:04.0 (60320903)|STATEMENT_EXECUTE|[13]
15:45:04.0 (60330766)|SYSTEM_MODE_EXIT|false
15:45:04.60 (60364384)|CUMULATIVE_LIMIT_USAGE
15:45:04.60 (60364384)|LIMIT_USAGE_FOR_NS|(default)|
  Number of SOQL queries: 1 out of 100
  Number of query rows: 6 out of 50000
  Number of SOSL queries: 0 out of 20
  Number of DML statements: 0 out of 150
  Number of DML rows: 0 out of 10000
  Maximum CPU time: 0 out of 10000
  Maximum heap size: 0 out of 6000000
  Number of callouts: 0 out of 100
  Number of Email Invocations: 0 out of 10
  Number of future calls: 0 out of 50
  Number of queueable jobs added to the queue: 0 out of 50
  Number of Mobile Apex push calls: 0 out of 10

15:45:04.60 (60364384)|CUMULATIVE_LIMIT_USAGE_END

15:45:04.0 (60405656)|CODE_UNIT_FINISHED|TaskListController.getAllUncompletedTask
15:45:04.0 (60537243)|CODE_UNIT_FINISHED|Aura
15:45:04.0 (61753016)|EXECUTION_FINISHED
