42.0 APEX_CODE,FINEST;APEX_PROFILING,INFO;CALLOUT,INFO;DB,INFO;SYSTEM,DEBUG;VALIDATION,INFO;VISUALFORCE,INFO;WAVE,INFO;WORKFLOW,INFO
17:04:42.0 (526939)|USER_INFO|[EXTERNAL]|005f4000002PiXT|amancebo.habitica@altimetrik.com|Argentine Time|GMT-03:00
17:04:42.0 (573923)|EXECUTION_STARTED
17:04:42.0 (578761)|CODE_UNIT_STARTED|[EXTERNAL]|01pf400000GkAvC|TaskDetailControllerTest.setup
17:04:42.0 (864332)|HEAP_ALLOCATE|[72]|Bytes:3
17:04:42.0 (909283)|HEAP_ALLOCATE|[77]|Bytes:152
17:04:42.0 (925767)|HEAP_ALLOCATE|[342]|Bytes:408
17:04:42.0 (940858)|HEAP_ALLOCATE|[355]|Bytes:408
17:04:42.0 (954136)|HEAP_ALLOCATE|[467]|Bytes:48
17:04:42.0 (988273)|HEAP_ALLOCATE|[139]|Bytes:6
17:04:42.0 (1011407)|HEAP_ALLOCATE|[EXTERNAL]|Bytes:59
17:04:42.0 (1035657)|METHOD_ENTRY|[2]|01pf400000GkAvC|TaskDetailControllerTest.TaskDetailControllerTest()
17:04:42.0 (1043331)|STATEMENT_EXECUTE|[2]
17:04:42.0 (1050185)|STATEMENT_EXECUTE|[2]
17:04:42.0 (1054902)|METHOD_EXIT|[2]|TaskDetailControllerTest
17:04:42.0 (1252508)|HEAP_ALLOCATE|[50]|Bytes:5
17:04:42.0 (1280659)|HEAP_ALLOCATE|[56]|Bytes:5
17:04:42.0 (1289178)|HEAP_ALLOCATE|[64]|Bytes:7
17:04:42.0 (1358429)|STATEMENT_EXECUTE|[3]
17:04:42.0 (1361886)|STATEMENT_EXECUTE|[4]
17:04:42.0 (1424675)|HEAP_ALLOCATE|[4]|Bytes:4
17:04:42.0 (1513796)|HEAP_ALLOCATE|[4]|Bytes:12
17:04:42.0 (1575084)|VARIABLE_ASSIGNMENT|[4]|this.LastName|"TestContact1"|0x4af002d8
17:04:42.0 (1620896)|HEAP_ALLOCATE|[4]|Bytes:28
17:04:42.0 (1625667)|HEAP_ALLOCATE|[4]|Bytes:28
17:04:42.0 (1651822)|VARIABLE_ASSIGNMENT|[4]|this.Points__c|10|0x4af002d8
17:04:42.0 (1694212)|VARIABLE_SCOPE_BEGIN|[4]|cont1|Contact|true|false
17:04:42.0 (1729042)|VARIABLE_ASSIGNMENT|[4]|cont1|{"LastName":"TestContact1","Points__c":10}|0x4af002d8
17:04:42.0 (1739334)|STATEMENT_EXECUTE|[5]
17:04:42.0 (1774632)|HEAP_ALLOCATE|[5]|Bytes:8
17:04:42.0 (1790259)|DML_BEGIN|[5]|Op:Upsert|Type:Contact|Rows:1
17:04:42.0 (1824870)|HEAP_ALLOCATE|[EXTERNAL]|Bytes:8
17:04:42.0 (10656408)|CODE_UNIT_STARTED|[EXTERNAL]|DuplicateDetector
17:04:42.0 (10687143)|DUPLICATE_DETECTION_BEGIN
17:04:42.0 (11009309)|DUPLICATE_DETECTION_RULE_INVOCATION|DuplicateRuleId:0Bmf4000005NvDQ|DuplicateRuleName:Standard Contact Duplicate Rule|DmlType:INSERT
17:04:42.0 (37768826)|DUPLICATE_DETECTION_MATCH_INVOCATION_DETAILS|EntityType:Contact|ActionTaken:Allow_[Alert,Report]|DuplicateRecordIds:
17:04:42.0 (37794817)|DUPLICATE_DETECTION_MATCH_INVOCATION_SUMMARY|EntityType:Contact|NumRecordsToBeSaved:1|NumRecordsToBeSavedWithDuplicates:0|NumDuplicateRecordsFound:0
17:04:42.0 (37807229)|DUPLICATE_DETECTION_MATCH_INVOCATION_DETAILS|EntityType:Contact|ActionTaken:Allow_[Alert,Report]|DuplicateRecordIds:
17:04:42.0 (37813660)|DUPLICATE_DETECTION_MATCH_INVOCATION_SUMMARY|EntityType:Contact|NumRecordsToBeSaved:1|NumRecordsToBeSavedWithDuplicates:0|NumDuplicateRecordsFound:0
17:04:42.0 (37958715)|DUPLICATE_DETECTION_END
17:04:42.0 (37965592)|CODE_UNIT_FINISHED|DuplicateDetector
17:04:42.0 (66042300)|DML_END|[5]
17:04:42.0 (66066387)|STATEMENT_EXECUTE|[7]
17:04:42.0 (66128336)|HEAP_ALLOCATE|[7]|Bytes:4
17:04:42.0 (66250675)|HEAP_ALLOCATE|[7]|Bytes:5
17:04:42.0 (66309863)|VARIABLE_ASSIGNMENT|[7]|this.Name|"Test1"|0x31f56a88
17:04:42.0 (66323848)|HEAP_ALLOCATE|[7]|Bytes:5
17:04:42.0 (66351974)|VARIABLE_ASSIGNMENT|[7]|this.Type__c|"Daily"|0x31f56a88
17:04:42.0 (66363008)|HEAP_ALLOCATE|[7]|Bytes:3
17:04:42.0 (66382844)|VARIABLE_ASSIGNMENT|[7]|this.Status__c|"New"|0x31f56a88
17:04:42.0 (66449970)|VARIABLE_ASSIGNMENT|[7]|this.Contact__c|"003f400000PuVL1AAN"|0x31f56a88
17:04:42.0 (66495078)|VARIABLE_SCOPE_BEGIN|[7]|task1|HTask__c|true|false
17:04:42.0 (66530344)|VARIABLE_ASSIGNMENT|[7]|task1|{"Name":"Test1","Type__c":"Daily","Status__c":"New","Contact__c":"003f400000PuVL1AAN"}|0x31f56a88
17:04:42.0 (66541435)|STATEMENT_EXECUTE|[8]
17:04:42.0 (66559230)|HEAP_ALLOCATE|[8]|Bytes:4
17:04:42.0 (66571935)|HEAP_ALLOCATE|[8]|Bytes:5
17:04:42.0 (66594483)|VARIABLE_ASSIGNMENT|[8]|this.Name|"Test2"|0x6e7e41fb
17:04:42.0 (66604783)|HEAP_ALLOCATE|[8]|Bytes:5
17:04:42.0 (66628031)|VARIABLE_ASSIGNMENT|[8]|this.Type__c|"Habit"|0x6e7e41fb
17:04:42.0 (66638202)|HEAP_ALLOCATE|[8]|Bytes:4
17:04:42.0 (66664846)|VARIABLE_ASSIGNMENT|[8]|this.Difficulty__c|"Hard"|0x6e7e41fb
17:04:42.0 (66689092)|VARIABLE_ASSIGNMENT|[8]|this.Status__c|"New"|0x6e7e41fb
17:04:42.0 (66718659)|VARIABLE_ASSIGNMENT|[8]|this.Contact__c|"003f400000PuVL1AAN"|0x6e7e41fb
17:04:42.0 (66729629)|HEAP_ALLOCATE|[8]|Bytes:18
17:04:42.0 (66752428)|HEAP_ALLOCATE|[8]|Bytes:4
17:04:42.0 (66777159)|VARIABLE_ASSIGNMENT|[8]|this.RecordTypeId|"012f4000000FUKDAA4"|0x6e7e41fb
17:04:42.0 (66799508)|VARIABLE_SCOPE_BEGIN|[8]|task2|HTask__c|true|false
17:04:42.0 (66824430)|VARIABLE_ASSIGNMENT|[8]|task2|{"Name":"Test2","Type__c":"Habit","Difficulty__c":"Hard","Status__c":"New","Contact__c":"003f400000PuVL1AAN","RecordTypeId":"012f4000000FUKDAA4"}|0x6e7e41fb
17:04:42.0 (66835205)|STATEMENT_EXECUTE|[10]
17:04:42.0 (66910666)|HEAP_ALLOCATE|[10]|Bytes:4
17:04:42.0 (67004321)|VARIABLE_SCOPE_BEGIN|[10]|ltask|List<HTask__c>|true|false
17:04:42.0 (67021748)|HEAP_ALLOCATE|[EXTERNAL]|Bytes:4
17:04:42.0 (67037445)|VARIABLE_ASSIGNMENT|[10]|ltask|[]|0x2485c3ee
17:04:42.0 (67047404)|STATEMENT_EXECUTE|[11]
17:04:42.0 (67097871)|HEAP_ALLOCATE|[EXTERNAL]|Bytes:4
17:04:42.0 (67111698)|STATEMENT_EXECUTE|[12]
17:04:42.0 (67134054)|HEAP_ALLOCATE|[EXTERNAL]|Bytes:4
17:04:42.0 (67149125)|STATEMENT_EXECUTE|[14]
17:04:42.0 (67217409)|DML_BEGIN|[14]|Op:Upsert|Type:HTask__c|Rows:2
17:04:42.0 (67267737)|HEAP_ALLOCATE|[EXTERNAL]|Bytes:12
17:04:42.0 (77814067)|CODE_UNIT_STARTED|[EXTERNAL]|Validation:HTask:new
17:04:42.0 (77834493)|VALIDATION_RULE|03df40000002ejE|ContactRequired
17:04:42.0 (77922165)|VALIDATION_FORMULA|ISBLANK(Contact__c)|Contact__c=003f400000PuVL1
17:04:42.0 (77929881)|VALIDATION_PASS
17:04:42.0 (77932440)|VALIDATION_RULE|03df40000002ejO|DificultyRequired
17:04:42.0 (77991389)|VALIDATION_FORMULA|ISBLANK(TEXT(Difficulty__c))|Difficulty__c=Trivial
17:04:42.0 (77997431)|VALIDATION_PASS
17:04:42.0 (77999432)|VALIDATION_RULE|03df40000002bNN|StatusNone
17:04:42.0 (78096053)|VALIDATION_FORMULA|TEXT(Status__c) <> 'New'  
&& TEXT(Status__c) <> 'In Progress'
&& TEXT(Status__c) <> 'Completed'|Status__c=New
17:04:42.0 (78105913)|VALIDATION_PASS
17:04:42.0 (78169426)|CODE_UNIT_FINISHED|Validation:HTask:new
17:04:42.0 (78195640)|CODE_UNIT_STARTED|[EXTERNAL]|Validation:HTask:new
17:04:42.0 (78200901)|VALIDATION_RULE|03df40000002ejE|ContactRequired
17:04:42.0 (78269423)|VALIDATION_FORMULA|ISBLANK(Contact__c)|Contact__c=003f400000PuVL1
17:04:42.0 (78276116)|VALIDATION_PASS
17:04:42.0 (78277994)|VALIDATION_RULE|03df40000002ejO|DificultyRequired
17:04:42.0 (78328965)|VALIDATION_FORMULA|ISBLANK(TEXT(Difficulty__c))|Difficulty__c=Hard
17:04:42.0 (78336063)|VALIDATION_PASS
17:04:42.0 (78337828)|VALIDATION_RULE|03df40000002bNN|StatusNone
17:04:42.0 (78418353)|VALIDATION_FORMULA|TEXT(Status__c) <> 'New'  
&& TEXT(Status__c) <> 'In Progress'
&& TEXT(Status__c) <> 'Completed'|Status__c=New
17:04:42.0 (78425358)|VALIDATION_PASS
17:04:42.0 (78465049)|CODE_UNIT_FINISHED|Validation:HTask:new
17:04:42.0 (95698977)|DML_END|[14]
17:04:42.0 (95802359)|HEAP_ALLOCATE|[EXTERNAL]|Bytes:12
17:04:42.95 (95840029)|CUMULATIVE_LIMIT_USAGE
17:04:42.95 (95840029)|LIMIT_USAGE_FOR_NS|(default)|
  Number of SOQL queries: 0 out of 100
  Number of query rows: 0 out of 50000
  Number of SOSL queries: 0 out of 20
  Number of DML statements: 2 out of 150
  Number of DML rows: 3 out of 10000
  Maximum CPU time: 0 out of 10000
  Maximum heap size: 0 out of 6000000
  Number of callouts: 0 out of 100
  Number of Email Invocations: 0 out of 10
  Number of future calls: 0 out of 50
  Number of queueable jobs added to the queue: 0 out of 50
  Number of Mobile Apex push calls: 0 out of 10

17:04:42.95 (95840029)|CUMULATIVE_LIMIT_USAGE_END

17:04:42.0 (95891010)|CODE_UNIT_FINISHED|TaskDetailControllerTest.setup
17:04:42.0 (96812686)|EXECUTION_FINISHED
17:04:42.103 (103134690)|USER_INFO|[EXTERNAL]|005f4000002PiXT|amancebo.habitica@altimetrik.com|Argentine Time|GMT-03:00
17:04:42.103 (103157108)|EXECUTION_STARTED
17:04:42.103 (103162042)|CODE_UNIT_STARTED|[EXTERNAL]|01pf400000GkAvC|TaskDetailControllerTest.changeStatusTest
17:04:42.103 (103302043)|HEAP_ALLOCATE|[72]|Bytes:3
17:04:42.103 (103339336)|HEAP_ALLOCATE|[77]|Bytes:152
17:04:42.103 (103358678)|HEAP_ALLOCATE|[342]|Bytes:408
17:04:42.103 (103372085)|HEAP_ALLOCATE|[355]|Bytes:408
17:04:42.103 (103385677)|HEAP_ALLOCATE|[467]|Bytes:48
17:04:42.103 (103412724)|HEAP_ALLOCATE|[139]|Bytes:6
17:04:42.103 (103427341)|HEAP_ALLOCATE|[EXTERNAL]|Bytes:59
17:04:42.103 (103438723)|METHOD_ENTRY|[2]|01pf400000GkAvC|TaskDetailControllerTest.TaskDetailControllerTest()
17:04:42.103 (103444775)|STATEMENT_EXECUTE|[2]
17:04:42.103 (103449720)|STATEMENT_EXECUTE|[2]
17:04:42.103 (103454105)|METHOD_EXIT|[2]|TaskDetailControllerTest
17:04:42.103 (103567349)|HEAP_ALLOCATE|[50]|Bytes:5
17:04:42.103 (103590711)|HEAP_ALLOCATE|[56]|Bytes:5
17:04:42.103 (103598443)|HEAP_ALLOCATE|[64]|Bytes:7
17:04:42.103 (103630942)|STATEMENT_EXECUTE|[17]
17:04:42.103 (103633028)|STATEMENT_EXECUTE|[18]
17:04:42.103 (103636029)|HEAP_ALLOCATE|[18]|Bytes:61
17:04:42.103 (103658238)|HEAP_ALLOCATE|[18]|Bytes:4
17:04:42.103 (103839252)|SOQL_EXECUTE_BEGIN|[18]|Aggregations:0|SELECT Id, Name, Status__c FROM HTask__c WHERE Name = 'Test1'
17:04:42.103 (116632134)|SOQL_EXECUTE_END|[18]|Rows:1
17:04:42.103 (116682808)|HEAP_ALLOCATE|[18]|Bytes:8
17:04:42.103 (116710610)|HEAP_ALLOCATE|[18]|Bytes:58
17:04:42.103 (116810329)|HEAP_ALLOCATE|[18]|Bytes:8
17:04:42.103 (116838736)|HEAP_ALLOCATE|[18]|Bytes:34
17:04:42.103 (116871601)|HEAP_ALLOCATE|[18]|Bytes:16
17:04:42.103 (116886953)|VARIABLE_SCOPE_BEGIN|[18]|task|HTask__c|true|false
17:04:42.103 (116931187)|VARIABLE_ASSIGNMENT|[18]|task|{"Id":"a00f4000009XCTBAA4","Name":"Test1","Status__c":"New"}|0x4ef575c
17:04:42.103 (116943869)|STATEMENT_EXECUTE|[20]
17:04:42.103 (117034609)|HEAP_ALLOCATE|[20]|Bytes:63
17:04:42.103 (117058756)|SYSTEM_METHOD_ENTRY|[1]|Test.Test()
17:04:42.103 (117065321)|STATEMENT_EXECUTE|[1]
17:04:42.103 (117089590)|SYSTEM_METHOD_EXIT|[1]|Test
17:04:42.103 (117112942)|METHOD_ENTRY|[20]||System.Test.startTest()
17:04:42.103 (118409185)|METHOD_EXIT|[20]||System.Test.startTest()
17:04:42.103 (118423709)|STATEMENT_EXECUTE|[21]
17:04:42.103 (118430938)|HEAP_ALLOCATE|[21]|Bytes:9
17:04:42.103 (125595547)|HEAP_ALLOCATE|[21]|Bytes:7
17:04:42.103 (125607933)|HEAP_ALLOCATE|[21]|Bytes:2
17:04:42.103 (125625950)|METHOD_ENTRY|[1]|01pf400000GjGsw|TaskDetailController.TaskDetailController()
17:04:42.103 (125632890)|STATEMENT_EXECUTE|[1]
17:04:42.103 (125638895)|STATEMENT_EXECUTE|[1]
17:04:42.103 (125645375)|METHOD_EXIT|[1]|TaskDetailController
17:04:42.103 (125681796)|METHOD_ENTRY|[21]|01pf400000GjGsw|TaskDetailController.changeStatus(HTask__c, String)
17:04:42.103 (125713719)|VARIABLE_SCOPE_BEGIN|[3]|task|HTask__c|true|false
17:04:42.103 (125740653)|VARIABLE_ASSIGNMENT|[3]|task|{"Id":"a00f4000009XCTBAA4","Name":"Test1","Status__c":"New"}|0x4ef575c
17:04:42.103 (125748738)|VARIABLE_SCOPE_BEGIN|[3]|status|String|false|false
17:04:42.103 (125757815)|VARIABLE_ASSIGNMENT|[3]|status|"Completed"
17:04:42.103 (125774704)|STATEMENT_EXECUTE|[3]
17:04:42.103 (125776662)|STATEMENT_EXECUTE|[5]
17:04:42.103 (125779091)|STATEMENT_EXECUTE|[5]
17:04:42.103 (125780746)|STATEMENT_EXECUTE|[6]
17:04:42.103 (125838802)|VARIABLE_ASSIGNMENT|[6]|this.Status__c|"Completed"|0x4ef575c
17:04:42.103 (125846511)|STATEMENT_EXECUTE|[8]
17:04:42.103 (125896751)|HEAP_ALLOCATE|[8]|Bytes:8
17:04:42.103 (125910751)|DML_BEGIN|[8]|Op:Update|Type:HTask__c|Rows:1
17:04:42.103 (125945042)|HEAP_ALLOCATE|[EXTERNAL]|Bytes:8
17:04:42.103 (131274286)|CODE_UNIT_STARTED|[EXTERNAL]|Validation:HTask:a00f4000009XCTB
17:04:42.103 (131292130)|VALIDATION_RULE|03df40000002ejE|ContactRequired
17:04:42.103 (131371932)|VALIDATION_FORMULA|ISBLANK(Contact__c)|Contact__c=003f400000PuVL1
17:04:42.103 (131379608)|VALIDATION_PASS
17:04:42.103 (131382027)|VALIDATION_RULE|03df40000002ejO|DificultyRequired
17:04:42.103 (131440297)|VALIDATION_FORMULA|ISBLANK(TEXT(Difficulty__c))|Difficulty__c=Trivial
17:04:42.103 (131447531)|VALIDATION_PASS
17:04:42.103 (131449377)|VALIDATION_RULE|03df40000002bNN|StatusNone
17:04:42.103 (131539906)|VALIDATION_FORMULA|TEXT(Status__c) <> 'New'  
&& TEXT(Status__c) <> 'In Progress'
&& TEXT(Status__c) <> 'Completed'|Status__c=Completed
17:04:42.103 (131548014)|VALIDATION_PASS
17:04:42.103 (131634505)|CODE_UNIT_FINISHED|Validation:HTask:a00f4000009XCTB
17:04:42.103 (144175715)|CODE_UNIT_STARTED|[EXTERNAL]|01qf4000001HypC|completeHTaskTrigger on HTask trigger event AfterUpdate
17:04:42.103 (144222692)|HEAP_ALLOCATE|[EXTERNAL]|Bytes:8
17:04:42.103 (144251926)|HEAP_ALLOCATE|[EXTERNAL]|Bytes:8
17:04:42.103 (144372393)|HEAP_ALLOCATE|[EXTERNAL]|Bytes:12
17:04:42.103 (144387564)|VARIABLE_SCOPE_BEGIN|[1]|this|completeHTaskTrigger|true|false
17:04:42.103 (144439573)|VARIABLE_ASSIGNMENT|[1]|this|{}|0x344a44e
17:04:42.103 (144497039)|HEAP_ALLOCATE|[EXTERNAL]|Bytes:12
17:04:42.103 (144506367)|VARIABLE_SCOPE_BEGIN|[1]|this|completeHTaskTrigger|true|false
17:04:42.103 (144520506)|VARIABLE_ASSIGNMENT|[1]|this|{}|0x344a44e
17:04:42.103 (144530906)|STATEMENT_EXECUTE|[1]
17:04:42.103 (144533909)|STATEMENT_EXECUTE|[3]
17:04:42.103 (144542745)|HEAP_ALLOCATE|[3]|Bytes:99
17:04:42.103 (144566070)|HEAP_ALLOCATE|[3]|Bytes:4
17:04:42.103 (144579597)|HEAP_ALLOCATE|[3]|Bytes:7
17:04:42.103 (148724038)|SOQL_EXECUTE_BEGIN|[3]|Aggregations:0|SELECT Id, Contact__c, Type__c, Status__c, DueDate__c, Points__c FROM HTask__c WHERE Id IN :tmpVar1
17:04:42.103 (154994664)|SOQL_EXECUTE_END|[3]|Rows:1
17:04:42.103 (155029655)|HEAP_ALLOCATE|[3]|Bytes:8
17:04:42.103 (155053689)|HEAP_ALLOCATE|[3]|Bytes:148
17:04:42.103 (155096920)|HEAP_ALLOCATE|[3]|Bytes:8
17:04:42.103 (155134211)|HEAP_ALLOCATE|[3]|Bytes:24
17:04:42.103 (155196178)|VARIABLE_ASSIGNMENT|[3]|this.task|{"Id":"a00f4000009XCTBAA4","Contact__c":"003f400000PuVL1AAN","Type__c":"Daily","Status__c":"Completed","Points__c":0.50}|0x344a44e
17:04:42.103 (155207138)|STATEMENT_EXECUTE|[5]
17:04:42.103 (155213798)|HEAP_ALLOCATE|[5]|Bytes:59
17:04:42.103 (155233669)|HEAP_ALLOCATE|[5]|Bytes:4
17:04:42.103 (155470168)|SOQL_EXECUTE_BEGIN|[5]|Aggregations:0|SELECT Id, Name, Points__c FROM Contact WHERE Id = :tmpVar1
17:04:42.103 (159167006)|SOQL_EXECUTE_END|[5]|Rows:1
17:04:42.103 (159189642)|HEAP_ALLOCATE|[5]|Bytes:8
17:04:42.103 (159206095)|HEAP_ALLOCATE|[5]|Bytes:98
17:04:42.103 (159252791)|HEAP_ALLOCATE|[5]|Bytes:8
17:04:42.103 (159264126)|HEAP_ALLOCATE|[5]|Bytes:33
17:04:42.103 (159294957)|HEAP_ALLOCATE|[5]|Bytes:16
17:04:42.103 (159323033)|VARIABLE_ASSIGNMENT|[5]|this.conta|{"Id":"003f400000PuVL1AAN","Name":"TestContact1","Points__c":10}|0x344a44e
17:04:42.103 (159355319)|HEAP_ALLOCATE|[7]|Bytes:5
17:04:42.103 (159388775)|HEAP_ALLOCATE|[19]|Bytes:5
17:04:42.103 (159399433)|STATEMENT_EXECUTE|[19]
17:04:42.103 (159501192)|STATEMENT_EXECUTE|[20]
17:04:42.103 (159503733)|STATEMENT_EXECUTE|[21]
17:04:42.103 (159601415)|HEAP_ALLOCATE|[21]|Bytes:28
17:04:42.103 (159656725)|VARIABLE_ASSIGNMENT|[21]|this.Points__c|10.50|0x15bf7fd4
17:04:42.103 (159664329)|STATEMENT_EXECUTE|[23]
17:04:42.103 (159685400)|HEAP_ALLOCATE|[23]|Bytes:8
17:04:42.103 (159700086)|DML_BEGIN|[23]|Op:Update|Type:Contact|Rows:1
17:04:42.103 (159726180)|HEAP_ALLOCATE|[EXTERNAL]|Bytes:8
17:04:42.103 (164639984)|CODE_UNIT_STARTED|[EXTERNAL]|DuplicateDetector
17:04:42.103 (164659227)|DUPLICATE_DETECTION_BEGIN
17:04:42.103 (164717675)|DUPLICATE_DETECTION_RULE_INVOCATION|DuplicateRuleId:0Bmf4000005NvDQ|DuplicateRuleName:Standard Contact Duplicate Rule|DmlType:UPDATE
17:04:42.103 (164783095)|DUPLICATE_DETECTION_END
17:04:42.103 (164789862)|CODE_UNIT_FINISHED|DuplicateDetector
17:04:42.103 (180220723)|DML_END|[23]
17:04:42.180 (180267004)|CUMULATIVE_LIMIT_USAGE
17:04:42.180 (180267004)|LIMIT_USAGE_FOR_NS|(default)|
  Number of SOQL queries: 1 out of 100
  Number of query rows: 1 out of 50000
  Number of SOSL queries: 0 out of 20
  Number of DML statements: 2 out of 150
  Number of DML rows: 3 out of 10000
  Maximum CPU time: 0 out of 10000
  Maximum heap size: 0 out of 6000000
  Number of callouts: 0 out of 100
  Number of Email Invocations: 0 out of 10
  Number of future calls: 0 out of 50
  Number of queueable jobs added to the queue: 0 out of 50
  Number of Mobile Apex push calls: 0 out of 10

17:04:42.180 (180267004)|TESTING_LIMITS
17:04:42.180 (180267004)|LIMIT_USAGE_FOR_NS|(default)|
  Number of SOQL queries: 2 out of 100
  Number of query rows: 2 out of 50000
  Number of SOSL queries: 0 out of 20
  Number of DML statements: 2 out of 150
  Number of DML rows: 2 out of 10000
  Maximum CPU time: 0 out of 10000
  Maximum heap size: 0 out of 6000000
  Number of callouts: 0 out of 100
  Number of Email Invocations: 0 out of 10
  Number of future calls: 0 out of 50
  Number of queueable jobs added to the queue: 0 out of 50
  Number of Mobile Apex push calls: 0 out of 10

17:04:42.180 (180267004)|CUMULATIVE_LIMIT_USAGE_END

17:04:42.103 (181392280)|CODE_UNIT_FINISHED|completeHTaskTrigger on HTask trigger event AfterUpdate
17:04:42.103 (181735290)|DML_END|[8]
17:04:42.103 (181752095)|STATEMENT_EXECUTE|[10]
17:04:42.103 (181772782)|METHOD_EXIT|[21]|01pf400000GjGsw|TaskDetailController.changeStatus(HTask__c, String)
17:04:42.103 (181790761)|VARIABLE_SCOPE_BEGIN|[21]|finish|Boolean|false|false
17:04:42.103 (181818046)|HEAP_ALLOCATE|[21]|Bytes:5
17:04:42.103 (181838896)|VARIABLE_ASSIGNMENT|[21]|finish|true
17:04:42.103 (181844430)|STATEMENT_EXECUTE|[22]
17:04:42.103 (181865021)|METHOD_ENTRY|[22]||System.Test.stopTest()
17:04:42.103 (182742840)|METHOD_EXIT|[22]||System.Test.stopTest()
17:04:42.103 (182751889)|STATEMENT_EXECUTE|[24]
17:04:42.103 (182780241)|HEAP_ALLOCATE|[24]|Bytes:4
17:04:42.103 (182973407)|SOQL_EXECUTE_BEGIN|[24]|Aggregations:0|SELECT Id, Name, Status__c FROM HTask__c WHERE Name = 'Test1'
17:04:42.103 (197421339)|SOQL_EXECUTE_END|[24]|Rows:1
17:04:42.103 (197456103)|HEAP_ALLOCATE|[24]|Bytes:8
17:04:42.103 (197479474)|HEAP_ALLOCATE|[24]|Bytes:64
17:04:42.103 (197536179)|HEAP_ALLOCATE|[24]|Bytes:8
17:04:42.103 (197571967)|HEAP_ALLOCATE|[24]|Bytes:16
17:04:42.103 (197597786)|VARIABLE_ASSIGNMENT|[24]|task|{"Id":"a00f4000009XCTBAA4","Name":"Test1","Status__c":"Completed"}|0x66710ef3
17:04:42.103 (197606134)|STATEMENT_EXECUTE|[25]
17:04:42.103 (197693469)|STATEMENT_EXECUTE|[26]
17:04:42.197 (197722053)|CUMULATIVE_LIMIT_USAGE
17:04:42.197 (197722053)|LIMIT_USAGE_FOR_NS|(default)|
  Number of SOQL queries: 2 out of 100
  Number of query rows: 2 out of 50000
  Number of SOSL queries: 0 out of 20
  Number of DML statements: 2 out of 150
  Number of DML rows: 3 out of 10000
  Maximum CPU time: 0 out of 10000
  Maximum heap size: 0 out of 6000000
  Number of callouts: 0 out of 100
  Number of Email Invocations: 0 out of 10
  Number of future calls: 0 out of 50
  Number of queueable jobs added to the queue: 0 out of 50
  Number of Mobile Apex push calls: 0 out of 10

17:04:42.197 (197722053)|TESTING_LIMITS
17:04:42.197 (197722053)|LIMIT_USAGE_FOR_NS|(default)|
  Number of SOQL queries: 2 out of 100
  Number of query rows: 2 out of 50000
  Number of SOSL queries: 0 out of 20
  Number of DML statements: 2 out of 150
  Number of DML rows: 2 out of 10000
  Maximum CPU time: 0 out of 10000
  Maximum heap size: 0 out of 6000000
  Number of callouts: 0 out of 100
  Number of Email Invocations: 0 out of 10
  Number of future calls: 0 out of 50
  Number of queueable jobs added to the queue: 0 out of 50
  Number of Mobile Apex push calls: 0 out of 10

17:04:42.197 (197722053)|CUMULATIVE_LIMIT_USAGE_END

17:04:42.103 (197763252)|CODE_UNIT_FINISHED|TaskDetailControllerTest.changeStatusTest
17:04:42.103 (198668508)|EXECUTION_FINISHED
17:04:42.241 (241214229)|USER_INFO|[EXTERNAL]|005f4000002PiXT|amancebo.habitica@altimetrik.com|Argentine Time|GMT-03:00
17:04:42.241 (241236946)|EXECUTION_STARTED
17:04:42.241 (241242148)|CODE_UNIT_STARTED|[EXTERNAL]|01pf400000GkAvC|TaskDetailControllerTest.deleteTaskTest
17:04:42.241 (241403077)|HEAP_ALLOCATE|[72]|Bytes:3
17:04:42.241 (241445617)|HEAP_ALLOCATE|[77]|Bytes:152
17:04:42.241 (241463890)|HEAP_ALLOCATE|[342]|Bytes:408
17:04:42.241 (241479749)|HEAP_ALLOCATE|[355]|Bytes:408
17:04:42.241 (241492681)|HEAP_ALLOCATE|[467]|Bytes:48
17:04:42.241 (241521070)|HEAP_ALLOCATE|[139]|Bytes:6
17:04:42.241 (241535728)|HEAP_ALLOCATE|[EXTERNAL]|Bytes:59
17:04:42.241 (241549466)|METHOD_ENTRY|[2]|01pf400000GkAvC|TaskDetailControllerTest.TaskDetailControllerTest()
17:04:42.241 (241557524)|STATEMENT_EXECUTE|[2]
17:04:42.241 (241564018)|STATEMENT_EXECUTE|[2]
17:04:42.241 (241568728)|METHOD_EXIT|[2]|TaskDetailControllerTest
17:04:42.241 (241674199)|HEAP_ALLOCATE|[50]|Bytes:5
17:04:42.241 (241699750)|HEAP_ALLOCATE|[56]|Bytes:5
17:04:42.241 (241707657)|HEAP_ALLOCATE|[64]|Bytes:7
17:04:42.241 (241746036)|STATEMENT_EXECUTE|[42]
17:04:42.241 (241748144)|STATEMENT_EXECUTE|[43]
17:04:42.241 (241751847)|HEAP_ALLOCATE|[43]|Bytes:55
17:04:42.241 (241776194)|HEAP_ALLOCATE|[43]|Bytes:4
17:04:42.241 (241958669)|SOQL_EXECUTE_BEGIN|[43]|Aggregations:0|SELECT Id, Points__c FROM HTask__c WHERE Name = 'Test1'
17:04:42.241 (258765648)|SOQL_EXECUTE_END|[43]|Rows:1
17:04:42.241 (258802456)|HEAP_ALLOCATE|[43]|Bytes:8
17:04:42.241 (258845885)|HEAP_ALLOCATE|[43]|Bytes:78
17:04:42.241 (258904995)|HEAP_ALLOCATE|[43]|Bytes:8
17:04:42.241 (258922244)|HEAP_ALLOCATE|[43]|Bytes:34
17:04:42.241 (258942116)|HEAP_ALLOCATE|[43]|Bytes:12
17:04:42.241 (258955058)|VARIABLE_SCOPE_BEGIN|[43]|task|HTask__c|true|false
17:04:42.241 (258993701)|VARIABLE_ASSIGNMENT|[43]|task|{"Id":"a00f4000009XCTBAA4","Points__c":0.50}|0x6dcc7f4e
17:04:42.241 (259003748)|STATEMENT_EXECUTE|[45]
17:04:42.241 (259019354)|HEAP_ALLOCATE|[45]|Bytes:63
17:04:42.241 (259032402)|SYSTEM_METHOD_ENTRY|[1]|Test.Test()
17:04:42.241 (259036672)|STATEMENT_EXECUTE|[1]
17:04:42.241 (259046525)|SYSTEM_METHOD_EXIT|[1]|Test
17:04:42.241 (259059628)|METHOD_ENTRY|[45]||System.Test.startTest()
17:04:42.241 (260316868)|METHOD_EXIT|[45]||System.Test.startTest()
17:04:42.241 (260326398)|STATEMENT_EXECUTE|[46]
17:04:42.241 (260341936)|HEAP_ALLOCATE|[46]|Bytes:7
17:04:42.241 (260348265)|HEAP_ALLOCATE|[46]|Bytes:2
17:04:42.241 (260355097)|METHOD_ENTRY|[1]|01pf400000GjGsw|TaskDetailController.TaskDetailController()
17:04:42.241 (260360028)|STATEMENT_EXECUTE|[1]
17:04:42.241 (260363043)|STATEMENT_EXECUTE|[1]
17:04:42.241 (260367313)|METHOD_EXIT|[1]|TaskDetailController
17:04:42.241 (260383057)|METHOD_ENTRY|[46]|01pf400000GjGsw|TaskDetailController.deleteTask(HTask__c)
17:04:42.241 (260420485)|VARIABLE_SCOPE_BEGIN|[29]|task|HTask__c|true|false
17:04:42.241 (260442513)|VARIABLE_ASSIGNMENT|[29]|task|{"Id":"a00f4000009XCTBAA4","Points__c":0.50}|0x6dcc7f4e
17:04:42.241 (260454540)|STATEMENT_EXECUTE|[29]
17:04:42.241 (260456538)|STATEMENT_EXECUTE|[31]
17:04:42.241 (260486102)|HEAP_ALLOCATE|[31]|Bytes:8
17:04:42.241 (260494262)|HEAP_ALLOCATE|[31]|Bytes:8
17:04:42.241 (260507907)|DML_BEGIN|[31]|Op:Delete|Type:HTask__c|Rows:1
17:04:42.241 (260538485)|HEAP_ALLOCATE|[EXTERNAL]|Bytes:8
17:04:42.241 (387266880)|DML_END|[31]
17:04:42.241 (387313202)|METHOD_EXIT|[46]|01pf400000GjGsw|TaskDetailController.deleteTask(HTask__c)
17:04:42.241 (387333031)|STATEMENT_EXECUTE|[47]
17:04:42.241 (387371268)|METHOD_ENTRY|[47]||System.Test.stopTest()
17:04:42.241 (388364009)|METHOD_EXIT|[47]||System.Test.stopTest()
17:04:42.241 (388377373)|STATEMENT_EXECUTE|[49]
17:04:42.241 (388388915)|HEAP_ALLOCATE|[49]|Bytes:44
17:04:42.241 (388426565)|HEAP_ALLOCATE|[49]|Bytes:4
17:04:42.241 (388707467)|SOQL_EXECUTE_BEGIN|[49]|Aggregations:0|SELECT Id FROM HTask__c WHERE Name = 'Test1'
17:04:42.241 (403381329)|SOQL_EXECUTE_END|[49]|Rows:0
17:04:42.241 (403430435)|HEAP_ALLOCATE|[49]|Bytes:4
17:04:42.241 (403449066)|HEAP_ALLOCATE|[49]|Bytes:0
17:04:42.241 (403494748)|HEAP_ALLOCATE|[49]|Bytes:4
17:04:42.241 (403517542)|VARIABLE_SCOPE_BEGIN|[49]|ltask|List<HTask__c>|true|false
17:04:42.241 (403552028)|VARIABLE_ASSIGNMENT|[49]|ltask|[]|0x1fb794a
17:04:42.241 (403564702)|STATEMENT_EXECUTE|[51]
17:04:42.241 (403583162)|HEAP_ALLOCATE|[51]|Bytes:4
17:04:42.241 (403651040)|HEAP_ALLOCATE|[EXTERNAL]|Bytes:4
17:04:42.403 (403729197)|CUMULATIVE_LIMIT_USAGE
17:04:42.403 (403729197)|LIMIT_USAGE_FOR_NS|(default)|
  Number of SOQL queries: 2 out of 100
  Number of query rows: 1 out of 50000
  Number of SOSL queries: 0 out of 20
  Number of DML statements: 2 out of 150
  Number of DML rows: 3 out of 10000
  Maximum CPU time: 0 out of 10000
  Maximum heap size: 0 out of 6000000
  Number of callouts: 0 out of 100
  Number of Email Invocations: 0 out of 10
  Number of future calls: 0 out of 50
  Number of queueable jobs added to the queue: 0 out of 50
  Number of Mobile Apex push calls: 0 out of 10

17:04:42.403 (403729197)|TESTING_LIMITS
17:04:42.403 (403729197)|LIMIT_USAGE_FOR_NS|(default)|
  Number of SOQL queries: 0 out of 100
  Number of query rows: 0 out of 50000
  Number of SOSL queries: 0 out of 20
  Number of DML statements: 1 out of 150
  Number of DML rows: 1 out of 10000
  Maximum CPU time: 0 out of 10000
  Maximum heap size: 0 out of 6000000
  Number of callouts: 0 out of 100
  Number of Email Invocations: 0 out of 10
  Number of future calls: 0 out of 50
  Number of queueable jobs added to the queue: 0 out of 50
  Number of Mobile Apex push calls: 0 out of 10

17:04:42.403 (403729197)|CUMULATIVE_LIMIT_USAGE_END

17:04:42.241 (403800927)|CODE_UNIT_FINISHED|TaskDetailControllerTest.deleteTaskTest
17:04:42.241 (404707736)|EXECUTION_FINISHED
17:04:42.489 (489793426)|USER_INFO|[EXTERNAL]|005f4000002PiXT|amancebo.habitica@altimetrik.com|Argentine Time|GMT-03:00
17:04:42.489 (489823019)|EXECUTION_STARTED
17:04:42.489 (489830421)|CODE_UNIT_STARTED|[EXTERNAL]|01pf400000GkAvC|TaskDetailControllerTest.habitDoneTest
17:04:42.489 (490018883)|HEAP_ALLOCATE|[72]|Bytes:3
17:04:42.489 (490071717)|HEAP_ALLOCATE|[77]|Bytes:152
17:04:42.489 (490092054)|HEAP_ALLOCATE|[342]|Bytes:408
17:04:42.489 (490109283)|HEAP_ALLOCATE|[355]|Bytes:408
17:04:42.489 (490122512)|HEAP_ALLOCATE|[467]|Bytes:48
17:04:42.489 (490157104)|HEAP_ALLOCATE|[139]|Bytes:6
17:04:42.489 (490172648)|HEAP_ALLOCATE|[EXTERNAL]|Bytes:59
17:04:42.489 (490184896)|METHOD_ENTRY|[2]|01pf400000GkAvC|TaskDetailControllerTest.TaskDetailControllerTest()
17:04:42.489 (490196174)|STATEMENT_EXECUTE|[2]
17:04:42.489 (490202562)|STATEMENT_EXECUTE|[2]
17:04:42.489 (490220779)|METHOD_EXIT|[2]|TaskDetailControllerTest
17:04:42.489 (490364283)|HEAP_ALLOCATE|[50]|Bytes:5
17:04:42.489 (490391224)|HEAP_ALLOCATE|[56]|Bytes:5
17:04:42.489 (490401523)|HEAP_ALLOCATE|[64]|Bytes:7
17:04:42.489 (490465146)|STATEMENT_EXECUTE|[30]
17:04:42.489 (490467623)|STATEMENT_EXECUTE|[31]
17:04:42.489 (490471083)|HEAP_ALLOCATE|[31]|Bytes:67
17:04:42.489 (490497043)|HEAP_ALLOCATE|[31]|Bytes:4
17:04:42.489 (490771503)|SOQL_EXECUTE_BEGIN|[31]|Aggregations:0|SELECT Id, Points__c, Contact__c FROM HTask__c WHERE Name = 'Test2'
17:04:42.489 (507100740)|SOQL_EXECUTE_END|[31]|Rows:1
17:04:42.489 (507149705)|HEAP_ALLOCATE|[31]|Bytes:8
17:04:42.489 (507176078)|HEAP_ALLOCATE|[31]|Bytes:110
17:04:42.489 (507264972)|HEAP_ALLOCATE|[31]|Bytes:8
17:04:42.489 (507290830)|HEAP_ALLOCATE|[31]|Bytes:34
17:04:42.489 (507317554)|HEAP_ALLOCATE|[31]|Bytes:16
17:04:42.489 (507328744)|VARIABLE_SCOPE_BEGIN|[31]|task|HTask__c|true|false
17:04:42.489 (507371486)|VARIABLE_ASSIGNMENT|[31]|task|{"Id":"a00f4000009XCTCAA4","Points__c":1.00,"Contact__c":"003f400000PuVL1AAN"}|0x27d4138
17:04:42.489 (507382580)|STATEMENT_EXECUTE|[32]
17:04:42.489 (507387149)|HEAP_ALLOCATE|[32]|Bytes:65
17:04:42.489 (507409621)|HEAP_ALLOCATE|[32]|Bytes:4
17:04:42.489 (507588524)|SOQL_EXECUTE_BEGIN|[32]|Aggregations:0|SELECT Id, Points__c FROM Contact WHERE LastName = 'TestContact1'
17:04:42.489 (520802722)|SOQL_EXECUTE_END|[32]|Rows:1
17:04:42.489 (520842287)|HEAP_ALLOCATE|[32]|Bytes:8
17:04:42.489 (520865660)|HEAP_ALLOCATE|[32]|Bytes:78
17:04:42.489 (520938353)|HEAP_ALLOCATE|[32]|Bytes:8
17:04:42.489 (520960488)|HEAP_ALLOCATE|[32]|Bytes:33
17:04:42.489 (520985469)|HEAP_ALLOCATE|[32]|Bytes:12
17:04:42.489 (520997567)|VARIABLE_SCOPE_BEGIN|[32]|contBefore|Contact|true|false
17:04:42.489 (521035601)|VARIABLE_ASSIGNMENT|[32]|contBefore|{"Id":"003f400000PuVL1AAN","Points__c":10}|0x670e19c1
17:04:42.489 (521046195)|STATEMENT_EXECUTE|[34]
17:04:42.489 (521069659)|HEAP_ALLOCATE|[34]|Bytes:63
17:04:42.489 (521089097)|SYSTEM_METHOD_ENTRY|[1]|Test.Test()
17:04:42.489 (521093725)|STATEMENT_EXECUTE|[1]
17:04:42.489 (521105656)|SYSTEM_METHOD_EXIT|[1]|Test
17:04:42.489 (521120202)|METHOD_ENTRY|[34]||System.Test.startTest()
17:04:42.489 (522846653)|METHOD_EXIT|[34]||System.Test.startTest()
17:04:42.489 (522856631)|STATEMENT_EXECUTE|[35]
17:04:42.489 (522877778)|HEAP_ALLOCATE|[35]|Bytes:7
17:04:42.489 (522884515)|HEAP_ALLOCATE|[35]|Bytes:2
17:04:42.489 (522891971)|METHOD_ENTRY|[1]|01pf400000GjGsw|TaskDetailController.TaskDetailController()
17:04:42.489 (522896963)|STATEMENT_EXECUTE|[1]
17:04:42.489 (522900540)|STATEMENT_EXECUTE|[1]
17:04:42.489 (522904292)|METHOD_EXIT|[1]|TaskDetailController
17:04:42.489 (522921946)|METHOD_ENTRY|[35]|01pf400000GjGsw|TaskDetailController.habitDone(HTask__c, Boolean)
17:04:42.489 (522964934)|VARIABLE_SCOPE_BEGIN|[19]|task|HTask__c|true|false
17:04:42.489 (522989417)|VARIABLE_ASSIGNMENT|[19]|task|{"Id":"a00f4000009XCTCAA4","Points__c":1.00,"Contact__c":"003f400000PuVL1AAN"}|0x27d4138
17:04:42.489 (523007726)|VARIABLE_SCOPE_BEGIN|[19]|positive|Boolean|false|false
17:04:42.489 (523018653)|VARIABLE_ASSIGNMENT|[19]|positive|true
17:04:42.489 (523033906)|STATEMENT_EXECUTE|[19]
17:04:42.489 (523037564)|STATEMENT_EXECUTE|[21]
17:04:42.489 (523041041)|HEAP_ALLOCATE|[21]|Bytes:59
17:04:42.489 (523065367)|HEAP_ALLOCATE|[21]|Bytes:4
17:04:42.489 (523077332)|HEAP_ALLOCATE|[21]|Bytes:7
17:04:42.489 (523346353)|SOQL_EXECUTE_BEGIN|[21]|Aggregations:0|SELECT Id, Name, Points__c FROM Contact WHERE Id = :tmpVar1
17:04:42.489 (527023271)|SOQL_EXECUTE_END|[21]|Rows:1
17:04:42.489 (527067174)|HEAP_ALLOCATE|[21]|Bytes:8
17:04:42.489 (527093130)|HEAP_ALLOCATE|[21]|Bytes:98
17:04:42.489 (527160833)|HEAP_ALLOCATE|[21]|Bytes:8
17:04:42.489 (527199386)|HEAP_ALLOCATE|[21]|Bytes:16
17:04:42.489 (527213818)|VARIABLE_SCOPE_BEGIN|[21]|cont|Contact|true|false
17:04:42.489 (527251840)|VARIABLE_ASSIGNMENT|[21]|cont|{"Id":"003f400000PuVL1AAN","Name":"TestContact1","Points__c":10}|0x791705c5
17:04:42.489 (527264571)|STATEMENT_EXECUTE|[23]
17:04:42.489 (527426128)|HEAP_ALLOCATE|[23]|Bytes:28
17:04:42.489 (527493311)|VARIABLE_ASSIGNMENT|[23]|this.Points__c|11.00|0x791705c5
17:04:42.489 (527506005)|STATEMENT_EXECUTE|[25]
17:04:42.489 (527543827)|HEAP_ALLOCATE|[25]|Bytes:8
17:04:42.489 (527561173)|DML_BEGIN|[25]|Op:Update|Type:Contact|Rows:1
17:04:42.489 (527598646)|HEAP_ALLOCATE|[EXTERNAL]|Bytes:8
17:04:42.489 (535127619)|CODE_UNIT_STARTED|[EXTERNAL]|DuplicateDetector
17:04:42.489 (535167732)|DUPLICATE_DETECTION_BEGIN
17:04:42.489 (535247228)|DUPLICATE_DETECTION_RULE_INVOCATION|DuplicateRuleId:0Bmf4000005NvDQ|DuplicateRuleName:Standard Contact Duplicate Rule|DmlType:UPDATE
17:04:42.489 (535319806)|DUPLICATE_DETECTION_END
17:04:42.489 (535330042)|CODE_UNIT_FINISHED|DuplicateDetector
17:04:42.489 (550083379)|DML_END|[25]
17:04:42.489 (550148957)|METHOD_EXIT|[35]|01pf400000GjGsw|TaskDetailController.habitDone(HTask__c, Boolean)
17:04:42.489 (550169983)|STATEMENT_EXECUTE|[36]
17:04:42.489 (550200264)|METHOD_ENTRY|[36]||System.Test.stopTest()
17:04:42.489 (551123817)|METHOD_EXIT|[36]||System.Test.stopTest()
17:04:42.489 (551135022)|STATEMENT_EXECUTE|[38]
17:04:42.489 (551149343)|HEAP_ALLOCATE|[38]|Bytes:65
17:04:42.489 (551184196)|HEAP_ALLOCATE|[38]|Bytes:4
17:04:42.489 (551395095)|SOQL_EXECUTE_BEGIN|[38]|Aggregations:0|SELECT Id, Points__c FROM Contact WHERE Lastname = 'TestContact1'
17:04:42.489 (566532136)|SOQL_EXECUTE_END|[38]|Rows:1
17:04:42.489 (566587721)|HEAP_ALLOCATE|[38]|Bytes:8
17:04:42.489 (566618470)|HEAP_ALLOCATE|[38]|Bytes:78
17:04:42.489 (566702892)|HEAP_ALLOCATE|[38]|Bytes:8
17:04:42.489 (566761997)|HEAP_ALLOCATE|[38]|Bytes:12
17:04:42.489 (566781239)|VARIABLE_SCOPE_BEGIN|[38]|contAfter|Contact|true|false
17:04:42.489 (566832011)|VARIABLE_ASSIGNMENT|[38]|contAfter|{"Id":"003f400000PuVL1AAN","Points__c":11}|0x31a2c59b
17:04:42.489 (566845431)|STATEMENT_EXECUTE|[39]
17:04:42.489 (566984349)|HEAP_ALLOCATE|[39]|Bytes:28
17:04:42.567 (567060111)|CUMULATIVE_LIMIT_USAGE
17:04:42.567 (567060111)|LIMIT_USAGE_FOR_NS|(default)|
  Number of SOQL queries: 3 out of 100
  Number of query rows: 3 out of 50000
  Number of SOSL queries: 0 out of 20
  Number of DML statements: 2 out of 150
  Number of DML rows: 3 out of 10000
  Maximum CPU time: 0 out of 10000
  Maximum heap size: 0 out of 6000000
  Number of callouts: 0 out of 100
  Number of Email Invocations: 0 out of 10
  Number of future calls: 0 out of 50
  Number of queueable jobs added to the queue: 0 out of 50
  Number of Mobile Apex push calls: 0 out of 10

17:04:42.567 (567060111)|TESTING_LIMITS
17:04:42.567 (567060111)|LIMIT_USAGE_FOR_NS|(default)|
  Number of SOQL queries: 1 out of 100
  Number of query rows: 1 out of 50000
  Number of SOSL queries: 0 out of 20
  Number of DML statements: 1 out of 150
  Number of DML rows: 1 out of 10000
  Maximum CPU time: 0 out of 10000
  Maximum heap size: 0 out of 6000000
  Number of callouts: 0 out of 100
  Number of Email Invocations: 0 out of 10
  Number of future calls: 0 out of 50
  Number of queueable jobs added to the queue: 0 out of 50
  Number of Mobile Apex push calls: 0 out of 10

17:04:42.567 (567060111)|CUMULATIVE_LIMIT_USAGE_END

17:04:42.489 (567126196)|CODE_UNIT_FINISHED|TaskDetailControllerTest.habitDoneTest
17:04:42.489 (568105161)|EXECUTION_FINISHED
17:04:42.646 (646310153)|USER_INFO|[EXTERNAL]|005f4000002PiXT|amancebo.habitica@altimetrik.com|Argentine Time|GMT-03:00
17:04:42.646 (646337190)|EXECUTION_STARTED
17:04:42.646 (646341925)|CODE_UNIT_STARTED|[EXTERNAL]|DuplicateDetector
17:04:42.646 (646354197)|DUPLICATE_DETECTION_BEGIN
17:04:42.646 (646429565)|DUPLICATE_DETECTION_RULE_INVOCATION|DuplicateRuleId:0Bmf4000005NvDQ|DuplicateRuleName:Standard Contact Duplicate Rule|DmlType:INSERT
17:04:42.646 (655870008)|DUPLICATE_DETECTION_END
17:04:42.646 (655881024)|CODE_UNIT_FINISHED|DuplicateDetector
17:04:42.646 (656973356)|EXECUTION_FINISHED
17:04:42.657 (657862256)|USER_INFO|[EXTERNAL]|005f4000002PiXT|amancebo.habitica@altimetrik.com|Argentine Time|GMT-03:00
17:04:42.657 (657883500)|EXECUTION_STARTED
17:04:42.657 (657887390)|CODE_UNIT_STARTED|[EXTERNAL]|DuplicateDetector
17:04:42.657 (657897357)|DUPLICATE_DETECTION_BEGIN
17:04:42.657 (657951700)|DUPLICATE_DETECTION_RULE_INVOCATION|DuplicateRuleId:0Bmf4000005NvDQ|DuplicateRuleName:Standard Contact Duplicate Rule|DmlType:UPDATE
17:04:42.657 (665422873)|DUPLICATE_DETECTION_END
17:04:42.657 (665434553)|CODE_UNIT_FINISHED|DuplicateDetector
17:04:42.657 (666400853)|EXECUTION_FINISHED
